1576310799
533
513
20
1576310800
533
513
20
1576310801
533
513
20
1576310802
533
513
20
1576310803
533
513
20
1576310804
533
513
20
1576310805
533
513
20
1576310806
533
513
20
1576310807
533
513
20
1576310808
533
513
20
1576310809
533
513
20
1576310810
533
513
20
1576310811
533
513
20
1576310812
533
513
20
1576310813
534
514
20
1576310814
534
514
20
1576310815
534
514
20
1576310816
534
514
20
1576310817
534
514
20
1576310819
534
514
20
1576310820
534
514
20
1576310821
534
514
20
1576310822
534
514
20
1576310823
534
514
20
1576310824
534
514
20
1576310825
534
514
20
1576310826
534
514
20
1576310827
534
514
20
1576310828
534
514
20
1576310829
534
514
20
1576310830
534
514
20
1576310831
534
514
20
1576310832
534
514
20
1576310833
534
514
20
1576310834
534
514
20
1576310835
534
514
20
1576310836
547
527
20
1576310837
550
530
20
1576310838
550
530
20
1576310839
551
531
20
1576310840
551
531
20
1576310841
551
531
20
1576310842
551
531
20
1576310843
551
531
20
1576310844
551
531
20
1576310845
551
531
20
1576310846
551
531
20
1576310847
552
532
20
1576310848
552
532
20
1576310849
552
532
20
1576310850
552
532
20
1576310851
552
532
20
1576310852
553
533
20
1576310853
553
533
20
1576310854
553
533
20
1576310855
553
533
20
1576310856
553
533
20
1576310857
553
533
20
1576310858
553
533
20
1576310859
553
533
20
1576310860
553
533
20
1576310861
553
533
20
1576310862
553
533
20
1576310863
553
533
20
1576310864
553
533
20
1576310865
553
533
20
1576310866
554
534
20
1576310867
554
534
20
1576310868
554
534
20
1576310869
554
534
20
1576310870
554
534
20
1576310871
555
535
20
1576310872
555
535
20
1576310873
555
535
20
1576310874
555
535
20
1576310875
555
535
20
1576310876
560
540
20
1576310877
565
545
20
1576310878
567
547
20
1576310879
567
547
20
1576310880
567
547
20
1576310881
567
547
20
1576310882
567
547
20
1576310883
567
547
20
1576310884
567
547
20
1576310885
567
547
20
1576310886
567
547
20
1576310887
576
556
20
1576310888
582
562
20
1576310889
585
565
20
1576310890
585
565
20
1576310891
585
565
20
1576310892
585
565
20
1576310893
585
565
20
1576310894
585
565
20
1576310895
585
565
20
1576310896
585
565
20
1576310897
585
565
20
1576310898
585
565
20
1576310899
586
566
20
1576310900
586
566
20
1576310901
586
566
20
1576310903
586
566
20
1576310904
586
566
20
1576310905
586
566
20
1576310906
586
566
20
1576310907
586
566
20
1576310908
586
566
20
1576310909
586
566
20
1576310910
587
567
20
1576310911
587
567
20
1576310912
587
567
20
1576310913
587
567
20
1576310914
587
567
20
1576310915
587
567
20
1576310916
587
567
20
1576310917
587
567
20
1576310918
713
567
146
1576310919
95107
568
94539
1576310920
113215
10804
102411
1576310921
113215
10804
102411
1576310922
113215
10804
102411
1576310923
113216
10805
102411
1576310924
113216
10805
102411
1576310925
113216
10805
102411
1576310926
113216
10805
102411
1576310927
113216
10805
102411
1576310928
113216
10805
102411
1576310929
113216
10805
102411
1576310930
113220
10809
102411
1576310931
113220
10809
102411
1576310932
113227
10810
102417
1576310933
113232
10811
102421
1576310934
113232
10811
102421
1576310935
113232
10811
102421
1576310936
113232
10811
102421
1576310937
113232
10811
102421
1576310938
113232
10811
102421
1576310939
113232
10811
102421
1576310940
113232
10811
102421
1576310941
113232
10811
102421
1576310942
113232
10811
102421
1576310943
113232
10811
102421
1576310944
113232
10811
102421
1576310945
113232
10811
102421
1576310946
113232
10811
102421
1576310947
113232
10811
102421
1576310948
113232
10811
102421
1576310949
113232
10811
102421
1576310950
113232
10811
102421
1576310951
113232
10811
102421
1576310952
113232
10811
102421
1576310953
113232
10811
102421
1576310954
113232
10811
102421
1576310955
113233
10812
102421
1576310956
113233
10812
102421
1576310957
113233
10812
102421
1576310958
113233
10812
102421
1576310959
113233
10812
102421
1576310960
113233
10812
102421
1576310961
113233
10812
102421
1576310962
113233
10812
102421
1576310963
113233
10812
102421
1576310964
113233
10812
102421
1576310965
113233
10812
102421
1576310966
113233
10812
102421
1576310967
113233
10812
102421
1576310968
113233
10812
102421
1576310969
113233
10812
102421
1576310970
113233
10812
102421
1576310971
113233
10812
102421
1576310972
113234
10813
102421
1576310973
113234
10813
102421
1576310974
113234
10813
102421
1576310975
113234
10813
102421
1576310976
113234
10813
102421
1576310977
113234
10813
102421
1576310978
113234
10813
102421
1576310979
113236
10815
102421
1576310980
113236
10815
102421
1576310981
113237
10816
102421
1576310982
113237
10816
102421
1576310983
113237
10816
102421
1576310984
113237
10816
102421
1576310985
113237
10816
102421
1576310986
113237
10816
102421
1576310987
113237
10816
102421
1576310988
113237
10816
102421
1576310989
113237
10816
102421
1576310990
113240
10819
102421
1576310991
113248
10827
102421
1576310992
113249
10828
102421
1576310993
113250
10829
102421
1576310994
113250
10829
102421
1576310995
113250
10829
102421
1576310996
113250
10829
102421
1576310997
113250
10829
102421
1576310998
113251
10830
102421
1576310999
113251
10830
102421
1576311000
113251
10830
102421
1576311001
113251
10830
102421
1576311002
113251
10830
102421
1576311003
113251
10830
102421
1576311004
113251
10830
102421
1576311005
113259
10838
102421
1576311006
113266
10845
102421
1576311008
113267
10846
102421
1576311009
113267
10846
102421
1576311010
113268
10847
102421
1576311011
113268
10847
102421
1576311012
113268
10847
102421
1576311013
113268
10847
102421
1576311014
113268
10847
102421
1576311015
113268
10847
102421
1576311016
113268
10847
102421
1576311017
113268
10847
102421
1576311018
113268
10847
102421
1576311019
113268
10847
102421
1576311020
113268
10847
102421
1576311021
113271
10850
102421
1576311022
113280
10859
102421
1576311023
113280
10859
102421
1576311024
113280
10859
102421
1576311025
113280
10859
102421
1576311026
113280
10859
102421
1576311027
113280
10859
102421
1576311028
113280
10859
102421
1576311029
113280
10859
102421
1576311030
113298
10877
102421
1576311031
113302
10881
102421
1576311032
113302
10881
102421
1576311033
113302
10881
102421
1576311034
113302
10881
102421
1576311035
113302
10881
102421
1576311036
113302
10881
102421
1576311037
113319
10898
102421
1576311038
113325
10904
102421
1576311039
113326
10905
102421
1576311040
113326
10905
102421
1576311041
113326
10905
102421
1576311042
113327
10906
102421
1576311043
113327
10906
102421
1576311044
113327
10906
102421
1576311045
113327
10906
102421
1576311046
113328
10907
102421
1576311047
113340
10919
102421
1576311048
113343
10922
102421
1576311049
113343
10922
102421
1576311050
113343
10922
102421
1576311051
113343
10922
102421
1576311052
113343
10922
102421
1576311053
113343
10922
102421
1576311054
113343
10922
102421
1576311055
113343
10922
102421
1576311056
113343
10922
102421
1576311057
113354
10933
102421
1576311058
113360
10939
102421
1576311059
113363
10942
102421
1576311060
113374
10953
102421
1576311061
113374
10953
102421
1576311062
113374
10953
102421
1576311063
113374
10953
102421
1576311064
113374
10953
102421
1576311065
113375
10954
102421
1576311066
113375
10954
102421
1576311067
113375
10954
102421
1576311068
113375
10954
102421
1576311069
113375
10954
102421
1576311070
113383
10962
102421
1576311071
113397
10976
102421
1576311072
113400
10979
102421
1576311073
113400
10979
102421
1576311074
113400
10979
102421
1576311075
113400
10979
102421
1576311076
113400
10979
102421
1576311077
113400
10979
102421
1576311078
113416
10995
102421
1576311079
113427
11006
102421
1576311080
113427
11006
102421
1576311081
113428
11007
102421
1576311082
113428
11007
102421
1576311083
113428
11007
102421
1576311084
113565
11007
102558
1576311085
121577
11007
110570
1576311086
164923
11302
153621
1576311087
165069
11448
153621
1576311088
174871
21249
153622
1576311089
174871
21249
153622
1576311090
174872
21250
153622
1576311091
174873
21251
153622
1576311092
174874
21252
153622
1576311093
174874
21252
153622
1576311094
174874
21252
153622
1576311095
174875
21253
153622
1576311096
174875
21253
153622
1576311097
174875
21253
153622
1576311098
174875
21253
153622
1576311099
174875
21253
153622
1576311100
174875
21253
153622
1576311102
174875
21253
153622
1576311103
174875
21253
153622
1576311104
174875
21253
153622
1576311105
174881
21258
153623
1576311106
174896
21273
153623
1576311107
174899
21276
153623
1576311108
174907
21284
153623
1576311109
174924
21301
153623
1576311110
174924
21301
153623
1576311111
174924
21301
153623
1576311112
174924
21301
153623
1576311113
174924
21301
153623
1576311114
174924
21301
153623
1576311115
174924
21301
153623
1576311116
174924
21301
153623
1576311117
174924
21301
153623
1576311118
174924
21301
153623
1576311119
174924
21301
153623
1576311120
174924
21301
153623
1576311121
174924
21301
153623
1576311122
174924
21301
153623
1576311123
174924
21301
153623
1576311124
174924
21301
153623
1576311125
174924
21301
153623
1576311126
174924
21301
153623
1576311127
174924
21301
153623
1576311128
174930
21307
153623
1576311129
174944
21321
153623
1576311130
174944
21321
153623
1576311131
174944
21321
153623
1576311132
174945
21322
153623
1576311133
174945
21322
153623
1576311134
174945
21322
153623
1576311135
174945
21322
153623
1576311136
174945
21322
153623
1576311137
174945
21322
153623
1576311138
174945
21322
153623
1576311139
174946
21323
153623
1576311140
174946
21323
153623
1576311141
174946
21323
153623
1576311142
174946
21323
153623
1576311143
174946
21323
153623
1576311144
174946
21323
153623
1576311145
174946
21323
153623
1576311146
174946
21323
153623
1576311147
174946
21323
153623
1576311148
174946
21323
153623
1576311149
174946
21323
153623
1576311150
174947
21324
153623
1576311151
174947
21324
153623
1576311152
174947
21324
153623
1576311153
174947
21324
153623
1576311154
174947
21324
153623
1576311155
174947
21324
153623
1576311156
174954
21331
153623
1576311157
174972
21349
153623
1576311158
174972
21349
153623
1576311159
174972
21349
153623
1576311160
174972
21349
153623
1576311161
174972
21349
153623
1576311162
174972
21349
153623
1576311163
174972
21349
153623
1576311164
174972
21349
153623
1576311165
174982
21359
153623
1576311166
174990
21367
153623
1576311167
174991
21368
153623
1576311168
174991
21368
153623
1576311169
174991
21368
153623
1576311170
174991
21368
153623
1576311171
174991
21368
153623
1576311172
174991
21368
153623
1576311173
175001
21378
153623
1576311174
175016
21393
153623
1576311175
175016
21393
153623
1576311176
175016
21393
153623
1576311177
175016
21393
153623
1576311178
175016
21393
153623
1576311179
175016
21393
153623
1576311180
175016
21393
153623
1576311181
175016
21393
153623
1576311182
175016
21393
153623
1576311183
175016
21393
153623
1576311184
175023
21400
153623
1576311186
175039
21416
153623
1576311187
175039
21416
153623
1576311188
175039
21416
153623
1576311189
175039
21416
153623
1576311190
175039
21416
153623
1576311191
175039
21416
153623
1576311192
175039
21416
153623
1576311193
175039
21416
153623
1576311194
175039
21416
153623
1576311195
175039
21416
153623
1576311196
175047
21424
153623
1576311197
175051
21428
153623
1576311198
175051
21428
153623
1576311199
175051
21428
153623
1576311200
175051
21428
153623
1576311201
175051
21428
153623
1576311202
175051
21428
153623
1576311203
175051
21428
153623
1576311204
175051
21428
153623
1576311205
175051
21428
153623
1576311206
175051
21428
153623
1576311207
175061
21438
153623
1576311208
175062
21439
153623
1576311209
175062
21439
153623
1576311210
175062
21439
153623
1576311211
175062
21439
153623
1576311212
175062
21439
153623
1576311213
175062
21439
153623
1576311214
175062
21439
153623
1576311215
175063
21439
153624
1576311216
175063
21439
153624
1576311217
175063
21439
153624
1576311218
175063
21439
153624
1576311219
175063
21439
153624
1576311220
175063
21439
153624
1576311221
175063
21439
153624
1576311222
175063
21439
153624
1576311223
175063
21439
153624
1576311224
175063
21439
153624
1576311225
175080
21456
153624
1576311226
175093
21469
153624
1576311227
175093
21469
153624
1576311228
175093
21469
153624
1576311229
175093
21469
153624
1576311230
175117
21493
153624
1576311231
175128
21504
153624
1576311232
175128
21504
153624
1576311233
175128
21504
153624
1576311234
175128
21504
153624
1576311235
175129
21505
153624
1576311236
175129
21505
153624
1576311237
175129
21505
153624
1576311238
175129
21505
153624
1576311239
175129
21505
153624
1576311240
175129
21505
153624
1576311241
175129
21505
153624
1576311242
175144
21520
153624
1576311243
175158
21534
153624
1576311244
175158
21534
153624
1576311245
175158
21534
153624
1576311246
175161
21537
153624
1576311247
175161
21537
153624
1576311248
175182
21558
153624
1576311249
175183
21559
153624
1576311250
175183
21559
153624
1576311251
175183
21559
153624
1576311252
175183
21559
153624
1576311253
175183
21559
153624
1576311254
175186
21562
153624
1576311255
175186
21562
153624
1576311256
175189
21565
153624
1576311257
175189
21565
153624
1576311258
175189
21565
153624
1576311259
175189
21565
153624
1576311260
175199
21575
153624
1576311262
175215
21591
153624
1576311263
175216
21592
153624
1576311264
175216
21592
153624
1576311265
175216
21592
153624
1576311266
175216
21592
153624
1576311267
175216
21592
153624
1576311268
175216
21592
153624
1576311269
175216
21592
153624
1576311270
175216
21592
153624
1576311271
175216
21592
153624
1576311272
175216
21592
153624
1576311273
175216
21592
153624
1576311274
175216
21592
153624
1576311275
175216
21592
153624
1576311276
175216
21592
153624
1576311277
175216
21592
153624
1576311278
175217
21593
153624
1576311279
175217
21593
153624
1576311280
175217
21593
153624
1576311281
175217
21593
153624
1576311282
175217
21593
153624
1576311283
175217
21593
153624
1576311284
175217
21593
153624
1576311285
175217
21593
153624
1576311286
175217
21593
153624
1576311287
175227
21603
153624
1576311288
175239
21615
153624
1576311289
175239
21615
153624
1576311290
175239
21615
153624
1576311291
175239
21615
153624
1576311292
175239
21615
153624
1576311293
175239
21615
153624
1576311294
175239
21615
153624
1576311295
175262
21638
153624
1576311296
175269
21645
153624
1576311297
175270
21646
153624
1576311298
175270
21646
153624
1576311299
175270
21646
153624
1576311300
175270
21646
153624
1576311301
175270
21646
153624
1576311302
175270
21646
153624
1576311303
175270
21646
153624
1576311304
175270
21646
153624
1576311305
175270
21646
153624
1576311306
175270
21646
153624
1576311307
175270
21646
153624
1576311308
175271
21647
153624
1576311309
175271
21647
153624
1576311310
175272
21648
153624
1576311311
175272
21648
153624
1576311312
175272
21648
153624
1576311313
175273
21649
153624
1576311314
175273
21649
153624
1576311315
175273
21649
153624
1576311316
175273
21649
153624
1576311317
175273
21649
153624
1576311318
175273
21649
153624
1576311319
175273
21649
153624
1576311320
175273
21649
153624
1576311321
175273
21649
153624
1576311322
175273
21649
153624
1576311323
175288
21664
153624
1576311324
175300
21676
153624
1576311325
175300
21676
153624
1576311326
175300
21676
153624
1576311327
175300
21676
153624
1576311328
175300
21676
153624
1576311329
175300
21676
153624
1576311330
175312
21688
153624
1576311331
175322
21698
153624
1576311332
175322
21698
153624
1576311333
175322
21698
153624
1576311334
175322
21698
153624
1576311335
175322
21698
153624
1576311337
175324
21700
153624
1576311338
175325
21701
153624
1576311339
175326
21702
153624
1576311340
175328
21704
153624
1576311341
175328
21704
153624
1576311342
175328
21704
153624
1576311343
175328
21704
153624
1576311344
175336
21711
153625
1576311345
175343
21718
153625
1576311346
175350
21725
153625
1576311347
175361
21728
153633
1576311348
175363
21728
153635
1576311349
175363
21728
153635
1576311350
175363
21728
153635
1576311351
175363
21728
153635
1576311352
175363
21728
153635
1576311353
175363
21728
153635
1576311354
175363
21728
153635
1576311355
175363
21728
153635
1576311356
175363
21728
153635
1576311357
175363
21728
153635
1576311358
175363
21728
153635
1576311359
175363
21728
153635
1576311360
175364
21729
153635
1576311361
175365
21730
153635
1576311362
175365
21730
153635
1576311363
175365
21730
153635
1576311364
175365
21730
153635
1576311365
175365
21730
153635
1576311366
175366
21730
153636
1576311367
175366
21730
153636
1576311368
175366
21730
153636
1576311369
175366
21730
153636
1576311370
175383
21747
153636
1576311371
175384
21748
153636
1576311372
175384
21748
153636
1576311373
175384
21748
153636
1576311374
175384
21748
153636
1576311375
175384
21748
153636
1576311376
175385
21749
153636
1576311377
175385
21749
153636
1576311378
175385
21749
153636
1576311379
175385
21749
153636
1576311380
175385
21749
153636
1576311381
175385
21749
153636
1576311382
175385
21749
153636
1576311383
175385
21749
153636
1576311384
175385
21749
153636
1576311385
175387
21751
153636
1576311386
175388
21752
153636
1576311387
175388
21752
153636
1576311388
175389
21753
153636
1576311389
175389
21753
153636
1576311390
175389
21753
153636
1576311391
175389
21753
153636
1576311392
175389
21753
153636
1576311393
175389
21753
153636
1576311394
175389
21753
153636
1576311395
175389
21753
153636
1576311396
175389
21753
153636
1576311397
175389
21753
153636
1576311398
175389
21753
153636
1576311399
175389
21753
153636
1576311400
175389
21753
153636
1576311401
175389
21753
153636
1576311402
175389
21753
153636
1576311403
175389
21753
153636
1576311404
175389
21753
153636
1576311405
175389
21753
153636
1576311406
175389
21753
153636
1576311408
175389
21753
153636
1576311409
175390
21753
153637
1576311410
175390
21753
153637
1576311411
175390
21753
153637
1576311412
175390
21753
153637
1576311413
175390
21753
153637
1576311414
175390
21753
153637
1576311415
175390
21753
153637
1576311416
175390
21753
153637
1576311417
175390
21753
153637
1576311418
175390
21753
153637
1576311419
175390
21753
153637
1576311420
175390
21753
153637
1576311421
175390
21753
153637
1576311422
175390
21753
153637
1576311423
175390
21753
153637
1576311424
175390
21753
153637
1576311425
175390
21753
153637
1576311426
175390
21753
153637
1576311427
175390
21753
153637
1576311428
175390
21753
153637
1576311429
175390
21753
153637
1576311430
175390
21753
153637
1576311431
175390
21753
153637
1576311432
175390
21753
153637
1576311433
175390
21753
153637
1576311434
175390
21753
153637
1576311435
175390
21753
153637
1576311436
175390
21753
153637
1576311437
175390
21753
153637
1576311438
175390
21753
153637
1576311439
175390
21753
153637
1576311440
175390
21753
153637
1576311441
175390
21753
153637
1576311442
175390
21753
153637
1576311443
175390
21753
153637
1576311444
175390
21753
153637
1576311445
175390
21753
153637
1576311446
175390
21753
153637
1576311447
175390
21753
153637
1576311448
175390
21753
153637
1576311449
175390
21753
153637
1576311450
175390
21753
153637
1576311451
175390
21753
153637
1576311452
175390
21753
153637
1576311453
175390
21753
153637
1576311454
175390
21753
153637
1576311455
175390
21753
153637
1576311456
175390
21753
153637
1576311457
175390
21753
153637
1576311458
175391
21754
153637
1576311459
175391
21754
153637
1576311460
175410
21773
153637
1576311461
175412
21775
153637
1576311462
175412
21775
153637
1576311463
175412
21775
153637
1576311464
175412
21775
153637
1576311465
175412
21775
153637
1576311466
175412
21775
153637
1576311467
175412
21775
153637
1576311468
175412
21775
153637
1576311469
175412
21775
153637
1576311470
175412
21775
153637
1576311471
175412
21775
153637
1576311472
175412
21775
153637
1576311473
175412
21775
153637
1576311474
175412
21775
153637
1576311475
175412
21775
153637
1576311476
175412
21775
153637
1576311477
175412
21775
153637
1576311479
175417
21780
153637
1576311480
175434
21794
153640
1576311481
175434
21794
153640
1576311482
175434
21794
153640
1576311483
175435
21794
153641
1576311484
175442
21801
153641
1576311485
175442
21801
153641
1576311486
175442
21801
153641
1576311487
175442
21801
153641
1576311488
175442
21801
153641
1576311489
175442
21801
153641
1576311490
175442
21801
153641
1576311491
175442
21801
153641
1576311492
175451
21810
153641
1576311493
175460
21819
153641
1576311494
175460
21819
153641
1576311495
175460
21819
153641
1576311496
175460
21819
153641
1576311497
175460
21819
153641
1576311498
175460
21819
153641
1576311499
175460
21819
153641
1576311500
175460
21819
153641
1576311501
175460
21819
153641
1576311502
175460
21819
153641
1576311503
175460
21819
153641
1576311504
175460
21819
153641
1576311505
175475
21834
153641
1576311506
175487
21846
153641
1576311507
175487
21846
153641
1576311508
175487
21846
153641
1576311509
175487
21846
153641
1576311510
175487
21846
153641
1576311511
175487
21846
153641
1576311512
175487
21846
153641
1576311513
175488
21847
153641
1576311514
175488
21847
153641
1576311515
175488
21847
153641
1576311516
175488
21847
153641
1576311517
175488
21847
153641
1576311518
175488
21847
153641
1576311519
175488
21847
153641
1576311520
175488
21847
153641
1576311521
175488
21847
153641
1576311522
175488
21847
153641
1576311523
175488
21847
153641
1576311524
175488
21847
153641
1576311525
175488
21847
153641
1576311526
175488
21847
153641
1576311527
175488
21847
153641
1576311528
175488
21847
153641
1576311529
175488
21847
153641
1576311530
175488
21847
153641
1576311531
175488
21847
153641
1576311532
175488
21847
153641
1576311533
175488
21847
153641
1576311534
175488
21847
153641
1576311535
175488
21847
153641
1576311536
175488
21847
153641
1576311537
175488
21847
153641
1576311538
175488
21847
153641
1576311539
175488
21847
153641
1576311540
175497
21856
153641
1576311541
175509
21868
153641
1576311542
175509
21868
153641
1576311543
193545
21877
171668
1576311544
267678
32116
235562
1576311545
267680
32117
235563
1576311546
267682
32117
235565
1576311547
267683
32118
235565
1576311548
267683
32118
235565
1576311549
267683
32118
235565
1576311550
267683
32118
235565
1576311551
267691
32126
235565
1576311552
267706
32141
235565
1576311553
267730
32165
235565
1576311554
267733
32168
235565
1576311555
267737
32172
235565
1576311556
267758
32192
235566
1576311557
267791
32225
235566
1576311558
267795
32228
235567
1576311559
267799
32232
235567
1576311560
267799
32232
235567
1576311561
267799
32232
235567
1576311562
267799
32232
235567
1576311563
267799
32232
235567
1576311564
267799
32232
235567
1576311565
267799
32232
235567
1576311566
267799
32232
235567
1576311567
267799
32232
235567
1576311568
267799
32232
235567
1576311569
267799
32232
235567
1576311570
267804
32237
235567
1576311571
267812
32245
235567
1576311572
267812
32245
235567
1576311573
267818
32251
235567
1576311574
267828
32261
235567
1576311575
267828
32261
235567
1576311576
267828
32261
235567
1576311577
267828
32261
235567
1576311578
267828
32261
235567
1576311579
267833
32266
235567
1576311580
267844
32277
235567
1576311581
267844
32277
235567
1576311582
267844
32277
235567
1576311583
267844
32277
235567
1576311584
267844
32277
235567
1576311586
267844
32277
235567
1576311587
267844
32277
235567
1576311588
267844
32277
235567
1576311589
267844
32277
235567
1576311590
267844
32277
235567
1576311591
267844
32277
235567
1576311592
267844
32277
235567
1576311593
267844
32277
235567
1576311594
267844
32277
235567
1576311595
267844
32277
235567
1576311596
267866
32299
235567
1576311597
267871
32304
235567
1576311598
267871
32304
235567
1576311599
267871
32304
235567
1576311600
267872
32305
235567
1576311601
267872
32305
235567
1576311602
267872
32305
235567
1576311603
267872
32305
235567
1576311604
267872
32305
235567
1576311605
267872
32305
235567
1576311606
267872
32305
235567
1576311607
267872
32305
235567
1576311608
267872
32305
235567
1576311609
267872
32305
235567
1576311610
267872
32305
235567
1576311611
267872
32305
235567
1576311612
267872
32305
235567
1576311613
267872
32305
235567
1576311614
267872
32305
235567
1576311615
267872
32305
235567
1576311616
267872
32305
235567
1576311617
267872
32305
235567
1576311618
267872
32305
235567
1576311619
267872
32305
235567
1576311620
267872
32305
235567
1576311621
267872
32305
235567
1576311622
267872
32305
235567
1576311623
267872
32305
235567
1576311624
267872
32305
235567
1576311625
267872
32305
235567
1576311626
267872
32305
235567
1576311627
267872
32305
235567
1576311628
267872
32305
235567
1576311629
267872
32305
235567
1576311630
267872
32305
235567
1576311631
267872
32305
235567
1576311632
267872
32305
235567
1576311633
267872
32305
235567
1576311634
267872
32305
235567
1576311635
267893
32326
235567
1576311636
267901
32334
235567
1576311637
267901
32334
235567
1576311638
267901
32334
235567
1576311639
267901
32334
235567
1576311640
267901
32334
235567
1576311641
267901
32334
235567
1576311642
267901
32334
235567
1576311643
267901
32334
235567
1576311644
267901
32334
235567
1576311645
267901
32334
235567
1576311646
267902
32335
235567
1576311647
267903
32336
235567
1576311648
267903
32336
235567
1576311649
267903
32336
235567
1576311650
267903
32336
235567
1576311651
267903
32336
235567
1576311652
267903
32336
235567
1576311653
267903
32336
235567
1576311654
267903
32336
235567
1576311655
267903
32336
235567
1576311656
267903
32336
235567
1576311657
267903
32336
235567
1576311658
267903
32336
235567
1576311659
267903
32336
235567
1576311660
267903
32336
235567
1576311661
267903
32336
235567
1576311662
267903
32336
235567
1576311663
267903
32336
235567
1576311664
267917
32350
235567
1576311665
267934
32367
235567
1576311666
267934
32367
235567
1576311667
267934
32367
235567
1576311668
267934
32367
235567
1576311669
267934
32367
235567
1576311670
267942
32375
235567
1576311671
267954
32387
235567
1576311672
267954
32387
235567
1576311673
267954
32387
235567
1576311674
267954
32387
235567
1576311675
267954
32387
235567
1576311676
267954
32387
235567
1576311677
267954
32387
235567
1576311678
267954
32387
235567
1576311679
267954
32387
235567
1576311680
267954
32387
235567
1576311681
267954
32387
235567
1576311682
267954
32387
235567
1576311683
267954
32387
235567
1576311684
267954
32387
235567
1576311685
267954
32387
235567
1576311686
267954
32387
235567
1576311687
267961
32394
235567
1576311688
267962
32395
235567
1576311689
267963
32396
235567
1576311690
267965
32398
235567
1576311691
267965
32398
235567
1576311692
267965
32398
235567
1576311693
267965
32398
235567
1576311694
267966
32399
235567
1576311695
267966
32399
235567
1576311696
267966
32399
235567
1576311697
267966
32399
235567
1576311698
267966
32399
235567
1576311700
267966
32399
235567
1576311701
267966
32399
235567
1576311702
267966
32399
235567
1576311703
267966
32399
235567
1576311704
267966
32399
235567
1576311705
267983
32416
235567
1576311706
267987
32420
235567
1576311707
267987
32420
235567
1576311708
267991
32424
235567
1576311709
268010
32443
235567
1576311710
268011
32444
235567
1576311711
268011
32444
235567
1576311712
268011
32444
235567
1576311713
268011
32444
235567
1576311714
268011
32444
235567
1576311715
268011
32444
235567
1576311716
268011
32444
235567
1576311717
268011
32444
235567
1576311718
268011
32444
235567
1576311719
268011
32444
235567
1576311720
268012
32445
235567
1576311721
268012
32445
235567
1576311722
268012
32445
235567
1576311723
268012
32445
235567
1576311724
268012
32445
235567
1576311725
268012
32445
235567
1576311726
268012
32445
235567
1576311727
268012
32445
235567
1576311728
268015
32448
235567
1576311729
268023
32456
235567
1576311730
268023
32456
235567
1576311731
268023
32456
235567
1576311732
268023
32456
235567
1576311733
268023
32456
235567
1576311734
268024
32457
235567
1576311735
268024
32457
235567
1576311736
268024
32457
235567
1576311737
268024
32457
235567
1576311738
268048
32481
235567
1576311739
268055
32488
235567
1576311740
268055
32488
235567
1576311741
268062
32495
235567
1576311742
268080
32513
235567
1576311743
268080
32513
235567
1576311744
268080
32513
235567
1576311745
268080
32513
235567
1576311746
268080
32513
235567
1576311747
268080
32513
235567
1576311748
268080
32513
235567
1576311749
268080
32513
235567
1576311750
268080
32513
235567
1576311751
268081
32514
235567
1576311752
268081
32514
235567
1576311753
268081
32514
235567
1576311754
268081
32514
235567
1576311755
268081
32514
235567
1576311756
268081
32514
235567
1576311757
268081
32514
235567
1576311758
268081
32514
235567
1576311759
268081
32514
235567
1576311760
268081
32514
235567
1576311761
268081
32514
235567
1576311762
268081
32514
235567
1576311763
268081
32514
235567
1576311764
268081
32514
235567
1576311765
268081
32514
235567
1576311766
268081
32514
235567
1576311767
268081
32514
235567
1576311768
268081
32514
235567
1576311769
268081
32514
235567
1576311770
268081
32514
235567
1576311771
268081
32514
235567
1576311772
268081
32514
235567
1576311773
268081
32514
235567
1576311774
268082
32515
235567
1576311775
268082
32515
235567
1576311776
268082
32515
235567
1576311777
268082
32515
235567
1576311778
268082
32515
235567
1576311779
268082
32515
235567
1576311780
268082
32515
235567
1576311781
268082
32515
235567
1576311782
268082
32515
235567
1576311783
268082
32515
235567
1576311785
268092
32525
235567
1576311786
268113
32546
235567
1576311787
268113
32546
235567
1576311788
268115
32548
235567
1576311789
268157
32590
235567
1576311790
268161
32594
235567
1576311791
268165
32598
235567
1576311792
268165
32598
235567
1576311793
268165
32598
235567
1576311794
268202
32635
235567
1576311795
268210
32643
235567
1576311796
268210
32643
235567
1576311797
268210
32643
235567
1576311798
268210
32643
235567
1576311799
268210
32643
235567
1576311800
268210
32643
235567
1576311801
268210
32643
235567
1576311802
268210
32643
235567
1576311803
268242
32675
235567
1576311804
268254
32687
235567
1576311805
268271
32704
235567
1576311806
268271
32704
235567
1576311807
268271
32704
235567
1576311808
268271
32704
235567
1576311809
268271
32704
235567
1576311810
268271
32704
235567
1576311811
268271
32704
235567
1576311812
268271
32704
235567
1576311813
268271
32704
235567
1576311814
268271
32704
235567
1576311815
268283
32716
235567
1576311816
268291
32724
235567
1576311817
268291
32724
235567
1576311818
268291
32724
235567
1576311819
268291
32724
235567
1576311820
268299
32732
235567
1576311821
268321
32754
235567
1576311822
268323
32756
235567
1576311823
268323
32756
235567
1576311824
268324
32757
235567
1576311825
268324
32757
235567
1576311826
268324
32757
235567
1576311827
268324
32757
235567
1576311828
268324
32757
235567
1576311829
268324
32757
235567
1576311830
268324
32757
235567
1576311831
268324
32757
235567
1576311832
268324
32757
235567
1576311833
268324
32757
235567
1576311834
268324
32757
235567
1576311835
268324
32757
235567
1576311836
268324
32757
235567
1576311837
268324
32757
235567
1576311838
268324
32757
235567
1576311839
268324
32757
235567
1576311840
268325
32758
235567
1576311841
268325
32758
235567
1576311842
268337
32770
235567
1576311843
268361
32794
235567
1576311844
268364
32797
235567
1576311845
268365
32798
235567
1576311846
268365
32798
235567
1576311847
268365
32798
235567
1576311848
268365
32798
235567
1576311849
268365
32798
235567
1576311850
268365
32798
235567
1576311851
268365
32798
235567
1576311852
268365
32798
235567
1576311853
268365
32798
235567
1576311854
268365
32798
235567
1576311855
268365
32798
235567
1576311856
268365
32798
235567
1576311857
268365
32798
235567
1576311858
268369
32802
235567
1576311859
268398
32831
235567
1576311860
268398
32831
235567
1576311861
268400
32833
235567
1576311862
268400
32833
235567
1576311863
268400
32833
235567
1576311864
268400
32833
235567
1576311865
268400
32833
235567
1576311866
268400
32833
235567
1576311867
268400
32833
235567
1576311868
268400
32833
235567
1576311869
268401
32834
235567
1576311870
268401
32834
235567
1576311871
268401
32834
235567
1576311872
268401
32834
235567
1576311873
268420
32853
235567
1576311874
268433
32866
235567
1576311875
268433
32866
235567
1576311876
268433
32866
235567
1576311877
268433
32866
235567
1576311878
268433
32866
235567
1576311880
268433
32866
235567
1576311881
268433
32866
235567
1576311882
268433
32866
235567
1576311883
268433
32866
235567
1576311884
268433
32866
235567
1576311885
268433
32866
235567
1576311886
268433
32866
235567
1576311887
268433
32866
235567
1576311888
268433
32866
235567
1576311889
268433
32866
235567
1576311890
268433
32866
235567
1576311891
268433
32866
235567
1576311892
268433
32866
235567
1576311893
268433
32866
235567
1576311894
268433
32866
235567
1576311895
268434
32867
235567
1576311896
268434
32867
235567
1576311897
268434
32867
235567
1576311898
268434
32867
235567
1576311899
268434
32867
235567
1576311900
268434
32867
235567
1576311901
268434
32867
235567
1576311902
268434
32867
235567
1576311903
268434
32867
235567
1576311904
268434
32867
235567
1576311905
268434
32867
235567
1576311906
268434
32867
235567
1576311907
268434
32867
235567
1576311908
268434
32867
235567
1576311909
268445
32881
235567
1576311910
268460
32893
235567
1576311911
268460
32893
235567
1576311912
268460
32893
235567
1576311913
268460
32893
235567
1576311914
268460
32893
235567
1576311915
268460
32893
235567
1576311916
268460
32893
235567
1576311917
268460
32893
235567
1576311918
268460
32893
235567
1576311919
268460
32893
235567
1576311920
268464
32897
235567
1576311921
268468
32901
235567
1576311922
268472
32905
235567
1576311923
268472
32905
235567
1576311924
268472
32905
235567
1576311925
268472
32905
235567
1576311926
268472
32905
235567
1576311927
268472
32905
235567
1576311928
268472
32905
235567
1576311929
268472
32905
235567
1576311930
268472
32905
235567
1576311931
268472
32905
235567
1576311932
268472
32905
235567
1576311933
268472
32905
235567
1576311934
268472
32905
235567
1576311935
268472
32905
235567
1576311936
268472
32905
235567
1576311937
268472
32905
235567
1576311938
268472
32905
235567
1576311939
268472
32905
235567
1576311940
268472
32905
235567
1576311941
268472
32905
235567
1576311943
268482
32915
235567
1576311944
268511
32944
235567
1576311945
268514
32947
235567
1576311946
268516
32949
235567
1576311947
268516
32949
235567
1576311948
268520
32953
235567
1576311949
268520
32953
235567
1576311950
268520
32953
235567
1576311951
268520
32953
235567
1576311952
268520
32953
235567
1576311953
268520
32953
235567
1576311954
268521
32954
235567
1576311955
268550
32983
235567
1576311956
268552
32985
235567
1576311957
268553
32986
235567
1576311958
268553
32986
235567
1576311959
268553
32986
235567
1576311960
268553
32986
235567
1576311961
268553
32986
235567
1576311962
268553
32986
235567
1576311963
268553
32986
235567
1576311964
268553
32986
235567
1576311965
268564
32997
235567
1576311966
268594
33027
235567
1576311967
268597
33030
235567
1576311968
268598
33031
235567
1576311969
268598
33031
235567
1576311970
268598
33031
235567
1576311971
268602
33035
235567
1576311972
268631
33064
235567
1576311973
268635
33067
235568
1576311974
268639
33071
235568
1576311975
268639
33071
235568
1576311976
268639
33071
235568
1576311977
268647
33079
235568
1576311978
268672
33104
235568
1576311979
268673
33105
235568
1576311980
268676
33108
235568
1576311981
268676
33108
235568
1576311982
268676
33108
235568
1576311983
268676
33108
235568
1576311984
268676
33108
235568
1576311985
268676
33108
235568
1576311986
268676
33108
235568
1576311987
268677
33109
235568
1576311988
268677
33109
235568
1576311989
268677
33109
235568
1576311990
268677
33109
235568
1576311991
268679
33111
235568
1576311992
268679
33111
235568
1576311993
268679
33111
235568
1576311994
268679
33111
235568
1576311995
268679
33111
235568
1576311996
268679
33111
235568
1576311997
268679
33111
235568
1576311998
268679
33111
235568
1576311999
268679
33111
235568
1576312000
268686
33118
235568
1576312001
268688
33120
235568
1576312002
268689
33121
235568
1576312003
268689
33121
235568
1576312004
268689
33121
235568
1576312005
268689
33121
235568
1576312006
268689
33121
235568
1576312007
268689
33121
235568
1576312008
268689
33121
235568
1576312009
268695
33127
235568
1576312010
268697
33129
235568
1576312011
268699
33131
235568
1576312012
268699
33131
235568
1576312013
268699
33131
235568
1576312014
268699
33131
235568
1576312015
268699
33131
235568
1576312016
268699
33131
235568
1576312017
268699
33131
235568
1576312018
268702
33134
235568
1576312019
268702
33134
235568
1576312020
268702
33134
235568
1576312021
268702
33134
235568
1576312022
268702
33134
235568
1576312023
268702
33134
235568
1576312024
268702
33134
235568
1576312026
268702
33134
235568
1576312027
268702
33134
235568
1576312028
268702
33134
235568
1576312029
268702
33134
235568
1576312030
268702
33134
235568
1576312031
268702
33134
235568
1576312032
268702
33134
235568
1576312033
268702
33134
235568
1576312034
268702
33134
235568
1576312035
268702
33134
235568
1576312036
268702
33134
235568
1576312037
268702
33134
235568
1576312038
268702
33134
235568
1576312039
268702
33134
235568
1576312040
268702
33134
235568
1576312041
268702
33134
235568
1576312042
268702
33134
235568
1576312043
268702
33134
235568
1576312044
268702
33134
235568
1576312045
268702
33134
235568
1576312046
268702
33134
235568
1576312047
268702
33134
235568
1576312048
268702
33134
235568
1576312049
268702
33134
235568
1576312050
268702
33134
235568
1576312051
268702
33134
235568
1576312052
268702
33134
235568
1576312053
268702
33134
235568
1576312054
268702
33134
235568
1576312055
268702
33134
235568
1576312056
268702
33134
235568
1576312057
268702
33134
235568
1576312058
268702
33134
235568
1576312059
268702
33134
235568
1576312060
268702
33134
235568
1576312061
268702
33134
235568
1576312062
268702
33134
235568
1576312063
268702
33134
235568
1576312064
268702
33134
235568
1576312065
268702
33134
235568
1576312066
268702
33134
235568
1576312067
268702
33134
235568
1576312068
268702
33134
235568
1576312069
268702
33134
235568
1576312070
268702
33134
235568
1576312071
268702
33134
235568
1576312072
268702
33134
235568
1576312073
268707
33139
235568
1576312074
268712
33144
235568
1576312075
268712
33144
235568
1576312076
268712
33144
235568
1576312077
268712
33144
235568
1576312078
268712
33144
235568
1576312079
268712
33144
235568
1576312080
268712
33144
235568
1576312081
268712
33144
235568
1576312082
268716
33148
235568
1576312083
268716
33148
235568
1576312084
268716
33148
235568
1576312085
268716
33148
235568
1576312086
268716
33148
235568
1576312087
268716
33148
235568
1576312088
268716
33148
235568
1576312089
268716
33148
235568
1576312090
268716
33148
235568
1576312091
268716
33148
235568
1576312092
268716
33148
235568
1576312094
268716
33148
235568
1576312095
268716
33148
235568
1576312096
268716
33148
235568
1576312097
268716
33148
235568
1576312098
268716
33148
235568
1576312099
268716
33148
235568
1576312100
268716
33148
235568
1576312101
268716
33148
235568
1576312102
268716
33148
235568
1576312103
268716
33148
235568
1576312104
268716
33148
235568
1576312105
268716
33148
235568
1576312106
268716
33148
235568
1576312107
268716
33148
235568
1576312108
268716
33148
235568
1576312109
268716
33148
235568
1576312110
268716
33148
235568
1576312111
268716
33148
235568
1576312112
268716
33148
235568
1576312113
268716
33148
235568
1576312114
268716
33148
235568
1576312115
268716
33148
235568
1576312116
268716
33148
235568
1576312117
268716
33148
235568
1576312118
268716
33148
235568
1576312119
268716
33148
235568
1576312120
268716
33148
235568
1576312121
268716
33148
235568
1576312122
268716
33148
235568
1576312123
268716
33148
235568
1576312124
268716
33148
235568
1576312125
268716
33148
235568
1576312126
268716
33148
235568
1576312127
268716
33148
235568
1576312128
268718
33150
235568
1576312129
268718
33150
235568
1576312130
268718
33150
235568
1576312131
268718
33150
235568
1576312132
268718
33150
235568
1576312133
268726
33158
235568
1576312134
268726
33158
235568
1576312135
268731
33163
235568
1576312136
268734
33166
235568
1576312137
268735
33167
235568
1576312138
268735
33167
235568
1576312139
268735
33167
235568
1576312140
268735
33167
235568
1576312141
268735
33167
235568
1576312142
268735
33167
235568
1576312143
268735
33167
235568
1576312144
268735
33167
235568
1576312145
268735
33167
235568
1576312146
268735
33167
235568
1576312147
268735
33167
235568
1576312148
268735
33167
235568
