
1576485595
2921
2149
772
1576485595
2921
2149
772
1576485595
2922
2149
773
1576485595
2923
2150
773
1576485595
2923
2150
773
1576485596
2923
2150
773
1576485596
2923
2150
773
1576485596
2926
2152
774
1576485596
2926
2152
774
1576485596
2926
2152
774
1576485596
2926
2152
774
1576485596
2926
2152
774
1576485596
2934
2160
774
1576485596
2934
2160
774
1576485597
2936
2162
774
1576485597
2936
2162
774
1576485597
2936
2162
774
1576485597
2936
2162
774
1576485597
2936
2162
774
1576485597
2966
2192
774
1576485597
2966
2192
774
1576485597
2966
2192
774
1576485597
3009
2235
774
1576485598
3009
2235
774
1576485598
3047
2273
774
1576485598
3047
2273
774
1576485598
3047
2273
774
1576485598
3047
2273
774
1576485598
3049
2275
774
1576485598
3049
2275
774
1576485598
3049
2275
774
1576485598
3049
2275
774
1576485599
3049
2275
774
1576485599
3049
2275
774
1576485599
3064
2290
774
1576485599
3064
2290
774
1576485599
3079
2305
774
1576485599
3079
2305
774
1576485599
3079
2305
774
1576485599
3079
2305
774
1576485599
3079
2305
774
1576485600
3087
2313
774
1576485600
3087
2313
774
1576485600
3099
2325
774
1576485600
3099
2325
774
1576485600
3117
2343
774
1576485600
3117
2343
774
1576485600
3126
2352
774
1576485600
3126
2352
774
1576485600
3126
2352
774
1576485601
3135
2361
774
1576485601
3135
2361
774
1576485601
3142
2368
774
1576485601
3142
2368
774
1576485601
3142
2368
774
1576485601
3142
2368
774
1576485601
3142
2368
774
1576485601
3142
2368
774
1576485601
3142
2368
774
1576485602
3142
2368
774
1576485602
3143
2369
774
1576485602
3143
2369
774
1576485602
3143
2369
774
1576485602
3143
2369
774
1576485602
3143
2369
774
1576485602
3144
2370
774
1576485602
3144
2370
774
1576485603
3144
2370
774
1576485603
3144
2370
774
1576485603
3145
2371
774
1576485603
3145
2371
774
1576485603
3145
2371
774
1576485603
3145
2371
774
1576485603
3145
2371
774
1576485603
3146
2372
774
1576485603
3146
2372
774
1576485604
3146
2372
774
1576485604
3146
2372
774
1576485604
3181
2407
774
1576485604
3181
2407
774
1576485604
3191
2417
774
1576485604
3191
2417
774
1576485604
3192
2418
774
1576485604
3192
2418
774
1576485604
3192
2418
774
1576485605
3192
2418
774
1576485605
3194
2420
774
1576485605
3194
2420
774
1576485605
3194
2420
774
1576485605
3194
2420
774
1576485605
3194
2420
774
1576485605
3196
2422
774
1576485605
3196
2422
774
1576485605
3196
2422
774
1576485606
3196
2422
774
1576485606
3198
2424
774
1576485606
3198
2424
774
1576485606
3198
2424
774
1576485606
3198
2424
774
1576485606
3198
2424
774
1576485606
3198
2424
774
1576485606
3198
2424
774
1576485606
3198
2424
774
1576485607
3198
2424
774
1576485607
3231
2457
774
1576485607
3231
2457
774
1576485607
3231
2457
774
1576485607
3243
2469
774
1576485607
3243
2469
774
1576485607
3243
2469
774
1576485607
3243
2469
774
1576485607
3243
2469
774
1576485608
3243
2469
774
1576485608
3244
2469
775
1576485608
3244
2469
775
1576485608
3244
2469
775
1576485608
3244
2469
775
1576485608
3244
2469
775
1576485608
3244
2469
775
1576485608
3248
2473
775
1576485608
3248
2473
775
1576485609
3248
2473
775
1576485609
3248
2473
775
1576485609
3258
2483
775
1576485609
3258
2483
775
1576485609
3258
2483
775
1576485609
3281
2506
775
1576485609
3281
2506
775
1576485609
3281
2506
775
1576485609
3281
2506
775
1576485610
3305
2530
775
1576485610
3305
2530
775
1576485610
3317
2542
775
1576485610
3317
2542
775
1576485610
3317
2542
775
1576485610
3340
2565
775
1576485610
3340
2565
775
1576485610
3354
2579
775
1576485610
3354
2579
775
1576485611
3365
2590
775
1576485611
3365
2590
775
1576485611
3369
2594
775
1576485611
3369
2594
775
1576485611
3369
2594
775
1576485611
3370
2595
775
1576485611
3370
2595
775
1576485611
3370
2595
775
1576485611
3370
2595
775
1576485612
3370
2595
775
1576485612
3370
2595
775
1576485612
3370
2595
775
1576485612
3370
2595
775
1576485612
3370
2595
775
1576485612
3370
2595
775
1576485612
3370
2595
775
1576485612
3370
2595
775
1576485612
3370
2595
775
1576485613
3370
2595
775
1576485613
3370
2595
775
1576485613
3370
2595
775
1576485613
3375
2600
775
1576485613
3375
2600
775
1576485613
3385
2610
775
1576485613
3385
2610
775
1576485613
3394
2619
775
1576485613
3394
2619
775
1576485614
3394
2619
775
1576485614
3396
2621
775
1576485614
3396
2621
775
1576485614
3396
2621
775
1576485614
3396
2621
775
1576485614
3398
2623
775
1576485614
3398
2623
775
1576485614
3398
2623
775
1576485614
3398
2623
775
1576485615
3398
2623
775
1576485615
3398
2623
775
1576485615
3399
2624
775
1576485615
3399
2624
775
1576485615
3399
2624
775
1576485615
3399
2624
775
1576485615
3425
2650
775
1576485615
3425
2650
775
1576485615
3447
2672
775
1576485616
3447
2672
775
1576485616
3447
2672
775
1576485616
3464
2689
775
1576485616
3464
2689
775
1576485616
3488
2713
775
1576485616
3488
2713
775
1576485616
3510
2735
775
1576485616
3510
2735
775
1576485616
3535
2760
775
1576485617
3535
2760
775
1576485617
3535
2760
775
1576485617
3537
2761
776
1576485617
3537
2761
776
1576485617
3537
2761
776
1576485617
3539
2763
776
1576485617
3539
2763
776
1576485617
3539
2763
776
1576485617
3539
2763
776
1576485618
3539
2763
776
1576485618
3539
2763
776
1576485618
3539
2763
776
1576485618
3539
2763
776
1576485618
3539
2763
776
1576485618
3539
2763
776
1576485618
3540
2764
776
1576485618
3540
2764
776
1576485618
3540
2764
776
1576485619
3540
2764
776
1576485619
3540
2764
776
1576485619
3540
2764
776
1576485619
3540
2764
776
1576485619
3540
2764
776
1576485619
3540
2764
776
1576485619
3541
2765
776
1576485619
3542
2766
776
1576485619
3542
2766
776
1576485620
3542
2766
776
1576485620
3542
2766
776
1576485620
3542
2766
776
1576485620
3542
2766
776
1576485620
3542
2766
776
1576485620
3542
2766
776
1576485620
3542
2766
776
1576485620
3543
2767
776
1576485620
3543
2767
776
1576485621
3543
2767
776
1576485621
3543
2767
776
1576485621
3543
2767
776
1576485621
3543
2767
776
1576485621
3543
2767
776
1576485621
3543
2767
776
1576485621
3543
2767
776
1576485621
3545
2769
776
1576485621
3547
2771
776
1576485622
3547
2771
776
1576485622
3547
2771
776
1576485622
3547
2771
776
1576485622
3547
2771
776
1576485622
3548
2772
776
1576485622
3548
2772
776
1576485622
3548
2772
776
1576485622
3548
2772
776
1576485622
3548
2772
776
1576485623
3549
2773
776
1576485623
3549
2773
776
1576485623
3549
2773
776
1576485623
3549
2773
776
1576485623
3549
2773
776
1576485623
3549
2773
776
1576485623
3550
2774
776
1576485623
3550
2774
776
1576485623
3550
2774
776
1576485624
3550
2774
776
1576485624
3550
2774
776
1576485624
3550
2774
776
1576485624
3550
2774
776
1576485624
3550
2774
776
1576485624
3550
2774
776
1576485624
3550
2774
776
1576485624
3550
2774
776
1576485624
3550
2774
776
1576485624
3550
2774
776
1576485625
3550
2774
776
1576485625
3550
2774
776
1576485625
3550
2774
776
1576485625
3554
2778
776
1576485625
3554
2778
776
1576485625
3554
2778
776
1576485625
3554
2778
776
1576485625
3554
2778
776
1576485626
3554
2778
776
1576485626
3555
2779
776
1576485626
3555
2779
776
1576485626
3555
2779
776
1576485626
3555
2779
776
1576485626
3555
2779
776
1576485626
3555
2779
776
1576485626
3555
2779
776
1576485626
3555
2779
776
1576485627
3555
2779
776
1576485627
3555
2779
776
1576485627
3555
2779
776
1576485627
3555
2779
776
1576485627
3555
2779
776
1576485627
3557
2781
776
1576485627
3557
2781
776
1576485627
3557
2781
776
1576485627
3557
2781
776
1576485628
3557
2781
776
1576485628
3557
2781
776
1576485628
3557
2781
776
1576485628
3557
2781
776
1576485628
3557
2781
776
1576485628
3557
2781
776
1576485628
3557
2781
776
1576485628
3557
2781
776
1576485628
3557
2781
776
1576485629
3557
2781
776
1576485629
3557
2781
776
1576485629
3557
2781
776
1576485629
3557
2781
776
1576485629
3557
2781
776
1576485629
3557
2781
776
1576485629
3557
2781
776
1576485629
3558
2782
776
1576485629
3558
2782
776
1576485630
3559
2783
776
1576485630
3559
2783
776
1576485630
3560
2784
776
1576485630
3560
2784
776
1576485630
3560
2784
776
1576485630
3560
2784
776
1576485630
3560
2784
776
1576485630
3560
2784
776
1576485630
3560
2784
776
1576485631
3560
2784
776
1576485631
3560
2784
776
1576485631
3561
2785
776
1576485631
3563
2787
776
1576485631
3563
2787
776
1576485631
3563
2787
776
1576485631
3563
2787
776
1576485631
3563
2787
776
1576485632
3565
2789
776
1576485632
3565
2789
776
1576485632
3565
2789
776
1576485632
3565
2789
776
1576485632
3565
2789
776
1576485632
3565
2789
776
1576485632
3565
2789
776
1576485632
3565
2789
776
1576485632
3565
2789
776
1576485633
3565
2789
776
1576485633
3565
2789
776
1576485633
3565
2789
776
1576485633
3565
2789
776
1576485633
3565
2789
776
1576485633
3566
2790
776
1576485633
3566
2790
776
1576485633
3566
2790
776
1576485633
3566
2790
776
1576485634
3566
2790
776
1576485634
3566
2790
776
1576485634
3566
2790
776
1576485634
3566
2790
776
1576485634
3570
2793
777
1576485634
3570
2793
777
1576485634
3570
2793
777
1576485634
3570
2793
777
1576485635
3570
2793
777
1576485635
3570
2793
777
1576485635
3570
2793
777
1576485635
3570
2793
777
1576485635
3570
2793
777
1576485635
3571
2794
777
1576485635
3571
2794
777
1576485635
3571
2794
777
1576485635
3571
2794
777
1576485636
3572
2795
777
1576485636
3572
2795
777
1576485636
3572
2795
777
1576485636
3572
2795
777
1576485636
3573
2796
777
1576485636
3573
2796
777
1576485636
3573
2796
777
1576485636
3573
2796
777
1576485637
3573
2796
777
1576485637
3573
2796
777
1576485637
3573
2796
777
1576485637
3573
2796
777
1576485637
3574
2797
777
1576485637
3574
2797
777
1576485638
3574
2797
777
1576485638
3574
2797
777
1576485638
3574
2797
777
1576485638
3574
2797
777
1576485638
3574
2797
777
1576485638
3574
2797
777
1576485638
3574
2797
777
1576485638
3574
2797
777
1576485638
3574
2797
777
1576485639
3574
2797
777
1576485639
3574
2797
777
1576485639
3574
2797
777
1576485639
3574
2797
777
1576485639
3599
2821
778
1576485639
3599
2821
778
1576485639
3599
2821
778
1576485639
3622
2832
790
1576485639
3623
2833
790
1576485640
3623
2833
790
1576485640
3623
2833
790
1576485640
3623
2833
790
1576485640
3625
2835
790
1576485640
3625
2835
790
1576485640
3625
2835
790
1576485640
3625
2835
790
1576485640
3625
2849
790
1576485640
3639
2849
790
1576485641
3639
2849
790
1576485641
3644
2854
790
1576485641
3644
2854
790
1576485641
3655
2865
790
1576485641
3655
2865
790
1576485641
3666
2876
790
1576485641
3666
2876
790
1576485641
3666
2876
790
1576485641
3684
2893
791
1576485642
3684
2893
791
1576485642
3735
2944
791
1576485642
3735
2944
791
1576485642
3810
3019
791
1576485642
3810
3019
791
1576485642
3810
3019
791
1576485642
3810
3019
791
1576485642
3810
3019
791
1576485642
3865
3074
791
1576485643
3865
3074
791
1576485643
3924
3133
791
1576485643
3924
3133
791
1576485643
3992
3201
791
1576485643
3992
3201
791
1576485643
3992
3201
791
1576485643
4045
3254
791
1576485643
4045
3254
791
1576485643
5094
4303
791
1576485644
5096
4304
792
1576485644
5096
4304
792
1576485644
5096
4304
792
1576485644
5096
4304
792
1576485644
5096
4304
792
1576485644
5096
4304
792
1576485644
5096
4304
792
1576485644
5110
4305
805
1576485644
5110
4305
805
1576485645
5115
4306
809
1576485645
5115
4306
809
1576485645
5116
4307
809
1576485645
5116
4307
809
1576485645
5116
4307
809
1576485645
5116
4307
809
1576485645
5116
4307
809
1576485645
5116
4307
809
1576485645
5116
4307
809
1576485646
5237
4428
809
1576485646
5237
4428
809
1576485646
5237
4428
809
1576485646
5237
4428
809
1576485646
5237
4428
809
1576485646
5237
4428
809
1576485646
5237
4428
809
1576485646
5237
4428
809
1576485646
5237
4428
809
1576485647
5237
4428
809
1576485647
5237
4428
809
1576485647
5259
4450
809
1576485647
5259
4450
809
1576485647
5259
4450
809
1576485647
5259
4450
809
1576485647
5259
4450
809
1576485647
5275
4466
809
1576485647
5275
4466
809
1576485648
5299
4490
809
1576485648
5299
4490
809
1576485648
5315
4506
809
1576485648
5315
4506
809
1576485648
5315
4506
809
1576485648
5315
4506
809
1576485648
5315
4506
809
1576485648
5334
4525
809
1576485648
5334
4525
809
1576485649
5356
4547
809
1576485649
5356
4547
809
1576485649
5356
4547
809
1576485649
5356
4547
809
1576485649
5356
4547
809
1576485649
5373
4564
809
1576485649
5373
4564
809
1576485649
5402
4593
809
1576485649
5402
4593
809
1576485650
5425
4616
809
1576485650
5425
4616
809
1576485650
5820
5011
809
1576485650
5820
5011
809
1576485650
5820
5011
809
1576485650
5820
5011
809
1576485650
5820
5011
809
1576485650
5820
5011
809
1576485650
5820
5011
809
1576485651
5820
5011
809
1576485651
5820
5011
809
1576485651
5820
5011
809
1576485651
5820
5011
809
1576485651
5820
5011
809
1576485651
5820
5011
809
1576485651
5820
5011
809
1576485651
5820
5011
809
1576485651
5837
5028
809
1576485652
5837
5028
809
1576485652
5854
5045
809
1576485652
5854
5045
809
1576485652
5870
5061
809
1576485652
5870
5061
809
1576485652
5870
5061
809
1576485652
5892
5083
809
1576485652
5892
5083
809
1576485652
5911
5102
809
1576485653
5911
5102
809
1576485653
5970
5161
809
1576485653
5976
5167
809
1576485653
5976
5167
809
1576485653
5993
5184
809
1576485653
5993
5184
809
1576485653
5993
5184
809
1576485653
6003
5194
809
1576485653
6003
5194
809
1576485654
6015
5206
809
1576485654
6015
5206
809
1576485654
6023
5214
809
1576485654
6023
5214
809
1576485654
6031
5222
809
1576485654
6031
5222
809
1576485654
6031
5222
809
1576485654
6037
5228
809
1576485654
6037
5228
809
1576485655
6037
5228
809
1576485655
6037
5228
809
1576485655
6076
5267
809
1576485655
6351
5540
811
1576485655
6367
5556
811
1576485655
6367
5556
811
1576485655
6367
5556
811
1576485655
6367
5556
811
1576485655
6367
5556
811
1576485656
6375
5564
811
1576485656
6375
5564
811
1576485656
6377
5566
811
1576485656
6377
5566
811
1576485656
6377
5566
811
1576485656
6377
5566
811
1576485656
6377
5566
811
1576485656
6377
5566
811
1576485656
6377
5566
811
1576485657
6377
5566
811
1576485657
6377
5566
811
1576485657
6377
5566
811
1576485657
6377
5566
811
1576485657
6377
5566
811
1576485657
6377
5566
811
1576485657
6377
5566
811
1576485657
6377
5566
811
1576485658
6378
5567
811
1576485658
6378
5567
811
1576485658
6378
5567
811
1576485658
6378
5567
811
1576485658
6378
5567
811
1576485658
6378
5567
811
1576485658
6378
5567
811
1576485658
6378
5567
811
1576485658
6378
5567
811
1576485659
6378
5567
811
1576485659
6378
5567
811
1576485659
6378
5567
811
1576485659
6378
5567
811
1576485659
6378
5567
811
1576485659
6379
5568
811
1576485659
6379
5568
811
1576485659
6379
5568
811
1576485659
6379
5568
811
1576485660
6379
5568
811
1576485660
6379
5568
811
1576485660
6379
5568
811
1576485660
6379
5568
811
1576485660
6379
5568
811
1576485660
6379
5568
811
1576485660
6379
5568
811
1576485660
6379
5568
811
1576485661
6379
5568
811
1576485661
6379
5568
811
1576485661
6379
5568
811
1576485661
6379
5568
811
1576485661
6379
5568
811
1576485661
6379
5568
811
1576485661
6379
5568
811
1576485661
6379
5568
811
1576485661
6379
5568
811
1576485662
6379
5568
811
1576485662
6379
5568
811
1576485662
6379
5568
811
1576485662
6379
5568
811
1576485662
6379
5568
811
1576485662
6379
5568
811
1576485662
6379
5568
811
1576485662
6379
5568
811
1576485662
6379
5568
811
1576485663
6386
5575
811
1576485663
6386
5575
811
1576485663
6386
5575
811
1576485663
6389
5578
811
1576485663
6389
5578
811
1576485663
6393
5581
812
1576485663
6393
5581
812
1576485663
6399
5587
812
1576485663
6399
5587
812
1576485664
6399
5587
812
1576485664
6399
5587
812
1576485664
6399
5587
812
1576485664
6399
5587
812
1576485664
6399
5587
812
1576485664
6400
5588
812
1576485664
6400
5588
812
1576485664
6400
5588
812
1576485664
6400
5588
812
1576485665
6400
5588
812
1576485665
6404
5590
814
1576485665
6404
5590
814
1576485665
6413
5594
819
1576485665
6413
5594
819
1576485665
6414
5594
820
1576485665
6414
5594
820
1576485665
6417
5594
823
1576485665
6417
5594
823
1576485666
6417
5594
823
1576485666
6417
5594
823
1576485666
6417
5594
823
1576485666
6419
5594
825
1576485666
6419
5594
825
1576485666
6419
5594
825
1576485666
6419
5594
825
1576485666
6419
5594
825
1576485666
6419
5594
825
1576485667
6419
5594
825
1576485667
6419
5594
825
1576485667
6419
5594
825
1576485667
6420
5594
826
1576485667
6421
5594
827
1576485667
6423
5594
829
1576485667
6424
5594
830
1576485667
6425
5594
831
1576485667
6425
5594
831
1576485668
6425
5594
831
1576485668
6425
5594
831
1576485668
6425
5594
831
1576485668
6425
5594
831
1576485668
6425
5594
831
1576485668
6426
5595
831
1576485668
6426
5595
831
1576485668
6426
5595
831
1576485668
6427
5595
832
1576485669
6427
5595
832
1576485669
6427
5595
832
1576485669
6427
5595
832
1576485669
6427
5595
832
1576485669
6427
5595
832
1576485669
6427
5595
832
1576485669
6427
5595
832
1576485669
6427
5595
832
1576485669
6427
5595
832
1576485670
6428
5595
833
1576485670
6428
5595
833
1576485670
6428
5595
833
1576485670
6428
5595
833
1576485670
6429
5595
834
1576485670
6430
5595
835
1576485670
6431
5595
836
1576485670
6431
5595
836
1576485670
6431
5595
836
1576485671
6431
5595
836
1576485671
6431
5595
836
1576485671
6431
5595
836
1576485671
6432
5595
837
1576485671
6432
5595
837
1576485671
6432
5595
837
1576485671
6432
5595
837
1576485671
6432
5595
837
1576485671
6432
5595
837
1576485672
6432
5595
837
1576485672
6433
5595
838
1576485672
6433
5595
838
1576485672
6433
5595
838
1576485672
6434
5595
839
1576485672
6434
5595
839
1576485672
6434
5595
839
1576485672
6434
5595
839
1576485673
6434
5595
839
1576485673
6434
5595
839
1576485673
6434
5595
839
1576485673
6434
5595
839
1576485673
6434
5595
839
1576485673
6434
5595
839
1576485673
6434
5595
839
1576485673
6434
5595
839
1576485673
6434
5595
839
1576485674
6434
5595
839
1576485674
6434
5595
839
1576485674
6434
5595
839
1576485674
6434
5595
839
1576485674
6434
5595
839
1576485674
6434
5595
839
1576485674
6434
5595
839
1576485674
6434
5595
839
1576485674
6435
5595
840
1576485675
6435
5595
840
1576485675
6435
5595
840
1576485675
6435
5595
840
1576485675
6435
5595
840
1576485675
6435
5595
840
1576485675
6435
5595
840
1576485675
6435
5595
840
1576485675
6435
5595
840
1576485675
6435
5595
840
1576485676
6435
5595
840
1576485676
6435
5595
840
1576485676
6435
5595
840
1576485676
6435
5595
840
1576485676
6435
5595
840
1576485676
6435
5595
840
1576485676
6435
5595
840
1576485676
6436
5595
841
1576485676
6436
5595
841
1576485677
6437
5595
842
1576485677
6437
5595
842
1576485677
6437
5595
842
1576485677
6437
5595
842
1576485677
6437
5595
842
1576485677
6438
5595
843
1576485677
6438
5595
843
1576485677
6443
5598
845
1576485677
6443
5598
845
1576485678
6465
5611
854
1576485678
6465
5611
854
1576485678
6465
5611
854
1576485678
6465
5611
854
1576485678
6465
5611
854
1576485678
6465
5611
854
1576485678
6465
5611
854
1576485678
6467
5612
855
1576485679
6467
5612
855
1576485679
6474
5618
856
1576485679
6474
5618
856
1576485679
6475
5619
856
1576485679
6475
5619
856
1576485679
6475
5619
856
1576485679
6475
5619
856
1576485679
6475
5619
856
1576485679
6475
5619
856
1576485680
6475
5619
856
1576485680
6476
5619
857
1576485680
6477
5620
857
1576485680
6477
5620
857
1576485680
6484
5621
863
1576485680
6484
5621
863
1576485680
6484
5621
863
1576485680
6484
5621
863
1576485680
6484
5621
863
1576485681
6484
5621
863
1576485681
6484
5621
863
1576485681
6484
5621
863
1576485681
6485
5622
863
1576485681
6485
5622
863
1576485681
6485
5622
864
1576485681
6486
5622
864
1576485681
6486
5622
864
1576485681
6486
5622
864
1576485682
6486
5622
864
1576485682
6497
5633
864
1576485682
6497
5633
864
1576485682
6497
5633
864
1576485682
6497
5633
864
1576485682
6497
5633
864
1576485682
6497
5633
864
1576485682
6497
5633
864
1576485682
6497
5633
864
1576485683
6497
5633
864
1576485683
6497
5633
864
1576485683
6497
5633
864
1576485683
6504
5634
870
1576485683
6504
5634
870
1576485683
6504
5634
870
1576485683
6504
5634
870
1576485683
6504
5634
870
1576485683
6506
5634
872
1576485684
6508
5634
874
1576485684
6508
5634
874
1576485684
6508
5634
874
1576485684
6508
5634
874
1576485684
6508
5634
874
1576485684
6509
5635
874
1576485684
6509
5635
874
1576485684
6509
5635
874
1576485684
6509
5635
874
1576485685
6509
5635
874
1576485685
6509
5635
874
1576485685
6509
5635
874
1576485685
6511
5635
876
1576485685
6511
5635
876
1576485685
6511
5635
876
1576485685
6511
5635
876
1576485685
6514
5635
879
1576485685
6514
5635
879
1576485686
6514
5635
879
1576485686
6516
5635
881
1576485686
6516
5635
881
1576485686
6516
5635
881
1576485686
6516
5635
881
1576485686
6516
5635
881
1576485686
6516
5635
881
1576485686
6516
5635
881
1576485687
6517
5636
881
1576485687
6517
5636
881
1576485687
6517
5636
881
1576485687
6517
5636
881
1576485687
6517
5636
881
1576485687
6518
5636
882
1576485687
6518
5636
882
1576485687
6519
5637
882
1576485687
6519
5637
882
1576485688
6519
5637
882
1576485688
6519
5637
882
1576485688
6519
5637
882
1576485688
6519
5637
882
1576485688
6519
5637
882
1576485688
6520
5638
882
1576485688
6520
5638
882
1576485688
6521
5639
882
1576485688
6521
5639
882
1576485689
6522
5640
882
1576485689
6522
5640
882
1576485689
6522
5640
882
1576485689
6526
5644
882
1576485689
6526
5644
882
1576485689
6526
5644
882
1576485689
6526
5644
882
1576485689
6536
5654
882
1576485689
6536
5654
882
1576485690
6539
5657
882
1576485690
6539
5657
882
1576485690
6539
5657
882
1576485690
6545
5663
882
1576485690
6545
5663
882
1576485690
6560
5678
882
1576485690
6560
5678
882
1576485690
6564
5682
882
1576485690
6564
5682
882
1576485691
6564
5682
882
1576485691
6564
5682
882
1576485691
6564
5682
882
1576485691
6564
5682
882
1576485691
6564
5682
882
1576485691
6564
5682
882
1576485691
6564
5682
882
1576485691
6564
5682
882
1576485691
6564
5682
882
1576485692
6567
5684
883
1576485692
6567
5684
883
1576485692
6567
5684
883
1576485692
6567
5684
883
1576485692
6567
5684
883
1576485692
6568
5684
884
1576485692
6568
5684
884
1576485692
6569
5685
884
1576485692
6569
5685
884
1576485693
6577
5689
888
1576485693
6577
5689
888
1576485693
6577
5689
888
1576485693
6577
5689
888
1576485693
6577
5689
888
1576485693
6585
5692
893
1576485693
6585
5692
893
1576485693
6585
5692
893
1576485693
6585
5692
893
1576485694
6587
5694
893
1576485694
6587
5694
893
1576485694
6588
5695
893
1576485694
6588
5695
893
1576485694
6588
5695
893
1576485694
6588
5695
893
1576485694
6588
5695
893
1576485694
6588
5695
893
1576485695
6588
5695
893
1576485695
6588
5695
893
1576485695
6588
5695
893
1576485695
6590
5695
895
1576485695
6590
5695
895
1576485695
6590
5695
895
1576485695
6590
5695
895
1576485695
6590
5695
895
1576485695
6590
5695
895
1576485696
6590
5695
895
1576485696
6590
5695
895
1576485696
6590
5695
895
1576485696
6590
5695
895
1576485696
6590
5695
895
1576485696
6590
5695
895
1576485696
6590
5695
895
1576485696
6590
5695
895
1576485696
6590
5695
895
1576485697
6592
5697
895
1576485697
6592
5697
895
1576485697
6593
5698
895
1576485697
6593
5698
895
1576485697
6593
5698
895
1576485697
6593
5698
895
1576485697
6593
5698
895
1576485697
6595
5700
895
1576485698
6595
5700
895
1576485698
6597
5702
895
1576485698
6597
5702
895
1576485698
6600
5705
895
1576485698
6600
5705
895
1576485698
6602
5707
895
1576485698
6602
5707
895
1576485698
6602
5707
895
1576485698
6602
5707
895
1576485699
6603
5707
896
1576485699
6606
5707
899
1576485699
6607
5707
900
1576485699
6608
5707
901
1576485699
6611
5708
903
1576485699
6612
5709
903
1576485699
6612
5709
903
1576485699
6613
5709
904
1576485700
6616
5710
907
1576485700
6617
5710
907
1576485700
6617
5710
907
1576485700
6617
5710
907
1576485700
6617
5710
907
1576485700
6617
5710
907
1576485700
6617
5710
907
1576485700
6617
5710
907
1576485701
6617
5710
907
1576485701
6617
5710
907
1576485701
6617
5710
907
1576485701
6617
5710
907
1576485701
6617
5710
907
1576485701
6617
5710
907
1576485701
6617
5710
907
1576485701
6617
5710
907
1576485701
6617
5710
907
1576485702
6617
5710
907
1576485702
6618
5711
907
1576485702
6618
5711
907
1576485702
6618
5711
907
1576485702
6619
5711
908
1576485702
6619
5711
908
1576485702
6619
5711
908
1576485702
6619
5711
908
1576485703
6619
5711
908
1576485703
6619
5711
908
1576485703
6627
5719
908
1576485703
6627
5719
908
1576485703
6627
5719
908
1576485703
6627
5719
908
1576485703
6628
5719
909
1576485703
6629
5719
910
1576485703
6629
5719
910
1576485704
6629
5719
910
1576485704
6629
5719
910
1576485704
6629
5719
910
1576485704
6629
5719
910
1576485704
6629
5719
910
1576485704
6629
5719
910
1576485704
6629
5719
910
1576485704
6629
5719
910
1576485705
6629
5719
910
1576485705
6629
5719
910
1576485705
6630
5720
910
1576485705
6630
5720
910
1576485705
6630
5720
910
1576485705
6630
5720
910
1576485705
6631
5721
910
1576485705
6631
5721
910
1576485706
6631
5721
910
1576485706
6631
5721
910
1576485706
6631
5721
910
1576485706
6631
5721
910
1576485706
6633
5721
912
1576485706
6633
5721
912
1576485706
6633
5721
912
1576485706
6633
5721
912
1576485706
6633
5721
912
1576485707
6633
5721
912
1576485707
6633
5721
912
1576485707
6633
5721
912
1576485707
6633
5721
912
1576485707
6633
5721
912
1576485707
6633
5721
912
1576485707
6633
5721
912
1576485707
6633
5721
912
1576485708
6633
5721
912
1576485708
6635
5722
913
1576485708
6635
5722
913
1576485708
6635
5722
913
1576485708
6635
5722
913
1576485708
6637
5723
914
1576485708
6637
5723
914
1576485708
6637
5723
914
1576485708
6638
5723
915
1576485709
6638
5723
915
1576485709
6638
5723
915
1576485709
6638
5723
915
1576485709
6639
5723
916
1576485709
6639
5723
916
1576485709
6639
5723
916
1576485709
6639
5723
916
1576485709
6639
5723
916
1576485710
6639
5723
916
1576485710
6639
5723
916
1576485710
6639
5723
916
1576485710
6642
5724
918
1576485710
6642
5724
918
1576485710
6642
5724
918
1576485710
6642
5724
918
1576485710
6642
5724
918
1576485710
6642
5724
918
1576485711
6642
5724
918
1576485711
6648
5727
921
1576485711
6648
5727
921
1576485711
6648
5727
921
1576485711
6648
5727
921
1576485711
6650
5727
923
1576485711
6650
5727
923
1576485711
6651
5728
923
1576485712
6651
5728
923
1576485712
6651
5728
923
1576485712
6651
5728
923
1576485712
6653
5729
924
1576485712
6653
5729
924
1576485712
6656
5729
927
1576485712
6656
5729
927
1576485712
6656
5729
927
1576485712
6656
5729
927
1576485713
6656
5729
927
1576485713
6659
5729
930
1576485713
6659
5729
930
1576485713
6659
5729
930
1576485713
6659
5729
930
1576485713
6659
5729
930
1576485713
6659
5729
930
1576485713
6659
5729
930
1576485714
6659
5729
930
1576485714
6661
5729
932
1576485714
6661
5729
932
1576485714
6661
5729
932
1576485714
6661
5729
932
1576485714
6663
5729
934
1576485714
6663
5729
934
1576485714
6663
5729
934
1576485715
6663
5729
934
1576485715
6663
5729
934
1576485715
6663
5729
934
1576485715
6663
5729
934
1576485715
6663
5729
934
1576485715
6663
5729
934
1576485715
6663
5729
934
1576485715
6663
5729
934
1576485715
6663
5729
934
1576485716
6663
5729
934
1576485716
6663
5729
934
1576485716
6663
5729
934
1576485716
6663
5729
934
1576485716
6663
5729
934
1576485716
6663
5729
934
1576485716
6663
5729
934
1576485716
6665
5729
936
1576485717
6665
5729
936
1576485717
6669
5729
940
1576485717
6669
5729
940
1576485717
6669
5729
940
1576485717
6670
5729
941
1576485717
6670
5729
941
1576485717
6670
5729
941
1576485717
6670
5729
941
1576485718
6670
5729
941
1576485718
6670
5729
941
1576485718
6670
5729
941
1576485718
6670
5729
941
1576485718
6670
5729
941
1576485718
6670
5729
941
1576485718
6670
5729
941
1576485718
6670
5729
941
1576485718
6671
5729
942
1576485719
6671
5729
942
1576485719
6671
5729
942
1576485719
6671
5729
942
1576485719
6671
5729
942
1576485719
6671
5729
942
1576485719
6671
5729
942
1576485719
6671
5729
942
1576485719
6671
5729
942
1576485720
6671
5729
942
1576485720
6671
5729
942
1576485720
6671
5729
942
1576485720
6671
5729
942
1576485720
6671
5729
942
1576485720
6671
5729
942
1576485720
6671
5729
942
1576485720
6671
5729
942
1576485721
6671
5729
942
1576485721
6671
5729
942
1576485721
6671
5729
942
1576485721
6671
5729
942
1576485721
6671
5729
942
1576485721
6671
5729
942
1576485721
6671
5729
942
1576485721
6671
5729
942
1576485721
6671
5729
942
1576485722
6671
5729
942
1576485722
6671
5729
942
1576485722
6671
5729
942
1576485722
6671
5729
942
1576485722
6671
5729
942
1576485722
6671
5729
942
1576485722
6671
5729
942
1576485722
6671
5729
942
1576485723
6671
5729
942
1576485723
6671
5729
942
1576485723
6671
5729
942
1576485723
6671
5729
942
1576485723
6671
5729
942
1576485723
6671
5729
942
1576485723
6671
5729
942
1576485723
6671
5729
942
1576485724
6671
5729
942
1576485724
6671
5729
942
1576485724
6677
5735
942
1576485724
6677
5735
942
1576485724
6677
5735
942
1576485724
6677
5735
942
1576485724
6687
5745
942
1576485724
6687
5745
942
1576485724
6691
5749
942
1576485725
6691
5749
942
1576485725
6691
5749
942
1576485725
6691
5749
942
1576485725
6697
5755
942
1576485725
6697
5755
942
1576485725
6699
5757
942
1576485725
6699
5757
942
1576485725
6699
5757
942
1576485726
6699
5757
942
1576485726
6699
5757
942
1576485726
6699
5757
942
1576485726
6699
5757
942
1576485726
6699
5757
942
1576485726
6699
5757
942
1576485726
6699
5757
942
1576485726
6699
5757
942
1576485727
6699
5757
942
1576485727
6699
5757
942
1576485727
6699
5757
942
1576485727
6699
5757
942
1576485727
6699
5757
942
1576485727
6699
5757
942
1576485727
6699
5757
942
1576485727
6699
5757
942
1576485728
6699
5757
942
1576485728
6699
5757
942
1576485728
6699
5757
942
1576485728
6699
5757
942
1576485728
6699
5757
942
1576485728
6699
5757
942
1576485728
6700
5758
942
1576485728
6700
5758
942
1576485728
6700
5758
942
1576485729
6700
5758
942
1576485729
6700
5758
942
1576485729
6700
5758
942
1576485729
6700
5758
942
1576485729
6700
5758
942
1576485729
6700
5758
942
1576485729
6700
5758
942
1576485729
6700
5758
942
1576485730
6700
5758
942
1576485730
6700
5758
942
1576485730
6704
5762
942
1576485730
6704
5762
942
1576485730
6710
5768
942
1576485730
6710
5768
942
1576485730
6715
5772
943
1576485730
6715
5772
943
1576485731
6715
5772
943
1576485731
6715
5772
943
1576485731
6715
5772
943
1576485731
6715
5772
943
1576485731
6715
5772
943
1576485731
6715
5772
943
1576485731
6715
5772
943
1576485731
6716
5772
944
1576485732
6716
5772
944
1576485732
6716
5772
944
1576485732
6716
5772
944
1576485732
6716
5772
944
1576485732
6716
5772
944
1576485732
6716
5772
944
1576485733
6723
5773
950
1576485733
6723
5773
950
1576485733
6723
5773
950
1576485733
6723
5773
950
1576485733
6728
5773
955
1576485733
6728
5773
955
1576485733
6732
5773
959
1576485733
6733
5773
960
1576485734
6733
5773
960
1576485734
6733
5773
960
1576485734
6733
5773
960
1576485734
6733
5773
960
1576485734
6733
5773
960
1576485734
6733
5773
960
1576485734
6733
5773
960
1576485735
6733
5773
960
1576485735
6733
5773
960
1576485735
6733
5773
960
1576485735
6733
5773
960
1576485735
6733
5773
960
1576485735
6733
5773
960
1576485735
6733
5773
960
1576485735
6733
5773
960
1576485736
6734
5774
960
1576485736
6734
5774
960
1576485736
6734
5774
960
1576485736
6734
5774
960
1576485736
6738
5775
963
1576485736
6738
5775
963
1576485736
6738
5775
963
1576485736
6738
5775
963
1576485737
6738
5775
963
1576485737
6738
5775
963
1576485737
6738
5775
963
1576485737
6738
5775
963
1576485737
6738
5775
963
1576485737
6738
5775
963
1576485737
6740
5777
963
1576485737
6740
5777
963
1576485738
6741
5777
964
1576485738
6741
5777
964
1576485738
6741
5777
964
1576485738
6741
5777
964
1576485738
6741
5777
964
1576485738
6741
5777
964
1576485738
6741
5777
964
1576485738
6743
5777
966
1576485739
6798
5801
997
1576485739
6800
5801
999
1576485739
6800
5801
999
1576485739
6800
5801
999
1576485739
6800
5801
999
1576485739
6800
5801
999
1576485739
6800
5801
999
1576485739
6800
5801
999
1576485740
6800
5801
999
1576485740
6800
5801
999
1576485740
6801
5802
999
1576485740
6801
5802
999
1576485740
6801
5802
999
1576485740
6801
5802
999
1576485740
6801
5802
1000
1576485740
6802
5802
1000
1576485740
6802
5802
1001
1576485741
6803
5802
1001
1576485741
6803
5802
1001
1576485741
6809
5807
1002
1576485741
6809
5807
1002
1576485741
6809
5807
1002
1576485741
6809
5807
1002
1576485741
6809
5807
1002
1576485741
6809
5807
1002
1576485742
6809
5807
1002
1576485742
6809
5807
1002
1576485742
6809
5807
1002
1576485742
6809
5807
1002
1576485742
6809
5807
1002
1576485742
6811
5807
1004
1576485742
6811
5807
1004
1576485742
6812
5808
1004
1576485743
6812
5808
1004
1576485743
6812
5808
1004
1576485743
6812
5808
1004
1576485743
6812
5808
1004
1576485743
6812
5808
1004
1576485743
6812
5808
1004
1576485743
6816
5808
1008
1576485744
6816
5808
1008
1576485744
6816
5808
1008
1576485744
6816
5808
1008
1576485744
6816
5808
1008
1576485744
6832
5820
1012
1576485744
6883
5845
1038
1576485744
6883
5845
1038
1576485744
6883
5845
1038
1576485745
6884
5845
1039
1576485745
6884
5845
1039
1576485745
6885
5845
1040
1576485745
6885
5845
1040
1576485745
6885
5845
1040
1576485745
6885
5845
1040
1576485745
6886
5845
1041
1576485745
6886
5845
1041
1576485746
6891
5845
1046
1576485746
6891
5845
1046
1576485746
6891
5845
1046
1576485746
6891
5845
1046
1576485746
6892
5845
1047
1576485746
6892
5845
1047
1576485746
6893
5845
1048
1576485746
6893
5845
1048
1576485746
6893
5845
1048
1576485747
6893
5845
1048
1576485747
6893
5845
1048
1576485747
6893
5845
1048
1576485747
6893
5845
1048
1576485747
6895
5847
1048
1576485747
6895
5847
1048
1576485747
6895
5847
1048
1576485747
6895
5847
1048
1576485748
6896
5847
1049
1576485748
6896
5847
1049
1576485748
6896
5847
1049
1576485748
6896
5847
1049
1576485748
6896
5847
1049
1576485748
6896
5847
1049
1576485748
6896
5847
1049
1576485748
6896
5847
1049
1576485749
6896
5847
1049
1576485749
6896
5847
1049
1576485749
6896
5847
1049
1576485749
6896
5847
1049
1576485749
6897
5847
1050
1576485749
6897
5847
1050
1576485749
6897
5847
1050
1576485749
6897
5847
1050
1576485750
6897
5847
1050
1576485750
6897
5847
1050
1576485750
6897
5847
1050
1576485750
6897
5847
1050
1576485750
6897
5847
1050
1576485750
6897
5847
1050
1576485750
6897
5847
1050
1576485750
6897
5847
1050
1576485751
6897
5847
1050
1576485751
6898
5847
1051
1576485751
6898
5847
1051
1576485751
6898
5847
1051
1576485751
6898
5847
1051
1576485751
6908
5857
1051
1576485751
6908
5857
1051
1576485751
6925
5874
1051
1576485752
6925
5874
1051
1576485752
6925
5874
1051
1576485752
6925
5874
1051
1576485752
6941
5889
1052
1576485752
6941
5889
1052
1576485752
6941
5889
1052
1576485752
6941
5889
1052
1576485752
6950
5898
1052
1576485753
6950
5898
1052
1576485753
6950
5898
1052
1576485753
6950
5898
1052
1576485753
6967
5915
1052
1576485753
6967
5915
1052
1576485753
6967
5915
1052
1576485753
6967
5915
1052
1576485753
6980
5928
1052
1576485754
6980
5928
1052
1576485754
6983
5931
1052
1576485754
6983
5931
1052
1576485754
6986
5931
1055
1576485754
6986
5931
1055
1576485754
6986
5931
1055
1576485754
6986
5931
1055
1576485754
6987
5931
1056
1576485754
6987
5931
1056
1576485755
6987
5931
1056
1576485755
6987
5931
1056
1576485755
6988
5931
1057
1576485755
6988
5931
1057
1576485755
6988
5931
1057
1576485755
6988
5931
1057
1576485755
6990
5931
1059
1576485755
6990
5931
1059
1576485756
6990
5931
1059
1576485756
6990
5931
1059
1576485756
6991
5931
1060
1576485756
6991
5931
1060
1576485756
6991
5931
1060
1576485756
6991
5931
1060
1576485756
6991
5931
1060
1576485756
6991
5931
1060
1576485757
6991
5931
1060
1576485757
6991
5931
1060
1576485757
6991
5931
1060
1576485757
6991
5931
1060
1576485757
6991
5931
1060
1576485757
6991
5931
1060
1576485757
6991
5931
1060
1576485757
6991
5931
1060
1576485758
6991
5931
1060
1576485758
6991
5931
1060
1576485758
6991
5931
1060
1576485758
6992
5932
1060
1576485758
6992
5932
1060
1576485758
6994
5934
1060
1576485758
6994
5934
1060
1576485758
7000
5940
1060
1576485759
7000
5940
1060
1576485759
7007
5947
1060
1576485759
7007
5947
1060
1576485759
7013
5953
1060
1576485759
7013
5953
1060
1576485759
7022
5962
1060
1576485759
7022
5962
1060
1576485759
7022
5962
1060
1576485760
7022
5962
1060
1576485760
7022
5962
1060
1576485760
7022
5962
1060
1576485760
7022
5962
1060
1576485760
7022
5962
1060
1576485760
7022
5962
1060
1576485760
7022
5962
1060
1576485760
7022
5962
1060
1576485761
7022
5962
1060
1576485761
7022
5962
1060
1576485761
7022
5962
1060
1576485761
7022
5962
1060
1576485761
7022
5962
1060
1576485761
7022
5962
1060
1576485761
7022
5962
1060
1576485762
7022
5962
1060
1576485762
7022
5962
1060
1576485762
7022
5962
1060
1576485762
7022
5962
1060
1576485762
7022
5962
1060
1576485762
7022
5962
1060
1576485762
7022
5962
1060
1576485762
7022
5962
1060
1576485763
7022
5962
1060
1576485763
7022
5962
1060
1576485763
7022
5962
1060
1576485763
7022
5962
1060
1576485763
7022
5962
1060
1576485763
7022
5962
1060
1576485763
7022
5962
1060
1576485763
7022
5962
1060
1576485763
7022
5962
1060
1576485764
7022
5962
1060
1576485764
7022
5962
1060
1576485764
7022
5962
1060
1576485764
7022
5962
1060
1576485764
7022
5962
1060
1576485764
7022
5962
1060
1576485764
7022
5962
1060
1576485764
7022
5962
1060
1576485765
7022
5962
1060
1576485765
7022
5962
1060
1576485765
7022
5962
1060
1576485765
7022
5962
1060
1576485765
7022
5962
1060
1576485765
7022
5962
1060
1576485765
7022
5962
1060
1576485765
7022
5962
1060
1576485766
7022
5962
1060
1576485766
7022
5962
1060
1576485766
7022
5962
1060
1576485766
7022
5962
1060
1576485766
7022
5962
1060
1576485766
7022
5962
1060
1576485766
7022
5962
1060
1576485766
7022
5962
1060
1576485767
7022
5962
1060
1576485767
7022
5962
1060
1576485767
7022
5962
1060
1576485767
7023
5963
1060
1576485767
7023
5963
1060
1576485767
7023
5963
1060
1576485767
7023
5963
1060
1576485767
7023
5963
1060
1576485768
7023
5963
1060
1576485768
7023
5963
1060
1576485768
7023
5963
1060
1576485768
7023
5963
1060
1576485768
7023
5963
1060
1576485768
7023
5963
1060
1576485768
7023
5963
1060
1576485768
7024
5963
1061
1576485769
7024
5963
1061
1576485769
7025
5964
1061
1576485769
7025
5964
1061
1576485769
7027
5964
1063
1576485769
7027
5964
1063
1576485769
7031
5968
1063
1576485769
7031
5968
1063
1576485769
7036
5973
1063
1576485770
7036
5973
1063
1576485770
7040
5977
1063
1576485770
7040
5977
1063
1576485770
7046
5983
1063
1576485770
7046
5983
1063
1576485770
7046
5983
1063
1576485770
7046
5983
1063
1576485770
7049
5986
1063
1576485771
7049
5986
1063
1576485771
7049
5986
1063
1576485771
7049
5986
1063
1576485771
7049
5986
1063
1576485771
7049
5986
1063
1576485771
7049
5986
1063
1576485771
7049
5986
1063
1576485771
7049
5986
1063
1576485772
7049
5986
1063
1576485772
7049
5986
1063
1576485772
7050
5987
1063
1576485772
7050
5987
1063
1576485772
7050
5987
1063
1576485772
7050
5987
1063
1576485772
7050
5987
1063
1576485772
7050
5987
1063
1576485773
7050
5987
1063
1576485773
7050
5987
1063
1576485773
7050
5987
1063
1576485773
7050
5987
1063
1576485773
7050
5987
1063
1576485773
7050
5987
1063
1576485773
7050
5987
1063
1576485773
7050
5987
1063
1576485773
7050
5987
1063
1576485774
7050
5987
1063
1576485774
7050
5987
1063
1576485774
7050
5987
1063
1576485774
7050
5987
1063
1576485774
7050
5987
1063
1576485774
7050
5987
1063
1576485774
7050
5987
1063
1576485774
7050
5987
1063
1576485775
7050
5987
1063
1576485775
7050
5987
1063
1576485775
7050
5987
1063
1576485775
7050
5987
1063
1576485775
7050
5987
1063
1576485775
7050
5987
1063
1576485775
7050
5987
1063
1576485775
7050
5987
1063
1576485776
7050
5987
1063
1576485776
7050
5987
1063
1576485776
7051
5988
1063
1576485776
7051
5988
1063
1576485776
7051
5988
1063
1576485776
7051
5988
1063
1576485776
7051
5988
1063
1576485776
7051
5988
1063
1576485777
7051
5988
1063
1576485777
7051
5988
1063
1576485777
7051
5988
1063
1576485777
7051
5988
1063
1576485777
7051
5988
1063
1576485777
7051
5988
1063
1576485777
7051
5988
1063
1576485777
7051
5988
1063
1576485778
7051
5988
1063
1576485778
7051
5988
1063
1576485778
7051
5988
1063
1576485778
7051
5988
1063
1576485778
7052
5988
1064
1576485778
7052
5988
1064
1576485778
7052
5988
1064
1576485778
7053
5988
1065
1576485779
7053
5988
1065
1576485779
7053
5988
1065
1576485779
7053
5988
1065
1576485779
7053
5988
1065
1576485779
7053
5988
1065
1576485779
7053
5988
1065
1576485779
7053
5988
1065
1576485779
7053
5988
1065
1576485780
7053
5988
1065
1576485780
7053
5988
1065
1576485780
7053
5988
1065
1576485780
7053
5988
1065
1576485780
7053
5988
1065
1576485780
7053
5988
1065
1576485780
7053
5988
1065
1576485780
7053
5988
1065
1576485781
7053
5988
1065
1576485781
7053
5988
1065
1576485781
7053
5988
1065
1576485781
7053
5988
1065
1576485781
7053
5988
1065
1576485781
7053
5988
1065
1576485781
7053
5988
1065
1576485781
7053
5988
1065
1576485782
7053
5988
1065
1576485782
7053
5988
1065
1576485782
7053
5988
1065
1576485782
7053
5988
1065
1576485782
7053
5988
1065
1576485782
7053
5988
1065
1576485782
7053
5988
1065
1576485782
7053
5988
1065
1576485783
7053
5988
1065
1576485783
7053
5988
1065
1576485783
7053
5988
1065
1576485783
7053
5988
1065
1576485783
7053
5988
1065
1576485783
7053
5988
1065
1576485783
7053
5988
1065
1576485783
7053
5988
1065
1576485784
7053
5988
1065
1576485784
7053
5988
1065
1576485784
7055
5988
1067
1576485784
7055
5988
1067
1576485784
7055
5988
1067
1576485784
7055
5988
1067
1576485784
7058
5989
1069
1576485784
7058
5989
1069
1576485785
7065
5992
1073
1576485785
7065
5992
1073
1576485785
7065
5992
1073
1576485785
7065
5992
1073
1576485785
7067
5992
1075
1576485785
7067
5992
1075
1576485785
7067
5992
1075
1576485785
7067
5992
1075
1576485785
7104
6009
1095
1576485786
7104
6009
1095
1576485786
7104
6009
1095
1576485786
7104
6009
1095
1576485786
7104
6009
1095
1576485786
7105
6009
1096
1576485786
7105
6009
1096
1576485786
7105
6009
1096
1576485787
7105
6009
1096
1576485787
7105
6009
1096
1576485787
7105
6009
1096
1576485787
7105
6009
1096
1576485787
7105
6009
1096
1576485787
7105
6009
1096
1576485787
7105
6009
1096
1576485787
7105
6009
1096
1576485787
7109
6010
1099
1576485788
7109
6010
1099
1576485788
7113
6013
1100
1576485788
7113
6013
1100
1576485788
7115
6015
1100
1576485788
7115
6015
1100
1576485788
7115
6015
1100
1576485788
7115
6015
1100
1576485788
7115
6015
1100
1576485789
7116
6015
1101
1576485789
7116
6015
1101
1576485789
7117
6015
1102
1576485789
7117
6015
1102
1576485789
7117
6015
1102
1576485789
7117
6015
1102
1576485789
7120
6015
1105
1576485789
7120
6015
1105
1576485790
7120
6015
1105
1576485790
7120
6015
1105
1576485790
7121
6015
1106
1576485790
7121
6015
1106
1576485790
7121
6015
1106
1576485790
7121
6015
1106
1576485790
7121
6015
1106
1576485791
7121
6015
1106
1576485791
7121
6015
1106
1576485791
7121
6015
1106
1576485791
7121
6015
1106
1576485791
7121
6015
1106
1576485791
7121
6015
1106
1576485791
7121
6015
1106
1576485791
7121
6015
1106
1576485791
7121
6015
1106
1576485792
7121
6015
1106
1576485792
7121
6015
1106
1576485792
7122
6016
1106
1576485792
7122
6016
1106
1576485792
7122
6016
1106
1576485792
7122
6016
1106
1576485792
7125
6017
1108
1576485792
7125
6017
1108
1576485793
7125
6017
1108
1576485793
7125
6017
1108
1576485793
7125
6017
1108
1576485793
7125
6017
1108
1576485793
7125
6017
1108
1576485793
7125
6017
1108
1576485793
7125
6017
1108
1576485793
7125
6017
1108
1576485794
7125
6017
1108
1576485794
7125
6017
1108
1576485794
7125
6017
1108
1576485794
7126
6018
1108
1576485794
7126
6018
1108
1576485794
7126
6018
1108
1576485794
7126
6018
1108
1576485794
7126
6018
1108
1576485795
7126
6018
1108
1576485795
7127
6019
1108
1576485795
7127
6019
1108
1576485795
7127
6019
1108
1576485795
7127
6019
1108
1576485795
7127
6019
1108
1576485795
7127
6019
1108
1576485795
7127
6019
1108
1576485796
7127
6019
1108
1576485796
7127
6019
1108
1576485796
7127
6019
1108
1576485796
7127
6019
1108
1576485796
7127
6019
1108
1576485796
7127
6019
1108
1576485796
7127
6019
1108
1576485796
7127
6019
1108
1576485797
7127
6019
1108
1576485797
7127
6019
1108
1576485797
7127
6019
1108
1576485797
7127
6019
1108
1576485797
7127
6019
1108
1576485797
7127
6019
1108
1576485797
7127
6019
1108
1576485797
7127
6019
1108
1576485798
7127
6019
1108
1576485798
7127
6019
1108
1576485798
7127
6019
1108
1576485798
7127
6019
1108
1576485798
7127
6019
1108
1576485798
7127
6019
1108
1576485798
7127
6019
1108
1576485798
7127
6019
1108
1576485799
7127
6019
1108
1576485799
7127
6019
1108
1576485799
7127
6019
1108
1576485799
7127
6019
1108
1576485799
7127
6019
1108
1576485799
7127
6019
1108
1576485799
7127
6019
1108
1576485799
7127
6019
1108
1576485800
7127
6019
1108
1576485800
7127
6019
1108
1576485800
7127
6019
1108
1576485800
7127
6019
1108
1576485800
7127
6019
1108
1576485800
7127
6019
1108
1576485800
7127
6019
1108
1576485801
7127
6019
1108
1576485801
7127
6019
1108
1576485801
7127
6019
1108
1576485801
7127
6019
1108
1576485801
7127
6019
1108
1576485801
7127
6019
1108
1576485801
7127
6019
1108
1576485801
7127
6019
1108
1576485802
7127
6019
1108
1576485802
7127
6019
1108
1576485802
7127
6019
1108
1576485802
7127
6019
1108
1576485802
7127
6019
1108
1576485802
7127
6019
1108
1576485802
7127
6019
1108
1576485802
7127
6019
1108
1576485803
7127
6019
1108
1576485803
7127
6019
1108
1576485803
7127
6019
1108
1576485803
7127
6019
1108
1576485803
7128
6020
1108
1576485803
7128
6020
1108
1576485803
7128
6020
1108
1576485803
7128
6020
1108
1576485804
7128
6020
1108
1576485804
7128
6020
1108
1576485804
7128
6020
1108
1576485804
7128
6020
1108
1576485804
7128
6020
1108
1576485804
7128
6020
1108
1576485804
7128
6020
1108
1576485804
7128
6020
1108
1576485805
7128
6020
1108
1576485805
7128
6020
1108
1576485805
7128
6020
1108
1576485805
7128
6020
1108
1576485805
7128
6020
1108
1576485805
7128
6020
1108
1576485805
7128
6020
1108
1576485805
7128
6020
1108
1576485806
7128
6020
1108
1576485806
7128
6020
1108
1576485806
7128
6020
1108
1576485806
7128
6020
1108
1576485806
7128
6020
1108
1576485806
7128
6020
1108
1576485806
7128
6020
1108
1576485806
7128
6020
1108
1576485807
7128
6020
1108
1576485807
7128
6020
1108
1576485807
7128
6020
1108
1576485807
7128
6020
1108
1576485807
7128
6020
1108
1576485807
7128
6020
1108
1576485807
7128
6020
1108
1576485807
7128
6020
1108
1576485808
7128
6020
1108
1576485808
7128
6020
1108
1576485808
7128
6020
1108
1576485808
7128
6020
1108
1576485808
7128
6020
1108
1576485808
7128
6020
1108
1576485808
7128
6020
1108
1576485809
7128
6020
1108
1576485809
7128
6020
1108
1576485809
7128
6020
1108
1576485809
7128
6020
1108
1576485809
7128
6020
1108
1576485809
7128
6020
1108
1576485809
7128
6020
1108
1576485809
7128
6020
1108
1576485810
7128
6020
1108
1576485810
7128
6020
1108
1576485810
7128
6020
1108
1576485810
7128
6020
1108
1576485810
7128
6020
1108
1576485810
7128
6020
1108
1576485810
7128
6020
1108
1576485810
7128
6020
1108
1576485811
7128
6020
1108
1576485811
7128
6020
1108
1576485811
7128
6020
1108
1576485811
7128
6020
1108
1576485811
7128
6020
1108
1576485811
7128
6020
1108
1576485811
7128
6020
1108
1576485811
7128
6020
1108
1576485812
7128
6020
1108
1576485812
7128
6020
1108
1576485812
7128
6020
1108
1576485812
7128
6020
1108
1576485812
7128
6020
1108
1576485812
7128
6020
1108
1576485812
7128
6020
1108
1576485812
7128
6020
1108
1576485813
7128
6020
1108
1576485813
7128
6020
1108
1576485813
7128
6020
1108
1576485813
7128
6020
1108
1576485813
7128
6020
1108
1576485813
7128
6020
1108
1576485813
7128
6020
1108
1576485813
7135
6023
1112
1576485814
7135
6023
1112
1576485814
7155
6030
1125
1576485814
7159
6030
1129
1576485814
7159
6030
1129
1576485814
7159
6030
1129
1576485814
7159
6030
1129
1576485814
7162
6030
1132
1576485814
7162
6030
1132
1576485815
7168
6031
1137
1576485815
7168
6031
1137
1576485815
7174
6032
1142
1576485815
7174
6032
1142
1576485815
7174
6032
1142
1576485815
7174
6032
1142
1576485815
7174
6032
1142
1576485815
7174
6032
1142
1576485816
7174
6032
1142
1576485816
7174
6032
1142
1576485816
7176
6032
1144
1576485816
7176
6032
1144
1576485816
7177
6032
1145
1576485816
7177
6032
1145
1576485816
7182
6032
1150
1576485816
7182
6032
1150
1576485817
7183
6032
1151
1576485817
7183
6032
1151
1576485817
7184
6032
1152
1576485817
7184
6032
1152
1576485817
7189
6032
1157
1576485817
7189
6032
1157
1576485817
7193
6033
1160
1576485817
7193
6033
1160
1576485818
7199
6035
1164
1576485818
7199
6035
1164
1576485818
7199
6035
1164
1576485818
7199
6035
1164
1576485818
7207
6038
1169
1576485818
7207
6038
1169
1576485818
7209
6038
1171
1576485819
7209
6038
1171
1576485819
7213
6039
1174
1576485819
7213
6039
1174
1576485819
7217
6039
1178
1576485819
7217
6039
1178
1576485819
7223
6039
1184
1576485819
7223
6039
1184
1576485819
7226
6039
1187
1576485819
7226
6039
1187
1576485820
7233
6040
1193
1576485820
7233
6040
1193
1576485820
7233
6040
1193
1576485820
7233
6040
1193
1576485820
7235
6040
1195
1576485820
7235
6040
1195
1576485820
7235
6040
1195
1576485821
7235
6040
1195
1576485821
7235
6040
1195
1576485821
7235
6040
1195
1576485821
7235
6040
1195
1576485821
7235
6040
1195
1576485821
7235
6040
1195
1576485821
7235
6040
1195
1576485821
7235
6040
1195
1576485822
7235
6040
1195
1576485822
7235
6040
1195
1576485822
7235
6040
1195
1576485822
7235
6040
1195
1576485822
7235
6040
1195
1576485822
7235
6040
1195
1576485822
7235
6040
1195
1576485822
7235
6040
1195
1576485823
7235
6040
1195
1576485823
7235
6040
1195
1576485823
7235
6040
1195
1576485823
7235
6040
1195
1576485823
7235
6040
1195
1576485823
7235
6040
1195
1576485823
7235
6040
1195
1576485823
7235
6040
1195
1576485824
7235
6040
1195
1576485824
7235
6040
1195
1576485824
7235
6040
1195
1576485824
7235
6040
1195
1576485824
7235
6040
1195
1576485824
7235
6040
1195
1576485824
7235
6040
1195
1576485825
7235
6040
1195
1576485825
7235
6040
1195
1576485825
7235
6040
1195
1576485825
7235
6040
1195
1576485825
7235
6040
1195
1576485825
7235
6040
1195
1576485825
7235
6040
1195
1576485825
7235
6040
1195
1576485826
7235
6040
1195
1576485826
7235
6040
1195
1576485826
7235
6040
1195
1576485826
7235
6040
1195
1576485826
7235
6040
1195
1576485826
7235
6040
1195
1576485826
7235
6040
1195
1576485826
7235
6040
1195
1576485827
7235
6040
1195
1576485827
7235
6040
1195
1576485827
7235
6040
1195
1576485827
7235
6040
1195
1576485827
7235
6040
1195
1576485827
7235
6040
1195
1576485827
7235
6040
1195
1576485827
7235
6040
1195
1576485828
7235
6040
1195
1576485828
7235
6040
1195
1576485828
7235
6040
1195
1576485828
7235
6040
1195
1576485828
7235
6040
1195
1576485828
7235
6040
1195
1576485828
7235
6040
1195
1576485828
7235
6040
1195
1576485829
7235
6040
1195
1576485829
7235
6040
1195
1576485829
7235
6040
1195
1576485829
7235
6040
1195
1576485829
7235
6040
1195
1576485829
7235
6040
1195
1576485829
7235
6040
1195
1576485829
7235
6040
1195
1576485830
7235
6040
1195
1576485830
7235
6040
1195
1576485830
7235
6040
1195
1576485830
7235
6040
1195
1576485830
7235
6040
1195
1576485830
7235
6040
1195
1576485830
7235
6040
1195
1576485830
7235
6040
1195
1576485831
7235
6040
1195
1576485831
7235
6040
1195
1576485831
7235
6040
1195
1576485831
7235
6040
1195
1576485831
7235
6040
1195
1576485831
7235
6040
1195
1576485831
7235
6040
1195
1576485831
7235
6040
1195
1576485832
7235
6040
1195
1576485832
7235
6040
1195
1576485832
7235
6040
1195
1576485832
7235
6040
1195
1576485832
7235
6040
1195
1576485832
7235
6040
1195
1576485832
7235
6040
1195
1576485832
7235
6040
1195
1576485833
7235
6040
1195
1576485833
7235
6040
1195
1576485833
7235
6040
1195
1576485833
7235
6040
1195
1576485833
7235
6040
1195
1576485833
7235
6040
1195
1576485833
7235
6040
1195
1576485833
7235
6040
1195
1576485834
7235
6040
1195
1576485834
7235
6040
1195
1576485834
7235
6040
1195
1576485834
7235
6040
1195
1576485834
7235
6040
1195
1576485834
7235
6040
1195
1576485834
7235
6040
1195
1576485835
7235
6040
1195
1576485835
7235
6040
1195
1576485835
7235
6040
1195
1576485835
7236
6041
1195
1576485835
7236
6041
1195
1576485835
7236
6041
1195
1576485835
7236
6041
1195
1576485835
7236
6041
1195
1576485836
7236
6041
1195
1576485836
7236
6041
1195
1576485836
7236
6041
1195
1576485836
7236
6041
1195
1576485836
7236
6041
1195
1576485836
7236
6041
1195
1576485836
7236
6041
1195
1576485837
7236
6041
1195
1576485837
7236
6041
1195
1576485837
7236
6041
1195
1576485837
7236
6041
1195
1576485837
7236
6041
1195
1576485837
7236
6041
1195
1576485837
7236
6041
1195
1576485837
7236
6041
1195
1576485838
7236
6041
1195
1576485838
7236
6041
1195
1576485838
7236
6041
1195
1576485838
7236
6041
1195
1576485838
7236
6041
1195
1576485838
7236
6041
1195
1576485838
7236
6041
1195
1576485838
7237
6041
1196
1576485839
7237
6041
1196
1576485839
7237
6041
1196
1576485839
7237
6041
1196
1576485839
7237
6041
1196
1576485839
7237
6041
1196
1576485839
7240
6042
1198
1576485839
7240
6042
1198
1576485840
7240
6042
1198
1576485840
7240
6042
1198
1576485840
7240
6042
1198
1576485840
7240
6042
1198
1576485840
7241
6042
1199
1576485840
7241
6042
1199
1576485840
7242
6042
1200
1576485840
7242
6042
1200
1576485841
7243
6042
1201
1576485841
7243
6042
1201
1576485841
7244
6042
1202
1576485841
7244
6042
1202
1576485841
7244
6042
1202
1576485841
7244
6042
1202
1576485841
7245
6042
1203
1576485841
7245
6042
1205
1576485842
7247
6042
1205
1576485842
7249
6043
1206
1576485842
7249
6043
1206
1576485842
7251
6044
1207
1576485842
7251
6044
1207
1576485842
7252
6044
1208
1576485842
7252
6044
1208
1576485842
7252
6044
1208
1576485843
7252
6044
1208
1576485843
7252
6044
1208
1576485843
7252
6044
1208
1576485843
7252
6044
1208
1576485843
7252
6044
1208
1576485843
7252
6044
1208
1576485843
7252
6044
1208
1576485844
7252
6044
1208
1576485844
7252
6044
1208
1576485844
7253
6044
1209
1576485844
7253
6044
1209
1576485844
7254
6044
1210
1576485844
7254
6044
1210
1576485844
7255
6044
1211
1576485844
7255
6044
1211
1576485845
7255
6044
1211
1576485845
7255
6044
1211
1576485845
7255
6044
1211
1576485845
7255
6044
1211
1576485845
7255
6044
1211
1576485845
7255
6044
1211
1576485845
7256
6044
1212
1576485845
7256
6044
1212
1576485846
7260
6044
1216
1576485846
7260
6044
1216
1576485846
7260
6044
1216
1576485846
7260
6044
1216
1576485846
7260
6044
1216
1576485846
7260
6044
1216
1576485846
7266
6050
1216
1576485846
7266
6050
1216
1576485847
7269
6053
1216
1576485847
7269
6053
1216
1576485847
7273
6057
1216
1576485847
7273
6057
1216
1576485847
7280
6064
1216
1576485847
7280
6064
1216
1576485847
7280
6064
1216
1576485847
7280
6064
1216
1576485848
7285
6069
1216
1576485848
7285
6069
1216
1576485848
7288
6072
1216
1576485848
7288
6072
1216
1576485848
7288
6072
1216
1576485848
7288
6072
1216
1576485848
7288
6072
1216
1576485848
7288
6072
1216
1576485849
7288
6072
1216
1576485849
7288
6072
1216
1576485849
7288
6072
1216
1576485849
7288
6072
1216
1576485849
7288
6072
1216
1576485849
7288
6072
1216
1576485849
7288
6072
1216
1576485849
7288
6072
1216
1576485850
7288
6072
1216
1576485850
7288
6072
1216
1576485850
7288
6072
1216
1576485850
7288
6072
1216
1576485850
7288
6072
1216
1576485850
7288
6072
1216
1576485850
7288
6072
1216
1576485850
7288
6072
1216
1576485851
7288
6072
1216
1576485851
7288
6072
1216
1576485851
7288
6072
1216
1576485851
7288
6072
1216
1576485851
7288
6072
1216
1576485851
7288
6072
1216
1576485851
7288
6072
1216
1576485852
7288
6072
1216
1576485852
7288
6072
1216
1576485852
7288
6072
1216
1576485852
7288
6072
1216
1576485852
7288
6072
1216
1576485852
7288
6072
1216
1576485852
7288
6072
1216
1576485852
7288
6072
1216
1576485853
7288
6072
1216
1576485853
7288
6072
1216
1576485853
7288
6072
1216
1576485853
7289
6073
1216
1576485853
7289
6073
1216
1576485853
7289
6073
1216
1576485853
7289
6073
1216
1576485853
7289
6073
1216
1576485854
7289
6073
1216
1576485854
7289
6073
1216
1576485854
7289
6073
1216
1576485854
7289
6073
1216
1576485854
7290
6074
1216
1576485854
7290
6074
1216
1576485854
7290
6074
1216
1576485854
7290
6074
1216
1576485855
7290
6074
1216
1576485855
7290
6074
1216
1576485855
7290
6074
1216
1576485855
7290
6074
1216
1576485855
7290
6074
1216
1576485855
7290
6074
1216
1576485855
7290
6074
1216
1576485855
7290
6074
1216
1576485856
7290
6074
1216
1576485856
7290
6074
1216
1576485856
7290
6074
1216
1576485856
7290
6074
1216
1576485856
7290
6074
1216
1576485856
7290
6074
1216
1576485856
7292
6074
1218
1576485856
7292
6074
1218
1576485857
7292
6074
1218
1576485857
7292
6074
1218
1576485857
7292
6074
1218
1576485857
7292
6074
1218
1576485857
7292
6074
1218
1576485857
7292
6074
1218
1576485857
7292
6074
1218
1576485857
7293
6074
1219
1576485858
7293
6074
1219
1576485858
7293
6074
1219
1576485858
7294
6074
1220
1576485858
7294
6074
1220
1576485858
7294
6074
1220
1576485858
7294
6074
1220
1576485858
7294
6074
1220
1576485858
7294
6074
1220
1576485859
7294
6074
1220
1576485859
7294
6074
1220
1576485859
7294
6074
1220
1576485859
7294
6074
1220
1576485859
7294
6074
1220
1576485859
7294
6074
1220
1576485859
7294
6074
1220
1576485859
7294
6074
1220
1576485860
7294
6074
1220
1576485860
7294
6074
1220
1576485860
7294
6074
1220
1576485860
7294
6074
1220
1576485860
7294
6074
1220
1576485860
7295
6074
1221
1576485860
7295
6074
1221
1576485860
7295
6074
1221
1576485861
7295
6074
1221
1576485861
7300
6077
1223
1576485861
7300
6077
1223
1576485861
7307
6084
1223
1576485861
7307
6084
1223
1576485861
7310
6087
1223
1576485861
7310
6087
1223
1576485861
7317
6094
1223
1576485862
7317
6094
1223
1576485862
7319
6095
1224
1576485862
7319
6095
1224
1576485862
7320
6095
1225
1576485862
7320
6095
1225
1576485862
7320
6095
1225
1576485862
7320
6095
1225
1576485862
7322
6095
1227
1576485863
7322
6095
1227
1576485863
7322
6095
1227
1576485863
7322
6095
1227
1576485863
7323
6095
1228
1576485863
7323
6095
1228
1576485863
7323
6095
1228
1576485863
7323
6095
1228
1576485863
7325
6095
1230
1576485863
7325
6095
1230
1576485864
7325
6095
1230
1576485864
7325
6095
1230
1576485864
7326
6095
1231
1576485864
7326
6095
1231
1576485864
7330
6095
1235
1576485864
7330
6095
1235
1576485864
7330
6095
1235
1576485864
7330
6095
1235
1576485865
7330
6095
1235
1576485865
7330
6095
1235
1576485865
7332
6096
1236
1576485865
7332
6096
1236
1576485865
7332
6096
1236
1576485865
7332
6096
1236
1576485865
7332
6096
1236
1576485866
7332
6096
1236
1576485866
7332
6096
1236
1576485866
7332
6096
1236
1576485866
7332
6096
1236
1576485866
7332
6096
1236
1576485866
7332
6096
1236
1576485866
7332
6096
1236
1576485866
7332
6096
1236
1576485867
7332
6096
1236
1576485867
7332
6096
1236
1576485867
7332
6096
1236
1576485867
7332
6096
1236
1576485867
7332
6096
1236
1576485867
7332
6096
1236
1576485867
7332
6096
1236
1576485867
7332
6096
1236
1576485868
7332
6096
1236
1576485868
7332
6096
1236
1576485868
7332
6096
1236
1576485868
7332
6096
1236
1576485868
7332
6096
1236
1576485868
7332
6096
1236
1576485868
7332
6096
1236
1576485868
7332
6096
1236
1576485869
7332
6096
1236
1576485869
7332
6096
1236
1576485869
7332
6096
1236
1576485869
7332
6096
1236
1576485869
7332
6096
1236
1576485869
7332
6096
1236
1576485869
7332
6096
1236
1576485869
7332
6096
1236
1576485870
7332
6096
1236
1576485870
7332
6096
1236
1576485870
7332
6096
1236
1576485870
7332
6096
1236
1576485870
7332
6096
1236
1576485870
7332
6096
1236
1576485870
7332
6096
1236
1576485870
7332
6096
1236
1576485871
7332
6096
1236
1576485871
7332
6096
1236
1576485871
7332
6096
1236
1576485871
7332
6096
1236
1576485871
7332
6096
1236
1576485871
7332
6096
1236
1576485871
7332
6096
1236
1576485871
7332
6096
1236
1576485872
7332
6096
1236
1576485872
7332
6096
1236
1576485872
7332
6096
1236
1576485872
7332
6096
1236
1576485872
7332
6096
1236
1576485872
7332
6096
1236
1576485872
7332
6096
1236
1576485872
7332
6096
1236
1576485873
7332
6096
1236
1576485873
7332
6096
1236
1576485873
7332
6096
1236
1576485873
7333
6097
1236
1576485873
7333
6097
1236
1576485873
7333
6097
1236
1576485873
7333
6097
1236
1576485873
7333
6097
1236
1576485873
7333
6097
1236
1576485874
7333
6097
1236
1576485874
7333
6097
1236
1576485874
7333
6097
1236
1576485874
7333
6097
1236
1576485874
7333
6097
1236
1576485874
7333
6097
1236
1576485874
7333
6097
1236
1576485874
7333
6097
1236
1576485875
7333
6097
1236
1576485875
7333
6097
1236
1576485875
7333
6097
1236
1576485875
7333
6097
1236
1576485875
7333
6097
1236
1576485875
7333
6097
1236
1576485875
7333
6097
1236
1576485875
7333
6097
1236
1576485876
7333
6097
1236
1576485876
7333
6097
1236
1576485876
7333
6097
1236
1576485876
7333
6097
1236
1576485876
7333
6097
1236
1576485876
7333
6097
1236
1576485876
7333
6097
1236
1576485876
7333
6097
1236
1576485877
7333
6097
1236
1576485877
7333
6097
1236
1576485877
7333
6097
1236
1576485877
7333
6097
1236
1576485877
7333
6097
1236
1576485877
7333
6097
1236
1576485877
7333
6097
1236
1576485877
7333
6097
1236
1576485878
7333
6097
1236
1576485878
7333
6097
1236
1576485878
7333
6097
1236
1576485878
7333
6097
1236
1576485878
7333
6097
1236
1576485878
7333
6097
1236
1576485878
7333
6097
1236
1576485878
7333
6097
1236
1576485879
7333
6097
1236
1576485879
7333
6097
1236
1576485879
7333
6097
1236
1576485879
7333
6097
1236
1576485879
7333
6097
1236
1576485879
7333
6097
1236
1576485879
7333
6097
1236
1576485879
7333
6097
1236
1576485880
7333
6097
1236
1576485880
7333
6097
1236
1576485880
7333
6097
1236
1576485880
7333
6097
1236
1576485880
7333
6097
1236
1576485880
7333
6097
1236
1576485880
7333
6097
1236
1576485880
7333
6097
1236
1576485881
7333
6097
1236
1576485881
7333
6097
1236
1576485881
7333
6097
1236
1576485881
7333
6097
1236
1576485881
7333
6097
1236
1576485881
7333
6097
1236
1576485881
7333
6097
1236
1576485881
7333
6097
1236
1576485882
7333
6097
1236
1576485882
7333
6097
1236
1576485882
7333
6097
1236
1576485882
7333
6097
1236
1576485882
7333
6097
1236
1576485882
7333
6097
1236
1576485882
7333
6097
1236
1576485882
7333
6097
1236
1576485883
7333
6097
1236
1576485883
7333
6097
1236
1576485883
7333
6097
1236
1576485883
7333
6097
1236
1576485883
7333
6097
1236
1576485883
7333
6097
1236
1576485883
7333
6097
1236
1576485883
7333
6097
1236
1576485883
7333
6097
1236
1576485884
7333
6097
1236
1576485884
7333
6097
1236
1576485884
7333
6097
1236
1576485884
7333
6097
1236
1576485884
7333
6097
1236
1576485884
7333
6097
1236
1576485884
7333
6097
1236
1576485885
7333
6097
1236
1576485885
7333
6097
1236
1576485885
7333
6097
1236
1576485885
7333
6097
1236
1576485885
7333
6097
1236
1576485885
7333
6097
1236
1576485885
7333
6097
1236
1576485885
7333
6097
1236
1576485886
7333
6097
1236
1576485886
7333
6097
1236
1576485886
7333
6097
1236
1576485886
7333
6097
1236
1576485886
7333
6097
1236
1576485886
7333
6097
1236
1576485886
7333
6097
1236
1576485886
7333
6097
1236
1576485887
7333
6097
1236
1576485887
7333
6097
1236
1576485887
7333
6097
1236
1576485887
7333
6097
1236
1576485887
7333
6097
1236
1576485887
7333
6097
1236
1576485887
7333
6097
1236
1576485887
7333
6097
1236
1576485888
7333
6097
1236
1576485888
7333
6097
1236
1576485888
7333
6097
1236
1576485888
7333
6097
1236
1576485888
7333
6097
1236
1576485888
7333
6097
1236
1576485888
7333
6097
1236
1576485888
7333
6097
1236
1576485888
7333
6097
1236
1576485889
7333
6097
1236
1576485889
7334
6098
1236
1576485889
7334
6098
1236
1576485889
7334
6098
1236
1576485889
7334
6098
1236
1576485889
7334
6098
1236
1576485889
7334
6098
1236
1576485889
7334
6098
1236
1576485890
7334
6098
1236
1576485890
7334
6098
1236
1576485890
7334
6098
1236
1576485890
7334
6098
1236
1576485890
7334
6098
1236
1576485890
7334
6098
1236
1576485890
7334
6098
1236
1576485890
7334
6098
1236
1576485891
7334
6098
1236
1576485891
7334
6098
1236
1576485891
7334
6098
1236
1576485891
7334
6098
1236
1576485891
7334
6098
1236
1576485891
7334
6098
1236
1576485891
7334
6098
1236
1576485892
7334
6098
1236
1576485892
7334
6098
1236
1576485892
7334
6098
1236
1576485892
7334
6098
1236
1576485892
7334
6098
1236
1576485892
7334
6098
1236
1576485892
7336
6100
1236
1576485892
7336
6100
1236
1576485893
7341
6105
1236
1576485893
7341
6105
1236
1576485893
7341
6105
1236
1576485893
7341
6105
1236
1576485893
7341
6105
1236
1576485893
7341
6105
1236
1576485893
7341
6105
1236
1576485893
7341
6105
1236
1576485894
7341
6105
1236
1576485894
7341
6105
1236
1576485894
7341
6105
1236
1576485894
7341
6105
1236
1576485894
7341
6105
1236
1576485894
7341
6105
1236
1576485894
7341
6105
1236
1576485894
7341
6105
1236
1576485895
7341
6105
1236
1576485895
7341
6105
1236
1576485895
7341
6105
1236
1576485895
7341
6105
1236
1576485895
7341
6105
1236
1576485895
7341
6105
1236
1576485895
7341
6105
1236
1576485896
7341
6105
1236
1576485896
7341
6105
1236
1576485896
7341
6105
1236
1576485896
7341
6105
1236
1576485896
7341
6105
1236
1576485896
7341
6105
1236
1576485896
7341
6105
1236
1576485896
7341
6105
1236
1576485897
7341
6105
1236
1576485897
7341
6105
1236
1576485897
7341
6105
1236
1576485897
7341
6105
1236
1576485897
7341
6105
1236
1576485897
7341
6105
1236
1576485897
7341
6105
1236
1576485898
7341
6105
1236
1576485898
7341
6105
1236
1576485898
7341
6105
1236
1576485898
7341
6105
1236
1576485898
7341
6105
1236
1576485898
7341
6105
1236
1576485898
7341
6105
1236
1576485898
7341
6105
1236
1576485899
7341
6105
1236
1576485899
7341
6105
1236
1576485899
7341
6105
1236
1576485899
7341
6105
1236
1576485899
7341
6105
1236
1576485899
7341
6105
1236
1576485899
7341
6105
1236
1576485899
7341
6105
1236
1576485900
7341
6105
1236
1576485900
7341
6105
1236
1576485900
7341
6105
1236
1576485900
7341
6105
1236
1576485900
7341
6105
1236
1576485900
7341
6105
1236
1576485900
7341
6105
1236
1576485900
7341
6105
1236
1576485901
7341
6105
1236
1576485901
7341
6105
1236
1576485901
7341
6105
1236
1576485901
7341
6105
1236
1576485901
7341
6105
1236
1576485901
7341
6105
1236
1576485901
7341
6105
1236
1576485901
7341
6105
1236
1576485902
7341
6105
1236
1576485902
7341
6105
1236
1576485902
7341
6105
1236
1576485902
7341
6105
1236
1576485902
7341
6105
1236
1576485902
7341
6105
1236
1576485902
7341
6105
1236
1576485902
7341
6105
1236
1576485903
7341
6105
1236
1576485903
7341
6105
1236
1576485903
7341
6105
1236
1576485903
7341
6105
1236
1576485903
7341
6105
1236
1576485903
7341
6105
1236
1576485903
7341
6105
1236
1576485903
7341
6105
1236
1576485904
7341
6105
1236
1576485904
7341
6105
1236
1576485904
7341
6105
1236
1576485904
7341
6105
1236
1576485904
7341
6105
1236
1576485904
7341
6105
1236
1576485904
7341
6105
1236
1576485904
7341
6105
1236
1576485905
7341
6105
1236
1576485905
7341
6105
1236
1576485905
7341
6105
1236
1576485905
7341
6105
1236
1576485905
7341
6105
1236
1576485905
7341
6105
1236
1576485905
7341
6105
1236
1576485905
7341
6105
1236
1576485906
7341
6105
1236
1576485906
7341
6105
1236
1576485906
7341
6105
1236
1576485906
7341
6105
1236
1576485906
7341
6105
1236
1576485906
7341
6105
1236
1576485906
7341
6105
1236
1576485906
7341
6105
1236
1576485907
7341
6105
1236
1576485907
7341
6105
1236
1576485907
7341
6105
1236
1576485907
7341
6105
1236
1576485907
7341
6105
1236
1576485907
7342
6106
1236
1576485907
7342
6106
1236
1576485907
7342
6106
1236
1576485908
7342
6106
1236
1576485908
7342
6106
1236
1576485908
7342
6106
1236
1576485908
7342
6106
1236
1576485908
7342
6106
1236
1576485908
7342
6106
1236
1576485908
7342
6106
1236
1576485908
7342
6106
1236
1576485909
7342
6106
1236
1576485909
7342
6106
1236
1576485909
7342
6106
1236
1576485909
7342
6106
1236
1576485909
7342
6106
1236
1576485909
7342
6106
1236
1576485909
7342
6106
1236
1576485909
7342
6106
1236
1576485910
7342
6106
1236
1576485910
7342
6106
1236
1576485910
7342
6106
1236
1576485910
7342
6106
1236
1576485910
7342
6106
1236
1576485910
7342
6106
1236
1576485910
7342
6106
1236
1576485911
7342
6106
1236
1576485911
7342
6106
1236
1576485911
7342
6106
1236
1576485911
7342
6106
1236
1576485911
7342
6106
1236
1576485911
7342
6106
1236
1576485911
7342
6106
1236
1576485911
7342
6106
1236
1576485912
7342
6106
1236
1576485912
7342
6106
1236
1576485912
7342
6106
1236
1576485912
7342
6106
1236
1576485912
7342
6106
1236
1576485912
7342
6106
1236
1576485912
7342
6106
1236
1576485912
7342
6106
1236
1576485913
7342
6106
1236
1576485913
7342
6106
1236
1576485913
7342
6106
1236
1576485913
7342
6106
1236
1576485913
7342
6106
1236
1576485913
7342
6106
1236
1576485913
7342
6106
1236
1576485913
7342
6106
1236
1576485914
7342
6106
1236
1576485914
7342
6106
1236
1576485914
7342
6106
1236
1576485914
7342
6106
1236
1576485914
7342
6106
1236
1576485914
7342
6106
1236
1576485914
7342
6106
1236
1576485914
7342
6106
1236
1576485915
7342
6106
1236
1576485915
7342
6106
1236
1576485915
7342
6106
1236
1576485915
7342
6106
1236
1576485915
7342
6106
1236
1576485915
7342
6106
1236
1576485915
7342
6106
1236
1576485915
7342
6106
1236
1576485916
7344
6106
1238
1576485916
7344
6106
1238
1576485916
7344
6106
1238
1576485916
7344
6106
1238
1576485916
7345
6106
1239
1576485916
7345
6106
1239
1576485916
7347
6106
1241
1576485916
7347
6106
1241
1576485917
7347
6106
1241
1576485917
7347
6106
1241
1576485917
7347
6106
1241
1576485917
7347
6106
1241
1576485917
7347
6106
1241
1576485917
7347
6106
1241
1576485917
7348
6106
1242
1576485917
7348
6106
1242
1576485917
7348
6106
1242
1576485918
7348
6106
1242
1576485918
7348
6106
1242
1576485918
7348
6106
1242
1576485918
7348
6106
1242
1576485918
7348
6106
1242
1576485918
7348
6106
1242
1576485918
7348
6106
1242
1576485919
7349
6106
1243
1576485919
7349
6106
1243
1576485919
7349
6106
1243
1576485919
7349
6106
1243
1576485919
7350
6106
1244
1576485919
7350
6106
1244
1576485919
7350
6106
1244
1576485919
7350
6106
1244
1576485920
7350
6106
1244
1576485920
7350
6106
1244
1576485920
7352
6106
1246
1576485920
7352
6106
1246
1576485920
7354
6107
1247
1576485920
7354
6107
1247
1576485920
7355
6107
1248
1576485920
7355
6107
1248
1576485920
7355
6107
1248
1576485921
7355
6107
1248
1576485921
7355
6107
1248
1576485921
7355
6107
1248
1576485921
7355
6107
1248
1576485921
7357
6107
1250
1576485921
7357
6107
1250
1576485921
7357
6107
1250
1576485922
7357
6107
1250
1576485922
7358
6108
1250
1576485922
7358
6108
1250
1576485922
7358
6108
1250
1576485922
7358
6108
1250
1576485922
7358
6108
1250
1576485922
7358
6108
1250
1576485922
7358
6108
1250
1576485923
7358
6108
1250
1576485923
7358
6108
1250
1576485923
7358
6108
1250
1576485923
7358
6108
1250
1576485923
7358
6108
1250
1576485923
7358
6108
1250
1576485923
7358
6108
1250
1576485923
7358
6108
1250
1576485924
7358
6108
1250
1576485924
7358
6108
1250
1576485924
7358
6108
1250
1576485924
7358
6108
1250
1576485924
7359
6108
1251
1576485924
7359
6108
1251
1576485924
7359
6108
1251
1576485924
7359
6108
1251
1576485924
7359
6108
1251
1576485925
7359
6108
1251
1576485925
7359
6108
1251
1576485925
7359
6108
1251
1576485925
7359
6108
1251
1576485925
7359
6108
1251
1576485925
7359
6108
1251
1576485925
7359
6108
1251
1576485926
7359
6108
1251
1576485926
7359
6108
1251
1576485926
7359
6108
1251
1576485926
7359
6108
1251
1576485926
7359
6108
1251
1576485926
7359
6108
1251
1576485926
7359
6108
1251
1576485926
7359
6108
1251
1576485927
7359
6108
1251
1576485927
7359
6108
1251
1576485927
7360
6108
1252
1576485927
7360
6108
1252
1576485927
7360
6108
1252
1576485927
7360
6108
1252
1576485927
7360
6108
1252
1576485927
7360
6108
1252
1576485928
7360
6108
1252
1576485928
7361
6108
1253
1576485928
7361
6108
1253
1576485928
7361
6108
1253
1576485928
7361
6108
1253
1576485928
7362
6109
1253
1576485928
7362
6109
1253
1576485928
7362
6109
1253
1576485929
7362
6109
1253
1576485929
7362
6109
1253
1576485929
7362
6109
1253
1576485929
7362
6109
1253
1576485929
7362
6109
1253
1576485929
7362
6109
1253
1576485929
7362
6109
1253
1576485930
7362
6109
1253
1576485930
7362
6109
1253
1576485930
7362
6109
1253
1576485930
7362
6109
1253
1576485930
7362
6109
1253
1576485930
7362
6109
1253
1576485930
7362
6109
1253
1576485930
7362
6109
1253
1576485930
7362
6109
1253
1576485931
7362
6109
1253
1576485931
7362
6109
1253
1576485931
7362
6109
1253
1576485931
7362
6109
1253
1576485931
7362
6109
1253
1576485931
7362
6109
1253
1576485931
7362
6109
1253
1576485931
7362
6109
1253
1576485932
7362
6109
1253
1576485932
7362
6109
1253
1576485932
7362
6109
1253
1576485932
7362
6109
1253
1576485932
7362
6109
1253
1576485932
7362
6109
1253
1576485932
7362
6109
1253
1576485932
7362
6109
1253
1576485933
7362
6109
1253
1576485933
7362
6109
1253
1576485933
7362
6109
1253
1576485933
7362
6109
1253
1576485933
7362
6109
1253
1576485933
7362
6109
1253
1576485933
7362
6109
1253
1576485933
7362
6109
1253
1576485934
7362
6109
1253
1576485934
7362
6109
1253
1576485934
7362
6109
1253
1576485934
7362
6109
1253
1576485934
7362
6109
1253
1576485934
7362
6109
1253
1576485934
7362
6109
1253
1576485934
7362
6109
1253
1576485935
7362
6109
1253
1576485935
7362
6109
1253
1576485935
7362
6109
1253
1576485935
7362
6109
1253
1576485935
7362
6109
1253
1576485935
7362
6109
1253
1576485935
7362
6109
1253
1576485935
7362
6109
1253
1576485936
7362
6109
1253
1576485936
7362
6109
1253
1576485936
7362
6109
1253
1576485936
7362
6109
1253
1576485936
7362
6109
1253
1576485936
7362
6109
1253
1576485936
7363
6110
1253
1576485937
7363
6110
1253
1576485937
7363
6110
1253
1576485937
7363
6110
1253
1576485937
7363
6110
1253
1576485937
7363
6110
1253
1576485937
7363
6110
1253
1576485937
7363
6110
1253
1576485937
7363
6110
1253
1576485938
7363
6110
1253
1576485938
7363
6110
1253
1576485938
7363
6110
1253
1576485938
7363
6110
1253
1576485938
7363
6110
1253
1576485938
7363
6110
1253
1576485938
7363
6110
1253
1576485938
7363
6110
1253
1576485939
7363
6110
1253
1576485939
7363
6110
1253
1576485939
7363
6110
1253
1576485939
7363
6110
1253
1576485939
7363
6110
1253
1576485939
7363
6110
1253
1576485939
7363
6110
1253
1576485939
7363
6110
1253
1576485940
7363
6110
1253
1576485940
7365
6110
1255
1576485940
7365
6110
1255
1576485940
7366
6110
1256
1576485940
7366
6110
1256
1576485940
7366
6110
1256
1576485940
7366
6110
1256
1576485940
7368
6110
1258
1576485941
7368
6110
1258
1576485941
7370
6110
1260
1576485941
7370
6110
1260
1576485941
7370
6110
1260
1576485941
7370
6110
1260
1576485941
7370
6110
1260
1576485941
7370
6110
1260
1576485941
7370
6110
1260
1576485942
7370
6110
1260
1576485942
7370
6110
1260
1576485942
7370
6110
1260
1576485942
7370
6110
1260
1576485942
7370
6110
1260
1576485942
7370
6110
1260
1576485942
7370
6110
1260
1576485942
7370
6110
1260
1576485943
7370
6110
1260
1576485943
7370
6110
1260
1576485943
7370
6110
1260
1576485943
7370
6110
1260
1576485943
7370
6110
1260
1576485943
7370
6110
1260
1576485943
7370
6110
1260
1576485943
7370
6110
1260
1576485944
7370
6110
1260
1576485944
7370
6110
1260
1576485944
7370
6110
1260
1576485944
7370
6110
1260
1576485944
7370
6110
1260
1576485944
7370
6110
1260
1576485944
7370
6110
1260
1576485944
7370
6110
1260
1576485945
7370
6110
1260
1576485945
7370
6110
1260
1576485945
7370
6110
1260
1576485945
7370
6110
1260
1576485945
7370
6110
1260
1576485945
7371
6111
1260
1576485945
7371
6111
1260
1576485945
7371
6111
1260
1576485946
7371
6111
1260
1576485946
7377
6117
1260
1576485946
7377
6117
1260
1576485946
7378
6118
1260
1576485946
7378
6118
1260
1576485946
7381
6121
1260
1576485946
7381
6121
1260
1576485946
7384
6124
1260
1576485947
7384
6124
1260
1576485947
7385
6124
1261
1576485947
7385
6124
1261
1576485947
7385
6124
1261
1576485947
7385
6124
1261
1576485947
7385
6124
1261
1576485948
7385
6124
1261
1576485948
7385
6124
1261
1576485948
7385
6124
1261
1576485948
7385
6124
1261
1576485948
7385
6124
1261
1576485948
7385
6124
1261
1576485948
7385
6124
1261
1576485948
7385
6124
1261
1576485948
7385
6124
1261
1576485949
7385
6124
1261
1576485949
7385
6124
1261
1576485949
7385
6124
1261
1576485949
7385
6124
1261
1576485949
7385
6124
1261
1576485949
7385
6124
1261
1576485949
7385
6124
1261
1576485949
7385
6124
1261
1576485949
7385
6124
1261
1576485950
7385
6124
1261
1576485950
7385
6124
1261
1576485950
7386
6124
1262
1576485950
7386
6124
1262
1576485950
7386
6124
1262
1576485950
7386
6124
1262
1576485950
7388
6126
1262
1576485950
7388
6126
1262
1576485951
7388
6126
1262
1576485951
7388
6126
1262
1576485951
7388
6126
1262
1576485951
7388
6126
1262
1576485951
7388
6126
1262
1576485951
7388
6126
1262
1576485951
7388
6126
1262
1576485951
7397
6135
1262
1576485951
7397
6135
1262
1576485952
7397
6135
1262
1576485952
7397
6135
1262
1576485952
7397
6135
1262
1576485952
7397
6135
1262
1576485952
7397
6135
1262
1576485952
7404
6142
1262
1576485952
7404
6142
1262
1576485952
7411
6149
1262
1576485952
7411
6149
1262
1576485953
7411
6149
1262
1576485953
7418
6156
1262
1576485953
7418
6156
1262
1576485953
7423
6161
1262
1576485953
7423
6161
1262
1576485953
7425
6163
1262
1576485953
7425
6163
1262
1576485953
7425
6163
1262
1576485953
7425
6163
1262
1576485954
7426
6164
1262
1576485954
7426
6164
1262
1576485954
7426
6164
1262
1576485954
7426
6164
1262
1576485954
7426
6164
1262
1576485954
7426
6164
1262
1576485954
7429
6167
1262
1576485954
7429
6167
1262
1576485954
7429
6167
1262
1576485955
7429
6167
1262
1576485955
7429
6167
1262
1576485955
7429
6167
1262
1576485955
7429
6167
1262
1576485955
7429
6167
1262
1576485955
7429
6167
1262
1576485955
7429
6167
1262
1576485955
7429
6167
1262
1576485955
7429
6167
1262
1576485956
7429
6167
1262
1576485956
7429
6167
1262
1576485956
7429
6167
1262
1576485956
7429
6167
1262
1576485956
7429
6167
1262
1576485956
7429
6167
1262
1576485956
7429
6167
1262
1576485956
7429
6167
1262
1576485956
7430
6168
1262
1576485957
7430
6168
1262
1576485957
7430
6168
1262
1576485957
7430
6168
1262
1576485957
7430
6168
1262
1576485957
7451
6189
1262
1576485957
7451
6189
1262
1576485957
7453
6191
1262
1576485957
7453
6191
1262
1576485957
7467
6193
1274
1576485958
7467
6193
1274
1576485958
7472
6193
1279
1576485958
7472
6193
1279
1576485958
7472
6193
1279
1576485958
7473
6194
1279
1576485958
7473
6194
1279
1576485958
7473
6194
1279
1576485958
7473
6194
1279
1576485958
7473
6194
1279
1576485959
7473
6194
1279
1576485959
7473
6194
1279
1576485959
7473
6194
1279
1576485959
7473
6194
1279
1576485959
7473
6194
1279
1576485959
7473
6194
1279
1576485959
7473
6194
1279
1576485959
7473
6194
1279
1576485959
7473
6194
1279
1576485960
7473
6194
1279
1576485960
7475
6196
1279
1576485960
7475
6196
1279
1576485960
7475
6196
1279
1576485960
7475
6196
1279
1576485960
7475
6196
1279
1576485960
7508
6229
1279
1576485960
7508
6229
1279
1576485960
7524
6245
1279
1576485961
7524
6245
1279
1576485961
7543
6264
1279
1576485961
7543
6264
1279
1576485961
7543
6264
1279
1576485961
7543
6264
1279
1576485961
7543
6264
1279
1576485961
7556
6274
1282
1576485961
7556
6274
1282
1576485961
7568
6286
1282
1576485962
7568
6286
1282
1576485962
7580
6298
1282
1576485962
7580
6298
1282
1576485962
7590
6308
1282
1576485962
7590
6308
1282
1576485962
7590
6308
1282
1576485962
7597
6315
1282
1576485962
7597
6315
1282
1576485962
7602
6320
1282
1576485963
7602
6320
1282
1576485963
7611
6329
1282
1576485963
7611
6329
1282
1576485963
7617
6331
1286
1576485963
7617
6331
1286
1576485963
7617
6331
1286
1576485963
7636
6337
1299
1576485963
7636
6337
1299
1576485963
7651
6349
1302
1576485964
7651
6349
1302
1576485964
7651
6349
1302
1576485964
7651
6349
1302
1576485964
7651
6349
1302
