1576485595
550
506
44
1576485595
550
506
44
1576485595
550
506
44
1576485595
550
506
44
1576485595
550
506
44
1576485596
550
506
44
1576485596
550
506
44
1576485596
550
506
44
1576485596
550
506
44
1576485596
550
506
44
1576485596
550
506
44
1576485596
550
506
44
1576485596
550
506
44
1576485596
550
506
44
1576485597
550
506
44
1576485597
550
506
44
1576485597
550
506
44
1576485597
550
506
44
1576485597
550
506
44
1576485597
550
506
44
1576485597
550
506
44
1576485597
550
506
44
1576485597
550
506
44
1576485598
550
506
44
1576485598
550
506
44
1576485598
550
506
44
1576485598
550
506
44
1576485598
550
506
44
1576485598
550
506
44
1576485598
550
506
44
1576485598
550
506
44
1576485598
550
506
44
1576485599
550
506
44
1576485599
550
506
44
1576485599
550
506
44
1576485599
550
506
44
1576485599
550
506
44
1576485599
550
506
44
1576485599
550
506
44
1576485599
550
506
44
1576485599
550
506
44
1576485600
550
506
44
1576485600
550
506
44
1576485600
550
506
44
1576485600
550
506
44
1576485600
550
506
44
1576485600
550
506
44
1576485600
550
506
44
1576485600
550
506
44
1576485600
550
506
44
1576485601
550
506
44
1576485601
550
506
44
1576485601
550
506
44
1576485601
550
506
44
1576485601
550
506
44
1576485601
550
506
44
1576485601
550
506
44
1576485601
550
506
44
1576485601
550
506
44
1576485602
550
506
44
1576485602
550
506
44
1576485602
550
506
44
1576485602
550
506
44
1576485602
550
506
44
1576485602
550
506
44
1576485602
550
506
44
1576485602
550
506
44
1576485602
550
506
44
1576485603
550
506
44
1576485603
550
506
44
1576485603
550
506
44
1576485603
550
506
44
1576485603
550
506
44
1576485603
550
506
44
1576485603
550
506
44
1576485603
550
506
44
1576485603
550
506
44
1576485604
550
506
44
1576485604
551
507
44
1576485604
551
507
44
1576485604
551
507
44
1576485604
551
507
44
1576485604
551
507
44
1576485604
551
507
44
1576485604
551
507
44
1576485605
551
507
44
1576485605
551
507
44
1576485605
551
507
44
1576485605
551
507
44
1576485605
551
507
44
1576485605
551
507
44
1576485605
551
507
44
1576485605
551
507
44
1576485605
551
507
44
1576485606
551
507
44
1576485606
551
507
44
1576485606
551
507
44
1576485606
551
507
44
1576485606
551
507
44
1576485606
551
507
44
1576485606
551
507
44
1576485606
551
507
44
1576485606
551
507
44
1576485607
551
507
44
1576485607
551
507
44
1576485607
551
507
44
1576485607
551
507
44
1576485607
551
507
44
1576485607
551
507
44
1576485607
551
507
44
1576485607
551
507
44
1576485607
551
507
44
1576485608
551
507
44
1576485608
551
507
44
1576485608
551
507
44
1576485608
551
507
44
1576485608
551
507
44
1576485608
551
507
44
1576485608
551
507
44
1576485608
551
507
44
1576485608
551
507
44
1576485609
551
507
44
1576485609
551
507
44
1576485609
551
507
44
1576485609
551
507
44
1576485609
551
507
44
1576485609
551
507
44
1576485609
551
507
44
1576485609
551
507
44
1576485609
551
507
44
1576485610
551
507
44
1576485610
551
507
44
1576485610
551
507
44
1576485610
551
507
44
1576485610
551
507
44
1576485610
551
507
44
1576485610
551
507
44
1576485610
551
507
44
1576485610
551
507
44
1576485611
551
507
44
1576485611
551
507
44
1576485611
551
507
44
1576485611
551
507
44
1576485611
551
507
44
1576485611
551
507
44
1576485611
551
507
44
1576485611
551
507
44
1576485611
551
507
44
1576485612
551
507
44
1576485612
551
507
44
1576485612
551
507
44
1576485612
551
507
44
1576485612
551
507
44
1576485612
551
507
44
1576485612
551
507
44
1576485612
551
507
44
1576485612
551
507
44
1576485613
551
507
44
1576485613
551
507
44
1576485613
551
507
44
1576485613
551
507
44
1576485613
551
507
44
1576485613
552
508
44
1576485613
552
508
44
1576485613
552
508
44
1576485613
552
508
44
1576485614
552
508
44
1576485614
552
508
44
1576485614
552
508
44
1576485614
552
508
44
1576485614
552
508
44
1576485614
552
508
44
1576485614
552
508
44
1576485614
552
508
44
1576485614
552
508
44
1576485615
552
508
44
1576485615
552
508
44
1576485615
552
508
44
1576485615
552
508
44
1576485615
552
508
44
1576485615
552
508
44
1576485615
552
508
44
1576485615
552
508
44
1576485615
552
508
44
1576485616
552
508
44
1576485616
552
508
44
1576485616
552
508
44
1576485616
552
508
44
1576485616
553
509
44
1576485616
553
509
44
1576485616
553
509
44
1576485616
553
509
44
1576485616
553
509
44
1576485617
553
509
44
1576485617
553
509
44
1576485617
553
509
44
1576485617
553
509
44
1576485617
553
509
44
1576485617
553
509
44
1576485617
553
509
44
1576485617
553
509
44
1576485617
553
509
44
1576485618
553
509
44
1576485618
553
509
44
1576485618
553
509
44
1576485618
553
509
44
1576485618
553
509
44
1576485618
553
509
44
1576485618
553
509
44
1576485618
553
509
44
1576485618
553
509
44
1576485619
553
509
44
1576485619
553
509
44
1576485619
553
509
44
1576485619
553
509
44
1576485619
553
509
44
1576485619
553
509
44
1576485619
553
509
44
1576485619
553
509
44
1576485619
553
509
44
1576485620
553
509
44
1576485620
553
509
44
1576485620
553
509
44
1576485620
553
509
44
1576485620
553
509
44
1576485620
553
509
44
1576485620
553
509
44
1576485620
553
509
44
1576485620
553
509
44
1576485621
553
509
44
1576485621
553
509
44
1576485621
553
509
44
1576485621
553
509
44
1576485621
553
509
44
1576485621
553
509
44
1576485621
553
509
44
1576485621
553
509
44
1576485621
553
509
44
1576485622
553
509
44
1576485622
553
509
44
1576485622
553
509
44
1576485622
553
509
44
1576485622
553
509
44
1576485622
553
509
44
1576485622
553
509
44
1576485622
553
509
44
1576485622
553
509
44
1576485623
553
509
44
1576485623
553
509
44
1576485623
553
509
44
1576485623
553
509
44
1576485623
553
509
44
1576485623
553
509
44
1576485623
553
509
44
1576485623
553
509
44
1576485623
553
509
44
1576485623
553
509
44
1576485624
553
509
44
1576485624
553
509
44
1576485624
553
509
44
1576485624
553
509
44
1576485624
553
509
44
1576485624
553
509
44
1576485624
553
509
44
1576485624
553
509
44
1576485624
553
509
44
1576485625
553
509
44
1576485625
553
509
44
1576485625
553
509
44
1576485625
553
509
44
1576485625
553
509
44
1576485625
553
509
44
1576485625
553
509
44
1576485625
553
509
44
1576485626
553
509
44
1576485626
553
509
44
1576485626
553
509
44
1576485626
553
509
44
1576485626
553
509
44
1576485626
553
509
44
1576485626
553
509
44
1576485626
553
509
44
1576485626
553
509
44
1576485627
553
509
44
1576485627
553
509
44
1576485627
553
509
44
1576485627
553
509
44
1576485627
553
509
44
1576485627
553
509
44
1576485627
553
509
44
1576485627
553
509
44
1576485627
553
509
44
1576485628
553
509
44
1576485628
553
509
44
1576485628
553
509
44
1576485628
553
509
44
1576485628
553
509
44
1576485628
553
509
44
1576485628
553
509
44
1576485628
553
509
44
1576485628
553
509
44
1576485629
553
509
44
1576485629
553
509
44
1576485629
553
509
44
1576485629
553
509
44
1576485629
553
509
44
1576485629
553
509
44
1576485629
553
509
44
1576485629
553
509
44
1576485629
553
509
44
1576485630
553
509
44
1576485630
553
509
44
1576485630
553
509
44
1576485630
553
509
44
1576485630
553
509
44
1576485630
553
509
44
1576485630
553
509
44
1576485630
553
509
44
1576485630
553
509
44
1576485631
553
509
44
1576485631
553
509
44
1576485631
553
509
44
1576485631
553
509
44
1576485631
553
509
44
1576485631
553
509
44
1576485631
553
509
44
1576485631
553
509
44
1576485632
553
509
44
1576485632
553
509
44
1576485632
553
509
44
1576485632
553
509
44
1576485632
553
509
44
1576485632
553
509
44
1576485632
553
509
44
1576485632
553
509
44
1576485632
553
509
44
1576485633
553
509
44
1576485633
553
509
44
1576485633
553
509
44
1576485633
553
509
44
1576485633
553
509
44
1576485633
553
509
44
1576485633
553
509
44
1576485633
553
509
44
1576485633
553
509
44
1576485634
553
509
44
1576485634
553
509
44
1576485634
553
509
44
1576485634
553
509
44
1576485634
553
509
44
1576485634
553
509
44
1576485634
553
509
44
1576485634
553
509
44
1576485634
553
509
44
1576485635
553
509
44
1576485635
553
509
44
1576485635
553
509
44
1576485635
553
509
44
1576485635
553
509
44
1576485635
553
509
44
1576485635
553
509
44
1576485635
553
509
44
1576485636
553
509
44
1576485636
553
509
44
1576485636
553
509
44
1576485636
553
509
44
1576485636
553
509
44
1576485636
553
509
44
1576485636
553
509
44
1576485636
553
509
44
1576485637
553
509
44
1576485637
553
509
44
1576485637
553
509
44
1576485637
553
509
44
1576485637
553
509
44
1576485637
553
509
44
1576485638
553
509
44
1576485638
553
509
44
1576485638
553
509
44
1576485638
553
509
44
1576485638
553
509
44
1576485638
553
509
44
1576485638
553
509
44
1576485638
553
509
44
1576485638
553
509
44
1576485639
553
509
44
1576485639
553
509
44
1576485639
553
509
44
1576485639
553
509
44
1576485639
556
512
44
1576485639
556
512
44
1576485639
556
512
44
1576485639
556
512
44
1576485639
556
512
44
1576485640
556
512
44
1576485640
556
512
44
1576485640
556
512
44
1576485640
556
512
44
1576485640
556
512
44
1576485640
556
512
44
1576485640
556
512
44
1576485640
556
512
44
1576485640
556
512
44
1576485641
556
512
44
1576485641
556
512
44
1576485641
556
512
44
1576485641
556
512
44
1576485641
556
512
44
1576485641
556
512
44
1576485641
556
512
44
1576485641
556
512
44
1576485641
557
513
44
1576485642
557
513
44
1576485642
558
514
44
1576485642
558
514
44
1576485642
558
514
44
1576485642
558
514
44
1576485642
558
514
44
1576485642
558
514
44
1576485642
558
514
44
1576485642
558
514
44
1576485643
558
514
44
1576485643
558
514
44
1576485643
558
514
44
1576485643
558
514
44
1576485643
558
514
44
1576485643
558
514
44
1576485643
560
516
44
1576485643
560
516
44
1576485643
591
547
44
1576485644
591
547
44
1576485644
591
547
44
1576485644
591
547
44
1576485644
591
547
44
1576485644
591
547
44
1576485644
591
547
44
1576485644
591
547
44
1576485644
603
548
55
1576485644
603
548
55
1576485645
609
548
61
1576485645
609
548
61
1576485645
647
586
61
1576485645
647
586
61
1576485645
706
645
61
1576485645
706
645
61
1576485645
706
645
61
1576485645
711
650
61
1576485645
711
650
61
1576485646
711
650
61
1576485646
711
650
61
1576485646
711
650
61
1576485646
711
650
61
1576485646
711
650
61
1576485646
711
650
61
1576485646
711
650
61
1576485646
711
650
61
1576485646
711
650
61
1576485647
711
650
61
1576485647
711
650
61
1576485647
711
650
61
1576485647
711
650
61
1576485647
711
650
61
1576485647
711
650
61
1576485647
711
650
61
1576485647
711
650
61
1576485647
711
650
61
1576485648
712
651
61
1576485648
712
651
61
1576485648
712
651
61
1576485648
712
651
61
1576485648
712
651
61
1576485648
712
651
61
1576485648
712
651
61
1576485648
712
651
61
1576485648
712
651
61
1576485649
713
652
61
1576485649
713
652
61
1576485649
713
652
61
1576485649
713
652
61
1576485649
713
652
61
1576485649
720
659
61
1576485649
720
659
61
1576485649
732
671
61
1576485649
732
671
61
1576485650
738
677
61
1576485650
738
677
61
1576485650
939
908
61
1576485650
969
908
61
1576485650
969
908
61
1576485650
969
908
61
1576485650
969
908
61
1576485650
969
908
61
1576485650
969
908
61
1576485651
969
908
61
1576485651
969
908
61
1576485651
969
908
61
1576485651
969
908
61
1576485651
969
908
61
1576485651
969
908
61
1576485651
969
908
61
1576485651
969
908
61
1576485651
969
908
61
1576485652
969
908
61
1576485652
969
908
61
1576485652
969
908
61
1576485652
969
908
61
1576485652
969
908
61
1576485652
969
908
61
1576485652
969
908
61
1576485652
969
908
61
1576485652
969
908
61
1576485653
969
908
61
1576485653
969
908
61
1576485653
969
908
61
1576485653
969
908
61
1576485653
969
908
61
1576485653
969
908
61
1576485653
969
908
61
1576485653
969
908
61
1576485653
969
908
61
1576485654
969
908
61
1576485654
969
908
61
1576485654
969
908
61
1576485654
969
908
61
1576485654
969
908
61
1576485654
969
908
61
1576485654
969
908
61
1576485654
971
910
61
1576485654
971
910
61
1576485655
971
910
61
1576485655
971
910
61
1576485655
973
912
61
1576485655
1108
1047
61
1576485655
1108
1047
61
1576485655
1108
1047
61
1576485655
1108
1047
61
1576485655
1108
1047
61
1576485655
1108
1047
61
1576485656
1108
1047
61
1576485656
1108
1047
61
1576485656
1108
1047
61
1576485656
1108
1047
61
1576485656
1108
1047
61
1576485656
1108
1047
61
1576485656
1108
1047
61
1576485656
1108
1047
61
1576485656
1108
1047
61
1576485657
1108
1047
61
1576485657
1108
1047
61
1576485657
1108
1047
61
1576485657
1108
1047
61
1576485657
1108
1047
61
1576485657
1108
1047
61
1576485657
1108
1047
61
1576485657
1108
1047
61
1576485658
1108
1047
61
1576485658
1108
1047
61
1576485658
1108
1047
61
1576485658
1108
1047
61
1576485658
1108
1047
61
1576485658
1108
1047
61
1576485658
1108
1047
61
1576485658
1108
1047
61
1576485658
1108
1047
61
1576485659
1108
1047
61
1576485659
1108
1047
61
1576485659
1108
1047
61
1576485659
1108
1047
61
1576485659
1108
1047
61
1576485659
1108
1047
61
1576485659
1108
1047
61
1576485659
1108
1047
61
1576485659
1108
1047
61
1576485660
1108
1047
61
1576485660
1108
1047
61
1576485660
1108
1047
61
1576485660
1108
1047
61
1576485660
1108
1047
61
1576485660
1108
1047
61
1576485660
1108
1047
61
1576485660
1108
1047
61
1576485661
1108
1047
61
1576485661
1108
1047
61
1576485661
1108
1047
61
1576485661
1108
1047
61
1576485661
1108
1047
61
1576485661
1108
1047
61
1576485661
1108
1047
61
1576485661
1108
1047
61
1576485661
1108
1047
61
1576485662
1108
1047
61
1576485662
1108
1047
61
1576485662
1108
1047
61
1576485662
1108
1047
61
1576485662
1108
1047
61
1576485662
1108
1047
61
1576485662
1108
1047
61
1576485662
1108
1047
61
1576485662
1108
1047
61
1576485663
1111
1050
61
1576485663
1111
1050
61
1576485663
1111
1050
61
1576485663
1112
1051
61
1576485663
1112
1051
61
1576485663
1113
1052
61
1576485663
1113
1052
61
1576485663
1116
1055
61
1576485663
1116
1055
61
1576485664
1116
1055
61
1576485664
1116
1055
61
1576485664
1116
1055
61
1576485664
1116
1055
61
1576485664
1116
1055
61
1576485664
1116
1055
61
1576485664
1116
1055
61
1576485664
1116
1055
61
1576485664
1116
1055
61
1576485665
1116
1055
61
1576485665
1116
1055
61
1576485665
1116
1055
61
1576485665
1117
1056
61
1576485665
1117
1056
61
1576485665
1117
1056
61
1576485665
1117
1056
61
1576485665
1117
1056
61
1576485665
1117
1056
61
1576485666
1117
1056
61
1576485666
1117
1056
61
1576485666
1117
1056
61
1576485666
1118
1056
62
1576485666
1118
1056
62
1576485666
1156
1056
100
1576485666
1156
1056
100
1576485666
1156
1056
100
1576485666
1156
1056
100
1576485667
1156
1056
100
1576485667
1204
1056
148
1576485667
1204
1056
148
1576485667
2523
1056
1467
1576485667
3870
1056
2814
1576485667
7200
1056
6144
1576485667
9460
1056
8404
1576485667
9547
1056
8491
1576485667
9547
1056
8491
1576485668
9547
1056
8491
1576485668
9547
1056
8491
1576485668
9547
1056
8491
1576485668
9628
1056
8572
1576485668
9628
1056
8572
1576485668
12256
1056
11200
1576485668
12398
1056
11342
1576485668
12398
1056
11342
1576485668
16317
1056
15261
1576485669
16468
1056
15412
1576485669
16468
1056
15412
1576485669
16468
1056
15412
1576485669
16468
1056
15412
1576485669
16468
1056
15412
1576485669
16468
1056
15412
1576485669
16468
1056
15412
1576485669
16468
1056
15412
1576485669
16468
1056
15412
1576485670
19201
1056
18612
1576485670
20347
1056
19291
1576485670
20401
1056
19345
1576485670
20401
1056
19345
1576485670
25328
1350
23978
1576485670
30257
2414
27843
1576485670
31233
2414
28819
1576485670
31245
2414
28831
1576485670
31245
2414
28831
1576485671
31280
2414
28866
1576485671
31280
2414
28866
1576485671
31280
2414
28866
1576485671
32543
2415
30128
1576485671
32641
2417
30224
1576485671
32641
2417
30224
1576485671
32750
2420
30330
1576485671
32750
2420
30330
1576485671
32750
2420
30330
1576485672
32750
2420
30330
1576485672
35301
2521
32780
1576485672
35391
2609
32782
1576485672
35391
2609
32782
1576485672
36633
4243
32794
1576485672
37790
4994
32796
1576485672
37790
4994
32796
1576485672
37790
4994
32796
1576485673
37790
4994
32796
1576485673
37790
4994
32796
1576485673
37790
4994
32796
1576485673
37790
4994
32796
1576485673
37791
4994
32797
1576485673
37791
4994
32797
1576485673
37791
4994
32797
1576485673
37791
4994
32797
1576485673
37791
4994
32797
1576485674
37791
4994
32797
1576485674
37791
4994
32797
1576485674
37791
4994
32797
1576485674
37791
4994
32797
1576485674
37791
4994
32797
1576485674
37791
4994
32797
1576485674
37791
4994
32797
1576485674
37791
4994
32797
1576485674
37791
4994
32797
1576485675
37793
4996
32797
1576485675
37793
4996
32797
1576485675
37793
4996
32797
1576485675
37793
4996
32797
1576485675
37793
4996
32797
1576485675
37793
4996
32797
1576485675
37793
4996
32797
1576485675
37793
4996
32797
1576485675
37793
4996
32797
1576485676
37793
4996
32797
1576485676
37793
4996
32797
1576485676
37793
4996
32797
1576485676
37795
4998
32797
1576485676
37795
4998
32797
1576485676
37796
4999
32797
1576485676
37796
4999
32797
1576485676
37797
5000
32797
1576485676
37797
5000
32797
1576485677
37797
5000
32797
1576485677
37797
5000
32797
1576485677
37797
5000
32797
1576485677
37797
5000
32797
1576485677
37797
5000
32797
1576485677
37797
5000
32797
1576485677
37797
5000
32797
1576485677
37797
5000
32797
1576485677
37797
5000
32797
1576485678
37802
5005
32797
1576485678
37802
5005
32797
1576485678
37802
5005
32797
1576485678
37802
5005
32797
1576485678
37802
5014
32797
1576485678
37811
5014
32797
1576485678
37811
5014
32797
1576485678
37831
5034
32797
1576485679
37831
5034
32797
1576485679
37837
5040
32797
1576485679
37837
5040
32797
1576485679
37838
5040
32798
1576485679
37838
5040
32798
1576485679
37838
5040
32798
1576485679
37840
5040
32800
1576485679
37840
5040
32800
1576485679
37841
5040
32801
1576485680
37841
5040
32801
1576485680
38523
5040
33483
1576485680
38664
5040
33624
1576485680
38664
5040
33624
1576485680
46276
5040
43481
1576485680
49960
5040
44920
1576485680
49960
5040
44920
1576485680
49960
5040
44920
1576485680
49960
5040
44920
1576485681
49960
5040
44920
1576485681
49960
5040
44920
1576485681
49960
5040
44920
1576485681
49960
5040
44920
1576485681
49960
5040
44920
1576485681
49960
5040
44920
1576485681
49964
5041
44923
1576485681
49964
5041
44923
1576485681
49969
5041
44928
1576485682
49969
5041
44928
1576485682
49974
5044
44930
1576485682
49974
5044
44930
1576485682
49974
5044
44930
1576485682
49974
5044
44930
1576485682
49974
5044
44930
1576485682
49997
5044
44953
1576485682
49997
5044
44953
1576485682
49997
5044
44953
1576485683
49997
5044
44953
1576485683
49997
5044
44953
1576485683
49997
5044
44953
1576485683
49999
5044
44955
1576485683
49999
5044
44955
1576485683
49999
5044
44955
1576485683
49999
5044
44955
1576485683
49999
5044
44955
1576485683
52076
5045
47031
1576485684
56076
6923
49153
1576485684
56076
6923
49153
1576485684
56076
6923
49153
1576485684
56078
6925
49153
1576485684
56078
6925
49153
1576485684
56079
6926
49153
1576485684
56079
6926
49153
1576485684
56081
6927
49154
1576485684
56081
6927
49154
1576485685
56081
6927
49154
1576485685
56081
6927
49154
1576485685
56081
6927
49154
1576485685
56084
6929
49155
1576485685
56084
6929
49155
1576485685
56084
6929
49155
1576485685
56084
6929
49155
1576485685
56089
6934
49155
1576485685
56089
6934
49155
1576485686
56089
6934
49155
1576485686
56176
7014
49162
1576485686
56177
7015
49162
1576485686
56177
7015
49162
1576485686
56177
7015
49162
1576485686
56177
7015
49162
1576485686
56182
7019
49163
1576485686
56182
7019
49163
1576485687
56186
7022
49164
1576485687
56186
7022
49164
1576485687
56186
7022
49164
1576485687
56191
7024
49167
1576485687
56191
7024
49167
1576485687
56191
7024
49167
1576485687
56191
7024
49167
1576485687
56193
7026
49167
1576485687
56193
7026
49167
1576485688
56193
7026
49167
1576485688
56193
7026
49167
1576485688
56193
7026
49167
1576485688
56194
7027
49167
1576485688
56194
7027
49167
1576485688
56195
7028
49167
1576485688
56195
7028
49167
1576485688
56206
7039
49167
1576485688
56206
7039
49167
1576485689
56210
7052
49167
1576485689
56219
7052
49167
1576485689
56219
7052
49167
1576485689
56223
7056
49167
1576485689
56223
7056
49167
1576485689
56225
7057
49168
1576485689
56225
7057
49168
1576485689
56225
7057
49168
1576485689
56225
7057
49168
1576485690
56225
7057
49168
1576485690
56225
7057
49168
1576485690
56225
7057
49168
1576485690
56225
7057
49168
1576485690
56225
7057
49168
1576485690
56226
7058
49168
1576485690
56226
7058
49168
1576485690
56226
7058
49168
1576485690
56226
7058
49168
1576485691
56226
7058
49168
1576485691
56226
7058
49168
1576485691
56226
7058
49168
1576485691
56227
7059
49168
1576485691
56227
7059
49168
1576485691
56227
7059
49168
1576485691
56227
7059
49168
1576485691
56227
7059
49168
1576485691
56227
7059
49168
1576485692
56227
7059
49168
1576485692
56228
7060
49168
1576485692
56228
7060
49168
1576485692
56228
7060
49168
1576485692
56228
7060
49168
1576485692
56229
7061
49168
1576485692
56229
7061
49168
1576485692
56230
7062
49168
1576485692
56230
7062
49168
1576485693
56239
7067
49172
1576485693
56239
7067
49172
1576485693
56239
7067
49172
1576485693
56239
7067
49172
1576485693
56239
7067
49172
1576485693
56254
7068
49186
1576485693
56254
7068
49186
1576485693
56254
7068
49186
1576485693
56254
7068
49186
1576485694
56264
7069
49195
1576485694
56264
7069
49195
1576485694
56267
7071
49196
1576485694
56267
7071
49196
1576485694
56267
7071
49196
1576485694
56267
7071
49196
1576485694
56267
7071
49196
1576485694
56267
7071
49196
1576485695
56267
7071
49196
1576485695
56267
7071
49196
1576485695
56267
7071
49196
1576485695
56273
7071
49202
1576485695
56273
7071
49202
1576485695
56273
7071
49202
1576485695
56273
7071
49202
1576485695
56273
7071
49202
1576485695
56281
7071
49210
1576485696
56281
7071
49210
1576485696
56281
7071
49210
1576485696
56281
7071
49210
1576485696
56290
7071
49219
1576485696
56290
7071
49219
1576485696
56310
7071
49239
1576485696
56310
7071
49239
1576485696
56310
7071
49239
1576485696
56310
7071
49239
1576485697
56323
7071
49252
1576485697
56323
7071
49252
1576485697
56323
7071
49263
1576485697
56334
7071
49263
1576485697
56334
7071
49263
1576485697
56334
7071
49263
1576485697
56334
7071
49263
1576485697
56335
7071
49264
1576485698
56335
7071
49264
1576485698
56337
7071
49266
1576485698
56337
7071
49266
1576485698
56339
7071
49268
1576485698
56339
7071
49268
1576485698
56343
7071
49272
1576485698
56343
7071
49272
1576485698
56343
7071
49272
1576485698
56343
7071
49272
1576485699
56343
7071
49276
1576485699
62510
7071
59410
1576485699
72800
7071
65729
1576485699
74960
7071
67889
1576485699
80977
7071
73906
1576485699
81153
7071
74082
1576485699
81153
7071
74082
1576485699
83270
7071
77846
1576485700
90743
7073
84040
1576485700
93204
7073
86131
1576485700
93204
7073
86131
1576485700
93204
7073
86131
1576485700
93204
7073
86131
1576485700
93204
7073
86131
1576485700
93205
7074
86131
1576485700
93205
7074
86131
1576485701
93205
7074
86131
1576485701
93205
7074
86131
1576485701
93208
7074
86134
1576485701
93208
7074
86134
1576485701
93212
7074
86138
1576485701
93212
7074
86138
1576485701
93216
7075
86141
1576485701
93216
7075
86141
1576485701
93217
7075
86142
1576485702
93217
7075
86142
1576485702
93217
7079
86143
1576485702
93222
7079
86143
1576485702
93222
7079
86143
1576485702
93282
7139
86143
1576485702
93282
7139
86143
1576485702
93571
7428
86143
1576485702
93571
7428
86143
1576485703
93571
7428
86143
1576485703
93571
7428
86143
1576485703
93735
7592
86143
1576485703
93735
7592
86143
1576485703
93735
7592
86143
1576485703
93735
7592
86143
1576485703
94543
8638
86143
1576485703
99434
13291
86143
1576485703
99434
13291
86143
1576485704
99434
13291
86143
1576485704
99436
13291
86145
1576485704
99436
13291
86145
1576485704
99438
13291
86147
1576485704
99438
13291
86147
1576485704
99439
13291
86148
1576485704
99439
13291
86148
1576485704
99439
13291
86148
1576485705
99440
13291
86149
1576485705
99440
13291
86149
1576485705
99442
13291
86151
1576485705
99442
13291
86151
1576485705
99442
13291
86151
1576485705
99442
13291
86151
1576485705
99442
13291
86151
1576485705
99442
13291
86151
1576485705
99442
13291
86151
1576485706
99442
13291
86151
1576485706
99442
13291
86151
1576485706
99442
13291
86151
1576485706
99442
13291
86151
1576485706
99442
13291
86151
1576485706
99442
13291
86151
1576485706
99442
13291
86151
1576485706
99442
13291
86151
1576485707
99447
13295
86152
1576485707
99456
13295
86161
1576485707
99456
13295
86161
1576485707
99456
13295
86161
1576485707
99456
13295
86161
1576485707
99462
13295
86167
1576485707
99462
13295
86167
1576485707
99462
13295
86167
1576485708
99462
13295
86167
1576485708
99463
13296
86167
1576485708
99463
13296
86167
1576485708
99463
13296
86167
1576485708
99463
13296
86167
1576485708
99463
13297
86168
1576485708
99465
13297
86168
1576485708
99465
13297
86168
1576485708
99465
13297
86168
1576485709
99465
13297
86168
1576485709
99469
13301
86168
1576485709
99469
13301
86168
1576485709
99470
13301
86169
1576485709
99470
13301
86169
1576485709
99470
13301
86169
1576485709
99470
13301
86169
1576485709
99470
13301
86169
1576485710
99470
13301
86169
1576485710
99470
13301
86169
1576485710
99470
13301
86169
1576485710
99473
13302
86171
1576485710
99473
13302
86171
1576485710
99482
13308
86174
1576485710
99482
13308
86174
1576485710
99482
13308
86174
1576485710
99483
13308
86175
1576485711
99483
13308
86175
1576485711
99491
13309
86182
1576485711
99491
13309
86182
1576485711
99491
13309
86182
1576485711
99491
13309
86182
1576485711
99492
13310
86182
1576485711
99492
13310
86182
1576485711
99492
13310
86182
1576485712
99492
13310
86182
1576485712
99492
13310
86182
1576485712
99492
13310
86182
1576485712
99493
13311
86182
1576485712
99493
13311
86182
1576485712
99493
13311
86182
1576485712
99493
13311
86182
1576485712
99493
13311
86182
1576485712
99493
13311
86182
1576485713
99493
13311
86182
1576485713
99493
13311
86182
1576485713
99493
13311
86182
1576485713
99493
13311
86182
1576485713
99493
13311
86182
1576485713
99493
13311
86182
1576485713
99493
13311
86182
1576485713
99493
13311
86182
1576485714
99493
13311
86182
1576485714
99493
13311
86182
1576485714
99493
13311
86182
1576485714
99493
13311
86182
1576485714
99493
13311
86182
1576485714
99493
13311
86182
1576485714
99493
13311
86182
1576485714
99493
13311
86182
1576485715
99493
13311
86182
1576485715
99493
13311
86182
1576485715
99493
13311
86182
1576485715
99493
13311
86182
1576485715
99494
13312
86182
1576485715
99494
13312
86182
1576485715
99494
13312
86182
1576485715
99494
13312
86182
1576485715
99494
13312
86182
1576485716
99494
13312
86182
1576485716
99494
13312
86182
1576485716
99494
13312
86182
1576485716
99494
13312
86182
1576485716
99494
13312
86182
1576485716
99494
13312
86182
1576485716
99494
13312
86182
1576485716
99494
13312
86182
1576485717
99494
13312
86182
1576485717
99494
13312
86182
1576485717
99495
13312
86183
1576485717
99495
13312
86183
1576485717
99495
13312
86183
1576485717
99495
13312
86183
1576485717
99495
13312
86183
1576485717
99495
13312
86183
1576485718
99495
13312
86183
1576485718
99495
13312
86183
1576485718
99496
13312
86184
1576485718
99496
13312
86184
1576485718
99496
13312
86184
1576485718
99496
13312
86184
1576485718
99496
13312
86184
1576485718
99496
13312
86184
1576485718
99496
13312
86184
1576485719
99496
13312
86184
1576485719
99496
13312
86184
1576485719
99496
13312
86184
1576485719
99496
13312
86184
1576485719
99496
13312
86184
1576485719
99496
13312
86184
1576485719
99496
13312
86184
1576485719
99496
13312
86184
1576485720
99496
13312
86184
1576485720
99496
13312
86184
1576485720
99496
13312
86184
1576485720
99496
13312
86184
1576485720
99496
13312
86184
1576485720
99496
13312
86184
1576485720
99496
13312
86184
1576485720
99496
13312
86184
1576485721
99496
13312
86184
1576485721
99496
13312
86184
1576485721
99497
13312
86185
1576485721
99497
13312
86185
1576485721
99497
13312
86185
1576485721
99497
13312
86185
1576485721
99497
13312
86185
1576485721
99497
13312
86185
1576485721
99497
13312
86185
1576485722
99497
13312
86185
1576485722
99497
13312
86185
1576485722
99497
13312
86185
1576485722
99497
13312
86185
1576485722
99497
13312
86185
1576485722
99497
13312
86185
1576485722
99497
13312
86185
1576485722
99497
13312
86185
1576485723
99497
13312
86185
1576485723
99497
13312
86185
1576485723
99497
13312
86185
1576485723
99497
13312
86185
1576485723
99497
13312
86185
1576485723
99497
13312
86185
1576485723
99497
13312
86185
1576485723
99497
13312
86185
1576485724
99497
13312
86185
1576485724
99497
13312
86185
1576485724
99497
13312
86185
1576485724
99497
13312
86185
1576485724
99497
13312
86185
1576485724
99497
13312
86185
1576485724
99497
13312
86185
1576485724
99497
13312
86185
1576485724
99497
13312
86185
1576485725
99497
13312
86185
1576485725
99497
13312
86185
1576485725
99497
13312
86185
1576485725
99497
13312
86185
1576485725
99497
13312
86185
1576485725
99497
13312
86185
1576485725
99497
13312
86185
1576485725
99497
13312
86185
1576485726
99497
13312
86185
1576485726
99497
13312
86185
1576485726
99497
13312
86185
1576485726
99497
13312
86185
1576485726
99497
13312
86185
1576485726
99497
13312
86185
1576485726
99497
13312
86185
1576485726
99497
13312
86185
1576485727
99497
13312
86185
1576485727
99497
13312
86185
1576485727
99497
13312
86185
1576485727
99497
13312
86185
1576485727
99497
13312
86185
1576485727
99497
13312
86185
1576485727
99498
13312
86186
1576485727
99498
13312
86186
1576485728
99498
13312
86186
1576485728
99498
13312
86186
1576485728
99498
13312
86186
1576485728
99498
13312
86186
1576485728
99498
13312
86186
1576485728
99498
13312
86186
1576485728
99498
13312
86186
1576485728
99498
13312
86186
1576485728
99498
13312
86186
1576485729
99498
13312
86186
1576485729
99498
13312
86186
1576485729
99498
13312
86186
1576485729
99498
13312
86186
1576485729
99498
13312
86186
1576485729
99498
13312
86186
1576485729
99498
13312
86186
1576485729
99498
13312
86186
1576485730
99498
13312
86186
1576485730
99498
13312
86186
1576485730
99506
13320
86186
1576485730
99506
13320
86186
1576485730
99514
13327
86187
1576485730
99514
13327
86187
1576485730
99524
13336
86188
1576485730
99524
13336
86188
1576485731
99524
13336
86188
1576485731
99524
13336
86188
1576485731
99526
13336
86190
1576485731
99526
13336
86190
1576485731
99527
13336
86191
1576485731
99527
13336
86191
1576485731
99528
13336
86192
1576485731
99528
13336
86192
1576485732
99528
13336
86192
1576485732
99528
13336
86192
1576485732
99528
13336
86192
1576485732
99528
13336
86192
1576485732
99528
13336
86192
1576485732
99528
13336
86192
1576485733
99537
13338
86199
1576485733
99537
13338
86199
1576485733
99537
13338
86199
1576485733
99537
13338
86199
1576485733
99543
13340
86203
1576485733
99543
13340
86203
1576485733
99551
13341
86210
1576485733
99551
13341
86210
1576485734
99553
13342
86211
1576485734
99554
13342
86212
1576485734
99554
13342
86212
1576485734
99554
13342
86212
1576485734
99554
13342
86212
1576485734
99557
13342
86215
1576485734
99557
13342
86215
1576485735
99557
13342
86215
1576485735
99557
13342
86215
1576485735
99561
13342
86219
1576485735
99561
13342
86219
1576485735
99568
13342
86226
1576485735
99568
13342
86226
1576485735
99568
13342
86226
1576485735
99568
13342
86226
1576485736
99643
13342
86301
1576485736
99643
13342
86301
1576485736
99643
13342
86301
1576485736
99643
13342
86301
1576485736
107062
13342
93720
1576485736
107765
13342
94423
1576485736
107765
13342
94423
1576485736
107765
13342
94423
1576485737
107765
13342
94423
1576485737
107765
13342
94423
1576485737
107767
13342
94425
1576485737
107767
13342
94425
1576485737
107771
13342
94429
1576485737
107771
13342
94429
1576485737
107772
13343
94429
1576485737
107772
13343
94429
1576485738
107773
13343
94430
1576485738
107773
13343
94430
1576485738
107776
13343
94433
1576485738
107776
13343
94433
1576485738
107776
13343
94433
1576485738
107776
13343
94433
1576485738
107776
13343
94433
1576485738
109862
13343
96519
1576485738
124709
13385
111324
1576485739
138515
17477
121038
1576485739
138515
17477
121038
1576485739
138515
17477
121038
1576485739
138516
17477
121039
1576485739
138516
17477
121039
1576485739
138516
17477
121040
1576485739
138517
17477
121040
1576485739
138517
17477
121040
1576485740
138517
17477
121040
1576485740
138517
17477
121040
1576485740
138517
17477
121040
1576485740
138517
17477
121040
1576485740
138521
17479
121042
1576485740
138521
17479
121042
1576485740
138524
17479
121045
1576485740
138524
17479
121045
1576485741
138524
17479
121045
1576485741
138524
17479
121045
1576485741
140577
17484
123093
1576485741
140577
17484
123093
1576485741
140577
17484
123093
1576485741
140577
17484
123093
1576485741
140577
17484
123093
1576485741
140577
17484
123093
1576485742
140577
17484
123093
1576485742
140577
17484
123093
1576485742
140577
17484
123093
1576485742
140577
17484
123093
1576485742
140577
17484
123093
1576485742
140578
17485
123093
1576485742
140578
17485
123093
1576485742
140578
17485
123093
1576485743
140578
17485
123093
1576485743
140580
17486
123094
1576485743
140580
17486
123094
1576485743
140580
17486
123094
1576485743
140580
17486
123094
1576485743
140580
17486
123094
1576485743
140582
17487
123095
1576485744
140582
17487
123095
1576485744
140582
17487
123095
1576485744
140582
17487
123095
1576485744
140582
17487
123095
1576485744
140597
19552
123095
1576485744
142716
19615
123101
1576485744
142716
19615
123101
1576485744
142716
19615
123101
1576485744
142717
19616
123101
1576485745
142717
19616
123101
1576485745
142717
19616
123101
1576485745
142717
19616
123101
1576485745
142725
19619
123106
1576485745
142725
19619
123106
1576485745
142726
19619
123107
1576485745
142726
19619
123107
1576485746
142728
19619
123109
1576485746
142728
19619
123109
1576485746
142728
19619
123109
1576485746
142728
19619
123109
1576485746
142729
19619
123110
1576485746
142729
19619
123110
1576485746
142729
19619
123110
1576485746
142729
19619
123110
1576485746
142729
19619
123110
1576485747
142729
19619
123110
1576485747
142729
19619
123110
1576485747
142729
19619
123110
1576485747
142729
19619
123110
1576485747
142729
19619
123110
1576485747
142729
19619
123110
1576485747
142729
19619
123110
1576485747
142729
19619
123110
1576485748
142730
19619
123111
1576485748
142730
19619
123111
1576485748
142730
19619
123111
1576485748
142730
19619
123111
1576485748
142730
19619
123111
1576485748
142730
19619
123111
1576485748
142730
19619
123111
1576485748
142730
19619
123111
1576485749
142730
19619
123111
1576485749
142730
19619
123111
1576485749
142730
19619
123111
1576485749
142730
19619
123111
1576485749
142732
19619
123113
1576485749
142732
19619
123113
1576485749
142733
19620
123113
1576485749
142733
19620
123113
1576485750
142733
19620
123113
1576485750
142733
19620
123113
1576485750
142733
19620
123113
1576485750
142733
19620
123113
1576485750
142733
19620
123113
1576485750
142733
19620
123113
1576485750
142733
19620
123113
1576485750
142733
19620
123113
1576485751
142733
19620
123113
1576485751
142733
19620
123113
1576485751
142733
19620
123113
1576485751
142733
19620
123113
1576485751
142733
19620
123113
1576485751
142733
19620
123113
1576485751
142733
19620
123113
1576485751
142733
19620
123113
1576485752
142733
19620
123113
1576485752
142733
19620
123113
1576485752
142733
19620
123113
1576485752
142733
19620
123113
1576485752
142733
19620
123113
1576485752
142733
19620
123113
1576485752
142733
19620
123113
1576485752
142735
19620
123115
1576485753
142735
19620
123115
1576485753
142735
19620
123115
1576485753
142735
19620
123115
1576485753
142736
19620
123116
1576485753
142736
19620
123116
1576485753
142736
19620
123116
1576485753
142736
19620
123116
1576485753
142736
19620
123116
1576485754
142736
19620
123116
1576485754
142736
19620
123116
1576485754
142736
19620
123116
1576485754
142736
19620
123116
1576485754
142736
19620
123116
1576485754
142736
19620
123116
1576485754
142736
19620
123116
1576485754
142737
19621
123116
1576485754
142737
19621
123116
1576485755
142737
19621
123116
1576485755
142737
19621
123116
1576485755
142738
19622
123116
1576485755
142738
19622
123116
1576485755
142738
19622
123116
1576485755
142738
19622
123116
1576485755
142740
19622
123118
1576485755
142740
19622
123118
1576485756
142740
19622
123118
1576485756
142740
19622
123118
1576485756
142742
19622
123120
1576485756
142742
19622
123120
1576485756
142742
19622
123120
1576485756
142742
19622
123120
1576485756
142742
19622
123120
1576485756
142742
19622
123120
1576485757
142742
19622
123120
1576485757
142742
19622
123120
1576485757
142749
19622
123127
1576485757
142749
19622
123127
1576485757
142749
19622
123127
1576485757
142758
19622
123136
1576485757
142758
19622
123136
1576485757
142758
19622
123136
1576485758
142758
19622
123136
1576485758
142767
19622
123145
1576485758
142767
19622
123145
1576485758
142774
19622
123152
1576485758
142774
19622
123152
1576485758
142785
19623
123162
1576485758
142785
19623
123162
1576485758
142785
19623
123162
1576485759
142785
19623
123162
1576485759
142789
19624
123165
1576485759
142789
19624
123165
1576485759
142794
19624
123170
1576485759
142794
19624
123170
1576485759
142796
19624
123172
1576485759
142796
19624
123172
1576485759
142802
19625
123177
1576485760
142802
19625
123177
1576485760
142802
19625
123177
1576485760
142802
19625
123177
1576485760
142804
19625
123179
1576485760
142804
19625
123179
1576485760
142804
19625
123179
1576485760
142804
19625
123179
1576485760
142804
19625
123179
1576485761
142804
19625
123179
1576485761
142804
19625
123179
1576485761
142804
19625
123179
1576485761
142804
19625
123179
1576485761
142804
19625
123179
1576485761
142804
19625
123179
1576485761
142804
19625
123179
1576485762
142804
19625
123179
1576485762
142804
19625
123179
1576485762
142804
19625
123179
1576485762
142804
19625
123179
1576485762
142804
19625
123179
1576485762
142804
19625
123179
1576485762
142804
19625
123179
1576485762
142804
19625
123179
1576485763
142804
19625
123179
1576485763
142804
19625
123179
1576485763
142804
19625
123179
1576485763
142806
19625
123181
1576485763
142806
19625
123181
1576485763
142806
19625
123181
1576485763
142806
19625
123181
1576485763
142806
19625
123186
1576485763
142811
19625
123186
1576485764
142811
19625
123186
1576485764
142811
19625
123186
1576485764
142811
19625
123188
1576485764
142813
19625
123188
1576485764
142813
19625
123188
1576485764
142813
19625
123188
1576485764
142813
19625
123188
1576485764
142813
19625
123188
1576485765
142813
19625
123188
1576485765
142813
19625
123188
1576485765
142813
19625
123188
1576485765
142813
19625
123188
1576485765
142813
19625
123188
1576485765
142813
19625
123188
1576485765
142813
19625
123188
1576485765
142816
19625
123191
1576485766
142816
19625
123191
1576485766
142816
19625
123191
1576485766
142816
19625
123191
1576485766
142816
19625
123191
1576485766
142816
19625
123191
1576485766
142816
19625
123191
1576485766
142816
19625
123191
1576485766
142816
19625
123191
1576485767
142816
19625
123191
1576485767
142816
19625
123191
1576485767
142816
19625
123191
1576485767
142816
19625
123191
1576485767
142816
19625
123191
1576485767
142816
19625
123191
1576485767
142816
19625
123191
1576485767
142816
19625
123191
1576485768
142816
19625
123191
1576485768
142816
19625
123191
1576485768
142816
19625
123191
1576485768
142819
19626
123193
1576485768
142819
19626
123193
1576485768
142819
19626
123193
1576485768
142819
19626
123193
1576485768
142822
19626
123196
1576485769
142822
19626
123196
1576485769
142822
19626
123196
1576485769
142822
19626
123196
1576485769
142822
19626
123196
1576485769
142822
19626
123196
1576485769
142823
19626
123197
1576485769
142823
19626
123197
1576485769
142823
19626
123197
1576485770
142823
19626
123197
1576485770
142825
19627
123198
1576485770
142825
19627
123198
1576485770
142828
19630
123198
1576485770
142828
19630
123198
1576485770
142828
19630
123198
1576485770
142828
19630
123198
1576485770
142828
19630
123198
1576485771
142828
19630
123198
1576485771
142828
19630
123198
1576485771
142828
19630
123198
1576485771
142828
19630
123198
1576485771
142828
19630
123198
1576485771
142829
19630
123199
1576485771
142829
19630
123199
1576485771
142829
19630
123199
1576485772
142829
19630
123199
1576485772
142829
19630
123199
1576485772
142831
19630
123201
1576485772
142831
19630
123201
1576485772
142831
19630
123201
1576485772
142831
19630
123201
1576485772
142835
19630
123205
1576485772
142835
19630
123205
1576485772
142846
19630
123216
1576485773
142846
19630
123216
1576485773
142846
19630
123216
1576485773
142846
19630
123216
1576485773
142849
19630
123219
1576485773
142849
19630
123219
1576485773
142853
19630
123223
1576485773
142853
19630
123223
1576485773
142863
19630
123233
1576485774
142863
19630
123233
1576485774
142863
19630
123233
1576485774
142863
19630
123233
1576485774
142871
19630
123241
1576485774
142871
19630
123241
1576485774
142871
19630
123241
1576485774
142871
19630
123241
1576485774
142876
19630
123246
1576485775
142876
19630
123246
1576485775
142876
19630
123246
1576485775
142876
19630
123246
1576485775
142887
19630
123257
1576485775
142887
19630
123257
1576485775
142887
19630
123257
1576485775
142887
19630
123257
1576485775
142887
19630
123257
1576485776
142895
19630
123265
1576485776
142895
19630
123265
1576485776
142897
19630
123267
1576485776
142897
19630
123267
1576485776
142899
19630
123269
1576485776
142899
19630
123269
1576485776
142903
19630
123273
1576485776
142903
19630
123273
1576485777
142903
19630
123273
1576485777
142903
19630
123273
1576485777
142907
19630
123277
1576485777
142907
19630
123277
1576485777
142915
19630
123285
1576485777
142915
19630
123285
1576485777
142915
19630
123285
1576485777
142915
19630
123285
1576485778
142923
19630
123293
1576485778
142923
19630
123293
1576485778
142923
19630
123293
1576485778
142923
19630
123293
1576485778
142927
19630
123297
1576485778
142927
19630
123297
1576485778
143041
19630
123411
1576485778
143042
19630
123412
1576485779
143042
19630
123412
1576485779
143043
19630
123413
1576485779
143043
19630
123413
1576485779
143047
19630
123417
1576485779
143047
19630
123417
1576485779
143060
19630
123430
1576485779
143060
19630
123430
1576485779
143068
19630
123438
1576485780
143068
19630
123438
1576485780
143068
19630
123438
1576485780
143068
19630
123438
1576485780
143075
19630
123445
1576485780
143075
19630
123445
1576485780
143075
19630
123445
1576485780
143075
19630
123445
1576485780
143194
19630
123564
1576485781
143194
19630
123564
1576485781
143194
19630
123564
1576485781
143194
19630
123564
1576485781
143194
19630
123564
1576485781
143194
19630
123564
1576485781
143194
19630
123564
1576485781
143194
19630
123564
1576485781
143194
19630
123564
1576485782
143194
19630
123564
1576485782
143194
19630
123564
1576485782
143194
19630
123564
1576485782
143194
19630
123564
1576485782
143194
19630
123564
1576485782
143194
19630
123564
1576485782
143194
19630
123564
1576485782
143194
19630
123564
1576485783
143194
19630
123564
1576485783
143194
19630
123564
1576485783
143195
19630
123565
1576485783
143195
19630
123565
1576485783
143196
19630
123566
1576485783
143196
19630
123566
1576485783
143197
19630
123567
1576485783
143197
19630
123567
1576485784
143197
19630
123567
1576485784
143197
19630
123567
1576485784
143201
19633
123568
1576485784
143201
19633
123568
1576485784
143201
19633
123568
1576485784
143201
19633
123568
1576485784
143211
19642
123569
1576485784
143211
19642
123569
1576485784
143216
19646
123570
1576485785
143216
19646
123570
1576485785
143218
19648
123570
1576485785
143218
19648
123570
1576485785
143219
19649
123570
1576485785
143219
19649
123570
1576485785
143219
19649
123570
1576485785
143219
19649
123570
1576485785
143219
19649
123570
1576485786
143280
19708
123572
1576485786
143280
19708
123572
1576485786
143280
19708
123572
1576485786
143280
19708
123572
1576485786
143282
19708
123574
1576485786
143282
19708
123574
1576485786
143282
19708
123574
1576485786
143282
19708
123574
1576485787
143290
19708
123582
1576485787
143290
19708
123582
1576485787
143290
19708
123582
1576485787
143290
19708
123582
1576485787
143452
19708
123744
1576485787
143456
19709
123747
1576485787
143456
19709
123747
1576485787
143456
19709
123747
1576485788
143456
19709
123747
1576485788
143456
19709
123747
1576485788
143456
19709
123747
1576485788
143459
19709
123750
1576485788
143459
19709
123750
1576485788
143601
19709
123892
1576485788
143602
19709
123893
1576485788
143602
19709
123893
1576485789
143602
19709
123893
1576485789
143602
19709
123893
1576485789
143604
19710
123894
1576485789
143604
19710
123894
1576485789
143604
19710
123894
1576485789
143604
19710
123894
1576485789
143604
19710
123894
1576485789
143604
19710
123894
1576485790
143606
19711
123895
1576485790
143606
19711
123895
1576485790
143606
19711
123895
1576485790
143606
19711
123895
1576485790
143606
19711
123895
1576485790
143607
19711
123896
1576485790
143607
19711
123896
1576485790
143607
19711
123896
1576485791
143607
19711
123896
1576485791
143607
19711
123896
1576485791
143607
19711
123896
1576485791
143607
19711
123896
1576485791
143607
19711
123896
1576485791
143607
19711
123896
1576485791
143609
19711
123898
1576485791
143609
19711
123898
1576485792
143609
19711
123898
1576485792
143609
19711
123898
1576485792
143610
19712
123898
1576485792
143610
19712
123898
1576485792
143610
19712
123898
1576485792
143610
19712
123898
1576485792
143610
19712
123899
1576485792
143611
19712
123899
1576485793
143614
19712
123902
1576485793
143614
19712
123902
1576485793
143614
19712
123902
1576485793
143614
19712
123902
1576485793
143614
19712
123902
1576485793
143614
19712
123902
1576485793
143614
19712
123902
1576485793
143614
19712
123902
1576485794
143614
19712
123902
1576485794
143614
19712
123902
1576485794
143614
19712
123902
1576485794
143614
19712
123902
1576485794
143614
19712
123902
1576485794
143614
19712
123902
1576485794
143614
19712
123902
1576485794
143614
19712
123902
1576485795
143614
19712
123902
1576485795
143615
19712
123903
1576485795
143615
19712
123903
1576485795
143615
19712
123903
1576485795
143615
19712
123903
1576485795
143617
19712
123905
1576485795
143617
19712
123905
1576485795
143619
19712
123907
1576485796
143619
19712
123907
1576485796
143619
19712
123907
1576485796
143619
19712
123907
1576485796
143619
19712
123907
1576485796
143619
19712
123907
1576485796
143621
19712
123909
1576485796
143621
19712
123909
1576485796
143621
19712
123909
1576485797
143621
19712
123909
1576485797
143622
19712
123910
1576485797
143622
19712
123910
1576485797
143622
19712
123910
1576485797
143622
19712
123910
1576485797
143622
19712
123910
1576485797
143622
19712
123910
1576485797
143622
19712
123910
1576485798
143622
19712
123910
1576485798
143622
19712
123910
1576485798
143622
19712
123910
1576485798
143622
19712
123910
1576485798
143622
19712
123910
1576485798
143622
19712
123910
1576485798
143622
19712
123910
1576485798
143622
19712
123910
1576485799
143622
19712
123910
1576485799
143622
19712
123910
1576485799
143622
19712
123910
1576485799
143622
19712
123910
1576485799
143622
19712
123910
1576485799
143622
19712
123910
1576485799
143622
19712
123910
1576485799
143622
19712
123910
1576485800
143622
19712
123910
1576485800
143622
19712
123910
1576485800
143622
19712
123910
1576485800
143622
19712
123910
1576485800
143622
19712
123910
1576485800
143622
19712
123910
1576485800
143622
19712
123910
1576485800
143622
19712
123910
1576485801
143622
19712
123910
1576485801
143622
19712
123910
1576485801
143622
19712
123910
1576485801
143622
19712
123910
1576485801
143622
19712
123910
1576485801
143622
19712
123910
1576485801
143622
19712
123910
1576485802
143622
19712
123910
1576485802
143622
19712
123910
1576485802
143622
19712
123910
1576485802
143622
19712
123910
1576485802
143622
19712
123910
1576485802
143622
19712
123910
1576485802
143622
19712
123910
1576485802
143622
19712
123910
1576485803
143622
19712
123910
1576485803
143622
19712
123910
1576485803
143622
19712
123910
1576485803
143622
19712
123910
1576485803
143622
19712
123910
1576485803
143622
19712
123910
1576485803
143622
19712
123910
1576485803
143622
19712
123910
1576485803
143622
19712
123910
1576485804
143622
19712
123910
1576485804
143622
19712
123910
1576485804
143622
19712
123910
1576485804
143622
19712
123910
1576485804
143622
19712
123910
1576485804
143622
19712
123910
1576485804
143622
19712
123910
1576485805
143622
19712
123910
1576485805
143622
19712
123910
1576485805
143622
19712
123910
1576485805
143622
19712
123910
1576485805
143622
19712
123910
1576485805
143622
19712
123910
1576485805
143622
19712
123910
1576485805
143622
19712
123910
1576485806
143622
19712
123910
1576485806
143622
19712
123910
1576485806
143622
19712
123910
1576485806
143622
19712
123910
1576485806
143622
19712
123910
1576485806
143622
19712
123910
1576485806
143622
19712
123910
1576485806
143622
19712
123910
1576485807
143622
19712
123910
1576485807
143622
19712
123910
1576485807
143622
19712
123910
1576485807
143622
19712
123910
1576485807
143622
19712
123910
1576485807
143622
19712
123910
1576485807
143622
19712
123910
1576485807
143622
19712
123910
1576485808
143622
19712
123910
1576485808
143622
19712
123910
1576485808
143622
19712
123910
1576485808
143622
19712
123910
1576485808
143622
19712
123910
1576485808
143622
19712
123910
1576485808
143622
19712
123910
1576485809
143622
19712
123910
1576485809
143622
19712
123910
1576485809
143622
19712
123910
1576485809
143622
19712
123910
1576485809
143622
19712
123910
1576485809
143622
19712
123910
1576485809
143622
19712
123910
1576485809
143622
19712
123910
1576485810
143622
19712
123910
1576485810
143622
19712
123910
1576485810
143622
19712
123910
1576485810
143626
19712
123914
1576485810
143626
19712
123914
1576485810
143626
19712
123914
1576485810
143626
19712
123914
1576485810
143633
19712
123921
1576485811
143633
19712
123921
1576485811
143633
19712
123921
1576485811
143633
19712
123921
1576485811
143633
19712
123921
1576485811
143633
19712
123921
1576485811
143633
19712
123921
1576485811
143633
19712
123921
1576485811
143634
19713
123921
1576485812
143634
19713
123921
1576485812
143634
19713
123921
1576485812
143634
19713
123921
1576485812
143636
19713
123923
1576485812
143636
19713
123923
1576485812
143639
19713
123926
1576485812
143639
19713
123926
1576485812
143639
19713
123926
1576485813
143639
19713
123926
1576485813
143640
19713
123927
1576485813
143640
19713
123927
1576485813
143640
19713
123927
1576485813
143640
19713
123927
1576485813
143641
19714
123927
1576485813
143641
19714
123927
1576485813
143650
19723
123927
1576485814
143650
19723
123927
1576485814
143674
19747
123927
1576485814
143681
19754
123927
1576485814
143681
19754
123927
1576485814
143681
19754
123927
1576485814
143681
19754
123927
1576485814
143688
19761
123927
1576485814
143688
19761
123927
1576485815
143693
19766
123927
1576485815
143693
19766
123927
1576485815
143697
19770
123927
1576485815
143697
19770
123927
1576485815
143697
19770
123927
1576485815
143697
19770
123927
1576485815
143697
19770
123927
1576485815
143697
19770
123927
1576485816
143697
19770
123927
1576485816
143697
19770
123927
1576485816
143697
19770
123927
1576485816
143697
19770
123927
1576485816
143700
19773
123927
1576485816
143700
19773
123927
1576485816
143703
19776
123927
1576485816
143703
19776
123927
1576485817
143704
19777
123927
1576485817
143704
19777
123927
1576485817
143707
19780
123927
1576485817
143707
19780
123927
1576485817
143708
19781
123927
1576485817
143708
19781
123927
1576485817
143710
19783
123927
1576485817
143710
19783
123927
1576485818
143718
19791
123927
1576485818
143718
19791
123927
1576485818
143718
19791
123927
1576485818
143718
19791
123927
1576485818
143723
19796
123927
1576485818
143723
19796
123927
1576485818
143726
19799
123927
1576485819
143726
19799
123927
1576485819
143731
19804
123927
1576485819
143731
19804
123927
1576485819
143732
19805
123927
1576485819
143732
19805
123927
1576485819
143734
19807
123927
1576485819
143734
19807
123927
1576485819
143735
19808
123927
1576485819
143735
19808
123927
1576485820
143735
19808
123927
1576485820
143735
19808
123927
1576485820
143735
19808
123927
1576485820
143735
19808
123927
1576485820
143737
19810
123927
1576485820
143737
19810
123927
1576485820
143737
19810
123927
1576485821
143737
19810
123927
1576485821
143737
19810
123927
1576485821
143737
19810
123927
1576485821
143737
19810
123927
1576485821
143737
19810
123927
1576485821
143737
19810
123927
1576485821
143737
19810
123927
1576485821
143737
19810
123927
1576485822
143737
19810
123927
1576485822
143737
19810
123927
1576485822
143737
19810
123927
1576485822
143737
19810
123927
1576485822
143737
19810
123927
1576485822
143737
19810
123927
1576485822
143737
19810
123927
1576485822
143737
19810
123927
1576485823
143737
19810
123927
1576485823
143737
19810
123927
1576485823
143737
19810
123927
1576485823
143737
19810
123927
1576485823
143737
19810
123927
1576485823
143737
19810
123927
1576485823
143737
19810
123927
1576485823
143737
19810
123927
1576485824
143737
19810
123927
1576485824
143737
19810
123927
1576485824
143737
19810
123927
1576485824
143737
19810
123927
1576485824
143737
19810
123927
1576485824
143737
19810
123927
1576485824
143737
19810
123927
1576485824
143737
19810
123927
1576485825
143737
19810
123927
1576485825
143737
19810
123927
1576485825
143737
19810
123927
1576485825
143737
19810
123927
1576485825
143737
19810
123927
1576485825
143737
19810
123927
1576485825
143737
19810
123927
1576485826
143737
19810
123927
1576485826
143737
19810
123927
1576485826
143737
19810
123927
1576485826
143737
19810
123927
1576485826
143737
19810
123927
1576485826
143737
19810
123927
1576485826
143737
19810
123927
1576485826
143737
19810
123927
1576485827
143737
19810
123927
1576485827
143737
19810
123927
1576485827
143737
19810
123927
1576485827
143737
19810
123927
1576485827
143737
19810
123927
1576485827
143737
19810
123927
1576485827
143737
19810
123927
1576485827
143737
19810
123927
1576485828
143737
19810
123927
1576485828
143737
19810
123927
1576485828
143737
19810
123927
1576485828
143737
19810
123927
1576485828
143737
19810
123927
1576485828
143737
19810
123927
1576485828
143737
19810
123927
1576485828
143737
19810
123927
1576485829
143737
19810
123927
1576485829
143737
19810
123927
1576485829
143737
19810
123927
1576485829
143737
19810
123927
1576485829
143737
19810
123927
1576485829
143737
19810
123927
1576485829
143737
19810
123927
1576485829
143737
19810
123927
1576485830
143737
19810
123927
1576485830
143737
19810
123927
1576485830
143737
19810
123927
1576485830
143737
19810
123927
1576485830
143737
19810
123927
1576485830
143738
19810
123928
1576485830
143738
19810
123928
1576485830
143740
19810
123930
1576485831
143740
19810
123930
1576485831
143740
19810
123930
1576485831
143740
19810
123930
1576485831
143741
19810
123931
1576485831
143741
19810
123931
1576485831
143741
19810
123931
1576485831
143741
19810
123931
1576485831
143741
19810
123931
1576485832
143741
19810
123931
1576485832
143741
19810
123931
1576485832
143741
19810
123931
1576485832
143742
19810
123932
1576485832
143742
19810
123932
1576485832
143742
19810
123932
1576485832
143742
19810
123932
1576485832
143742
19810
123932
1576485833
143742
19810
123932
1576485833
143742
19810
123932
1576485833
143742
19810
123932
1576485833
143745
19810
123935
1576485833
143745
19810
123935
1576485833
143745
19810
123935
1576485833
143745
19810
123935
1576485833
143747
19810
123937
1576485834
143747
19810
123937
1576485834
143747
19810
123937
1576485834
143747
19810
123937
1576485834
143755
19810
123945
1576485834
143755
19810
123945
1576485834
143755
19810
123945
1576485834
143755
19810
123945
1576485835
143757
19810
123947
1576485835
143757
19810
123947
1576485835
143757
19810
123947
1576485835
143757
19810
123947
1576485835
143761
19810
123951
1576485835
143761
19810
123951
1576485835
143761
19810
123951
1576485835
143762
19810
123952
1576485836
143762
19810
123952
1576485836
143762
19810
123952
1576485836
143762
19810
123952
1576485836
143762
19810
123952
1576485836
143762
19810
123952
1576485836
143762
19810
123952
1576485836
143762
19810
123952
1576485836
143762
19810
123952
1576485837
143762
19810
123952
1576485837
143762
19810
123952
1576485837
143762
19810
123952
1576485837
143762
19810
123952
1576485837
143762
19810
123952
1576485837
143762
19810
123952
1576485837
143762
19810
123952
1576485838
143762
19810
123952
1576485838
143762
19810
123952
1576485838
143762
19810
123952
1576485838
143764
19810
123954
1576485838
143764
19810
123954
1576485838
143765
19810
123955
1576485838
143765
19810
123955
1576485838
143768
19810
123958
1576485839
143768
19810
123958
1576485839
143771
19810
123961
1576485839
143771
19810
123961
1576485839
143771
19810
123961
1576485839
143771
19810
123961
1576485839
143772
19810
123962
1576485839
143772
19810
123962
1576485840
143772
19810
123962
1576485840
143772
19810
123962
1576485840
143774
19810
123964
1576485840
143774
19810
123964
1576485840
143774
19810
123964
1576485840
143774
19810
123964
1576485840
143775
19810
123965
1576485840
143775
19810
123965
1576485841
143777
19810
123967
1576485841
143777
19810
123967
1576485841
143777
19810
123967
1576485841
143777
19810
123967
1576485841
143777
19810
123967
1576485841
143777
19810
123967
1576485841
143777
19810
123967
1576485841
143777
19810
123967
1576485842
143778
19811
123967
1576485842
143778
19811
123967
1576485842
143778
19811
123967
1576485842
143778
19811
123967
1576485842
143779
19812
123967
1576485842
143779
19812
123967
1576485842
143779
19812
123967
1576485842
143779
19812
123967
1576485843
143779
19812
123967
1576485843
143780
19813
123967
1576485843
143780
19813
123967
1576485843
143780
19813
123967
1576485843
143780
19813
123967
1576485843
143780
19813
123967
1576485843
143780
19813
123967
1576485844
143780
19813
123967
1576485844
143780
19813
123967
1576485844
143780
19813
123967
1576485844
143780
19813
123967
1576485844
143780
19813
123967
1576485844
143780
19813
123967
1576485844
143780
19813
123967
1576485844
143780
19813
123967
1576485844
143780
19813
123967
1576485845
143780
19813
123967
1576485845
143780
19813
123967
1576485845
143780
19813
123967
1576485845
143781
19814
123967
1576485845
143781
19814
123967
1576485845
143781
19814
123967
1576485845
143781
19814
123967
1576485846
143781
19814
123967
1576485846
143781
19814
123967
1576485846
143781
19814
123967
1576485846
143781
19814
123967
1576485846
143781
19814
123967
1576485846
143781
19814
123967
1576485846
143781
19814
123967
1576485846
143784
19817
123967
1576485846
143785
19818
123967
1576485847
143785
19818
123967
1576485847
143785
19818
123967
1576485847
143785
19818
123967
1576485847
143785
19818
123967
1576485847
143785
19818
123967
1576485847
143785
19818
123967
1576485847
143785
19818
123967
1576485848
143786
19819
123967
1576485848
143786
19819
123967
1576485848
143786
19819
123967
1576485848
143786
19819
123967
1576485848
143786
19819
123967
1576485848
143786
19819
123967
1576485848
143786
19819
123967
1576485848
143786
19819
123967
1576485849
143786
19819
123967
1576485849
143786
19819
123967
1576485849
143786
19819
123967
1576485849
143786
19819
123967
1576485849
143786
19819
123967
1576485849
143786
19819
123967
1576485849
143786
19819
123967
1576485849
143786
19819
123967
1576485850
143786
19819
123967
1576485850
143786
19819
123967
1576485850
143786
19819
123967
1576485850
143786
19819
123967
1576485850
143786
19819
123967
1576485850
143786
19819
123967
1576485850
143786
19819
123967
1576485850
143786
19819
123967
1576485851
143786
19819
123967
1576485851
143786
19819
123967
1576485851
143786
19819
123967
1576485851
143786
19819
123967
1576485851
143786
19819
123967
1576485851
143786
19819
123967
1576485851
143786
19819
123967
1576485851
143786
19819
123967
1576485852
143786
19819
123967
1576485852
143786
19819
123967
1576485852
143786
19819
123967
1576485852
143786
19819
123967
1576485852
143787
19820
123967
1576485852
143787
19820
123967
1576485852
143787
19820
123967
1576485852
143787
19820
123967
1576485853
143787
19820
123967
1576485853
143787
19820
123967
1576485853
143787
19820
123967
1576485853
143787
19820
123967
1576485853
143787
19820
123967
1576485853
143787
19820
123967
1576485853
143787
19820
123967
1576485854
143787
19820
123967
1576485854
143787
19820
123967
1576485854
143787
19820
123967
1576485854
143787
19820
123967
1576485854
143787
19820
123967
1576485854
143787
19820
123967
1576485854
143787
19820
123967
1576485854
143787
19820
123967
1576485855
143787
19820
123967
1576485855
143787
19820
123967
1576485855
143787
19820
123967
1576485855
143787
19820
123967
1576485855
143787
19820
123967
1576485855
143789
19821
123968
1576485855
143789
19821
123968
1576485855
143789
19821
123968
1576485856
143789
19821
123968
1576485856
143789
19821
123968
1576485856
143789
19821
123968
1576485856
143789
19821
123968
1576485856
143789
19821
123968
1576485856
143791
19822
123969
1576485856
143791
19822
123969
1576485856
143792
19822
123970
1576485857
143792
19822
123970
1576485857
143792
19822
123970
1576485857
143792
19822
123970
1576485857
143798
19822
123976
1576485857
143798
19822
123976
1576485857
143798
19822
123976
1576485857
143798
19822
123976
1576485857
143802
19822
123980
1576485858
143802
19822
123980
1576485858
143802
19822
123980
1576485858
143802
19822
123980
1576485858
143805
19824
123981
1576485858
143805
19824
123981
1576485858
143805
19824
123981
1576485858
143805
19824
123981
1576485858
143807
19826
123981
1576485859
143807
19826
123981
1576485859
143807
19826
123981
1576485859
143807
19826
123981
1576485859
143815
19826
123989
1576485859
143815
19826
123989
1576485859
143815
19826
123989
1576485859
143815
19826
123989
1576485859
143815
19826
123989
1576485860
143815
19826
123989
1576485860
143816
19826
123990
1576485860
143816
19826
123990
1576485860
143816
19826
123990
1576485860
143816
19826
123990
1576485860
143816
19826
123990
1576485860
143816
19826
123990
1576485860
143816
19826
123990
1576485861
143816
19826
123990
1576485861
143816
19826
123990
1576485861
143816
19826
123990
1576485861
143816
19826
123990
1576485861
143816
19826
123990
1576485861
143816
19826
123990
1576485861
143816
19826
123990
1576485861
143817
19827
123990
1576485862
143817
19827
123990
1576485862
143817
19827
123990
1576485862
143817
19827
123990
1576485862
143818
19828
123990
1576485862
143818
19828
123990
1576485862
143818
19828
123990
1576485862
143818
19828
123990
1576485862
143819
19829
123990
1576485862
143819
19829
123990
1576485863
143819
19829
123990
1576485863
143819
19829
123990
1576485863
143824
19830
123994
1576485863
143824
19830
123994
1576485863
143824
19830
123994
1576485863
143824
19830
123994
1576485863
143825
19830
123995
1576485863
143825
19830
123995
1576485864
143825
19830
123995
1576485864
143825
19830
123995
1576485864
143825
19830
123995
1576485864
143825
19830
123995
1576485864
143825
19830
123995
1576485864
143825
19830
123995
1576485864
143825
19830
123995
1576485864
143825
19830
123995
1576485865
143825
19830
123995
1576485865
143825
19830
123995
1576485865
143825
19830
123995
1576485865
143825
19830
123995
1576485865
143825
19830
123995
1576485865
143825
19830
123995
1576485865
143825
19830
123995
1576485866
143825
19830
123995
1576485866
143825
19830
123995
1576485866
143825
19830
123995
1576485866
143825
19830
123995
1576485866
143825
19830
123995
1576485866
143825
19830
123995
1576485866
143825
19830
123995
1576485866
143825
19830
123995
1576485866
143825
19830
123995
1576485867
143825
19830
123995
1576485867
143825
19830
123995
1576485867
143825
19830
123995
1576485867
143825
19830
123995
1576485867
143825
19830
123995
1576485867
143825
19830
123995
1576485867
143825
19830
123995
1576485868
143825
19830
123995
1576485868
143825
19830
123995
1576485868
143825
19830
123995
1576485868
143825
19830
123995
1576485868
143825
19830
123995
1576485868
143825
19830
123995
1576485868
143825
19830
123995
1576485868
143825
19830
123995
1576485869
143825
19830
123995
1576485869
143825
19830
123995
1576485869
143825
19830
123995
1576485869
143825
19830
123995
1576485869
143825
19830
123995
1576485869
143825
19830
123995
1576485869
143825
19830
123995
1576485869
143825
19830
123995
1576485870
143825
19830
123995
1576485870
143825
19830
123995
1576485870
143825
19830
123995
1576485870
143825
19830
123995
1576485870
143825
19830
123995
1576485870
143825
19830
123995
1576485870
143825
19830
123995
1576485870
143825
19830
123995
1576485871
143825
19830
123995
1576485871
143825
19830
123995
1576485871
143825
19830
123995
1576485871
143825
19830
123995
1576485871
143825
19830
123995
1576485871
143825
19830
123995
1576485871
143825
19830
123995
1576485871
143825
19830
123995
1576485872
143825
19830
123995
1576485872
143825
19830
123995
1576485872
143825
19830
123995
1576485872
143825
19830
123995
1576485872
143825
19830
123995
1576485872
143825
19830
123995
1576485872
143825
19830
123995
1576485872
143825
19830
123995
1576485872
143825
19830
123995
1576485873
143825
19830
123995
1576485873
143825
19830
123995
1576485873
143825
19830
123997
1576485873
143827
19830
123997
1576485873
143827
19830
123997
1576485873
143829
19830
123999
1576485873
143829
19830
123999
1576485873
143829
19830
123999
1576485874
143829
19830
123999
1576485874
143829
19830
123999
1576485874
143829
19830
123999
1576485874
143832
19830
124002
1576485874
143832
19830
124002
1576485874
143834
19830
124004
1576485874
143834
19830
124004
1576485874
143836
19830
124006
1576485875
143836
19830
124006
1576485875
143841
19830
124011
1576485875
143841
19830
124011
1576485875
143844
19830
124014
1576485875
143844
19830
124014
1576485875
143845
19830
124015
1576485875
143845
19830
124015
1576485875
143845
19830
124015
1576485876
143845
19830
124015
1576485876
143847
19830
124017
1576485876
143847
19830
124017
1576485876
143847
19830
124017
1576485876
143847
19830
124017
1576485876
143849
19830
124019
1576485876
143849
19830
124019
1576485876
143851
19830
124021
1576485877
143851
19830
124021
1576485877
143853
19830
124023
1576485877
143853
19830
124023
1576485877
143853
19830
124023
1576485877
143853
19830
124023
1576485877
143853
19830
124023
1576485877
143853
19830
124023
1576485877
143853
19830
124023
1576485878
143853
19830
124023
1576485878
143853
19830
124023
1576485878
143853
19830
124023
1576485878
143853
19830
124023
1576485878
143853
19830
124023
1576485878
143853
19830
124023
1576485878
143853
19830
124023
1576485878
143855
19830
124025
1576485879
143855
19830
124025
1576485879
143855
19830
124025
1576485879
143855
19830
124025
1576485879
143855
19830
124025
1576485879
143855
19830
124025
1576485879
143856
19830
124026
1576485879
143856
19830
124026
1576485879
143857
19830
124027
1576485880
143857
19830
124027
1576485880
143857
19830
124027
1576485880
143857
19830
124027
1576485880
143860
19830
124030
1576485880
143860
19830
124030
1576485880
143860
19830
124030
1576485880
143860
19830
124030
1576485880
143860
19830
124031
1576485881
143861
19830
124031
1576485881
143861
19830
124031
1576485881
143862
19830
124032
1576485881
143862
19830
124032
1576485881
143866
19830
124036
1576485881
143866
19830
124036
1576485881
143866
19830
124036
1576485881
143867
19830
124037
1576485882
143867
19830
124037
1576485882
143871
19830
124041
1576485882
143871
19830
124041
1576485882
143871
19830
124041
1576485882
143871
19830
124041
1576485882
143872
19830
124042
1576485882
143872
19830
124042
1576485882
143872
19830
124043
1576485883
143873
19830
124043
1576485883
143873
19830
124043
1576485883
143875
19830
124045
1576485883
143875
19830
124045
1576485883
143876
19830
124046
1576485883
143876
19830
124046
1576485883
143876
19830
124046
1576485883
143876
19830
124046
1576485883
143881
19830
124051
1576485884
143881
19830
124051
1576485884
143882
19830
124052
1576485884
143882
19830
124052
1576485884
143882
19830
124052
1576485884
143882
19830
124052
1576485884
143882
19830
124052
1576485884
143882
19830
124052
1576485884
143882
19830
124052
1576485885
143882
19830
124052
1576485885
143882
19830
124052
1576485885
143882
19830
124052
1576485885
143882
19830
124052
1576485885
143882
19830
124052
1576485885
143882
19830
124052
1576485885
143882
19830
124052
1576485886
143882
19830
124052
1576485886
143882
19830
124052
1576485886
143882
19830
124052
1576485886
143882
19830
124052
1576485886
143882
19830
124052
1576485886
143882
19830
124052
1576485886
143882
19830
124052
1576485886
143882
19830
124052
1576485886
143882
19830
124052
1576485887
143882
19830
124052
1576485887
143882
19830
124052
1576485887
143882
19830
124052
1576485887
143882
19830
124052
1576485887
143882
19830
124052
1576485887
143882
19830
124052
1576485887
143882
19830
124052
1576485887
143882
19830
124052
1576485888
143882
19830
124052
1576485888
143889
19830
124059
1576485888
143889
19830
124059
1576485888
143889
19830
124059
1576485888
143889
19830
124059
1576485888
143892
19830
124062
1576485888
143892
19830
124062
1576485888
143894
19830
124064
1576485889
143894
19830
124064
1576485889
143900
19831
124069
1576485889
143900
19831
124069
1576485889
143902
19831
124071
1576485889
143902
19831
124071
1576485889
143905
19831
124074
1576485889
143905
19831
124074
1576485889
143905
19831
124074
1576485890
143905
19831
124074
1576485890
143907
19831
124076
1576485890
143907
19831
124076
1576485890
143907
19831
124076
1576485890
143907
19831
124076
1576485890
143907
19831
124076
1576485890
143907
19831
124076
1576485890
143909
19831
124078
1576485891
143909
19831
124078
1576485891
143914
19831
124083
1576485891
143914
19831
124083
1576485891
143914
19831
124083
1576485891
143914
19831
124083
1576485891
143916
19831
124085
1576485891
143916
19831
124085
1576485891
143916
19831
124085
1576485892
143916
19831
124085
1576485892
143918
19831
124087
1576485892
143918
19831
124087
1576485892
143919
19831
124088
1576485892
143919
19831
124088
1576485892
143920
19832
124088
1576485892
143920
19832
124088
1576485893
143928
19839
124089
1576485893
143928
19839
124089
1576485893
143928
19839
124089
1576485893
143928
19839
124089
1576485893
143928
19839
124089
1576485893
143928
19839
124089
1576485893
143928
19839
124089
1576485893
143928
19839
124089
1576485894
143928
19839
124089
1576485894
143928
19839
124089
1576485894
143928
19839
124089
1576485894
143928
19839
124089
1576485894
143928
19839
124089
1576485894
143928
19839
124089
1576485894
143928
19839
124089
1576485894
143928
19839
124089
1576485895
143928
19839
124089
1576485895
143928
19839
124089
1576485895
143928
19839
124089
1576485895
143928
19839
124089
1576485895
143928
19839
124089
1576485895
143928
19839
124089
1576485895
143928
19839
124089
1576485896
143928
19839
124089
1576485896
143928
19839
124089
1576485896
143928
19839
124089
1576485896
143928
19839
124089
1576485896
143928
19839
124089
1576485896
143928
19839
124089
1576485896
143928
19839
124089
1576485896
143928
19839
124089
1576485897
143928
19839
124089
1576485897
143928
19839
124089
1576485897
143928
19839
124089
1576485897
143928
19839
124089
1576485897
143928
19839
124089
1576485897
143928
19839
124089
1576485897
143928
19839
124089
1576485898
143928
19839
124089
1576485898
143928
19839
124089
1576485898
143928
19839
124089
1576485898
143928
19839
124089
1576485898
143928
19839
124089
1576485898
143928
19839
124089
1576485898
143928
19839
124089
1576485898
143928
19839
124089
1576485899
143928
19839
124089
1576485899
143928
19839
124089
1576485899
143928
19839
124089
1576485899
143928
19839
124089
1576485899
143928
19839
124089
1576485899
143928
19839
124089
1576485899
143928
19839
124089
1576485899
143928
19839
124089
1576485900
143928
19839
124089
1576485900
143928
19839
124089
1576485900
143928
19839
124089
1576485900
143928
19839
124089
1576485900
143928
19839
124089
1576485900
143928
19839
124089
1576485900
143928
19839
124089
1576485900
143928
19839
124089
1576485901
143928
19839
124089
1576485901
143928
19839
124089
1576485901
143928
19839
124089
1576485901
143928
19839
124089
1576485901
143928
19839
124089
1576485901
143928
19839
124089
1576485901
143928
19839
124089
1576485901
143928
19839
124089
1576485902
143928
19839
124089
1576485902
143928
19839
124089
1576485902
143928
19839
124089
1576485902
143928
19839
124089
1576485902
143928
19839
124089
1576485902
143928
19839
124089
1576485902
143928
19839
124089
1576485902
143928
19839
124089
1576485903
143928
19839
124089
1576485903
143928
19839
124089
1576485903
143928
19839
124089
1576485903
143928
19839
124089
1576485903
143928
19839
124089
1576485903
143928
19839
124089
1576485903
143928
19839
124089
1576485903
143928
19839
124089
1576485904
143928
19839
124089
1576485904
143928
19839
124089
1576485904
143928
19839
124089
1576485904
143928
19839
124089
1576485904
143928
19839
124089
1576485904
143928
19839
124089
1576485904
143928
19839
124089
1576485904
143928
19839
124089
1576485905
143928
19839
124089
1576485905
143928
19839
124089
1576485905
143932
19839
124093
1576485905
143932
19839
124093
1576485905
143938
19839
124099
1576485905
143938
19839
124099
1576485905
143949
19839
124110
1576485905
143949
19839
124110
1576485906
143949
19839
124110
1576485906
143949
19839
124110
1576485906
144112
19839
124273
1576485906
144114
19840
124274
1576485906
144114
19840
124274
1576485906
144117
19840
124277
1576485906
144117
19840
124277
1576485906
144117
19840
124277
1576485907
144117
19840
124277
1576485907
144117
19840
124277
1576485907
144117
19840
124277
1576485907
144117
19840
124277
1576485907
144117
19840
124277
1576485907
144120
19840
124280
1576485907
144120
19840
124280
1576485907
144123
19840
124283
1576485908
144123
19840
124283
1576485908
144123
19840
124283
1576485908
144123
19840
124283
1576485908
144128
19841
124287
1576485908
144128
19841
124287
1576485908
144128
19841
124287
1576485908
144128
19841
124287
1576485908
144130
19843
124287
1576485909
144130
19843
124287
1576485909
144130
19843
124287
1576485909
144130
19843
124287
1576485909
144130
19843
124287
1576485909
144130
19843
124287
1576485909
144130
19843
124287
1576485909
144130
19843
124287
1576485909
144131
19843
124288
1576485910
144131
19843
124288
1576485910
144131
19843
124288
1576485910
144131
19843
124288
1576485910
144132
19843
124289
1576485910
144132
19843
124289
1576485910
144132
19843
124289
1576485910
144132
19843
124289
1576485910
144134
19843
124291
1576485911
144134
19843
124291
1576485911
144134
19843
124291
1576485911
144134
19843
124291
1576485911
144134
19843
124291
1576485911
144134
19843
124291
1576485911
144134
19843
124291
1576485911
144134
19843
124291
1576485912
144136
19843
124293
1576485912
144136
19843
124293
1576485912
144139
19843
124296
1576485912
144139
19843
124296
1576485912
144139
19843
124296
1576485912
144139
19843
124296
1576485912
144141
19843
124298
1576485912
144141
19843
124298
1576485913
144141
19843
124298
1576485913
144141
19843
124298
1576485913
144141
19843
124298
1576485913
144141
19843
124298
1576485913
144141
19843
124298
1576485913
144141
19843
124298
1576485913
144142
19843
124299
1576485913
144142
19843
124299
1576485914
144142
19843
124299
1576485914
144142
19843
124299
1576485914
144142
19843
124299
1576485914
144142
19843
124299
1576485914
144145
19843
124302
1576485914
144145
19843
124302
1576485914
144146
19843
124303
1576485914
144146
19843
124303
1576485915
144146
19843
124303
1576485915
144146
19843
124303
1576485915
144146
19843
124303
1576485915
144146
19843
124303
1576485915
144146
19843
124303
1576485915
144146
19843
124303
1576485915
144146
19843
124303
1576485915
144146
19843
124303
1576485916
144148
19843
124305
1576485916
144148
19843
124305
1576485916
144148
19843
124305
1576485916
144148
19843
124305
1576485916
144148
19843
124305
1576485916
144148
19843
124305
1576485916
144149
19843
124306
1576485916
144149
19843
124306
1576485916
144149
19843
124306
1576485917
144149
19843
124306
1576485917
144149
19843
124306
1576485917
144149
19843
124306
1576485917
144149
19843
124306
1576485917
144149
19843
124306
1576485917
144149
19843
124306
1576485917
144149
19843
124306
1576485917
144149
19843
124306
1576485918
144149
19843
124306
1576485918
144149
19843
124306
1576485918
144149
19843
124306
1576485918
144149
19843
124306
1576485918
144149
19843
124306
1576485918
144149
19843
124306
1576485918
144149
19843
124306
1576485919
144150
19843
124307
1576485919
144150
19843
124307
1576485919
144150
19843
124307
1576485919
144150
19843
124307
1576485919
144152
19843
124309
1576485919
144152
19843
124309
1576485919
144152
19843
124309
1576485919
144152
19843
124309
1576485920
144152
19843
124309
1576485920
144152
19843
124309
1576485920
144152
19843
124309
1576485920
144152
19843
124309
1576485920
144153
19844
124309
1576485920
144153
19844
124309
1576485920
144153
19844
124309
1576485920
144154
19844
124310
1576485920
144154
19844
124310
1576485921
144156
19844
124312
1576485921
144156
19844
124312
1576485921
144156
19844
124312
1576485921
144156
19844
124312
1576485921
144157
19845
124312
1576485921
144157
19845
124312
1576485921
144157
19845
124312
1576485921
144157
19845
124312
1576485922
144159
19846
124313
1576485922
144159
19846
124313
1576485922
144159
19846
124313
1576485922
144159
19846
124313
1576485922
144159
19846
124313
1576485922
144159
19846
124313
1576485922
144160
19847
124313
1576485922
144160
19847
124313
1576485923
144161
19847
124314
1576485923
144161
19847
124314
1576485923
144163
19847
124316
1576485923
144163
19847
124316
1576485923
144168
19847
124321
1576485923
144168
19847
124321
1576485923
144168
19847
124321
1576485924
144168
19847
124321
1576485924
144180
19847
124333
1576485924
144180
19847
124333
1576485924
144345
19847
124498
1576485924
144348
19847
124501
1576485924
144348
19847
124501
1576485924
144350
19847
124503
1576485924
144350
19847
124503
1576485924
144351
19847
124504
1576485925
144351
19847
124504
1576485925
144351
19847
124504
1576485925
144351
19847
124504
1576485925
144351
19847
124504
1576485925
144351
19847
124504
1576485925
144352
19847
124505
1576485925
144352
19847
124505
1576485925
144352
19847
124505
1576485926
144352
19847
124505
1576485926
144353
19847
124506
1576485926
144353
19847
124506
1576485926
144354
19847
124507
1576485926
144354
19847
124507
1576485926
144355
19847
124508
1576485926
144355
19847
124508
1576485927
144355
19847
124508
1576485927
144355
19847
124508
1576485927
144355
19847
124508
1576485927
144355
19847
124508
1576485927
144356
19847
124509
1576485927
144356
19847
124509
1576485927
144357
19847
124510
1576485927
144357
19847
124510
1576485928
144357
19847
124510
1576485928
144357
19847
124510
1576485928
144359
19847
124512
1576485928
144359
19847
124512
1576485928
144359
19847
124512
1576485928
144359
19847
124512
1576485928
144359
19847
124512
1576485928
144359
19847
124512
1576485929
144359
19847
124512
1576485929
144360
19847
124513
1576485929
144360
19847
124513
1576485929
144360
19847
124513
1576485929
144360
19847
124513
1576485929
144361
19847
124514
1576485929
144361
19847
124514
1576485929
144361
19847
124514
1576485930
144361
19847
124514
1576485930
144361
19847
124514
1576485930
144361
19847
124514
1576485930
144361
19847
124514
1576485930
144361
19847
124514
1576485930
144361
19847
124514
1576485930
144361
19847
124514
1576485930
144361
19847
124514
1576485931
144361
19847
124514
1576485931
144361
19847
124514
1576485931
144361
19847
124514
1576485931
144366
19847
124519
1576485931
144366
19847
124519
1576485931
144369
19847
124522
1576485931
144369
19847
124522
1576485931
144369
19847
124522
1576485932
144369
19847
124522
1576485932
144372
19847
124525
1576485932
144372
19847
124525
1576485932
144375
19847
124528
1576485932
144375
19847
124528
1576485932
144375
19847
124528
1576485932
144375
19847
124528
1576485932
144377
19847
124530
1576485933
144377
19847
124530
1576485933
144377
19847
124530
1576485933
144377
19847
124530
1576485933
144377
19847
124530
1576485933
144379
19847
124532
1576485933
144379
19847
124532
1576485933
144383
19847
124536
1576485933
144383
19847
124536
1576485934
144383
19847
124536
1576485934
144383
19847
124536
1576485934
144385
19847
124538
1576485934
144385
19847
124538
1576485934
144385
19847
124538
1576485934
144385
19847
124538
1576485934
144386
19847
124539
1576485934
144386
19847
124539
1576485935
144386
19847
124539
1576485935
144386
19847
124539
1576485935
144386
19847
124539
1576485935
144386
19847
124539
1576485935
144386
19847
124539
1576485935
144386
19847
124539
1576485935
144386
19847
124539
1576485935
144386
19847
124539
1576485936
144388
19847
124541
1576485936
144388
19847
124541
1576485936
144390
19847
124543
1576485936
144390
19847
124543
1576485936
144390
19847
124543
1576485936
144390
19847
124543
1576485936
144390
19847
124543
1576485937
144392
19847
124545
1576485937
144392
19847
124545
1576485937
144392
19847
124545
1576485937
144393
19847
124546
1576485937
144393
19847
124548
1576485937
144395
19847
124548
1576485937
144395
19847
124548
1576485937
144395
19847
124548
1576485938
144395
19847
124548
1576485938
144395
19847
124548
1576485938
144395
19847
124551
1576485938
144398
19847
124551
1576485938
144398
19847
124551
1576485938
144398
19847
124551
1576485938
144398
19847
124551
1576485938
144398
19847
124551
1576485939
144398
19847
124551
1576485939
144398
19847
124551
1576485939
144398
19847
124551
1576485939
144398
19847
124551
1576485939
144398
19847
124551
1576485939
144398
19847
124551
1576485939
144398
19847
124551
1576485939
144398
19847
124551
1576485940
144398
19847
124551
1576485940
144399
19847
124552
1576485940
144399
19847
124552
1576485940
144399
19847
124552
1576485940
144399
19847
124552
1576485940
144399
19847
124552
1576485940
144399
19847
124552
1576485940
144401
19848
124553
1576485940
144401
19848
124553
1576485941
144402
19848
124554
1576485941
144402
19848
124554
1576485941
144407
19851
124556
1576485941
144407
19851
124556
1576485941
144414
19857
124557
1576485941
144414
19857
124557
1576485941
144420
19862
124558
1576485942
144420
19862
124558
1576485942
144420
19862
124558
1576485942
144420
19862
124561
1576485942
144426
19865
124561
1576485942
144426
19865
124561
1576485942
144581
19968
124613
1576485942
144581
19968
124613
1576485942
144581
19968
124613
1576485943
144581
19968
124613
1576485943
144581
19968
124613
1576485943
144581
19968
124613
1576485943
144581
19968
124613
1576485943
144581
19968
124613
1576485943
144581
19968
124613
1576485943
144581
19968
124613
1576485943
144581
19968
124613
1576485944
144581
19968
124613
1576485944
144581
19968
124613
1576485944
144581
19968
124613
1576485944
144581
19968
124613
1576485944
144581
19968
124613
1576485944
144581
19968
124613
1576485944
144588
19971
124617
1576485944
144588
19971
124617
1576485945
144588
19971
124617
1576485945
144588
19971
124617
1576485945
144588
19971
124617
1576485945
144588
19971
124617
1576485945
144588
19971
124617
1576485945
144588
19971
124617
1576485945
144588
19971
124617
1576485945
144588
19971
124617
1576485946
144588
19971
124617
1576485946
144588
19971
124617
1576485946
144588
19971
124617
1576485946
144588
19971
124617
1576485946
144588
19971
124617
1576485946
144588
19971
124617
1576485946
144589
19971
124618
1576485946
144589
19971
124618
1576485947
144589
19971
124618
1576485947
144590
19972
124618
1576485947
144590
19972
124618
1576485947
144590
19972
124618
1576485947
144590
19972
124618
1576485947
144590
19972
124618
1576485948
144590
19972
124618
1576485948
144590
19972
124618
1576485948
144590
19972
124618
1576485948
144590
19972
124618
1576485948
144590
19972
124618
1576485948
144590
19972
124618
1576485948
144590
19972
124618
1576485948
144590
19972
124618
1576485948
144590
19972
124618
1576485949
144590
19972
124618
1576485949
144590
19972
124618
1576485949
144590
19972
124618
1576485949
144590
19972
124618
1576485949
144590
19972
124618
1576485949
144590
19972
124618
1576485949
144590
19972
124618
1576485949
144590
19972
124618
1576485949
144590
19972
124618
1576485950
144590
19972
124618
1576485950
144590
19972
124618
1576485950
144590
19972
124618
1576485950
144590
19972
124618
1576485950
144590
19972
124618
1576485950
144590
19972
124618
1576485950
144590
19972
124618
1576485950
144590
19972
124618
1576485950
144590
19972
124618
1576485951
144590
19972
124618
1576485951
144590
19972
124618
1576485951
144590
19972
124618
1576485951
144590
19972
124618
1576485951
144590
19972
124618
1576485951
144590
19972
124618
1576485951
144591
19973
124618
1576485951
144591
19973
124618
1576485951
144591
19973
124618
1576485952
144591
19973
124618
1576485952
144591
19973
124618
1576485952
144591
19973
124618
1576485952
144591
19973
124618
1576485952
144591
19973
124618
1576485952
144591
19973
124618
1576485952
144592
19974
124618
1576485952
144592
19974
124618
1576485953
144592
19974
124618
1576485953
144592
19974
124618
1576485953
144592
19974
124618
1576485953
144592
19974
124618
1576485953
144592
19974
124618
1576485953
144593
19975
124618
1576485953
144593
19975
124618
1576485953
144593
19975
124618
1576485953
144593
19975
124618
1576485954
144593
19975
124618
1576485954
144593
19975
124618
1576485954
144593
19975
124618
1576485954
144593
19975
124618
1576485954
144593
19975
124618
1576485954
144593
19975
124618
1576485954
144593
19975
124618
1576485954
144593
19975
124618
1576485954
144593
19975
124618
1576485955
144593
19975
124618
1576485955
144593
19975
124618
1576485955
144593
19975
124618
1576485955
144593
19975
124618
1576485955
144593
19975
124618
1576485955
144593
19975
124618
1576485955
144593
19975
124618
1576485955
144593
19975
124618
1576485955
144593
19975
124618
1576485956
144593
19975
124618
1576485956
144593
19975
124618
1576485956
144593
19975
124618
1576485956
144593
19975
124618
1576485956
144593
19975
124618
1576485956
144593
19975
124618
1576485956
144593
19975
124618
1576485956
144593
19975
124618
1576485956
144593
19975
124618
1576485957
144593
19975
124618
1576485957
144593
19975
124618
1576485957
144593
19975
124618
1576485957
144593
19975
124618
1576485957
144622
20002
124620
1576485957
144622
20002
124620
1576485957
144623
20003
124620
1576485957
144623
20003
124620
1576485957
144629
20009
124620
1576485958
144629
20009
124620
1576485958
144629
20009
124620
1576485958
144629
20009
124620
1576485958
144629
20009
124620
1576485958
144629
20009
124620
1576485958
144629
20009
124620
1576485958
144629
20009
124620
1576485958
144629
20009
124620
1576485958
144629
20009
124620
1576485959
144629
20009
124620
1576485959
144629
20009
124620
1576485959
144629
20009
124620
1576485959
144629
20009
124620
1576485959
144629
20009
124620
1576485959
144629
20009
124620
1576485959
144629
20009
124620
1576485959
144629
20009
124620
1576485959
144629
20009
124620
1576485960
144629
20009
124620
1576485960
144629
20009
124620
1576485960
144629
20009
124620
1576485960
144629
20009
124620
1576485960
144629
20009
124620
1576485960
144629
20009
124620
1576485960
144635
20015
124620
1576485960
144635
20015
124620
1576485960
144635
20015
124620
1576485961
144635
20015
124620
1576485961
144635
20015
124620
1576485961
144635
20015
124620
1576485961
144635
20015
124620
1576485961
144635
20015
124620
1576485961
144635
20015
124620
1576485961
144636
20016
124620
1576485961
144636
20016
124620
1576485961
144637
20017
124620
1576485962
144637
20017
124620
1576485962
144637
20017
124620
1576485962
144637
20017
124620
1576485962
144638
20018
124620
1576485962
144638
20018
124620
1576485962
144638
20018
124620
1576485962
144641
20021
124620
1576485962
144641
20021
124620
1576485962
144641
20021
124620
1576485963
144641
20021
124620
1576485963
144642
20022
124620
1576485963
144642
20022
124620
1576485963
144642
20022
124620
1576485963
144644
20024
124620
1576485963
144644
20024
124620
1576485963
144644
20024
124620
1576485963
144644
20024
124620
1576485963
144662
20040
124622
1576485964
144662
20040
124622
1576485964
144662
20040
124622
1576485964
144662
20040
124622
1576485964
144662
20040
124622
