
1576486427
1817
1601
216
1576486427
1817
1601
216
1576486427
1817
1601
216
1576486427
1817
1601
216
1576486428
1817
1601
216
1576486428
1817
1601
216
1576486428
1817
1601
216
1576486428
1817
1601
216
1576486428
1817
1601
216
1576486428
1817
1601
216
1576486428
1818
1602
216
1576486428
1818
1602
216
1576486428
1818
1602
216
1576486429
1818
1602
216
1576486429
1818
1602
216
1576486429
1818
1602
216
1576486429
1818
1602
216
1576486429
1818
1602
216
1576486429
1818
1602
216
1576486429
1820
1604
216
1576486429
1820
1604
216
1576486429
1820
1604
216
1576486430
1820
1604
216
1576486430
1830
1614
216
1576486430
1852
1636
216
1576486430
1852
1636
216
1576486430
1852
1636
216
1576486430
1852
1636
216
1576486430
1852
1636
216
1576486430
1872
1656
216
1576486430
1872
1656
216
1576486431
1891
1675
216
1576486431
1891
1675
216
1576486431
1903
1687
216
1576486431
1903
1687
216
1576486431
1903
1687
216
1576486431
1922
1706
216
1576486431
1922
1706
216
1576486431
1936
1720
216
1576486431
1936
1720
216
1576486432
1957
1741
216
1576486432
1957
1741
216
1576486432
1977
1761
216
1576486432
1977
1761
216
1576486432
1977
1761
216
1576486432
1977
1761
216
1576486432
1977
1761
216
1576486432
1977
1761
216
1576486432
1977
1761
216
1576486433
1977
1761
216
1576486433
1977
1761
216
1576486433
1979
1763
216
1576486433
1979
1763
216
1576486433
1979
1763
216
1576486433
1986
1770
216
1576486433
1986
1770
216
1576486433
1987
1771
216
1576486433
1987
1771
216
1576486434
1987
1771
216
1576486434
1987
1771
216
1576486434
1987
1771
216
1576486434
1987
1771
216
1576486434
1987
1771
216
1576486434
1987
1771
216
1576486434
1987
1771
216
1576486434
1987
1771
216
1576486434
1987
1771
216
1576486435
1987
1771
216
1576486435
1987
1771
216
1576486435
1987
1771
216
1576486435
1987
1771
216
1576486435
1987
1771
216
1576486435
1987
1771
216
1576486435
1987
1771
216
1576486435
1990
1774
216
1576486435
1990
1774
216
1576486436
1990
1774
216
1576486436
1990
1774
216
1576486436
1991
1775
216
1576486436
1991
1775
216
1576486436
1991
1775
216
1576486436
1991
1775
216
1576486436
1991
1775
216
1576486436
1992
1776
216
1576486436
1992
1776
216
1576486437
1992
1776
216
1576486437
1992
1776
216
1576486437
1992
1776
216
1576486437
1992
1776
216
1576486437
1992
1776
216
1576486437
1992
1776
216
1576486437
1992
1776
216
1576486437
1993
1777
216
1576486437
1993
1777
216
1576486438
1993
1777
216
1576486438
1993
1777
216
1576486438
2081
1865
216
1576486438
2081
1865
216
1576486438
2081
1865
216
1576486438
2081
1865
216
1576486438
2081
1865
216
1576486438
2083
1867
216
1576486438
2083
1867
216
1576486439
2083
1867
216
1576486439
2083
1867
216
1576486439
2084
1868
216
1576486439
2084
1868
216
1576486439
2084
1868
216
1576486439
2084
1868
216
1576486439
2084
1868
216
1576486439
2084
1868
216
1576486439
2084
1868
216
1576486440
2084
1868
216
1576486440
2084
1868
216
1576486440
2084
1868
216
1576486440
2085
1869
216
1576486440
2085
1869
216
1576486440
2085
1869
216
1576486440
2085
1869
216
1576486440
2085
1869
216
1576486440
2086
1870
216
1576486441
2086
1870
216
1576486441
2087
1871
216
1576486441
2087
1871
216
1576486441
2087
1871
216
1576486441
2087
1871
216
1576486441
2088
1872
216
1576486441
2088
1872
216
1576486441
2088
1872
216
1576486441
2088
1872
216
1576486442
2088
1872
216
1576486442
2089
1873
216
1576486442
2089
1873
216
1576486442
2089
1873
216
1576486442
2089
1873
216
1576486442
2089
1873
216
1576486442
2089
1873
216
1576486442
2089
1873
216
1576486442
2089
1873
216
1576486443
2089
1873
216
1576486443
2089
1873
216
1576486443
2092
1876
216
1576486443
2092
1876
216
1576486443
2097
1881
216
1576486443
2097
1881
216
1576486443
2103
1887
216
1576486443
2103
1887
216
1576486443
2138
1922
216
1576486444
2138
1922
216
1576486444
2138
1922
216
1576486444
2167
1950
217
1576486444
2167
1950
217
1576486444
2180
1963
217
1576486444
2180
1963
217
1576486444
2213
1996
217
1576486444
2213
1996
217
1576486444
2234
2017
217
1576486445
2234
2017
217
1576486445
2234
2017
217
1576486445
2305
2088
217
1576486445
2305
2088
217
1576486445
2334
2117
217
1576486445
2334
2117
217
1576486445
2334
2117
217
1576486445
2366
2149
217
1576486445
2366
2149
217
1576486446
2388
2171
217
1576486446
2388
2171
217
1576486446
2415
2198
217
1576486446
2415
2198
217
1576486446
2415
2198
217
1576486446
2420
2203
217
1576486446
2420
2203
217
1576486446
2422
2205
217
1576486446
2422
2205
217
1576486447
2422
2205
217
1576486447
2422
2205
217
1576486447
2422
2205
217
1576486447
2422
2205
217
1576486447
2422
2205
217
1576486447
2422
2205
217
1576486447
2422
2205
217
1576486447
2422
2205
217
1576486447
2422
2205
217
1576486448
2422
2205
217
1576486448
2422
2205
217
1576486448
2422
2205
217
1576486448
2422
2205
217
1576486448
2422
2205
217
1576486448
2426
2209
217
1576486448
2426
2209
217
1576486448
2426
2209
217
1576486448
2426
2209
217
1576486449
2426
2209
217
1576486449
2426
2209
217
1576486449
2426
2209
217
1576486449
2426
2209
217
1576486449
2426
2209
217
1576486449
2426
2209
217
1576486449
2428
2211
217
1576486449
2428
2211
217
1576486449
2428
2211
217
1576486450
2428
2211
217
1576486450
2428
2211
217
1576486450
2428
2211
217
1576486450
2428
2211
217
1576486450
2429
2212
217
1576486450
2429
2212
217
1576486450
2429
2212
217
1576486450
2429
2212
217
1576486450
2430
2213
217
1576486451
2430
2213
217
1576486451
2430
2213
217
1576486451
2430
2213
217
1576486451
2460
2243
217
1576486451
2460
2243
217
1576486451
2460
2243
217
1576486451
2460
2243
217
1576486451
2460
2243
217
1576486451
2460
2243
217
1576486452
2461
2244
217
1576486452
2461
2244
217
1576486452
2461
2244
217
1576486452
2461
2244
217
1576486452
2462
2245
217
1576486452
2462
2245
217
1576486452
2462
2245
217
1576486452
2462
2245
217
1576486452
2462
2245
217
1576486453
2468
2250
218
1576486453
2468
2250
218
1576486453
2474
2256
218
1576486453
2474
2256
218
1576486453
2474
2256
218
1576486453
2474
2256
218
1576486453
2474
2256
218
1576486453
2474
2256
218
1576486453
2474
2256
218
1576486454
2475
2257
218
1576486454
2475
2257
218
1576486454
2475
2257
218
1576486454
2475
2257
218
1576486454
2475
2257
218
1576486454
2475
2257
218
1576486454
2475
2257
218
1576486454
2475
2257
218
1576486454
2475
2257
218
1576486455
2475
2257
218
1576486455
2475
2257
218
1576486455
2475
2257
218
1576486455
2475
2257
218
1576486455
2475
2257
218
1576486455
2475
2257
218
1576486455
2475
2257
218
1576486455
2475
2257
218
1576486455
2475
2257
218
1576486456
2475
2257
218
1576486456
2475
2257
218
1576486456
2475
2257
218
1576486456
2477
2259
218
1576486456
2478
2260
218
1576486456
2478
2260
218
1576486456
2478
2260
218
1576486456
2478
2260
218
1576486456
2478
2260
218
1576486457
2478
2260
218
1576486457
2478
2260
218
1576486457
2478
2260
218
1576486457
2478
2260
218
1576486457
2478
2260
218
1576486457
2480
2262
218
1576486457
2480
2262
218
1576486457
2480
2262
218
1576486457
2480
2262
218
1576486458
2480
2262
218
1576486458
2480
2262
218
1576486458
2480
2262
218
1576486458
2480
2262
218
1576486458
2480
2262
218
1576486458
2480
2262
218
1576486458
2480
2262
218
1576486458
2480
2262
218
1576486458
2480
2262
218
1576486459
2480
2262
218
1576486459
2480
2262
218
1576486459
2484
2266
218
1576486459
2484
2266
218
1576486459
2484
2266
218
1576486459
2484
2266
218
1576486459
2560
2341
219
1576486459
2560
2341
219
1576486459
2560
2341
219
1576486460
2560
2341
219
1576486460
2560
2341
219
1576486460
2560
2341
219
1576486460
2560
2341
219
1576486460
2560
2341
219
1576486460
2560
2341
219
1576486460
2560
2341
219
1576486460
2560
2341
219
1576486460
2560
2341
219
1576486461
2560
2341
219
1576486461
2560
2341
219
1576486461
2560
2341
219
1576486461
2560
2341
219
1576486461
2560
2341
219
1576486461
2560
2341
219
1576486461
2560
2341
219
1576486461
2560
2341
219
1576486461
2560
2341
219
1576486462
2561
2342
219
1576486462
2561
2342
219
1576486462
2561
2342
219
1576486462
2561
2342
219
1576486462
2561
2342
219
1576486462
2561
2342
219
1576486462
2561
2342
219
1576486462
2561
2342
219
1576486462
2561
2342
219
1576486463
2562
2343
219
1576486463
2562
2343
219
1576486463
2562
2343
219
1576486463
2562
2343
219
1576486463
2562
2343
219
1576486463
2562
2343
219
1576486463
2562
2343
219
1576486463
2562
2343
219
1576486463
2562
2343
219
1576486464
2562
2343
219
1576486464
2562
2343
219
1576486464
2562
2343
219
1576486464
2562
2343
219
1576486464
2562
2343
219
1576486464
2562
2343
219
1576486464
2562
2343
219
1576486464
2562
2343
219
1576486464
2562
2343
219
1576486465
2562
2343
219
1576486465
2562
2343
219
1576486465
2562
2343
219
1576486465
2562
2343
219
1576486465
2562
2343
219
1576486465
2562
2343
219
1576486465
2562
2343
219
1576486465
2600
2381
219
1576486465
2600
2381
219
1576486466
2600
2381
219
1576486466
2600
2381
219
1576486466
2600
2381
219
1576486466
2600
2381
219
1576486466
2600
2381
219
1576486466
2600
2381
219
1576486466
2600
2381
219
1576486466
2618
2399
219
1576486466
2618
2399
219
1576486467
2631
2412
219
1576486467
2631
2412
219
1576486467
2631
2412
219
1576486467
2631
2412
219
1576486467
2639
2420
219
1576486467
2639
2420
219
1576486467
2639
2420
219
1576486467
2652
2433
219
1576486467
2652
2433
219
1576486468
2664
2442
222
1576486468
2664
2442
222
1576486468
2664
2442
222
1576486468
2665
2443
222
1576486468
2665
2443
222
1576486468
2665
2443
222
1576486468
2665
2443
222
1576486468
2665
2443
222
1576486469
2665
2443
222
1576486469
2665
2443
222
1576486469
2665
2443
222
1576486469
2665
2443
222
1576486469
2679
2457
222
1576486469
2679
2457
222
1576486469
2691
2469
222
1576486469
2691
2469
222
1576486469
2706
2484
222
1576486470
2706
2484
222
1576486470
2706
2484
222
1576486470
2709
2487
222
1576486470
2709
2487
222
1576486470
2709
2487
222
1576486470
2709
2487
222
1576486470
2709
2487
222
1576486470
2709
2487
222
1576486470
2710
2488
222
1576486471
2710
2488
222
1576486471
2710
2488
222
1576486471
2710
2488
222
1576486471
2710
2488
222
1576486471
2710
2488
222
1576486471
2710
2488
222
1576486471
2710
2488
222
1576486471
2710
2488
222
1576486471
2710
2488
222
1576486472
2720
2498
222
1576486472
2720
2498
222
1576486472
2720
2498
222
1576486472
2720
2498
222
1576486472
2720
2498
222
1576486472
2720
2498
222
1576486472
2720
2498
222
1576486472
2720
2498
222
1576486472
2720
2498
222
1576486473
2722
2500
222
1576486473
2722
2500
222
1576486473
2722
2500
222
1576486473
2722
2500
222
1576486473
2722
2500
222
1576486473
2722
2500
222
1576486473
2722
2500
222
1576486473
2722
2500
222
1576486473
2722
2500
222
1576486474
2722
2500
222
1576486474
2722
2500
222
1576486474
2722
2500
222
1576486474
2722
2500
222
1576486474
2722
2500
222
1576486474
2723
2501
222
1576486474
2723
2501
222
1576486474
2723
2501
222
1576486474
2723
2501
222
1576486475
2725
2503
222
1576486475
2725
2503
222
1576486475
2748
2526
222
1576486475
2748
2526
222
1576486475
2748
2526
222
1576486475
2748
2526
222
1576486475
2748
2526
222
1576486475
2748
2526
222
1576486475
2748
2526
222
1576486476
2748
2526
222
1576486476
2748
2526
222
1576486476
2748
2526
222
1576486476
2748
2526
222
1576486476
2748
2526
222
1576486476
2748
2526
222
1576486476
2748
2526
222
1576486476
2748
2526
222
1576486476
2748
2526
222
1576486477
2750
2528
222
1576486477
2750
2528
222
1576486477
2750
2528
222
1576486477
2750
2528
222
1576486477
2750
2528
222
1576486477
2751
2529
222
1576486477
2751
2529
222
1576486477
2751
2529
222
1576486477
2751
2529
222
1576486478
2751
2529
222
1576486478
2751
2529
222
1576486478
2751
2530
222
1576486478
2752
2530
222
1576486478
2752
2530
222
1576486478
2752
2530
222
1576486478
2752
2530
222
1576486478
2752
2530
222
1576486478
2752
2530
222
1576486479
2752
2530
222
1576486479
2752
2530
222
1576486479
2752
2530
222
1576486479
2752
2530
222
1576486479
2752
2530
222
1576486479
2752
2530
222
1576486479
2752
2530
222
1576486479
2752
2530
222
1576486479
2752
2530
222
1576486480
2752
2530
222
1576486480
2752
2530
222
1576486480
2752
2530
222
1576486480
2755
2533
222
1576486480
2755
2533
222
1576486480
2755
2533
222
1576486480
2755
2533
222
1576486480
2755
2533
222
1576486480
2755
2533
222
1576486481
2755
2533
222
1576486481
2755
2533
222
1576486481
2755
2533
222
1576486481
2755
2533
222
1576486481
2755
2533
222
1576486481
2755
2533
222
1576486481
2755
2533
222
1576486481
2755
2533
222
1576486481
2755
2533
222
1576486482
2755
2533
222
1576486482
2755
2533
222
1576486482
2755
2533
222
1576486482
2755
2533
222
1576486482
2755
2533
222
1576486482
2755
2533
222
1576486482
2756
2534
222
1576486482
2756
2534
222
1576486482
2756
2534
222
1576486483
2756
2534
222
1576486483
2756
2534
222
1576486483
2758
2536
222
1576486483
2758
2536
222
1576486483
2758
2536
222
1576486483
2758
2536
222
1576486483
2780
2558
222
1576486483
2780
2558
222
1576486483
2802
2580
222
1576486484
2802
2580
222
1576486484
2802
2580
222
1576486484
2805
2583
222
1576486484
2805
2583
222
1576486484
2806
2584
222
1576486484
2806
2584
222
1576486484
2806
2584
222
1576486484
2806
2584
222
1576486484
2806
2584
222
1576486485
2807
2585
222
1576486485
2807
2585
222
1576486485
2807
2585
222
1576486485
2807
2585
222
1576486485
2807
2585
222
1576486485
2807
2585
222
1576486485
2808
2586
222
1576486485
2808
2586
222
1576486485
2808
2586
222
1576486486
2808
2586
222
1576486486
2808
2586
222
1576486486
2808
2586
222
1576486486
2808
2586
222
1576486486
2808
2586
222
1576486486
2808
2586
222
1576486486
2809
2587
222
1576486486
2809
2587
222
1576486486
2809
2587
222
1576486487
2809
2587
222
1576486487
2809
2587
222
1576486487
2809
2587
222
1576486487
2814
2592
222
1576486487
2814
2592
222
1576486487
2814
2592
222
1576486487
2814
2592
222
1576486487
2814
2592
222
1576486487
2817
2592
225
1576486488
2817
2592
225
1576486488
2817
2592
225
1576486488
2817
2592
225
1576486488
2817
2592
225
1576486488
2817
2592
225
1576486488
2817
2592
225
1576486488
2817
2592
225
1576486488
2817
2592
225
1576486488
2817
2592
225
1576486489
2817
2592
225
1576486489
2817
2592
225
1576486489
2817
2592
225
1576486489
2817
2592
225
1576486489
2817
2592
225
1576486489
2817
2592
225
1576486489
2817
2592
225
1576486489
2817
2592
225
1576486489
2818
2593
225
1576486490
2818
2593
225
1576486490
2818
2593
225
1576486490
2818
2593
225
1576486490
2818
2593
225
1576486490
2818
2593
225
1576486490
2818
2593
225
1576486490
2818
2593
225
1576486490
2818
2593
225
1576486490
2818
2593
225
1576486491
2818
2593
225
1576486491
2818
2593
225
1576486491
2818
2593
225
1576486491
2818
2593
225
1576486491
2819
2594
225
1576486491
2819
2594
225
1576486491
2819
2594
225
1576486491
2819
2594
225
1576486492
2822
2594
228
1576486492
2822
2594
228
1576486492
2822
2594
228
1576486492
2822
2594
228
1576486492
2822
2594
228
1576486492
2823
2594
229
1576486492
2823
2594
229
1576486492
2823
2594
229
1576486492
2823
2594
229
1576486493
2825
2594
231
1576486493
2825
2594
231
1576486493
2825
2594
231
1576486493
2825
2594
231
1576486493
2826
2594
232
1576486493
2826
2594
232
1576486493
2826
2594
232
1576486493
2826
2594
232
1576486493
2829
2594
235
1576486494
2830
2594
236
1576486494
2830
2594
236
1576486494
2830
2594
236
1576486494
2830
2594
236
1576486494
2830
2594
236
1576486494
2830
2594
236
1576486494
2830
2594
236
1576486494
2830
2594
236
1576486494
2830
2594
236
1576486495
2830
2594
236
1576486495
2830
2594
236
1576486495
2830
2594
236
1576486495
2830
2594
236
1576486495
2830
2594
236
1576486495
2830
2594
236
1576486495
2830
2594
236
1576486495
2830
2594
236
1576486496
2830
2594
236
1576486496
2830
2594
236
1576486496
2830
2594
236
1576486496
2830
2594
236
1576486496
2830
2594
236
1576486496
2830
2594
236
1576486496
2830
2594
236
1576486496
2830
2594
236
1576486496
2830
2594
236
1576486497
2830
2594
236
1576486497
2830
2594
236
1576486497
2830
2594
236
1576486497
2830
2594
236
1576486497
2830
2594
236
1576486497
2830
2594
236
1576486497
2830
2594
236
1576486497
2830
2594
236
1576486497
2830
2594
236
1576486498
2830
2594
236
1576486498
2830
2594
236
1576486498
2830
2594
236
1576486498
2831
2594
237
1576486498
2831
2594
237
1576486498
2831
2594
237
1576486498
2832
2594
238
1576486498
2833
2594
239
1576486499
2834
2594
240
1576486499
2835
2594
241
1576486499
2835
2594
241
1576486499
2835
2594
241
1576486499
2835
2594
241
1576486499
2835
2594
241
1576486499
2835
2594
241
1576486499
2840
2598
242
1576486499
2845
2603
242
1576486500
2845
2603
242
1576486500
2845
2603
242
1576486500
2845
2603
242
1576486500
2845
2603
242
1576486500
2845
2603
242
1576486500
2845
2603
242
1576486500
2845
2603
242
1576486500
2845
2603
242
1576486500
2845
2603
242
1576486501
2845
2603
242
1576486501
2845
2603
242
1576486501
2845
2603
242
1576486501
2845
2603
242
1576486501
2845
2603
242
1576486501
2845
2603
242
1576486501
2846
2603
243
1576486501
2846
2603
243
1576486501
2846
2603
243
1576486502
2847
2603
244
1576486502
2847
2603
244
1576486502
2849
2603
246
1576486502
2853
2603
251
1576486502
2854
2603
251
1576486502
2854
2603
251
1576486502
2854
2603
251
1576486502
2854
2603
251
1576486502
2854
2603
251
1576486503
2854
2603
251
1576486503
2854
2603
251
1576486503
2854
2603
251
1576486503
2854
2603
251
1576486503
2854
2603
251
1576486503
2854
2603
251
1576486503
2854
2603
251
1576486503
2854
2603
251
1576486503
2854
2603
251
1576486504
2854
2603
251
1576486504
2854
2603
251
1576486504
2855
2604
251
1576486504
2855
2604
251
1576486504
2855
2604
251
1576486504
2856
2605
251
1576486504
2856
2605
251
1576486504
2859
2608
251
1576486505
2859
2608
251
1576486505
2859
2608
251
1576486505
2859
2608
251
1576486505
2860
2608
252
1576486505
2860
2608
252
1576486505
2860
2608
252
1576486505
2860
2608
252
1576486505
2860
2608
252
1576486505
2860
2608
252
1576486506
2860
2608
252
1576486506
2861
2608
253
1576486506
2861
2608
253
1576486506
2861
2608
253
1576486506
2861
2608
253
1576486506
2861
2608
253
1576486506
2861
2608
253
1576486506
2861
2608
253
1576486506
2861
2608
253
1576486507
2861
2608
253
1576486507
2861
2608
253
1576486507
2862
2609
253
1576486507
2862
2609
253
1576486507
2862
2609
253
1576486507
2862
2609
253
1576486507
2862
2609
253
1576486507
2864
2610
254
1576486508
2864
2610
254
1576486508
2866
2612
254
1576486508
2866
2612
254
1576486508
2870
2616
254
1576486508
2870
2616
254
1576486508
2882
2628
254
1576486508
2882
2628
254
1576486508
2882
2628
254
1576486508
2882
2628
254
1576486509
2889
2632
257
1576486509
2889
2632
257
1576486509
2889
2632
257
1576486509
2895
2636
259
1576486509
2895
2636
259
1576486509
2900
2638
262
1576486509
2900
2638
262
1576486509
2900
2638
262
1576486510
2900
2638
262
1576486510
2901
2638
263
1576486510
2901
2638
263
1576486510
2901
2638
263
1576486510
2901
2638
263
1576486510
2907
2641
266
1576486510
2907
2641
266
1576486510
2907
2641
266
1576486511
2907
2641
266
1576486511
2909
2642
267
1576486511
2911
2642
269
1576486511
2916
2642
274
1576486511
2922
2643
279
1576486511
2923
2643
280
1576486511
2923
2643
280
1576486511
2923
2643
280
1576486511
2923
2643
280
1576486512
2923
2643
280
1576486512
2923
2643
280
1576486512
2923
2643
280
1576486512
2923
2643
280
1576486512
2924
2644
280
1576486512
2924
2644
280
1576486512
2924
2644
280
1576486512
2924
2644
280
1576486512
2924
2644
280
1576486513
2924
2644
280
1576486513
2926
2646
280
1576486513
2926
2646
280
1576486513
2926
2646
280
1576486513
2929
2649
280
1576486513
2929
2649
280
1576486513
2929
2649
280
1576486513
2929
2649
280
1576486514
2929
2649
280
1576486514
2929
2649
280
1576486514
2929
2649
280
1576486514
2929
2649
280
1576486514
2929
2649
280
1576486514
2929
2649
280
1576486514
2929
2649
280
1576486514
2929
2649
280
1576486514
2929
2649
280
1576486515
2929
2649
280
1576486515
2929
2649
280
1576486515
2929
2649
280
1576486515
2929
2649
280
1576486515
2929
2649
280
1576486515
2929
2649
280
1576486515
2929
2649
280
1576486515
2929
2649
280
1576486516
2929
2649
280
1576486516
2929
2649
280
1576486516
2932
2651
281
1576486516
2932
2651
281
1576486516
2932
2651
281
1576486516
2933
2652
281
1576486516
2933
2652
281
1576486516
2933
2652
281
1576486516
2933
2652
281
1576486517
2937
2655
282
1576486517
2937
2655
282
1576486517
2937
2655
282
1576486517
2937
2655
282
1576486517
2938
2655
283
1576486517
2938
2655
283
1576486517
2938
2656
283
1576486517
2939
2656
283
1576486518
2939
2656
283
1576486518
2939
2656
283
1576486518
2939
2656
283
1576486518
2939
2656
283
1576486518
2939
2656
283
1576486518
2942
2658
284
1576486518
2942
2658
284
1576486518
2942
2658
284
1576486518
2942
2658
284
1576486519
2942
2658
284
1576486519
2942
2658
284
1576486519
2943
2659
284
1576486519
2943
2659
284
1576486519
2943
2659
284
1576486519
2943
2659
284
1576486519
2943
2659
284
1576486519
2943
2659
284
1576486520
2943
2659
284
1576486520
2950
2666
284
1576486520
2950
2666
284
1576486520
2950
2666
284
1576486520
2950
2666
284
1576486520
2972
2688
284
1576486520
2972
2688
284
1576486520
2972
2688
284
1576486520
2972
2688
284
1576486521
2972
2688
284
1576486521
2990
2706
284
1576486521
2990
2706
284
1576486521
2990
2706
284
1576486521
2990
2706
284
1576486521
3000
2716
284
1576486521
3000
2716
284
1576486521
3001
2717
284
1576486522
3001
2717
284
1576486522
3001
2717
284
1576486522
3001
2717
284
1576486522
3001
2717
284
1576486522
3001
2717
284
1576486522
3010
2726
284
1576486522
3010
2726
284
1576486522
3010
2726
284
1576486522
3010
2726
284
1576486523
3010
2726
284
1576486523
3011
2727
284
1576486523
3011
2727
284
1576486523
3013
2729
284
1576486523
3013
2729
284
1576486523
3014
2730
284
1576486523
3014
2730
284
1576486523
3014
2730
284
1576486524
3014
2730
284
1576486524
3014
2730
284
1576486524
3014
2730
284
1576486524
3018
2730
288
1576486524
3018
2730
288
1576486524
3018
2730
288
1576486524
3018
2730
288
1576486524
3022
2730
292
1576486525
3022
2730
292
1576486525
3022
2730
292
1576486525
3022
2730
292
1576486525
3023
2730
293
1576486525
3023
2730
293
1576486525
3023
2730
293
1576486525
3023
2730
293
1576486525
3023
2730
293
1576486526
3023
2730
293
1576486526
3026
2730
296
1576486526
3026
2730
296
1576486526
3033
2736
297
1576486526
3033
2736
297
1576486526
3033
2736
297
1576486526
3033
2736
297
1576486526
3045
2748
297
1576486526
3045
2748
297
1576486527
3045
2748
297
1576486527
3055
2758
297
1576486527
3055
2758
297
1576486527
3055
2758
297
1576486527
3055
2758
297
1576486527
3064
2767
297
1576486527
3064
2767
297
1576486527
3064
2767
297
1576486528
3064
2767
297
1576486528
3077
2779
298
1576486528
3077
2779
298
1576486528
3077
2779
298
1576486528
3077
2779
298
1576486528
3086
2788
298
1576486528
3086
2788
298
1576486528
3086
2788
298
1576486529
3086
2788
298
1576486529
3086
2788
298
1576486529
3086
2788
298
1576486529
3086
2788
298
1576486529
3086
2788
298
1576486529
3086
2788
298
1576486529
3086
2788
298
1576486529
3086
2788
298
1576486530
3086
2788
298
1576486530
3086
2788
298
1576486530
3086
2788
298
1576486530
3086
2788
298
1576486530
3086
2788
298
1576486530
3086
2788
298
1576486530
3086
2788
298
1576486531
3086
2788
298
1576486531
3086
2788
298
1576486531
3086
2788
298
1576486531
3086
2788
298
1576486531
3086
2788
298
1576486531
3086
2788
298
1576486531
3086
2788
298
1576486531
3086
2788
298
1576486532
3086
2788
298
1576486532
3086
2788
298
1576486532
3086
2788
298
1576486532
3086
2788
298
1576486532
3086
2788
298
1576486532
3086
2788
298
1576486532
3086
2788
298
1576486533
3086
2788
298
1576486533
3086
2788
298
1576486533
3086
2788
298
1576486533
3086
2788
298
1576486533
3086
2788
298
1576486533
3086
2788
298
1576486533
3086
2788
298
1576486533
3086
2788
298
1576486534
3086
2788
298
1576486534
3086
2788
298
1576486534
3086
2788
298
1576486534
3086
2788
298
1576486534
3086
2788
298
1576486534
3086
2788
298
1576486534
3086
2788
298
1576486534
3086
2788
298
1576486535
3086
2788
298
1576486535
3086
2788
298
1576486535
3086
2788
298
1576486535
3086
2788
298
1576486535
3086
2788
298
1576486535
3086
2788
298
1576486535
3086
2788
298
1576486535
3087
2788
299
1576486536
3088
2788
300
1576486536
3088
2788
300
1576486536
3088
2788
300
1576486536
3089
2788
301
1576486536
3090
2788
302
1576486536
3090
2788
302
1576486536
3090
2788
302
1576486536
3091
2788
303
1576486537
3091
2788
303
1576486537
3091
2788
303
1576486537
3091
2788
303
1576486537
3091
2788
303
1576486537
3091
2788
303
1576486537
3091
2788
303
1576486537
3091
2788
303
1576486537
3091
2788
303
1576486538
3091
2788
303
1576486538
3091
2788
303
1576486538
3091
2788
303
1576486538
3091
2788
303
1576486538
3092
2788
304
1576486538
3094
2788
306
1576486538
3094
2788
306
1576486538
3094
2788
306
1576486539
3094
2788
306
1576486539
3094
2788
306
1576486539
3094
2788
306
1576486539
3094
2788
306
1576486539
3094
2788
306
1576486539
3094
2788
306
1576486539
3094
2788
306
1576486539
3094
2788
306
1576486540
3094
2788
306
1576486540
3094
2788
306
1576486540
3094
2788
306
1576486540
3094
2788
306
1576486540
3095
2789
306
1576486540
3095
2789
306
1576486540
3095
2789
306
1576486540
3095
2789
306
1576486541
3095
2789
306
1576486541
3095
2789
306
1576486541
3096
2790
306
1576486541
3096
2790
306
1576486541
3096
2790
306
1576486541
3096
2790
306
1576486541
3096
2790
306
1576486541
3096
2790
306
1576486542
3097
2790
307
1576486542
3099
2790
309
1576486542
3100
2790
310
1576486542
3100
2790
310
1576486542
3100
2790
310
1576486542
3100
2790
310
1576486542
3100
2790
310
1576486542
3100
2790
310
1576486543
3100
2790
310
1576486543
3101
2791
310
1576486543
3101
2791
310
1576486543
3102
2791
311
1576486543
3102
2791
311
1576486543
3102
2791
311
1576486543
3102
2791
311
1576486543
3102
2791
311
1576486543
3102
2791
311
1576486544
3103
2791
312
1576486544
3103
2791
312
1576486544
3103
2791
312
1576486544
3103
2791
312
1576486544
3103
2791
313
1576486544
3104
2791
313
1576486544
3104
2791
313
1576486544
3104
2791
313
1576486545
3104
2791
313
1576486545
3104
2791
313
1576486545
3104
2791
313
1576486545
3107
2792
315
1576486545
3107
2792
315
1576486545
3107
2792
315
1576486545
3107
2792
315
1576486545
3107
2792
315
1576486546
3107
2792
315
1576486546
3107
2792
315
1576486546
3107
2792
315
1576486546
3107
2792
315
1576486546
3107
2792
315
1576486546
3107
2792
315
1576486546
3107
2792
315
1576486546
3107
2792
315
1576486546
3107
2792
315
1576486547
3107
2792
315
1576486547
3107
2792
315
1576486547
3107
2792
315
1576486547
3107
2792
315
1576486547
3107
2792
315
1576486547
3107
2792
315
1576486547
3107
2792
315
1576486547
3108
2793
315
1576486548
3108
2793
315
1576486548
3108
2793
315
1576486548
3108
2793
315
1576486548
3108
2793
315
1576486548
3108
2793
315
1576486548
3108
2793
315
1576486548
3108
2793
315
1576486548
3108
2793
315
1576486549
3108
2793
315
1576486549
3108
2793
315
1576486549
3108
2793
315
1576486549
3108
2793
315
1576486549
3108
2793
315
1576486549
3108
2793
315
1576486549
3108
2793
315
1576486549
3108
2793
315
1576486550
3108
2793
315
1576486550
3108
2793
315
1576486550
3108
2793
315
1576486550
3108
2793
315
1576486550
3109
2793
316
1576486550
3109
2793
316
1576486550
3111
2794
317
1576486550
3111
2794
317
1576486551
3111
2794
317
1576486551
3111
2794
317
1576486551
3111
2794
317
1576486551
3112
2794
318
1576486551
3112
2794
318
1576486551
3112
2794
318
1576486551
3112
2794
318
1576486551
3113
2795
318
1576486551
3113
2795
318
1576486552
3114
2795
319
1576486552
3114
2795
319
1576486552
3115
2796
319
1576486552
3115
2796
319
1576486552
3115
2796
319
1576486552
3115
2796
319
1576486552
3115
2796
319
1576486552
3115
2796
319
1576486553
3115
2796
319
1576486553
3115
2796
319
1576486553
3115
2796
319
1576486553
3115
2796
319
1576486553
3115
2796
319
1576486553
3115
2796
319
1576486553
3115
2796
319
1576486553
3115
2796
319
1576486554
3115
2796
319
1576486554
3115
2796
319
1576486554
3122
2800
322
1576486554
3122
2800
322
1576486554
3122
2800
322
1576486554
3122
2800
322
1576486554
3136
2814
322
1576486554
3136
2814
322
1576486555
3136
2814
322
1576486555
3136
2814
322
1576486555
3136
2814
322
1576486555
3136
2814
322
1576486555
3136
2814
322
1576486555
3136
2814
322
1576486555
3136
2814
322
1576486555
3136
2814
322
1576486556
3136
2814
322
1576486556
3136
2814
322
1576486556
3137
2814
323
1576486556
3137
2814
323
1576486556
3138
2814
324
1576486556
3138
2814
324
1576486556
3138
2814
324
1576486556
3138
2814
324
1576486557
3138
2814
325
1576486557
3139
2814
325
1576486557
3139
2814
325
1576486557
3139
2814
325
1576486557
3139
2814
325
1576486557
3139
2814
325
1576486557
3139
2814
325
1576486557
3139
2814
325
1576486558
3140
2814
326
1576486558
3140
2814
326
1576486558
3140
2814
326
1576486558
3140
2814
326
1576486558
3140
2814
326
1576486558
3140
2814
326
1576486558
3140
2814
326
1576486558
3140
2814
326
1576486559
3146
2815
331
1576486559
3146
2815
331
1576486559
3146
2815
331
1576486559
3146
2815
331
1576486559
3148
2816
332
1576486559
3148
2816
332
1576486559
3148
2816
332
1576486559
3148
2816
332
1576486560
3150
2816
334
1576486560
3150
2816
334
1576486560
3150
2816
334
1576486560
3150
2816
334
1576486560
3152
2816
336
1576486560
3152
2816
336
1576486560
3152
2816
336
1576486560
3152
2816
336
1576486561
3152
2816
336
1576486561
3153
2816
337
1576486561
3153
2816
337
1576486561
3153
2816
337
1576486561
3153
2816
337
1576486561
3154
2816
338
1576486561
3154
2816
338
1576486561
3154
2816
338
1576486562
3154
2816
338
1576486562
3154
2816
338
1576486562
3154
2816
338
1576486562
3156
2818
338
1576486562
3156
2818
338
1576486562
3156
2818
338
1576486562
3156
2818
338
1576486562
3160
2822
338
1576486563
3160
2822
338
1576486563
3164
2826
338
1576486563
3164
2826
338
1576486563
3166
2826
340
1576486563
3166
2826
340
1576486563
3166
2826
340
1576486563
3166
2826
340
1576486563
3166
2826
340
1576486564
3166
2826
340
1576486564
3166
2826
340
1576486564
3166
2826
340
1576486564
3166
2826
340
1576486564
3166
2826
340
1576486564
3166
2826
340
1576486564
3166
2826
340
1576486564
3166
2826
340
1576486565
3166
2826
340
1576486565
3169
2828
341
1576486565
3169
2828
341
1576486565
3176
2830
346
1576486565
3176
2830
346
1576486565
3183
2830
353
1576486565
3183
2830
353
1576486565
3183
2830
353
1576486565
3189
2833
356
1576486566
3189
2833
359
1576486566
3195
2836
359
1576486566
3195
2836
359
1576486566
3203
2838
365
1576486566
3203
2838
365
1576486566
3204
2839
365
1576486566
3204
2839
365
1576486566
3204
2839
365
1576486567
3204
2839
365
1576486567
3204
2839
365
1576486567
3204
2839
365
1576486567
3204
2839
365
1576486567
3204
2839
365
1576486567
3204
2839
365
1576486567
3204
2839
365
1576486567
3204
2839
365
1576486568
3204
2839
365
1576486568
3204
2839
365
1576486568
3204
2839
365
1576486568
3204
2839
365
1576486568
3204
2839
365
1576486568
3204
2839
365
1576486568
3204
2839
365
1576486569
3204
2839
365
1576486569
3204
2839
365
1576486569
3204
2839
365
1576486569
3204
2839
365
1576486569
3204
2839
365
1576486569
3204
2839
365
1576486569
3204
2839
365
1576486569
3204
2839
365
1576486570
3204
2839
365
1576486570
3204
2839
365
1576486570
3204
2839
365
1576486570
3204
2839
365
1576486570
3204
2839
365
1576486570
3204
2839
365
1576486570
3204
2839
365
1576486570
3204
2839
365
1576486571
3204
2839
365
1576486571
3204
2839
365
1576486571
3204
2839
365
1576486571
3204
2839
365
1576486571
3204
2839
365
1576486571
3204
2839
365
1576486571
3204
2839
365
1576486571
3204
2839
365
1576486572
3204
2839
365
1576486572
3205
2839
366
1576486572
3205
2839
366
1576486572
3205
2839
366
1576486572
3205
2839
366
1576486572
3205
2839
366
1576486572
3205
2839
366
1576486572
3205
2839
366
1576486573
3205
2839
366
1576486573
3205
2839
366
1576486573
3205
2839
366
1576486573
3205
2839
366
1576486573
3205
2839
366
1576486573
3205
2839
366
1576486573
3205
2839
366
1576486573
3205
2839
366
1576486574
3205
2839
366
1576486574
3205
2839
366
1576486574
3205
2839
366
1576486574
3205
2839
366
1576486574
3205
2839
366
1576486574
3205
2839
366
1576486574
3205
2839
366
1576486574
3205
2839
366
1576486575
3205
2839
366
1576486575
3205
2839
366
1576486575
3205
2839
366
1576486575
3205
2839
366
1576486575
3205
2839
366
1576486575
3205
2839
366
1576486575
3205
2839
366
1576486575
3205
2839
366
1576486576
3205
2839
366
1576486576
3205
2839
366
1576486576
3205
2839
366
1576486576
3205
2839
366
1576486576
3205
2839
366
1576486576
3205
2839
366
1576486576
3205
2839
366
1576486576
3205
2839
366
1576486577
3205
2839
366
1576486577
3205
2839
366
1576486577
3205
2839
366
1576486577
3205
2839
366
1576486577
3205
2839
366
1576486577
3205
2839
366
1576486577
3205
2839
366
1576486577
3205
2839
366
1576486578
3205
2839
366
1576486578
3210
2839
371
1576486578
3210
2839
371
1576486578
3210
2839
371
1576486578
3210
2839
371
1576486578
3214
2841
373
1576486578
3214
2841
373
1576486578
3221
2846
375
1576486579
3221
2846
375
1576486579
3221
2846
375
1576486579
3221
2846
375
1576486579
3222
2846
376
1576486579
3222
2846
376
1576486579
3225
2849
376
1576486579
3225
2849
376
1576486579
3229
2853
376
1576486580
3229
2853
376
1576486580
3232
2856
376
1576486580
3232
2856
376
1576486580
3240
2864
376
1576486580
3240
2864
376
1576486580
3252
2876
376
1576486580
3252
2876
376
1576486580
3252
2876
376
1576486581
3252
2876
376
1576486581
3253
2877
376
1576486581
3253
2877
376
1576486581
3253
2877
376
1576486581
3253
2877
376
1576486581
3253
2877
376
1576486581
3253
2877
376
1576486581
3253
2877
376
1576486582
3253
2877
376
1576486582
3253
2877
376
1576486582
3253
2877
376
1576486582
3253
2877
376
1576486582
3253
2877
376
1576486582
3253
2877
376
1576486582
3253
2877
376
1576486582
3253
2877
376
1576486583
3253
2877
376
1576486583
3253
2877
376
1576486583
3253
2877
376
1576486583
3253
2877
376
1576486583
3253
2877
376
1576486583
3253
2877
376
1576486583
3253
2877
376
1576486583
3253
2877
376
1576486584
3253
2877
376
1576486584
3253
2877
376
1576486584
3253
2877
376
1576486584
3253
2877
376
1576486584
3253
2877
376
1576486584
3253
2877
376
1576486584
3253
2877
376
1576486584
3254
2878
376
1576486585
3254
2878
376
1576486585
3254
2878
376
1576486585
3254
2878
376
1576486585
3255
2878
377
1576486585
3255
2878
377
1576486585
3257
2878
379
1576486585
3257
2878
379
1576486585
3257
2878
379
1576486586
3257
2878
379
1576486586
3257
2878
379
1576486586
3257
2878
379
1576486586
3259
2878
381
1576486586
3259
2878
381
1576486586
3261
2878
383
1576486586
3261
2878
383
1576486586
3261
2878
383
1576486587
3261
2878
383
1576486587
3261
2878
383
1576486587
3261
2878
383
1576486587
3261
2878
383
1576486587
3261
2878
383
1576486587
3261
2878
383
1576486587
3261
2878
383
1576486587
3261
2878
383
1576486588
3261
2878
383
1576486588
3261
2878
383
1576486588
3261
2878
383
1576486588
3262
2878
384
1576486588
3262
2878
384
1576486588
3262
2878
384
1576486588
3262
2878
384
1576486589
3262
2878
384
1576486589
3262
2878
384
1576486589
3262
2878
384
1576486589
3262
2878
384
1576486589
3262
2878
384
1576486589
3262
2878
384
1576486589
3263
2878
385
1576486589
3263
2878
385
1576486590
3263
2878
385
1576486590
3263
2878
385
1576486590
3263
2878
385
1576486590
3263
2878
385
1576486590
3263
2878
385
1576486590
3263
2878
385
1576486590
3263
2878
385
1576486590
3263
2878
385
1576486591
3263
2878
385
1576486591
3263
2878
385
1576486591
3263
2878
385
1576486591
3263
2878
385
1576486591
3263
2878
385
1576486591
3263
2878
385
1576486591
3263
2878
385
1576486591
3263
2878
385
1576486592
3263
2878
385
1576486592
3263
2878
385
1576486592
3263
2878
385
1576486592
3263
2878
385
1576486592
3263
2878
385
1576486592
3263
2878
385
1576486592
3263
2878
385
1576486592
3263
2878
385
1576486593
3263
2878
385
1576486593
3263
2878
385
1576486593
3263
2878
385
1576486593
3263
2878
385
1576486593
3263
2878
385
1576486593
3263
2878
385
1576486593
3263
2878
385
1576486593
3263
2878
385
1576486594
3263
2878
385
1576486594
3263
2878
385
1576486594
3263
2878
385
1576486594
3263
2878
385
1576486594
3263
2878
385
1576486594
3263
2878
385
1576486594
3263
2878
385
1576486594
3263
2878
385
1576486595
3263
2878
385
1576486595
3263
2878
385
1576486595
3263
2878
385
1576486595
3263
2878
385
1576486595
3263
2878
385
1576486595
3263
2878
385
1576486595
3263
2878
385
1576486595
3263
2878
385
1576486595
3263
2878
385
1576486596
3263
2878
385
1576486596
3263
2878
385
1576486596
3263
2878
385
1576486596
3263
2878
385
1576486596
3263
2878
385
1576486596
3263
2878
385
1576486596
3263
2878
385
1576486597
3263
2878
385
1576486597
3263
2878
385
1576486597
3263
2878
385
1576486597
3263
2878
385
1576486597
3263
2878
385
1576486597
3263
2878
385
1576486597
3263
2878
385
1576486597
3263
2878
385
1576486597
3263
2878
385
1576486598
3263
2878
385
1576486598
3263
2878
385
1576486598
3263
2878
385
1576486598
3263
2878
385
1576486598
3263
2878
385
1576486598
3263
2878
385
1576486598
3263
2878
385
1576486598
3263
2878
385
1576486599
3263
2878
385
1576486599
3263
2878
385
1576486599
3263
2878
385
1576486599
3263
2878
385
1576486599
3263
2878
385
1576486599
3263
2878
385
1576486599
3263
2878
385
1576486599
3263
2878
385
1576486600
3263
2878
385
1576486600
3263
2878
385
1576486600
3263
2878
385
1576486600
3263
2878
385
1576486600
3263
2878
385
1576486600
3263
2878
385
1576486600
3263
2878
385
1576486600
3263
2878
385
1576486601
3263
2878
385
1576486601
3263
2878
385
1576486601
3263
2878
385
1576486601
3263
2878
385
1576486601
3263
2878
385
1576486601
3263
2878
385
1576486601
3263
2878
385
1576486601
3263
2878
385
1576486602
3263
2878
385
1576486602
3263
2878
385
1576486602
3263
2878
385
1576486602
3263
2878
385
1576486602
3263
2878
385
1576486602
3263
2878
385
1576486602
3263
2878
385
1576486602
3263
2878
385
1576486603
3263
2878
385
1576486603
3263
2878
385
1576486603
3263
2878
385
1576486603
3263
2878
385
1576486603
3263
2878
385
1576486603
3263
2878
385
1576486603
3263
2878
385
1576486603
3263
2878
385
1576486604
3263
2878
385
1576486604
3263
2878
385
1576486604
3263
2878
385
1576486604
3263
2878
385
1576486604
3263
2878
385
1576486604
3263
2878
385
1576486604
3263
2878
385
1576486604
3263
2878
385
1576486605
3263
2878
385
1576486605
3263
2878
385
1576486605
3263
2878
385
1576486605
3263
2878
385
1576486605
3263
2878
385
1576486605
3263
2878
385
1576486605
3263
2878
385
1576486605
3263
2878
385
1576486606
3263
2878
385
1576486606
3263
2878
385
1576486606
3263
2878
385
1576486606
3263
2878
385
1576486606
3263
2878
385
1576486606
3263
2878
385
1576486606
3263
2878
385
1576486606
3263
2878
385
1576486607
3263
2878
385
1576486607
3263
2878
385
1576486607
3263
2878
385
1576486607
3263
2878
385
1576486607
3263
2878
385
1576486607
3263
2878
385
1576486607
3263
2878
385
1576486607
3263
2878
385
1576486608
3263
2878
385
1576486608
3263
2878
385
1576486608
3263
2878
385
1576486608
3263
2878
385
1576486608
3263
2878
385
1576486608
3263
2878
385
1576486608
3263
2878
385
1576486608
3263
2878
385
1576486609
3263
2878
385
1576486609
3263
2878
385
1576486609
3263
2878
385
1576486609
3263
2878
385
1576486609
3263
2878
385
1576486609
3263
2878
385
1576486609
3263
2878
385
1576486609
3263
2878
385
1576486609
3263
2878
385
1576486610
3263
2878
385
1576486610
3263
2878
385
1576486610
3263
2878
385
1576486610
3263
2878
385
1576486610
3263
2878
385
1576486610
3263
2878
385
1576486610
3263
2878
385
1576486610
3263
2878
385
1576486611
3263
2878
385
1576486611
3263
2878
385
1576486611
3263
2878
385
1576486611
3263
2878
385
1576486611
3263
2878
385
1576486611
3263
2878
385
1576486611
3263
2878
385
1576486611
3263
2878
385
1576486612
3263
2878
385
1576486612
3263
2878
385
1576486612
3264
2879
385
1576486612
3264
2879
385
1576486612
3264
2879
385
1576486612
3264
2879
385
1576486612
3264
2879
385
1576486613
3264
2879
385
1576486613
3264
2879
385
1576486613
3264
2879
385
1576486613
3264
2879
385
1576486613
3264
2879
385
1576486613
3264
2879
385
1576486613
3264
2879
385
1576486613
3264
2879
385
1576486614
3264
2879
385
1576486614
3264
2879
385
1576486614
3264
2879
385
1576486614
3264
2879
385
1576486614
3264
2879
385
1576486614
3264
2879
385
1576486614
3264
2879
385
1576486614
3264
2879
385
1576486615
3264
2879
385
1576486615
3264
2879
385
1576486615
3264
2879
385
1576486615
3264
2879
385
1576486615
3264
2879
385
1576486615
3264
2879
385
1576486615
3264
2879
385
1576486616
3264
2879
385
1576486616
3264
2879
385
1576486616
3264
2879
385
1576486616
3264
2879
385
1576486616
3264
2879
385
1576486616
3264
2879
385
1576486616
3266
2879
387
1576486616
3266
2879
387
1576486617
3266
2879
387
1576486617
3268
2879
389
1576486617
3268
2879
389
1576486617
3268
2879
389
1576486617
3268
2879
389
1576486617
3268
2879
389
1576486617
3268
2879
389
1576486617
3269
2879
390
1576486618
3269
2879
390
1576486618
3269
2879
390
1576486618
3269
2879
390
1576486618
3270
2879
391
1576486618
3270
2879
391
1576486618
3270
2879
391
1576486618
3270
2879
391
1576486619
3270
2879
391
1576486619
3270
2879
391
1576486619
3270
2879
391
1576486619
3270
2879
391
1576486619
3270
2879
391
1576486619
3270
2879
391
1576486619
3274
2883
391
1576486620
3278
2887
391
1576486620
3278
2887
391
1576486620
3278
2887
391
1576486620
3278
2887
391
1576486620
3281
2890
391
1576486620
3281
2890
391
1576486620
3281
2890
391
1576486620
3281
2890
391
1576486621
3285
2894
391
1576486621
3285
2894
391
1576486621
3288
2897
391
1576486621
3288
2897
391
1576486621
3289
2898
391
1576486621
3289
2898
391
1576486621
3289
2898
391
1576486621
3289
2898
391
1576486622
3289
2898
391
1576486622
3289
2898
391
1576486622
3289
2898
391
1576486622
3289
2898
391
1576486622
3289
2898
391
1576486622
3289
2898
391
1576486622
3289
2898
391
1576486622
3289
2898
391
1576486623
3289
2898
391
1576486623
3289
2898
391
1576486623
3289
2898
391
1576486623
3289
2898
391
1576486623
3289
2898
391
1576486623
3289
2898
391
1576486623
3289
2898
391
1576486623
3289
2898
391
1576486624
3289
2898
391
1576486624
3289
2898
391
1576486624
3289
2898
391
1576486624
3289
2898
391
