1576486427
588
575
13
1576486427
588
575
13
1576486427
588
575
13
1576486427
588
575
13
1576486428
588
575
13
1576486428
588
575
13
1576486428
588
575
13
1576486428
588
575
13
1576486428
588
575
13
1576486428
588
575
13
1576486428
588
575
13
1576486428
588
575
13
1576486428
588
575
13
1576486429
588
575
13
1576486429
588
575
13
1576486429
588
575
13
1576486429
588
575
13
1576486429
588
575
13
1576486429
588
575
13
1576486429
588
575
13
1576486429
588
575
13
1576486429
588
575
13
1576486430
588
575
13
1576486430
588
575
13
1576486430
588
575
13
1576486430
588
575
13
1576486430
588
575
13
1576486430
588
575
13
1576486430
588
575
13
1576486430
588
575
13
1576486430
588
575
13
1576486431
588
575
13
1576486431
588
575
13
1576486431
588
575
13
1576486431
588
575
13
1576486431
588
575
13
1576486431
588
575
13
1576486431
588
575
13
1576486431
588
575
13
1576486431
588
575
13
1576486432
588
575
13
1576486432
588
575
13
1576486432
589
576
13
1576486432
589
576
13
1576486432
589
576
13
1576486432
589
576
13
1576486432
589
576
13
1576486432
589
576
13
1576486432
589
576
13
1576486433
589
576
13
1576486433
589
576
13
1576486433
589
576
13
1576486433
589
576
13
1576486433
589
576
13
1576486433
589
576
13
1576486433
589
576
13
1576486433
589
576
13
1576486433
589
576
13
1576486434
589
576
13
1576486434
589
576
13
1576486434
589
576
13
1576486434
589
576
13
1576486434
589
576
13
1576486434
589
576
13
1576486434
589
576
13
1576486434
589
576
13
1576486434
589
576
13
1576486435
589
576
13
1576486435
589
576
13
1576486435
589
576
13
1576486435
589
576
13
1576486435
589
576
13
1576486435
589
576
13
1576486435
589
576
13
1576486435
589
576
13
1576486435
589
576
13
1576486436
589
576
13
1576486436
589
576
13
1576486436
589
576
13
1576486436
589
576
13
1576486436
589
576
13
1576486436
589
576
13
1576486436
589
576
13
1576486436
590
577
13
1576486436
590
577
13
1576486437
590
577
13
1576486437
590
577
13
1576486437
590
577
13
1576486437
590
577
13
1576486437
590
577
13
1576486437
590
577
13
1576486437
590
577
13
1576486437
590
577
13
1576486437
590
577
13
1576486438
590
577
13
1576486438
590
577
13
1576486438
590
577
13
1576486438
590
577
13
1576486438
590
577
13
1576486438
590
577
13
1576486438
590
577
13
1576486438
590
577
13
1576486438
590
577
13
1576486439
590
577
13
1576486439
590
577
13
1576486439
590
577
13
1576486439
590
577
13
1576486439
590
577
13
1576486439
590
577
13
1576486439
590
577
13
1576486439
590
577
13
1576486439
590
577
13
1576486440
590
577
13
1576486440
590
577
13
1576486440
590
577
13
1576486440
590
577
13
1576486440
590
577
13
1576486440
590
577
13
1576486440
590
577
13
1576486440
590
577
13
1576486440
590
577
13
1576486441
590
577
13
1576486441
590
577
13
1576486441
590
577
13
1576486441
590
577
13
1576486441
590
577
13
1576486441
590
577
13
1576486441
590
577
13
1576486441
590
577
13
1576486441
590
577
13
1576486442
590
577
13
1576486442
590
577
13
1576486442
590
577
13
1576486442
590
577
13
1576486442
590
577
13
1576486442
590
577
13
1576486442
590
577
13
1576486442
590
577
13
1576486442
590
577
13
1576486443
590
577
13
1576486443
590
577
13
1576486443
590
577
13
1576486443
590
577
13
1576486443
590
577
13
1576486443
590
577
13
1576486443
590
577
13
1576486443
590
577
13
1576486443
590
577
13
1576486444
590
577
13
1576486444
590
577
13
1576486444
590
577
13
1576486444
590
577
13
1576486444
591
578
13
1576486444
591
578
13
1576486444
591
578
13
1576486444
591
578
13
1576486444
591
578
13
1576486445
592
579
13
1576486445
592
579
13
1576486445
592
579
13
1576486445
592
579
13
1576486445
592
579
13
1576486445
592
579
13
1576486445
592
579
13
1576486445
592
579
13
1576486445
592
579
13
1576486446
592
579
13
1576486446
592
579
13
1576486446
592
579
13
1576486446
592
579
13
1576486446
592
579
13
1576486446
592
579
13
1576486446
592
579
13
1576486446
593
580
13
1576486446
593
580
13
1576486447
593
580
13
1576486447
593
580
13
1576486447
593
580
13
1576486447
593
580
13
1576486447
593
580
13
1576486447
593
580
13
1576486447
593
580
13
1576486447
593
580
13
1576486447
593
580
13
1576486448
593
580
13
1576486448
593
580
13
1576486448
593
580
13
1576486448
593
580
13
1576486448
593
580
13
1576486448
593
580
13
1576486448
593
580
13
1576486448
593
580
13
1576486448
593
580
13
1576486449
593
580
13
1576486449
593
580
13
1576486449
593
580
13
1576486449
593
580
13
1576486449
593
580
13
1576486449
593
580
13
1576486449
593
580
13
1576486449
593
580
13
1576486449
593
580
13
1576486450
593
580
13
1576486450
593
580
13
1576486450
593
580
13
1576486450
593
580
13
1576486450
594
581
13
1576486450
594
581
13
1576486450
594
581
13
1576486450
594
581
13
1576486450
594
581
13
1576486451
594
581
13
1576486451
594
581
13
1576486451
594
581
13
1576486451
594
581
13
1576486451
594
581
13
1576486451
594
581
13
1576486451
594
581
13
1576486451
594
581
13
1576486451
594
581
13
1576486452
594
581
13
1576486452
594
581
13
1576486452
594
581
13
1576486452
594
581
13
1576486452
594
581
13
1576486452
594
581
13
1576486452
594
581
13
1576486452
594
581
13
1576486452
594
581
13
1576486453
594
581
13
1576486453
594
581
13
1576486453
594
581
13
1576486453
594
581
13
1576486453
594
581
13
1576486453
594
581
13
1576486453
594
581
13
1576486453
594
581
13
1576486453
594
581
13
1576486454
594
581
13
1576486454
594
581
13
1576486454
594
581
13
1576486454
594
581
13
1576486454
594
581
13
1576486454
594
581
13
1576486454
594
581
13
1576486454
594
581
13
1576486454
594
581
13
1576486455
594
581
13
1576486455
594
581
13
1576486455
594
581
13
1576486455
594
581
13
1576486455
594
581
13
1576486455
594
581
13
1576486455
594
581
13
1576486455
594
581
13
1576486455
594
581
13
1576486456
594
581
13
1576486456
594
581
13
1576486456
594
581
13
1576486456
594
581
13
1576486456
595
582
13
1576486456
595
582
13
1576486456
595
582
13
1576486456
595
582
13
1576486456
595
582
13
1576486457
595
582
13
1576486457
595
582
13
1576486457
595
582
13
1576486457
595
582
13
1576486457
595
582
13
1576486457
595
582
13
1576486457
595
582
13
1576486457
595
582
13
1576486457
595
582
13
1576486458
595
582
13
1576486458
595
582
13
1576486458
595
582
13
1576486458
595
582
13
1576486458
595
582
13
1576486458
595
582
13
1576486458
595
582
13
1576486458
595
582
13
1576486458
595
582
13
1576486459
595
582
13
1576486459
595
582
13
1576486459
595
582
13
1576486459
595
582
13
1576486459
595
582
13
1576486459
595
582
13
1576486459
595
582
13
1576486459
595
582
13
1576486459
595
582
13
1576486460
595
582
13
1576486460
595
582
13
1576486460
595
582
13
1576486460
595
582
13
1576486460
595
582
13
1576486460
595
582
13
1576486460
595
582
13
1576486460
595
582
13
1576486460
595
582
13
1576486461
595
582
13
1576486461
595
582
13
1576486461
595
582
13
1576486461
595
582
13
1576486461
595
582
13
1576486461
595
582
13
1576486461
595
582
13
1576486461
595
582
13
1576486461
595
582
13
1576486462
595
582
13
1576486462
595
582
13
1576486462
595
582
13
1576486462
595
582
13
1576486462
595
582
13
1576486462
595
582
13
1576486462
595
582
13
1576486462
595
582
13
1576486462
595
582
13
1576486463
596
583
13
1576486463
596
583
13
1576486463
596
583
13
1576486463
596
583
13
1576486463
596
583
13
1576486463
596
583
13
1576486463
596
583
13
1576486463
596
583
13
1576486463
596
583
13
1576486464
596
583
13
1576486464
596
583
13
1576486464
596
583
13
1576486464
596
583
13
1576486464
596
583
13
1576486464
596
583
13
1576486464
596
583
13
1576486464
596
583
13
1576486464
596
583
13
1576486465
596
583
13
1576486465
596
583
13
1576486465
596
583
13
1576486465
596
583
13
1576486465
596
583
13
1576486465
596
583
13
1576486465
596
583
13
1576486465
597
584
13
1576486465
597
584
13
1576486466
597
584
13
1576486466
597
584
13
1576486466
597
584
13
1576486466
597
584
13
1576486466
597
584
13
1576486466
597
584
13
1576486466
597
584
13
1576486466
597
584
13
1576486466
597
584
13
1576486467
597
584
13
1576486467
597
584
13
1576486467
597
584
13
1576486467
597
584
13
1576486467
597
584
13
1576486467
597
584
13
1576486467
597
584
13
1576486467
597
584
13
1576486467
597
584
13
1576486468
597
584
13
1576486468
597
584
13
1576486468
597
584
13
1576486468
597
584
13
1576486468
597
584
13
1576486468
597
584
13
1576486468
597
584
13
1576486468
597
584
13
1576486469
597
584
13
1576486469
597
584
13
1576486469
597
584
13
1576486469
597
584
13
1576486469
597
584
13
1576486469
597
584
13
1576486469
597
584
13
1576486469
597
584
13
1576486469
597
584
13
1576486470
597
584
13
1576486470
597
584
13
1576486470
597
584
13
1576486470
597
584
13
1576486470
597
584
13
1576486470
597
584
13
1576486470
597
584
13
1576486470
597
584
13
1576486470
597
584
13
1576486471
597
584
13
1576486471
597
584
13
1576486471
597
584
13
1576486471
597
584
13
1576486471
597
584
13
1576486471
597
584
13
1576486471
597
584
13
1576486471
597
584
13
1576486471
597
584
13
1576486472
597
584
13
1576486472
597
584
13
1576486472
597
584
13
1576486472
597
584
13
1576486472
597
584
13
1576486472
597
584
13
1576486472
597
584
13
1576486472
597
584
13
1576486472
597
584
13
1576486473
597
584
13
1576486473
597
584
13
1576486473
597
584
13
1576486473
597
584
13
1576486473
597
584
13
1576486473
597
584
13
1576486473
597
584
13
1576486473
597
584
13
1576486473
597
584
13
1576486474
597
584
13
1576486474
597
584
13
1576486474
597
584
13
1576486474
597
584
13
1576486474
597
584
13
1576486474
597
584
13
1576486474
597
584
13
1576486474
597
584
13
1576486474
597
584
13
1576486475
597
584
13
1576486475
597
584
13
1576486475
597
584
13
1576486475
597
584
13
1576486475
597
584
13
1576486475
597
584
13
1576486475
597
584
13
1576486475
597
584
13
1576486475
597
584
13
1576486476
597
584
13
1576486476
597
584
13
1576486476
597
584
13
1576486476
597
584
13
1576486476
597
584
13
1576486476
597
584
13
1576486476
597
584
13
1576486476
597
584
13
1576486476
597
584
13
1576486477
597
584
13
1576486477
597
584
13
1576486477
597
584
13
1576486477
597
584
13
1576486477
597
584
13
1576486477
597
584
13
1576486477
597
584
13
1576486477
597
584
13
1576486477
597
584
13
1576486478
597
584
13
1576486478
597
584
13
1576486478
597
584
13
1576486478
597
584
13
1576486478
597
584
13
1576486478
597
584
13
1576486478
597
584
13
1576486478
597
584
13
1576486478
597
584
13
1576486479
597
584
13
1576486479
597
584
13
1576486479
597
584
13
1576486479
597
584
13
1576486479
597
584
13
1576486479
597
584
13
1576486479
597
584
13
1576486479
597
584
13
1576486479
597
584
13
1576486480
597
584
13
1576486480
597
584
13
1576486480
597
584
13
1576486480
597
584
13
1576486480
597
584
13
1576486480
597
584
13
1576486480
597
584
13
1576486480
597
584
13
1576486480
597
584
13
1576486481
597
584
13
1576486481
597
584
13
1576486481
597
584
13
1576486481
597
584
13
1576486481
597
584
13
1576486481
597
584
13
1576486481
597
584
13
1576486481
597
584
13
1576486481
597
584
13
1576486482
597
584
13
1576486482
597
584
13
1576486482
597
584
13
1576486482
597
584
13
1576486482
597
584
13
1576486482
597
584
13
1576486482
597
584
13
1576486482
597
584
13
1576486482
597
584
13
1576486483
597
584
13
1576486483
597
584
13
1576486483
597
584
13
1576486483
597
584
13
1576486483
597
584
13
1576486483
597
584
13
1576486483
597
584
13
1576486483
597
584
13
1576486483
597
584
13
1576486484
597
584
13
1576486484
597
584
13
1576486484
597
584
13
1576486484
597
584
13
1576486484
597
584
13
1576486484
597
584
13
1576486484
597
584
13
1576486484
597
584
13
1576486484
597
584
13
1576486485
597
584
13
1576486485
597
584
13
1576486485
597
584
13
1576486485
597
584
13
1576486485
597
584
13
1576486485
597
584
13
1576486485
597
584
13
1576486485
597
584
13
1576486485
597
584
13
1576486486
597
584
13
1576486486
597
584
13
1576486486
597
584
13
1576486486
597
584
13
1576486486
597
584
13
1576486486
597
584
13
1576486486
598
585
13
1576486486
598
585
13
1576486486
598
585
13
1576486487
598
585
13
1576486487
598
585
13
1576486487
598
585
13
1576486487
599
586
13
1576486487
599
586
13
1576486487
599
586
13
1576486487
599
586
13
1576486487
599
586
13
1576486487
599
586
13
1576486488
599
586
13
1576486488
599
586
13
1576486488
599
586
13
1576486488
599
586
13
1576486488
599
586
13
1576486488
599
586
13
1576486488
599
586
13
1576486488
599
586
13
1576486488
599
586
13
1576486489
599
586
13
1576486489
599
586
13
1576486489
599
586
13
1576486489
599
586
13
1576486489
599
586
13
1576486489
599
586
13
1576486489
599
586
13
1576486489
599
586
13
1576486489
599
586
13
1576486490
599
586
13
1576486490
599
586
13
1576486490
599
586
13
1576486490
599
586
13
1576486490
599
586
13
1576486490
599
586
13
1576486490
599
586
13
1576486490
599
586
13
1576486490
599
586
13
1576486491
599
586
13
1576486491
599
586
13
1576486491
599
586
13
1576486491
599
586
13
1576486491
599
586
13
1576486491
599
586
13
1576486491
599
586
13
1576486491
599
586
13
1576486492
600
586
14
1576486492
600
586
14
1576486492
600
586
14
1576486492
600
586
14
1576486492
600
586
14
1576486492
604
586
18
1576486492
604
586
18
1576486492
604
586
18
1576486492
604
586
18
1576486493
632
586
46
1576486493
632
586
46
1576486493
632
586
46
1576486493
632
586
46
1576486493
1431
586
1517
1576486493
2724
586
2138
1576486493
2724
586
2138
1576486493
2724
586
2138
1576486493
8673
586
8087
1576486494
10830
586
10244
1576486494
10877
586
10291
1576486494
10877
586
10291
1576486494
10877
586
10291
1576486494
10877
586
10291
1576486494
10877
586
10291
1576486494
10977
586
10391
1576486494
10977
586
10391
1576486494
10977
586
10391
1576486495
10977
586
10391
1576486495
10977
586
10391
1576486495
10977
586
10391
1576486495
10977
586
10391
1576486495
10977
586
10391
1576486495
11025
586
10439
1576486495
11025
586
10439
1576486495
11067
586
10494
1576486496
11080
586
10494
1576486496
11080
586
10494
1576486496
11080
586
10494
1576486496
11080
586
10494
1576486496
11080
586
10494
1576486496
11080
586
10494
1576486496
11080
586
10494
1576486496
11080
586
10494
1576486496
11104
586
10518
1576486497
11104
586
10518
1576486497
11104
586
10518
1576486497
11124
586
10538
1576486497
11124
586
10538
1576486497
11124
586
10538
1576486497
11124
586
10538
1576486497
11138
586
10552
1576486497
11138
586
10552
1576486497
11152
586
10566
1576486498
11152
586
10566
1576486498
11152
586
10566
1576486498
11152
586
10566
1576486498
11321
586
11176
1576486498
12503
586
11977
1576486498
14679
586
14236
1576486498
16477
586
15891
1576486498
18881
586
18295
1576486499
21087
586
20501
1576486499
22641
586
22055
1576486499
23146
586
22560
1576486499
23178
586
22592
1576486499
23178
586
22592
1576486499
23215
587
22628
1576486499
23215
587
22628
1576486499
23215
587
22628
1576486499
24965
588
24377
1576486500
24965
588
24377
1576486500
24965
588
24377
1576486500
24965
588
24377
1576486500
24965
588
24377
1576486500
24965
588
24377
1576486500
24965
588
24377
1576486500
24965
588
24377
1576486500
24965
588
24377
1576486500
24965
588
24377
1576486501
24965
588
24377
1576486501
24965
588
24377
1576486501
25104
722
24382
1576486501
25104
722
24382
1576486501
25104
722
24382
1576486501
25104
722
24382
1576486501
29059
4485
24574
1576486501
29062
4486
24576
1576486501
29062
4486
24576
1576486502
29133
4486
24647
1576486502
29133
4486
24647
1576486502
31228
4486
26742
1576486502
38517
4486
35295
1576486502
43369
6522
36847
1576486502
43369
6522
36847
1576486502
43369
6522
36847
1576486502
43369
6522
36847
1576486502
43369
6522
36847
1576486503
43369
6522
36847
1576486503
43369
6522
36847
1576486503
43369
6522
36847
1576486503
43369
6522
36847
1576486503
43369
6522
36847
1576486503
43369
6522
36847
1576486503
43369
6522
36847
1576486503
43369
6522
36847
1576486503
43369
6522
36847
1576486504
43369
6522
36847
1576486504
43369
6522
36847
1576486504
43369
6522
36847
1576486504
43369
6522
36847
1576486504
43369
6522
36847
1576486504
43369
6522
36847
1576486504
43369
6522
36847
1576486504
43369
6522
36847
1576486504
43369
6522
36847
1576486505
43370
6523
36847
1576486505
43370
6523
36847
1576486505
43370
6523
36847
1576486505
43370
6523
36847
1576486505
43370
6523
36847
1576486505
43370
6523
36847
1576486505
43370
6523
36847
1576486505
43370
6523
36847
1576486506
43370
6523
36847
1576486506
43370
6523
36847
1576486506
43370
6523
36847
1576486506
43370
6523
36847
1576486506
43370
6523
36847
1576486506
43371
6524
36847
1576486506
43371
6524
36847
1576486506
43372
6525
36847
1576486506
43372
6525
36847
1576486507
43372
6525
36847
1576486507
43372
6525
36847
1576486507
43372
6525
36847
1576486507
43372
6525
36847
1576486507
43372
6525
36847
1576486507
43372
6525
36847
1576486507
43372
6525
36847
1576486507
43372
6525
36847
1576486508
43372
6525
36847
1576486508
43372
6525
36847
1576486508
43372
6525
36847
1576486508
43372
6525
36847
1576486508
43372
6525
36847
1576486508
43374
6527
36847
1576486508
43374
6527
36847
1576486508
43374
6527
36847
1576486508
43374
6527
36847
1576486509
43374
6527
36847
1576486509
43374
6527
36847
1576486509
43374
6527
36847
1576486509
43374
6527
36847
1576486509
43374
6527
36847
1576486509
43382
6527
36855
1576486509
43382
6527
36855
1576486509
43382
6527
36855
1576486510
43382
6527
36855
1576486510
43390
6527
36863
1576486510
43390
6527
36863
1576486510
43390
6527
36863
1576486510
43390
6527
36863
1576486510
43570
6527
37043
1576486510
43570
6527
37043
1576486510
43570
6527
37043
1576486510
43570
6527
37043
1576486511
45483
6527
39810
1576486511
53638
6527
47111
1576486511
69105
6527
62578
1576486511
83691
10000
73691
1576486511
86371
12672
73699
1576486511
86371
12672
73699
1576486511
86371
12672
73699
1576486511
86371
12672
73699
1576486512
86371
12672
73699
1576486512
86371
12672
73699
1576486512
86371
12672
73699
1576486512
86371
12672
73699
1576486512
86371
12672
73699
1576486512
86371
12672
73699
1576486512
86373
12674
73699
1576486512
86373
12674
73699
1576486512
86374
12675
73699
1576486513
86374
12675
73699
1576486513
86374
12675
73699
1576486513
86374
12675
73699
1576486513
86374
12675
73699
1576486513
86375
12676
73699
1576486513
86375
12676
73699
1576486513
86378
12679
73699
1576486513
86378
12679
73699
1576486514
86378
12679
73699
1576486514
86378
12679
73699
1576486514
86378
12679
73699
1576486514
86378
12679
73699
1576486514
86378
12679
73699
1576486514
86378
12679
73699
1576486514
86378
12679
73699
1576486514
86378
12679
73699
1576486514
86378
12679
73699
1576486515
86378
12679
73699
1576486515
86378
12679
73699
1576486515
86379
12680
73699
1576486515
86379
12680
73699
1576486515
86379
12680
73699
1576486515
86379
12680
73699
1576486515
86379
12680
73699
1576486515
86379
12680
73699
1576486516
86379
12680
73699
1576486516
86379
12680
73699
1576486516
86379
12680
73699
1576486516
86379
12680
73699
1576486516
86379
12680
73699
1576486516
86379
12680
73699
1576486516
86379
12680
73699
1576486516
86395
12696
73699
1576486516
86395
12696
73699
1576486517
86395
12696
73699
1576486517
86395
12696
73699
1576486517
86395
12696
73699
1576486517
86395
12696
73699
1576486517
86395
12696
73699
1576486517
86395
12696
73699
1576486517
86395
12696
73699
1576486517
86395
12696
73699
1576486518
86395
12696
73699
1576486518
86395
12696
73699
1576486518
86395
12696
73699
1576486518
86395
12696
73699
1576486518
86395
12696
73699
1576486518
86395
12696
73699
1576486518
86395
12696
73699
1576486518
86395
12696
73699
1576486518
86395
12696
73699
1576486519
86395
12696
73699
1576486519
86395
12696
73699
1576486519
86395
12696
73699
1576486519
86396
12697
73699
1576486519
86396
12697
73699
1576486519
86396
12697
73699
1576486519
86396
12697
73699
1576486519
86396
12697
73699
1576486520
86396
12697
73699
1576486520
86397
12698
73699
1576486520
86397
12698
73699
1576486520
86397
12698
73699
1576486520
86397
12698
73699
1576486520
86401
12702
73699
1576486520
86401
12702
73699
1576486520
86401
12702
73699
1576486520
86401
12702
73699
1576486521
86401
12702
73699
1576486521
86407
12708
73699
1576486521
86407
12708
73699
1576486521
86407
12708
73699
1576486521
86407
12708
73699
1576486521
86412
12713
73699
1576486521
86412
12713
73699
1576486521
86413
12714
73699
1576486522
86413
12714
73699
1576486522
86413
12714
73699
1576486522
86413
12714
73699
1576486522
86413
12714
73699
1576486522
86413
12714
73699
1576486522
86413
12714
73699
1576486522
86413
12714
73699
1576486522
86413
12714
73699
1576486522
86413
12714
73699
1576486523
86413
12714
73699
1576486523
86413
12714
73699
1576486523
86413
12714
73699
1576486523
86413
12714
73699
1576486523
86413
12714
73699
1576486523
86413
12714
73699
1576486523
86413
12714
73699
1576486523
86413
12714
73699
1576486524
86413
12714
73699
1576486524
86413
12714
73699
1576486524
86413
12714
73699
1576486524
86413
12714
73699
1576486524
86413
12714
73699
1576486524
86413
12714
73699
1576486524
86413
12714
73699
1576486524
86413
12714
73699
1576486525
86413
12714
73699
1576486525
86413
12714
73699
1576486525
86413
12714
73699
1576486525
86413
12714
73699
1576486525
86413
12714
73699
1576486525
86413
12714
73699
1576486525
86413
12714
73699
1576486525
86413
12714
73699
1576486526
86413
12714
73699
1576486526
86413
12714
73699
1576486526
86413
12714
73699
1576486526
86413
12714
73699
1576486526
86413
12714
73699
1576486526
86413
12714
73699
1576486526
86413
12714
73699
1576486526
86413
12714
73699
1576486526
86413
12714
73699
1576486527
86413
12714
73699
1576486527
86413
12714
73699
1576486527
86413
12714
73699
1576486527
86413
12714
73699
1576486527
86413
12714
73699
1576486527
86413
12714
73699
1576486527
86413
12714
73699
1576486527
86413
12714
73699
1576486528
86413
12714
73699
1576486528
86413
12714
73699
1576486528
86413
12714
73699
1576486528
86413
12714
73699
1576486528
86413
12714
73699
1576486528
86413
12714
73699
1576486528
86413
12714
73699
1576486528
86413
12714
73699
1576486529
86413
12714
73699
1576486529
86413
12714
73699
1576486529
86413
12714
73699
1576486529
86413
12714
73699
1576486529
86413
12714
73699
1576486529
86413
12714
73699
1576486529
86413
12714
73699
1576486529
86413
12714
73699
1576486530
86413
12714
73699
1576486530
86413
12714
73699
1576486530
86413
12714
73699
1576486530
86413
12714
73699
1576486530
86413
12714
73699
1576486530
86413
12714
73699
1576486530
86413
12714
73699
1576486531
86413
12714
73699
1576486531
86413
12714
73699
1576486531
86413
12714
73699
1576486531
86413
12714
73699
1576486531
86413
12714
73699
1576486531
86413
12714
73699
1576486531
86413
12714
73699
1576486531
86413
12714
73699
1576486532
86413
12714
73699
1576486532
86413
12714
73699
1576486532
86413
12714
73699
1576486532
86413
12714
73699
1576486532
86413
12714
73699
1576486532
86413
12714
73699
1576486532
86413
12714
73699
1576486533
86413
12714
73699
1576486533
86413
12714
73699
1576486533
86413
12714
73699
1576486533
86413
12714
73699
1576486533
86413
12714
73699
1576486533
86413
12714
73699
1576486533
86413
12714
73699
1576486533
86413
12714
73699
1576486534
86413
12714
73699
1576486534
86413
12714
73699
1576486534
86413
12714
73699
1576486534
86413
12714
73699
1576486534
86413
12714
73699
1576486534
86413
12714
73699
1576486534
86413
12714
73699
1576486534
86413
12714
73699
1576486535
86413
12714
73699
1576486535
86413
12714
73699
1576486535
86413
12714
73699
1576486535
86522
12714
73808
1576486535
86522
12714
73808
1576486535
86632
12714
73918
1576486535
86632
12714
73918
1576486535
88511
12714
75797
1576486536
92563
12714
79849
1576486536
92692
12714
79978
1576486536
92692
12714
79978
1576486536
96701
12714
83987
1576486536
98727
12714
86013
1576486536
98874
12714
86160
1576486536
98874
12714
86160
1576486536
100818
12714
88104
1576486537
100978
12714
88264
1576486537
100978
12714
88264
1576486537
100978
12714
88264
1576486537
100978
12714
88264
1576486537
101133
12714
88419
1576486537
101133
12714
88419
1576486537
101133
12714
88419
1576486537
101133
12714
88419
1576486538
101133
12714
88419
1576486538
101133
12714
88419
1576486538
101133
12714
88419
1576486538
101133
12714
88419
1576486538
106966
12714
94252
1576486538
113030
12714
100316
1576486538
113030
12714
100316
1576486538
113030
12714
100316
1576486539
113030
12714
100316
1576486539
113030
12714
100316
1576486539
113030
12714
100316
1576486539
113030
12714
100316
1576486539
113030
12714
100316
1576486539
113030
12714
100316
1576486539
113030
12714
100316
1576486539
113030
12714
100316
1576486540
113030
12714
100316
1576486540
113030
12714
100316
1576486540
113030
12714
100316
1576486540
113030
12714
100316
1576486540
113030
12714
100316
1576486540
113030
12714
100316
1576486540
113032
12714
100318
1576486540
113032
12714
100318
1576486541
113034
12714
100320
1576486541
113034
12714
100320
1576486541
113034
12714
100320
1576486541
113034
12714
100320
1576486541
113203
12714
100489
1576486541
113203
12714
100489
1576486541
113203
12714
100489
1576486541
113203
12714
100489
1576486542
113203
12714
102588
1576486542
119871
12939
108504
1576486542
125314
16810
108504
1576486542
125314
16810
108504
1576486542
125314
16810
108504
1576486542
125314
16810
108504
1576486542
125314
16810
108504
1576486542
125314
16810
108504
1576486543
125314
16810
108504
1576486543
125314
16810
108504
1576486543
125314
16810
108504
1576486543
125314
16810
108504
1576486543
125314
16810
108504
1576486543
125315
16810
108505
1576486543
125315
16810
108505
1576486543
125315
16810
108505
1576486543
125315
16810
108505
1576486544
125315
16810
108505
1576486544
125315
16810
108505
1576486544
125315
16810
108505
1576486544
125315
16810
108505
1576486544
125315
16810
108505
1576486544
125315
16810
108505
1576486544
125315
16810
108505
1576486544
125315
16810
108505
1576486545
125315
16810
108505
1576486545
125315
16810
108505
1576486545
125315
16810
108505
1576486545
127361
16810
110551
1576486545
127364
16813
110551
1576486545
127364
16813
110551
1576486545
127364
16813
110551
1576486545
127364
16813
110551
1576486545
127364
16813
110551
1576486546
127364
16813
110551
1576486546
127364
16813
110551
1576486546
127364
16813
110551
1576486546
127364
16813
110551
1576486546
127364
16813
110551
1576486546
127364
16813
110551
1576486546
127364
16813
110551
1576486546
127364
16813
110551
1576486547
127364
16813
110551
1576486547
127364
16813
110551
1576486547
127364
16813
110551
1576486547
127364
16813
110551
1576486547
127364
16813
110551
1576486547
127364
16813
110551
1576486547
127364
16813
110551
1576486547
127364
16813
110551
1576486548
127364
16813
110551
1576486548
127364
16813
110551
1576486548
127364
16813
110551
1576486548
127364
16813
110551
1576486548
127364
16813
110551
1576486548
127364
16813
110551
1576486548
127364
16813
110551
1576486548
127364
16813
110551
1576486549
127364
16813
110551
1576486549
127364
16813
110551
1576486549
127364
16813
110551
1576486549
127364
16813
110551
1576486549
127364
16813
110551
1576486549
127364
16813
110551
1576486549
127364
16813
110551
1576486549
127364
16813
110551
1576486550
127364
16813
110551
1576486550
127364
16813
110551
1576486550
127364
16813
110551
1576486550
127364
16813
110551
1576486550
127364
16813
110551
1576486550
127364
16813
110551
1576486550
129410
18859
110551
1576486550
129410
18859
110551
1576486551
129410
18859
110551
1576486551
129410
18859
110551
1576486551
129410
18859
110551
1576486551
129410
18859
110551
1576486551
129410
18859
110551
1576486551
129410
18859
110551
1576486551
129410
18859
110551
1576486551
129410
18859
110551
1576486551
129410
18859
110551
1576486552
129410
18859
110551
1576486552
129410
18859
110551
1576486552
129410
18859
110551
1576486552
129410
18859
110551
1576486552
129410
18859
110551
1576486552
129410
18859
110551
1576486552
129410
18859
110551
1576486552
129410
18859
110551
1576486553
129410
18859
110551
1576486553
129410
18859
110551
1576486553
129410
18859
110551
1576486553
129410
18859
110551
1576486553
129410
18859
110551
1576486553
129410
18859
110551
1576486553
129410
18859
110551
1576486553
129410
18859
110551
1576486554
129410
18859
110551
1576486554
129410
18859
110551
1576486554
129410
18859
110551
1576486554
129410
18859
110551
1576486554
129410
18859
110551
1576486554
129410
18859
110551
1576486554
129411
18860
110551
1576486554
129411
18860
110551
1576486555
129411
18860
110551
1576486555
129411
18860
110551
1576486555
129411
18860
110551
1576486555
129411
18860
110551
1576486555
129411
18860
110551
1576486555
129411
18860
110551
1576486555
129411
18860
110551
1576486555
129411
18860
110551
1576486556
129411
18860
110551
1576486556
129411
18860
110551
1576486556
129411
18860
110551
1576486556
129411
18860
110551
1576486556
129411
18860
110551
1576486556
129411
18860
110551
1576486556
129411
18860
110551
1576486556
129411
18860
110551
1576486557
129411
18860
110551
1576486557
129411
18860
110551
1576486557
129411
18860
110551
1576486557
129411
18860
110551
1576486557
129411
18860
110551
1576486557
129411
18860
110551
1576486557
129411
18860
110551
1576486557
129411
18860
110551
1576486558
129411
18860
110551
1576486558
129411
18860
110551
1576486558
129411
18860
110551
1576486558
129411
18860
110551
1576486558
129411
18860
110551
1576486558
129411
18860
110551
1576486558
129411
18860
110551
1576486558
129411
18860
110551
1576486559
129412
18861
110551
1576486559
129412
18861
110551
1576486559
129412
18861
110551
1576486559
129412
18861
110551
1576486559
129413
18862
110551
1576486559
129413
18862
110551
1576486559
129413
18862
110551
1576486559
129413
18862
110551
1576486560
129413
18862
110551
1576486560
129413
18862
110551
1576486560
129413
18862
110551
1576486560
129413
18862
110551
1576486560
129413
18862
110551
1576486560
129413
18862
110551
1576486560
129413
18862
110551
1576486560
129413
18862
110551
1576486561
129413
18862
110551
1576486561
129413
18862
110551
1576486561
129413
18862
110551
1576486561
129413
18862
110551
1576486561
129413
18862
110551
1576486561
129413
18862
110551
1576486561
129413
18862
110551
1576486561
129413
18862
110551
1576486562
129413
18862
110551
1576486562
129413
18862
110551
1576486562
129413
18862
110551
1576486562
129413
18862
110551
1576486562
129413
18862
110551
1576486562
129413
18862
110551
1576486562
129413
18862
110551
1576486562
129413
18862
110551
1576486563
129413
18862
110551
1576486563
129413
18862
110551
1576486563
129413
18862
110551
1576486563
129413
18862
110551
1576486563
129413
18862
110551
1576486563
129413
18862
110551
1576486563
129413
18862
110551
1576486563
129413
18862
110551
1576486564
129413
18862
110551
1576486564
129413
18862
110551
1576486564
129413
18862
110551
1576486564
129413
18862
110551
1576486564
129413
18862
110551
1576486564
129413
18862
110551
1576486564
129413
18862
110551
1576486564
129413
18862
110551
1576486564
129413
18862
110551
1576486565
129413
18862
110551
1576486565
129413
18862
110551
1576486565
129413
18862
110551
1576486565
129413
18862
110551
1576486565
129413
18863
110551
1576486565
129414
18863
110551
1576486565
129414
18863
110551
1576486565
129414
18863
110551
1576486566
129414
18863
110551
1576486566
129414
18863
110551
1576486566
129414
18863
110551
1576486566
129414
18863
110551
1576486566
129414
18863
110551
1576486566
129414
18863
110551
1576486566
129414
18863
110551
1576486566
129414
18863
110551
1576486567
129414
18863
110551
1576486567
129414
18863
110551
1576486567
129414
18863
110551
1576486567
129414
18863
110551
1576486567
129414
18863
110551
1576486567
129414
18863
110551
1576486567
129414
18863
110551
1576486567
129414
18863
110551
1576486568
129414
18863
110551
1576486568
129414
18863
110551
1576486568
129414
18863
110551
1576486568
129414
18863
110551
1576486568
129414
18863
110551
1576486568
129414
18863
110551
1576486568
129414
18863
110551
1576486568
129414
18863
110551
1576486569
129414
18863
110551
1576486569
129414
18863
110551
1576486569
129414
18863
110551
1576486569
129414
18863
110551
1576486569
129414
18863
110551
1576486569
129414
18863
110551
1576486569
129414
18863
110551
1576486570
129414
18863
110551
1576486570
129414
18863
110551
1576486570
129414
18863
110551
1576486570
129414
18863
110551
1576486570
129414
18863
110551
1576486570
129414
18863
110551
1576486570
129414
18863
110551
1576486570
129414
18863
110551
1576486571
129414
18863
110551
1576486571
129414
18863
110551
1576486571
129414
18863
110551
1576486571
129414
18863
110551
1576486571
129414
18863
110551
1576486571
129414
18863
110551
1576486571
129414
18863
110551
1576486571
129414
18863
110551
1576486572
129414
18863
110551
1576486572
129414
18863
110551
1576486572
129414
18863
110551
1576486572
129414
18863
110551
1576486572
129414
18863
110551
1576486572
129414
18863
110551
1576486572
129414
18863
110551
1576486572
129414
18863
110551
1576486573
129414
18863
110551
1576486573
129414
18863
110551
1576486573
129414
18863
110551
1576486573
129414
18863
110551
1576486573
129414
18863
110551
1576486573
129414
18863
110551
1576486573
129414
18863
110551
1576486573
129414
18863
110551
1576486574
129414
18863
110551
1576486574
129414
18863
110551
1576486574
129414
18863
110551
1576486574
129414
18863
110551
1576486574
129414
18863
110551
1576486574
129414
18863
110551
1576486574
129414
18863
110551
1576486574
129414
18863
110551
1576486575
129414
18863
110551
1576486575
129414
18863
110551
1576486575
129414
18863
110551
1576486575
129414
18863
110551
1576486575
129414
18863
110551
1576486575
129414
18863
110551
1576486575
129414
18863
110551
1576486575
129414
18863
110551
1576486576
129414
18863
110551
1576486576
129414
18863
110551
1576486576
129414
18863
110551
1576486576
129414
18863
110551
1576486576
129414
18863
110551
1576486576
129414
18863
110551
1576486576
129414
18863
110551
1576486576
129414
18863
110551
1576486577
129414
18863
110551
1576486577
129414
18863
110551
1576486577
129414
18863
110551
1576486577
129414
18863
110551
1576486577
129414
18863
110551
1576486577
129414
18863
110551
1576486577
129414
18863
110551
1576486577
129414
18863
110551
1576486578
129414
18863
110551
1576486578
129414
18863
110551
1576486578
129414
18863
110551
1576486578
129414
18863
110551
1576486578
129414
18863
110551
1576486578
129414
18863
110551
1576486578
129414
18863
110551
1576486578
129414
18863
110551
1576486579
129414
18863
110551
1576486579
129414
18863
110551
1576486579
129414
18863
110551
1576486579
129414
18863
110551
1576486579
129414
18863
110551
1576486579
129414
18863
110551
1576486579
129414
18863
110551
1576486579
129414
18863
110551
1576486580
129414
18863
110551
1576486580
129414
18863
110551
1576486580
129414
18863
110551
1576486580
129414
18863
110551
1576486580
129414
18863
110551
1576486580
129414
18863
110551
1576486580
129414
18863
110551
1576486580
129414
18863
110551
1576486581
129414
18863
110551
1576486581
129414
18863
110551
1576486581
129414
18863
110551
1576486581
129414
18863
110551
1576486581
129414
18863
110551
1576486581
129414
18863
110551
1576486581
129414
18863
110551
1576486581
129414
18863
110551
1576486582
129414
18863
110551
1576486582
129414
18863
110551
1576486582
129414
18863
110551
1576486582
129414
18863
110551
1576486582
129414
18863
110551
1576486582
129414
18863
110551
1576486582
129414
18863
110551
1576486582
129414
18863
110551
1576486583
129414
18863
110551
1576486583
129414
18863
110551
1576486583
129414
18863
110551
1576486583
129414
18863
110551
1576486583
129414
18863
110551
1576486583
129414
18863
110551
1576486583
129414
18863
110551
1576486583
129414
18863
110551
1576486584
129414
18863
110551
1576486584
129414
18863
110551
1576486584
129414
18863
110551
1576486584
129414
18863
110551
1576486584
129414
18863
110551
1576486584
129414
18863
110551
1576486584
129414
18863
110551
1576486584
129414
18863
110551
1576486585
129414
18863
110551
1576486585
129414
18863
110551
1576486585
129414
18863
110551
1576486585
129414
18863
110551
1576486585
129414
18863
110551
1576486585
129414
18863
110551
1576486585
129414
18863
110551
1576486585
129414
18863
110551
1576486586
129414
18863
110551
1576486586
129414
18863
110551
1576486586
129414
18863
110551
1576486586
129414
18863
110551
1576486586
129414
18863
110551
1576486586
129414
18863
110551
1576486586
129414
18863
110551
1576486586
129414
18863
110551
1576486587
129414
18863
110551
1576486587
129414
18863
110551
1576486587
129414
18863
110551
1576486587
129414
18863
110551
1576486587
129414
18863
110551
1576486587
129414
18863
110551
1576486587
129414
18863
110551
1576486587
129414
18863
110551
1576486588
129414
18863
110551
1576486588
129414
18863
110551
1576486588
129414
18863
110551
1576486588
129414
18863
110551
1576486588
129414
18863
110551
1576486588
129414
18863
110551
1576486588
129414
18863
110551
1576486588
129414
18863
110551
1576486589
129414
18863
110551
1576486589
129414
18863
110551
1576486589
129414
18863
110551
1576486589
129414
18863
110551
1576486589
129414
18863
110551
1576486589
129414
18863
110551
1576486589
129414
18863
110551
1576486590
129414
18863
110551
1576486590
129414
18863
110551
1576486590
129414
18863
110551
1576486590
129414
18863
110551
1576486590
129415
18864
110551
1576486590
129415
18864
110551
1576486590
129415
18864
110551
1576486590
129415
18864
110551
1576486590
129416
18865
110551
1576486591
129416
18865
110551
1576486591
129416
18865
110551
1576486591
129416
18865
110551
1576486591
129416
18865
110551
1576486591
129416
18865
110551
1576486591
129416
18865
110551
1576486591
129416
18865
110551
1576486591
129416
18865
110551
1576486592
129416
18865
110551
1576486592
129416
18865
110551
1576486592
129416
18865
110551
1576486592
129416
18865
110551
1576486592
129416
18865
110551
1576486592
129416
18865
110551
1576486592
129416
18865
110551
1576486593
129416
18865
110551
1576486593
129416
18865
110551
1576486593
129416
18865
110551
1576486593
129416
18865
110551
1576486593
129416
18865
110551
1576486593
129416
18865
110551
1576486593
129416
18865
110551
1576486593
129416
18865
110551
1576486594
129416
18865
110551
1576486594
129416
18865
110551
1576486594
129416
18865
110551
1576486594
129416
18865
110551
1576486594
129416
18865
110551
1576486594
129416
18865
110551
1576486594
129416
18865
110551
1576486594
129416
18865
110551
1576486594
129416
18865
110551
1576486595
129416
18865
110551
1576486595
129416
18865
110551
1576486595
129416
18865
110551
1576486595
129416
18865
110551
1576486595
129416
18865
110551
1576486595
129416
18865
110551
1576486595
129416
18865
110551
1576486595
129416
18865
110551
1576486596
129416
18865
110551
1576486596
129416
18865
110551
1576486596
129416
18865
110551
1576486596
129416
18865
110551
1576486596
129416
18865
110551
1576486596
129416
18865
110551
1576486596
129416
18865
110551
1576486596
129416
18865
110551
1576486597
129416
18865
110551
1576486597
129416
18865
110551
1576486597
129416
18865
110551
1576486597
129416
18865
110551
1576486597
129416
18865
110551
1576486597
129416
18865
110551
1576486597
129416
18865
110551
1576486597
129416
18865
110551
1576486598
129416
18865
110551
1576486598
129416
18865
110551
1576486598
129416
18865
110551
1576486598
129416
18865
110551
1576486598
129416
18865
110551
1576486598
129416
18865
110551
1576486598
129416
18865
110551
1576486598
129416
18865
110551
1576486599
129416
18865
110551
1576486599
129416
18865
110551
1576486599
129416
18865
110551
1576486599
129416
18865
110551
1576486599
129416
18865
110551
1576486599
129416
18865
110551
1576486599
129416
18865
110551
1576486599
129416
18865
110551
1576486600
129416
18865
110551
1576486600
129416
18865
110551
1576486600
129416
18865
110551
1576486600
129416
18865
110551
1576486600
129416
18865
110551
1576486600
129416
18865
110551
1576486600
129416
18865
110551
1576486600
129416
18865
110551
1576486601
129416
18865
110551
1576486601
129416
18865
110551
1576486601
129416
18865
110551
1576486601
129416
18865
110551
1576486601
129416
18865
110551
1576486601
129416
18865
110551
1576486601
129416
18865
110551
1576486601
129416
18865
110551
1576486602
129416
18865
110551
1576486602
129416
18865
110551
1576486602
129416
18865
110551
1576486602
129416
18865
110551
1576486602
129416
18865
110551
1576486602
129416
18865
110551
1576486602
129416
18865
110551
1576486602
129416
18865
110551
1576486603
129416
18865
110551
1576486603
129416
18865
110551
1576486603
129416
18865
110551
1576486603
129416
18865
110551
1576486603
129416
18865
110551
1576486603
129416
18865
110551
1576486603
129416
18865
110551
1576486603
129416
18865
110551
1576486604
129416
18865
110551
1576486604
129416
18865
110551
1576486604
129416
18865
110551
1576486604
129416
18865
110551
1576486604
129416
18865
110551
1576486604
129416
18865
110551
1576486604
129416
18865
110551
1576486604
129416
18865
110551
1576486605
129416
18865
110551
1576486605
129416
18865
110551
1576486605
129416
18865
110551
1576486605
129416
18865
110551
1576486605
129416
18865
110551
1576486605
129416
18865
110551
1576486605
129416
18865
110551
1576486605
129416
18865
110551
1576486606
129416
18865
110551
1576486606
129416
18865
110551
1576486606
129416
18865
110551
1576486606
129416
18865
110551
1576486606
129416
18865
110551
1576486606
129416
18865
110551
1576486606
129416
18865
110551
1576486606
129416
18865
110551
1576486607
129416
18865
110551
1576486607
129416
18865
110551
1576486607
129416
18865
110551
1576486607
129416
18865
110551
1576486607
129416
18865
110551
1576486607
129416
18865
110551
1576486607
129416
18865
110551
1576486607
129416
18865
110551
1576486608
129416
18865
110551
1576486608
129416
18865
110551
1576486608
129416
18865
110551
1576486608
129416
18865
110551
1576486608
129416
18865
110551
1576486608
129416
18865
110551
1576486608
129416
18865
110551
1576486608
129416
18865
110551
1576486609
129416
18865
110551
1576486609
129416
18865
110551
1576486609
129416
18865
110551
1576486609
129416
18865
110551
1576486609
129416
18865
110551
1576486609
129416
18865
110551
1576486609
129416
18865
110551
1576486609
129416
18865
110551
1576486609
129416
18865
110551
1576486610
129416
18865
110551
1576486610
129416
18865
110551
1576486610
129416
18865
110551
1576486610
129416
18865
110551
1576486610
129416
18865
110551
1576486610
129416
18865
110551
1576486610
129416
18865
110551
1576486610
129416
18865
110551
1576486611
129416
18865
110551
1576486611
129416
18865
110551
1576486611
129416
18865
110551
1576486611
129416
18865
110551
1576486611
129416
18865
110551
1576486611
129416
18865
110551
1576486611
129416
18865
110551
1576486611
129416
18865
110551
1576486612
129416
18865
110551
1576486612
129416
18865
110551
1576486612
129416
18865
110551
1576486612
129416
18865
110551
1576486612
129416
18865
110551
1576486612
129416
18865
110551
1576486612
129416
18865
110551
1576486613
129416
18865
110551
1576486613
129416
18865
110551
1576486613
129416
18865
110551
1576486613
129416
18865
110551
1576486613
129416
18865
110551
1576486613
129416
18865
110551
1576486613
129416
18865
110551
1576486613
129416
18865
110551
1576486614
129416
18865
110551
1576486614
129416
18865
110551
1576486614
129416
18865
110551
1576486614
129416
18865
110551
1576486614
129416
18865
110551
1576486614
129416
18865
110551
1576486614
129416
18865
110551
1576486614
129416
18865
110551
1576486615
129416
18865
110551
1576486615
129416
18865
110551
1576486615
129416
18865
110551
1576486615
129416
18865
110551
1576486615
129416
18865
110551
1576486615
129416
18865
110551
1576486615
129416
18865
110551
1576486616
129416
18865
110551
1576486616
129416
18865
110551
1576486616
129416
18865
110551
1576486616
129416
18865
110551
1576486616
129416
18865
110551
1576486616
129416
18865
110551
1576486616
129416
18865
110551
1576486616
129416
18865
110551
1576486617
129416
18865
110551
1576486617
129416
18865
110551
1576486617
129416
18865
110551
1576486617
129416
18865
110551
1576486617
129416
18865
110551
1576486617
129416
18865
110551
1576486617
129416
18865
110551
1576486617
129416
18865
110551
1576486618
129416
18865
110551
1576486618
129416
18865
110551
1576486618
129416
18865
110551
1576486618
129416
18865
110551
1576486618
129416
18865
110551
1576486618
129416
18865
110551
1576486618
129416
18865
110551
1576486619
129416
18865
110551
1576486619
129416
18865
110551
1576486619
129416
18865
110551
1576486619
129416
18865
110551
1576486619
129416
18865
110551
1576486619
129416
18865
110551
1576486619
129418
18867
110551
1576486620
129418
18867
110551
1576486620
129418
18867
110551
1576486620
129418
18867
110551
1576486620
129418
18867
110551
1576486620
129418
18867
110551
1576486620
129418
18867
110551
1576486620
129418
18867
110551
1576486620
129418
18867
110551
1576486621
129418
18867
110551
1576486621
129418
18867
110551
1576486621
129420
18869
110551
1576486621
129420
18869
110551
1576486621
129420
18869
110551
1576486621
129420
18869
110551
1576486621
129420
18869
110551
1576486621
129420
18869
110551
1576486622
129420
18869
110551
1576486622
129420
18869
110551
1576486622
129420
18869
110551
1576486622
129420
18869
110551
1576486622
129420
18869
110551
1576486622
129420
18869
110551
1576486622
129420
18869
110551
1576486622
129420
18869
110551
1576486623
129420
18869
110551
1576486623
129420
18869
110551
1576486623
129420
18869
110551
1576486623
129420
18869
110551
1576486623
129420
18869
110551
1576486623
129420
18869
110551
1576486623
129420
18869
110551
1576486623
129420
18869
110551
1576486624
129420
18869
110551
1576486624
129420
18869
110551
1576486624
129420
18869
110551
1576486624
129420
18869
110551
