
1576488831
1956
1772
184
1576488831
1998
1814
184
1576488831
1998
1814
184
1576488831
2024
1840
184
1576488831
2024
1840
184
1576488831
2059
1875
184
1576488832
2059
1875
184
1576488832
2093
1909
184
1576488832
2093
1909
184
1576488832
2093
1909
184
1576488832
2098
1914
184
1576488832
2098
1914
184
1576488832
2099
1915
184
1576488832
2099
1915
184
1576488832
2099
1915
184
1576488833
2099
1915
184
1576488833
2099
1915
184
1576488833
2099
1915
184
1576488833
2099
1915
184
1576488833
2099
1915
184
1576488833
2099
1915
184
1576488833
2107
1923
184
1576488833
2107
1923
184
1576488833
2109
1925
184
1576488834
2109
1925
184
1576488834
2109
1925
184
1576488834
2109
1925
184
1576488834
2109
1925
184
1576488834
2109
1925
184
1576488834
2109
1925
184
1576488834
2109
1925
184
1576488834
2109
1925
184
1576488834
2109
1925
184
1576488835
2109
1925
184
1576488835
2109
1925
184
1576488835
2110
1926
184
1576488835
2110
1926
184
1576488835
2118
1932
186
1576488835
2118
1932
186
1576488835
2118
1932
186
1576488835
2118
1932
186
1576488836
2118
1932
186
1576488836
2136
1950
186
1576488836
2136
1950
186
1576488836
2148
1962
186
1576488836
2148
1962
186
1576488836
2158
1972
186
1576488836
2158
1972
186
1576488836
2158
1972
186
1576488836
2178
1992
186
1576488837
2178
1992
186
1576488837
2189
2003
186
1576488837
2189
2003
186
1576488837
2211
2025
186
1576488837
2211
2025
186
1576488837
2288
2102
186
1576488837
2288
2102
186
1576488837
2288
2103
186
1576488837
2289
2103
186
1576488838
2289
2103
186
1576488838
2289
2103
186
1576488838
2289
2103
186
1576488838
2289
2103
186
1576488838
2289
2103
186
1576488838
2289
2103
186
1576488838
2289
2103
186
1576488838
2290
2104
186
1576488838
2290
2104
186
1576488839
2290
2104
186
1576488839
2290
2104
186
1576488839
2290
2104
186
1576488839
2290
2104
186
1576488839
2290
2104
186
1576488839
2290
2104
186
1576488839
2290
2104
186
1576488839
2290
2104
186
1576488839
2290
2104
186
1576488840
2290
2104
186
1576488840
2290
2104
186
1576488840
2290
2104
186
1576488840
2291
2105
186
1576488840
2291
2105
186
1576488840
2291
2105
186
1576488840
2291
2105
186
1576488840
2291
2105
186
1576488840
2291
2105
186
1576488841
2291
2105
186
1576488841
2291
2105
186
1576488841
2291
2105
186
1576488841
2306
2120
186
1576488841
2306
2120
186
1576488841
2306
2120
186
1576488841
2306
2120
186
1576488841
2306
2120
186
1576488841
2309
2123
186
1576488842
2309
2123
186
1576488842
2309
2123
186
1576488842
2324
2138
186
1576488842
2324
2138
186
1576488842
2345
2159
186
1576488842
2345
2159
186
1576488842
2357
2171
186
1576488842
2357
2171
186
1576488842
2372
2186
186
1576488843
2372
2186
186
1576488843
2372
2186
186
1576488843
2384
2198
186
1576488843
2384
2198
186
1576488843
2401
2215
186
1576488843
2401
2215
186
1576488843
2401
2215
186
1576488843
2401
2215
186
1576488843
2401
2215
186
1576488844
2401
2215
186
1576488844
2401
2215
186
1576488844
2401
2215
186
1576488844
2401
2215
186
1576488844
2401
2215
186
1576488844
2401
2215
186
1576488844
2401
2215
186
1576488844
2401
2215
186
1576488844
2401
2215
186
1576488845
2401
2215
186
1576488845
2401
2215
186
1576488845
2401
2215
186
1576488845
2401
2215
186
1576488845
2401
2215
186
1576488845
2401
2215
186
1576488845
2407
2221
186
1576488845
2407
2221
186
1576488845
2407
2221
186
1576488846
2408
2222
186
1576488846
2408
2222
186
1576488846
2408
2222
186
1576488846
2408
2222
186
1576488846
2408
2222
186
1576488846
2408
2222
186
1576488846
2408
2222
186
1576488846
2408
2222
186
1576488846
2408
2222
186
1576488847
2409
2223
186
1576488847
2409
2223
186
1576488847
2409
2223
186
1576488847
2409
2223
186
1576488847
2409
2223
186
1576488847
2409
2223
186
1576488847
2409
2223
186
1576488847
2409
2223
186
1576488847
2409
2223
186
1576488848
2411
2225
186
1576488848
2411
2225
186
1576488848
2411
2225
186
1576488848
2411
2225
186
1576488848
2412
2226
186
1576488848
2412
2226
186
1576488848
2412
2226
186
1576488848
2412
2226
186
1576488848
2412
2226
186
1576488849
2412
2226
186
1576488849
2412
2226
186
1576488849
2412
2226
186
1576488849
2412
2226
186
1576488849
2413
2227
186
1576488849
2413
2227
186
1576488849
2413
2227
186
1576488849
2413
2227
186
1576488849
2413
2227
186
1576488850
2445
2259
186
1576488850
2445
2259
186
1576488850
2474
2288
186
1576488850
2474
2288
186
1576488850
2487
2301
186
1576488850
2487
2301
186
1576488850
2487
2301
186
1576488850
2489
2303
186
1576488850
2489
2303
186
1576488851
2489
2303
186
1576488851
2489
2303
186
1576488851
2489
2303
186
1576488851
2489
2303
186
1576488851
2489
2303
186
1576488851
2489
2303
186
1576488851
2489
2303
186
1576488851
2489
2303
186
1576488851
2489
2303
186
1576488852
2489
2303
186
1576488852
2489
2303
186
1576488852
2490
2304
186
1576488852
2490
2304
186
1576488852
2490
2304
186
1576488852
2490
2304
186
1576488852
2500
2314
186
1576488852
2500
2314
186
1576488852
2500
2314
186
1576488853
2501
2315
186
1576488853
2501
2315
186
1576488853
2501
2315
186
1576488853
2501
2315
186
1576488853
2501
2315
186
1576488853
2501
2315
186
1576488853
2501
2315
186
1576488853
2501
2315
186
1576488853
2501
2315
186
1576488854
2504
2318
186
1576488854
2504
2318
186
1576488854
2504
2318
186
1576488854
2504
2318
186
1576488854
2580
2393
187
1576488854
2580
2393
187
1576488854
2580
2393
187
1576488854
2580
2393
187
1576488854
2580
2393
187
1576488855
2580
2393
187
1576488855
2580
2393
187
1576488855
2580
2393
187
1576488855
2589
2402
187
1576488855
2589
2402
187
1576488855
2589
2402
187
1576488855
2589
2402
187
1576488855
2589
2402
187
1576488855
2589
2402
187
1576488856
2589
2402
187
1576488856
2589
2402
187
1576488856
2589
2402
187
1576488856
2589
2402
187
1576488856
2589
2402
187
1576488856
2589
2402
187
1576488856
2589
2402
187
1576488856
2589
2402
187
1576488856
2589
2402
187
1576488857
2590
2403
187
1576488857
2590
2403
187
1576488857
2590
2403
187
1576488857
2590
2403
187
1576488857
2590
2403
187
1576488857
2592
2405
187
1576488857
2592
2405
187
1576488857
2592
2405
187
1576488857
2592
2405
187
1576488858
2592
2405
187
1576488858
2592
2405
187
1576488858
2592
2405
187
1576488858
2592
2405
187
1576488858
2592
2405
187
1576488858
2592
2405
187
1576488858
2592
2405
187
1576488858
2592
2405
187
1576488858
2592
2405
187
1576488859
2593
2406
187
1576488859
2593
2406
187
1576488859
2593
2406
187
1576488859
2593
2406
187
1576488859
2593
2406
187
1576488859
2594
2407
187
1576488859
2594
2407
187
1576488859
2594
2407
187
1576488859
2594
2407
187
1576488860
2594
2407
187
1576488860
2594
2407
187
1576488860
2594
2407
187
1576488860
2594
2407
187
1576488860
2594
2407
187
1576488860
2595
2408
187
1576488860
2595
2408
187
1576488860
2595
2408
187
1576488860
2595
2408
187
1576488861
2595
2408
187
1576488861
2595
2408
187
1576488861
2595
2408
187
1576488861
2595
2408
187
1576488861
2595
2408
187
1576488861
2595
2408
187
1576488861
2595
2408
187
1576488861
2595
2408
187
1576488861
2595
2408
187
1576488862
2595
2408
187
1576488862
2611
2424
187
1576488862
2611
2424
187
1576488862
2611
2424
187
1576488862
2611
2424
187
1576488862
2611
2424
187
1576488862
2611
2424
187
1576488862
2611
2424
187
1576488862
2611
2424
187
1576488863
2611
2424
187
1576488863
2611
2424
187
1576488863
2611
2424
187
1576488863
2611
2424
187
1576488863
2611
2424
187
1576488863
2626
2439
187
1576488863
2626
2439
187
1576488863
2635
2448
187
1576488863
2635
2448
187
1576488864
2635
2448
187
1576488864
2635
2448
187
1576488864
2635
2448
187
1576488864
2635
2448
187
1576488864
2635
2448
187
1576488864
2635
2448
187
1576488864
2637
2450
187
1576488864
2637
2450
187
1576488864
2637
2450
187
1576488865
2637
2450
187
1576488865
2637
2450
187
1576488865
2637
2450
187
1576488865
2637
2450
187
1576488865
2637
2450
187
1576488865
2637
2450
187
1576488865
2637
2450
187
1576488865
2638
2451
187
1576488865
2638
2451
187
1576488866
2638
2451
187
1576488866
2638
2451
187
1576488866
2638
2451
187
1576488866
2638
2451
187
1576488866
2638
2451
187
1576488866
2638
2451
187
1576488866
2638
2451
187
1576488866
2638
2451
187
1576488866
2638
2451
187
1576488867
2638
2451
187
1576488867
2638
2451
187
1576488867
2638
2451
187
1576488867
2638
2451
187
1576488867
2638
2451
187
1576488867
2638
2451
187
1576488867
2638
2451
187
1576488867
2638
2451
187
1576488867
2638
2451
187
1576488868
2638
2451
187
1576488868
2638
2451
187
1576488868
2649
2462
187
1576488868
2649
2462
187
1576488868
2649
2462
187
1576488868
2649
2462
187
1576488868
2649
2462
187
1576488868
2692
2505
187
1576488868
2692
2505
187
1576488869
2716
2529
187
1576488869
2716
2529
187
1576488869
2737
2550
187
1576488869
2737
2550
187
1576488869
2737
2550
187
1576488869
2737
2550
187
1576488869
2737
2550
187
1576488869
2737
2550
187
1576488869
2737
2550
187
1576488870
2739
2552
187
1576488870
2739
2552
187
1576488870
2739
2552
187
1576488870
2739
2552
187
1576488870
2739
2552
187
1576488870
2740
2553
187
1576488870
2740
2553
187
1576488870
2740
2553
187
1576488870
2740
2553
187
1576488871
2740
2553
187
1576488871
2740
2553
187
1576488871
2740
2553
187
1576488871
2740
2553
187
1576488871
2740
2553
187
1576488871
2740
2553
187
1576488871
2740
2553
187
1576488871
2740
2553
187
1576488872
2740
2553
187
1576488872
2751
2564
187
1576488872
2751
2564
187
1576488872
2765
2578
187
1576488872
2765
2578
187
1576488872
2765
2578
187
1576488872
2765
2578
187
1576488872
2765
2578
187
1576488872
2765
2578
187
1576488873
2765
2578
187
1576488873
2765
2578
187
1576488873
2765
2578
187
1576488873
2789
2585
204
1576488873
2789
2585
204
1576488873
2789
2585
204
1576488873
2801
2589
212
1576488873
2801
2589
212
1576488873
2827
2610
217
1576488874
2827
2610
217
1576488874
2829
2611
218
1576488874
2829
2611
218
1576488874
2829
2611
218
1576488874
2829
2611
218
1576488874
2829
2611
218
1576488874
2829
2611
218
1576488874
2829
2611
218
1576488874
2830
2612
218
1576488875
2830
2612
218
1576488875
2830
2612
218
1576488875
2830
2612
218
1576488875
2830
2612
218
1576488875
2830
2612
218
1576488875
2830
2612
218
1576488875
2830
2612
218
1576488875
2830
2612
218
1576488875
2830
2612
218
1576488876
2830
2612
218
1576488876
2830
2612
218
1576488876
2830
2612
218
1576488876
2830
2612
218
1576488876
2831
2612
219
1576488876
2831
2612
219
1576488876
2831
2612
219
1576488876
2831
2612
219
1576488876
2832
2612
220
1576488877
2832
2612
220
1576488877
2833
2612
221
1576488877
2835
2612
223
1576488877
2844
2612
232
1576488877
2844
2612
232
1576488877
2845
2613
232
1576488877
2845
2613
232
1576488877
2845
2613
232
1576488877
2845
2613
232
1576488878
2845
2613
232
1576488878
2845
2613
232
1576488878
2845
2613
232
1576488878
2847
2615
232
1576488878
2847
2615
232
1576488878
2849
2617
232
1576488878
2849
2617
232
1576488878
2859
2627
232
1576488878
2859
2627
232
1576488879
2859
2627
232
1576488879
2859
2627
232
1576488879
2859
2627
232
1576488879
2860
2628
232
1576488879
2860
2628
232
1576488879
2862
2630
232
1576488879
2862
2630
232
1576488879
2862
2630
232
1576488879
2862
2630
232
1576488880
2862
2630
232
1576488880
2862
2630
232
1576488880
2862
2630
232
1576488880
2862
2630
232
1576488880
2862
2630
232
1576488880
2862
2630
232
1576488880
2863
2630
233
1576488880
2863
2630
233
1576488880
2863
2630
233
1576488881
2863
2630
233
1576488881
2863
2630
233
1576488881
2863
2630
233
1576488881
2864
2630
234
1576488881
2864
2630
234
1576488881
2864
2630
234
1576488881
2864
2630
234
1576488881
2864
2630
234
1576488881
2864
2630
234
1576488882
2864
2630
234
1576488882
2864
2630
234
1576488882
2864
2630
234
1576488882
2864
2630
234
1576488882
2864
2630
234
1576488882
2864
2630
234
1576488882
2864
2630
234
1576488882
2865
2630
235
1576488882
2865
2630
235
1576488883
2865
2630
235
1576488883
2865
2630
235
1576488883
2865
2630
235
1576488883
2870
2631
239
1576488883
2870
2631
239
1576488883
2870
2631
239
1576488883
2870
2631
239
1576488883
2870
2631
239
1576488883
2870
2631
239
1576488884
2870
2631
239
1576488884
2871
2632
239
1576488884
2871
2632
239
1576488884
2871
2632
239
1576488884
2874
2633
241
1576488884
2874
2633
241
1576488884
2875
2634
241
1576488884
2875
2634
241
1576488885
2877
2634
243
1576488885
2877
2634
243
1576488885
2878
2634
244
1576488885
2878
2634
244
1576488885
2878
2634
244
1576488885
2881
2636
245
1576488885
2881
2636
245
1576488885
2885
2637
248
1576488885
2885
2637
248
1576488886
2888
2638
250
1576488886
2888
2638
250
1576488886
2888
2638
250
1576488886
2888
2638
250
1576488886
2892
2638
254
1576488886
2892
2638
254
1576488886
2892
2638
254
1576488886
2892
2638
254
1576488886
2896
2638
258
1576488887
2896
2638
258
1576488887
2896
2638
258
1576488887
2896
2638
258
1576488887
2896
2638
258
1576488887
2896
2638
258
1576488887
2896
2638
258
1576488887
2902
2641
261
1576488887
2902
2641
261
1576488888
2902
2641
261
1576488888
2902
2641
261
1576488888
2906
2645
261
1576488888
2906
2645
261
1576488888
2906
2645
261
1576488888
2906
2645
261
1576488888
2920
2659
261
1576488888
2920
2659
261
1576488888
2920
2659
261
1576488889
2920
2659
261
1576488889
2920
2659
261
1576488889
2937
2676
261
1576488889
2937
2676
261
1576488889
2937
2676
261
1576488889
2937
2676
261
1576488889
2949
2688
261
1576488889
2949
2688
261
1576488890
2949
2688
261
1576488890
2949
2688
261
1576488890
2958
2691
267
1576488890
2961
2692
269
1576488890
2962
2692
270
1576488890
2963
2692
271
1576488890
2963
2692
271
1576488890
2964
2693
271
1576488891
2964
2693
271
1576488891
2969
2695
274
1576488891
2969
2695
274
1576488891
2979
2704
275
1576488891
2979
2704
275
1576488891
2998
2723
275
1576488891
2998
2723
275
1576488891
2998
2723
275
1576488891
2998
2723
275
1576488892
3005
2729
276
1576488892
3005
2729
276
1576488892
3005
2729
276
1576488892
3005
2729
276
1576488892
3009
2729
280
1576488892
3009
2729
280
1576488892
3009
2729
280
1576488892
3009
2729
280
1576488893
3009
2729
280
1576488893
3012
2730
284
1576488893
3018
2731
287
1576488893
3018
2731
287
1576488893
3018
2731
287
1576488893
3019
2732
287
1576488893
3019
2732
287
1576488893
3022
2735
287
1576488893
3022
2735
287
1576488894
3025
2738
287
1576488894
3025
2738
287
1576488894
3028
2741
287
1576488894
3028
2741
287
1576488894
3029
2741
288
1576488894
3029
2741
288
1576488894
3029
2741
288
1576488894
3029
2741
288
1576488895
3030
2741
289
1576488895
3030
2741
289
1576488895
3030
2741
289
1576488895
3031
2741
290
1576488895
3031
2741
290
1576488895
3035
2743
292
1576488895
3035
2743
292
1576488895
3035
2743
292
1576488896
3035
2743
292
1576488896
3036
2743
293
1576488896
3036
2743
293
1576488896
3036
2743
293
1576488896
3036
2743
293
1576488896
3037
2743
294
1576488896
3037
2743
294
1576488896
3037
2743
294
1576488896
3037
2743
294
1576488897
3037
2743
294
1576488897
3037
2743
294
1576488897
3037
2743
294
1576488897
3037
2743
294
1576488897
3037
2743
294
1576488897
3037
2743
294
1576488897
3037
2743
294
1576488897
3037
2743
294
1576488898
3037
2743
294
1576488898
3037
2743
294
1576488898
3037
2743
294
1576488898
3037
2743
294
1576488898
3037
2743
294
1576488898
3042
2743
299
1576488898
3042
2743
299
1576488898
3042
2743
299
1576488899
3042
2743
299
1576488899
3046
2744
302
1576488899
3051
2746
305
1576488899
3051
2746
305
1576488899
3053
2746
307
1576488899
3054
2747
307
1576488899
3054
2747
307
1576488899
3055
2747
308
1576488899
3055
2747
308
1576488900
3055
2747
308
1576488900
3055
2747
308
1576488900
3055
2747
308
1576488900
3055
2747
308
1576488900
3055
2747
308
1576488900
3055
2747
308
1576488900
3055
2747
308
1576488900
3056
2747
309
1576488901
3056
2747
309
1576488901
3056
2747
309
1576488901
3056
2747
309
1576488901
3058
2747
311
1576488901
3058
2747
311
1576488901
3058
2747
311
1576488901
3058
2747
311
1576488901
3062
2750
312
1576488901
3062
2750
312
1576488902
3062
2750
312
1576488902
3062
2750
312
1576488902
3062
2750
312
1576488902
3062
2750
312
1576488902
3084
2761
323
1576488902
3084
2761
323
1576488902
3084
2761
323
1576488902
3084
2761
323
1576488903
3098
2775
323
1576488903
3098
2775
323
1576488903
3098
2775
323
1576488903
3098
2775
323
1576488903
3098
2775
323
1576488903
3113
2790
323
1576488903
3113
2790
323
1576488903
3113
2790
323
1576488904
3113
2790
323
1576488904
3131
2808
323
1576488904
3131
2808
323
1576488904
3131
2808
323
1576488904
3131
2808
323
1576488904
3142
2819
323
1576488904
3142
2819
323
1576488904
3142
2819
323
1576488904
3142
2819
323
1576488905
3151
2827
324
1576488905
3151
2827
324
1576488905
3151
2827
324
1576488905
3151
2827
324
1576488905
3151
2827
324
1576488905
3151
2827
324
1576488905
3151
2827
324
1576488905
3151
2827
324
1576488906
3151
2827
324
1576488906
3151
2827
324
1576488906
3151
2827
324
1576488906
3151
2827
324
1576488906
3151
2827
324
1576488906
3151
2827
324
1576488906
3151
2827
324
1576488906
3151
2827
324
1576488906
3151
2827
324
1576488907
3151
2827
324
1576488907
3151
2827
324
1576488907
3151
2827
324
1576488907
3151
2827
324
1576488907
3151
2827
324
1576488907
3151
2827
324
1576488907
3151
2827
324
1576488907
3151
2827
324
1576488908
3151
2827
324
1576488908
3151
2827
324
1576488908
3151
2827
324
1576488908
3151
2827
324
1576488908
3151
2827
324
1576488908
3151
2827
324
1576488908
3151
2827
324
1576488908
3152
2827
325
1576488909
3152
2827
325
1576488909
3152
2827
325
1576488909
3152
2827
325
1576488909
3152
2827
325
1576488909
3152
2827
325
1576488909
3152
2827
325
1576488909
3152
2827
325
1576488909
3165
2832
333
1576488909
3165
2832
333
1576488910
3179
2835
344
1576488910
3179
2835
344
1576488910
3179
2835
344
1576488910
3193
2840
353
1576488910
3193
2840
353
1576488910
3194
2841
353
1576488910
3194
2841
353
1576488910
3194
2841
353
1576488911
3194
2841
353
1576488911
3194
2841
353
1576488911
3194
2841
353
1576488911
3194
2841
353
1576488911
3194
2841
353
1576488911
3194
2841
353
1576488911
3194
2841
353
1576488911
3194
2841
353
1576488912
3194
2841
353
1576488912
3194
2841
353
1576488912
3194
2841
353
1576488912
3194
2841
353
1576488912
3194
2841
353
1576488912
3194
2841
353
1576488912
3194
2841
353
1576488912
3194
2841
353
1576488912
3194
2841
353
1576488913
3194
2841
353
1576488913
3194
2841
353
1576488913
3194
2841
353
1576488913
3194
2841
353
1576488913
3194
2841
353
1576488913
3194
2841
353
1576488913
3194
2841
353
1576488914
3194
2841
353
1576488914
3194
2841
353
1576488914
3194
2841
353
1576488914
3194
2841
353
1576488914
3194
2841
353
1576488914
3194
2841
353
1576488914
3194
2841
353
1576488914
3194
2841
353
1576488914
3194
2841
353
1576488915
3194
2841
353
1576488915
3194
2841
353
1576488915
3194
2841
353
1576488915
3194
2841
353
1576488915
3194
2841
353
1576488915
3194
2841
353
1576488915
3194
2841
353
1576488915
3194
2841
353
1576488916
3194
2841
353
1576488916
3194
2841
353
1576488916
3194
2841
353
1576488916
3194
2841
353
1576488916
3194
2841
353
1576488916
3194
2841
353
1576488916
3194
2841
353
1576488916
3194
2841
353
1576488916
3194
2841
353
1576488917
3194
2841
353
1576488917
3194
2841
353
1576488917
3194
2841
353
1576488917
3194
2841
353
1576488917
3194
2841
353
1576488917
3194
2841
353
1576488917
3194
2841
353
1576488918
3194
2841
353
1576488918
3194
2841
353
1576488918
3194
2841
353
1576488918
3194
2841
353
1576488918
3194
2841
353
1576488918
3194
2841
353
1576488918
3194
2841
353
1576488918
3194
2841
353
1576488919
3194
2841
353
1576488919
3194
2841
353
1576488919
3194
2841
353
1576488919
3208
2847
361
1576488919
3208
2847
361
1576488919
3208
2847
361
1576488919
3208
2847
361
1576488919
3208
2847
361
1576488920
3208
2847
361
1576488920
3208
2847
361
1576488920
3208
2847
361
1576488920
3209
2847
362
1576488920
3211
2847
364
1576488920
3213
2847
366
1576488920
3216
2848
368
1576488920
3216
2848
368
1576488921
3216
2848
368
1576488921
3227
2850
377
1576488921
3227
2850
377
1576488921
3229
2851
380
1576488921
3231
2851
380
1576488921
3231
2851
380
1576488921
3233
2852
381
1576488921
3233
2852
381
1576488922
3234
2852
382
1576488922
3234
2852
382
1576488922
3234
2852
382
1576488922
3234
2852
382
1576488922
3235
2853
382
1576488922
3235
2853
382
1576488922
3236
2853
383
1576488922
3236
2853
383
1576488923
3246
2853
393
1576488923
3251
2854
397
1576488923
3251
2854
397
1576488923
3251
2854
397
1576488923
3251
2854
397
1576488923
3251
2854
397
1576488923
3251
2854
397
1576488923
3251
2854
397
1576488924
3252
2854
398
1576488924
3252
2854
398
1576488924
3254
2855
399
1576488924
3254
2855
399
1576488924
3254
2855
399
1576488924
3254
2855
399
1576488924
3254
2855
399
1576488924
3261
2856
405
1576488925
3262
2857
405
1576488925
3262
2857
405
1576488925
3262
2857
405
1576488925
3262
2857
405
1576488925
3262
2857
405
1576488925
3262
2857
405
1576488925
3266
2858
408
1576488926
3266
2858
408
1576488926
3268
2860
408
1576488926
3268
2860
408
1576488926
3268
2860
408
1576488926
3268
2860
408
1576488926
3268
2860
408
1576488926
3268
2860
408
1576488926
3268
2860
408
1576488927
3268
2860
408
1576488927
3268
2860
408
1576488927
3268
2860
408
1576488927
3269
2860
409
1576488927
3269
2860
409
1576488927
3275
2860
415
1576488927
3275
2860
415
1576488927
3275
2860
415
1576488928
3275
2860
415
1576488928
3275
2860
415
1576488928
3275
2860
415
1576488928
3275
2860
415
1576488928
3275
2860
415
1576488928
3275
2860
415
1576488928
3275
2860
415
1576488928
3275
2860
415
1576488929
3276
2860
416
1576488929
3276
2860
416
1576488929
3280
2862
418
1576488929
3280
2862
418
1576488929
3280
2862
418
1576488929
3280
2862
418
1576488929
3282
2863
419
1576488929
3282
2863
419
1576488930
3283
2863
420
1576488930
3283
2863
420
1576488930
3286
2865
421
1576488930
3286
2865
421
1576488930
3287
2865
422
1576488930
3287
2865
422
1576488930
3287
2865
422
1576488930
3287
2865
422
1576488931
3287
2865
422
1576488931
3288
2866
422
1576488931
3288
2866
422
1576488931
3303
2873
430
1576488931
3303
2873
430
1576488931
3303
2873
430
1576488931
3303
2873
430
1576488931
3323
2893
430
1576488932
3323
2893
430
1576488932
3323
2893
430
1576488932
3323
2893
430
1576488932
3344
2914
430
1576488932
3344
2914
430
1576488932
3344
2914
430
1576488932
3344
2914
430
1576488932
3366
2936
430
1576488933
3366
2936
430
1576488933
3366
2936
430
1576488933
3366
2936
430
1576488933
3383
2952
431
1576488933
3383
2952
431
1576488933
3383
2952
431
1576488933
3383
2952
431
1576488933
3403
2961
442
1576488934
3403
2961
442
1576488934
3408
2963
445
1576488934
3408
2963
445
1576488934
3408
2963
445
1576488934
3408
2963
445
1576488934
3410
2963
447
1576488934
3410
2963
447
1576488934
3410
2963
447
1576488935
3410
2963
447
1576488935
3414
2963
451
1576488935
3414
2963
451
1576488935
3414
2963
451
1576488935
3414
2963
451
1576488935
3419
2963
456
1576488935
3419
2963
456
1576488935
3419
2963
456
1576488936
3419
2963
456
1576488936
3422
2963
459
1576488936
3422
2963
459
1576488936
3422
2963
459
1576488936
3422
2963
459
1576488936
3424
2963
461
1576488936
3424
2963
461
1576488936
3429
2964
465
1576488937
3429
2964
465
1576488937
3429
2964
465
1576488937
3429
2964
465
1576488937
3430
2964
466
1576488937
3430
2964
466
1576488937
3430
2964
466
1576488937
3430
2964
466
1576488937
3432
2964
468
1576488938
3432
2964
468
1576488938
3449
2981
468
1576488938
3449
2981
468
1576488938
3449
2981
468
1576488938
3449
2981
468
1576488938
3460
2992
468
1576488938
3460
2992
468
1576488938
3460
2992
468
1576488939
3460
2992
468
1576488939
3460
2992
468
1576488939
3460
2992
468
1576488939
3460
2992
468
1576488939
3460
2992
468
1576488939
3460
2992
468
1576488939
3460
2992
468
1576488939
3460
2992
468
1576488940
3460
2992
468
1576488940
3460
2992
468
1576488940
3460
2992
468
1576488940
3482
3014
468
1576488940
3482
3014
468
1576488940
3482
3014
468
1576488940
3482
3014
468
1576488940
3482
3014
468
1576488941
3482
3014
468
1576488941
3483
3015
468
1576488941
3483
3015
468
1576488941
3483
3015
468
1576488941
3483
3015
468
1576488941
3483
3015
468
1576488941
3483
3015
468
1576488941
3483
3015
468
1576488942
3483
3015
468
1576488942
3483
3015
468
1576488942
3483
3015
468
1576488942
3483
3015
468
1576488942
3483
3015
468
1576488942
3485
3015
470
1576488942
3485
3015
470
1576488942
3485
3015
470
1576488943
3485
3015
470
1576488943
3485
3015
470
1576488943
3485
3015
470
1576488943
3485
3015
470
1576488943
3485
3015
470
1576488943
3486
3015
471
1576488943
3486
3015
471
1576488943
3487
3015
472
1576488944
3487
3015
472
1576488944
3487
3015
472
1576488944
3487
3015
472
1576488944
3487
3015
472
1576488944
3487
3015
472
1576488944
3487
3015
472
1576488944
3487
3015
472
1576488944
3488
3016
472
1576488945
3488
3016
472
1576488945
3488
3016
472
1576488945
3488
3016
472
1576488945
3489
3017
472
1576488945
3489
3017
472
1576488945
3489
3017
472
1576488945
3489
3017
472
1576488945
3489
3017
472
1576488946
3489
3017
472
1576488946
3489
3017
472
1576488946
3489
3017
472
1576488946
3490
3018
472
1576488946
3490
3018
472
1576488946
3490
3018
472
1576488946
3490
3018
472
1576488946
3490
3018
472
1576488947
3490
3018
472
1576488947
3490
3018
472
1576488947
3490
3018
472
1576488947
3490
3018
472
1576488947
3490
3018
472
1576488947
3490
3018
472
1576488947
3490
3018
472
1576488947
3490
3018
472
1576488948
3490
3018
472
1576488948
3490
3018
472
1576488948
3490
3018
472
1576488948
3490
3018
472
1576488948
3490
3018
472
1576488948
3490
3018
472
1576488948
3490
3018
472
1576488948
3490
3018
472
1576488949
3490
3018
472
1576488949
3490
3018
472
1576488949
3490
3018
472
1576488949
3490
3018
472
1576488949
3490
3018
472
1576488949
3490
3018
472
1576488949
3490
3018
472
1576488949
3495
3023
472
1576488950
3495
3023
472
1576488950
3496
3024
472
1576488950
3496
3024
472
1576488950
3496
3024
472
1576488950
3496
3024
472
1576488950
3503
3031
472
1576488950
3503
3031
472
1576488950
3503
3031
472
1576488951
3503
3031
472
1576488951
3507
3035
472
1576488951
3507
3035
472
1576488951
3507
3035
472
1576488951
3507
3035
472
1576488951
3509
3036
473
1576488951
3509
3036
473
1576488951
3515
3042
473
1576488952
3515
3042
473
1576488952
3515
3042
473
1576488952
3515
3042
473
1576488952
3515
3042
473
1576488952
3515
3042
473
1576488952
3515
3042
473
1576488952
3515
3042
473
1576488952
3515
3042
473
1576488953
3515
3042
473
1576488953
3515
3042
473
1576488953
3515
3042
473
1576488953
3515
3042
473
1576488953
3515
3042
473
1576488953
3515
3042
473
1576488953
3515
3042
473
1576488953
3515
3042
473
1576488954
3515
3042
473
1576488954
3515
3042
473
1576488954
3515
3042
473
1576488954
3515
3042
474
1576488954
3516
3042
474
1576488954
3516
3042
474
1576488954
3516
3042
474
1576488954
3516
3042
474
1576488955
3516
3042
474
1576488955
3516
3042
474
1576488955
3516
3042
474
1576488955
3516
3042
474
1576488955
3516
3042
474
1576488955
3516
3042
474
1576488955
3516
3042
474
1576488955
3516
3042
474
1576488956
3517
3043
474
1576488956
3517
3043
474
1576488956
3517
3043
474
1576488956
3517
3043
474
1576488956
3517
3043
474
1576488956
3517
3043
474
1576488956
3517
3043
474
1576488956
3525
3045
480
1576488957
3525
3045
480
1576488957
3525
3045
480
1576488957
3525
3045
480
1576488957
3535
3046
489
1576488957
3535
3046
489
1576488957
3535
3046
489
1576488957
3535
3046
489
1576488957
3545
3048
497
1576488958
3545
3048
497
1576488958
3545
3048
497
1576488958
3545
3048
497
1576488958
3550
3050
500
1576488958
3550
3050
500
1576488958
3556
3052
504
1576488958
3556
3052
504
1576488958
3559
3052
507
1576488959
3559
3052
507
1576488959
3559
3052
507
1576488959
3559
3052
507
1576488959
3559
3052
507
1576488959
3559
3052
507
1576488959
3559
3052
507
1576488959
3559
3052
507
1576488959
3559
3052
507
1576488960
3559
3052
507
1576488960
3559
3052
507
1576488960
3559
3052
507
1576488960
3559
3052
507
1576488960
3559
3052
507
1576488960
3559
3052
507
1576488960
3559
3052
507
1576488960
3560
3053
507
1576488961
3560
3053
507
1576488961
3560
3053
507
1576488961
3560
3053
507
1576488961
3560
3053
507
1576488961
3560
3053
507
1576488961
3560
3053
507
1576488961
3560
3053
507
1576488961
3560
3053
507
1576488962
3560
3053
507
1576488962
3560
3053
507
1576488962
3560
3053
507
1576488962
3560
3053
507
1576488962
3560
3053
507
1576488962
3560
3053
507
1576488962
3560
3053
507
1576488962
3560
3053
507
1576488963
3560
3053
507
1576488963
3560
3053
507
1576488963
3560
3053
507
1576488963
3560
3053
507
1576488963
3561
3054
507
1576488963
3561
3054
507
1576488963
3561
3054
507
1576488963
3561
3054
507
1576488964
3561
3054
507
1576488964
3561
3054
507
1576488964
3561
3054
507
1576488964
3561
3054
507
1576488964
3569
3056
513
1576488964
3569
3056
513
1576488964
3569
3056
513
1576488964
3569
3056
513
1576488965
3575
3057
518
1576488965
3575
3057
518
1576488965
3575
3057
518
1576488965
3575
3057
518
1576488965
3584
3059
525
1576488965
3584
3059
525
1576488965
3584
3059
525
1576488965
3584
3059
525
1576488966
3593
3061
532
1576488966
3593
3061
532
1576488966
3593
3061
532
1576488966
3593
3061
532
1576488966
3594
3061
533
1576488966
3594
3061
533
1576488966
3594
3061
533
1576488966
3594
3061
533
1576488967
3594
3061
533
1576488967
3594
3061
533
1576488967
3594
3061
533
1576488967
3594
3061
533
1576488967
3594
3061
533
1576488967
3594
3061
533
1576488967
3594
3061
533
1576488967
3594
3061
533
1576488967
3594
3061
533
1576488968
3594
3061
533
1576488968
3595
3061
534
1576488968
3595
3061
534
1576488968
3595
3061
534
1576488968
3595
3061
534
1576488968
3595
3061
534
1576488968
3595
3061
534
1576488969
3595
3061
534
1576488969
3595
3061
534
1576488969
3595
3061
534
1576488969
3595
3061
534
1576488969
3595
3061
534
1576488969
3595
3061
534
1576488969
3595
3061
534
1576488969
3595
3061
534
1576488970
3595
3061
534
1576488970
3595
3061
534
1576488970
3595
3061
534
1576488970
3595
3061
534
1576488970
3595
3061
534
1576488970
3595
3061
534
1576488970
3595
3061
534
1576488971
3595
3061
534
1576488971
3595
3061
534
1576488971
3595
3061
534
1576488971
3595
3061
534
1576488971
3595
3061
534
1576488971
3595
3061
534
1576488971
3608
3074
534
1576488971
3608
3074
534
1576488972
3608
3074
534
1576488972
3608
3074
534
1576488972
3612
3078
534
1576488972
3612
3078
534
1576488972
3615
3081
534
1576488972
3615
3081
534
1576488972
3620
3086
534
1576488972
3620
3086
534
1576488973
3627
3093
534
1576488973
3627
3093
534
1576488973
3631
3097
534
1576488973
3631
3097
534
1576488973
3631
3097
534
1576488973
3631
3097
534
1576488974
3631
3097
534
1576488974
3631
3097
534
1576488974
3631
3097
534
1576488974
3631
3097
534
1576488974
3631
3097
534
1576488974
3631
3097
534
1576488974
3631
3097
534
1576488974
3631
3097
534
1576488975
3631
3097
534
1576488975
3631
3097
534
1576488975
3631
3097
534
1576488975
3632
3098
534
1576488975
3632
3098
534
1576488975
3632
3098
534
1576488975
3632
3098
534
1576488976
3632
3098
534
1576488976
3632
3098
534
1576488976
3632
3098
534
1576488976
3632
3098
534
1576488976
3643
3109
534
1576488976
3643
3109
534
1576488976
3643
3109
534
1576488976
3654
3119
535
1576488977
3654
3119
535
1576488977
3654
3119
535
1576488977
3654
3119
535
1576488977
3667
3132
535
1576488977
3667
3132
535
1576488977
3667
3132
535
1576488977
3667
3132
535
1576488978
3681
3146
535
1576488978
3681
3146
535
1576488978
3681
3146
535
1576488978
3681
3146
535
1576488978
3681
3146
535
1576488978
3694
3157
537
1576488978
3696
3157
539
1576488979
3698
3159
539
1576488979
3702
3161
541
1576488979
3702
3161
541
1576488979
3702
3161
541
1576488979
3702
3161
541
1576488979
3702
3161
541
1576488979
3704
3161
543
1576488979
3705
3161
544
1576488980
3705
3161
544
1576488980
3705
3161
544
1576488980
3705
3161
544
1576488980
3705
3161
544
1576488980
3706
3161
545
1576488980
3708
3162
546
1576488980
3708
3162
546
1576488981
3708
3162
546
1576488981
3708
3162
546
1576488981
3708
3162
546
1576488981
3708
3162
546
1576488981
3709
3162
547
1576488981
3709
3162
547
1576488981
3710
3162
548
1576488981
3710
3162
548
1576488982
3710
3162
548
1576488982
3710
3162
548
1576488982
3711
3163
548
1576488982
3712
3163
549
1576488982
3712
3163
549
1576488982
3713
3163
550
1576488982
3713
3163
550
1576488983
3713
3163
550
1576488983
3713
3163
550
1576488983
3714
3163
551
1576488983
3714
3163
551
1576488983
3760
3177
583
1576488983
3760
3177
583
1576488983
3762
3177
585
1576488984
3762
3177
585
1576488984
3764
3178
586
1576488984
3764
3178
586
1576488984
3764
3178
586
1576488984
3764
3178
586
1576488984
3764
3178
586
1576488984
3764
3178
586
1576488985
3764
3178
586
1576488985
3766
3179
587
1576488985
3766
3179
587
1576488985
3766
3179
587
1576488985
3766
3179
587
1576488985
3769
3179
590
1576488985
3769
3179
590
1576488986
3769
3179
590
1576488986
3769
3179
590
1576488986
3775
3181
594
1576488986
3775
3181
594
1576488986
3775
3181
594
1576488986
3775
3181
594
1576488986
3778
3183
595
1576488986
3778
3183
595
1576488987
3782
3183
599
1576488987
3782
3183
599
1576488987
3782
3183
599
1576488987
3782
3183
599
1576488987
3782
3183
599
1576488987
3782
3183
599
1576488987
3782
3183
599
1576488988
3785
3186
599
1576488988
3785
3186
599
1576488988
3785
3186
599
1576488988
3785
3186
599
1576488988
3789
3189
600
1576488988
3789
3189
600
1576488988
3789
3189
600
1576488989
3791
3189
602
1576488989
3791
3189
602
1576488989
3791
3189
602
1576488989
3791
3189
602
1576488989
3791
3189
602
1576488989
3791
3189
602
1576488989
3792
3189
603
1576488990
3792
3189
603
1576488990
3792
3189
603
1576488990
3793
3189
604
1576488990
3793
3189
604
1576488990
3870
3214
656
1576488990
3872
3216
656
1576488990
3872
3216
656
1576488991
3872
3216
656
1576488991
3872
3216
656
1576488991
3874
3216
658
1576488991
3874
3216
658
1576488991
3874
3216
658
1576488991
3874
3216
658
1576488991
3874
3216
658
1576488991
3874
3216
658
1576488992
3874
3216
658
1576488992
3874
3216
658
1576488992
3874
3216
658
1576488992
3874
3216
658
1576488992
3874
3216
658
1576488992
3874
3216
658
1576488992
3874
3216
658
1576488993
3874
3216
658
1576488993
3874
3216
658
1576488993
3874
3216
658
1576488993
3876
3216
660
1576488993
3876
3216
660
1576488993
3876
3216
660
1576488993
3876
3216
660
1576488993
3877
3216
661
1576488994
3877
3216
661
1576488994
3884
3223
661
1576488994
3884
3223
661
1576488994
3884
3223
661
1576488994
3900
3238
662
1576488994
3900
3238
662
1576488994
3900
3238
662
1576488995
3900
3238
662
1576488995
3900
3238
662
1576488995
3900
3238
662
1576488995
3915
3253
662
1576488995
3915
3253
662
1576488995
3915
3253
662
1576488995
3998
3279
719
1576488996
4041
3292
749
1576488996
4048
3294
754
1576488996
4048
3294
754
1576488996
4053
3294
759
1576488996
4053
3294
759
1576488996
4053
3294
759
1576488996
4057
3295
762
1576488997
4057
3295
762
1576488997
4060
3295
765
1576488997
4060
3295
765
1576488997
4060
3295
765
1576488997
4067
3295
772
1576488997
4067
3295
772
1576488997
4067
3295
772
1576488998
4067
3295
772
1576488998
4074
3299
775
1576488998
4074
3299
775
1576488998
4074
3299
775
1576488998
4098
3307
798
1576488998
4105
3307
798
1576488999
4105
3307
798
1576488999
4105
3307
798
1576488999
4112
3308
804
1576488999
4112
3308
804
1576488999
4112
3308
804
1576488999
4112
3308
804
1576488999
4112
3308
804
1576489000
4112
3308
804
1576489000
4112
3308
804
1576489000
4119
3310
809
1576489000
4119
3310
809
1576489000
4119
3310
809
1576489000
4121
3311
810
1576489001
4121
3311
810
1576489001
4121
3311
810
1576489001
4128
3312
816
1576489001
4128
3312
816
1576489001
4128
3312
816
1576489001
4128
3312
816
1576489001
4138
3312
826
1576489002
4138
3312
826
1576489002
4138
3312
826
1576489002
4143
3315
828
1576489002
4143
3315
828
1576489002
4145
3316
829
1576489002
4145
3316
829
1576489002
4150
3318
832
1576489003
4150
3318
832
1576489003
4150
3318
832
1576489003
4154
3320
834
1576489003
4154
3320
834
1576489003
4157
3323
834
1576489003
4157
3323
834
1576489003
4165
3331
834
1576489004
4169
3335
834
1576489004
4169
3335
834
1576489004
4188
3354
834
1576489004
4191
3355
836
1576489004
4191
3355
836
1576489004
4191
3355
836
1576489004
4193
3355
838
1576489005
4193
3355
838
1576489005
4193
3355
838
1576489005
4193
3355
838
1576489005
4196
3355
841
1576489005
4196
3355
841
1576489005
4196
3355
841
1576489005
4199
3355
844
1576489006
4199
3355
844
1576489006
4199
3355
844
1576489006
4199
3355
844
1576489006
4200
3355
845
1576489006
4200
3355
845
1576489006
4200
3355
845
1576489006
4200
3355
845
1576489007
4200
3355
845
1576489007
4200
3355
845
1576489007
4200
3355
845
1576489007
4200
3355
845
1576489007
4200
3355
845
1576489007
4200
3355
845
1576489007
4200
3355
845
1576489008
4201
3355
846
1576489008
4201
3355
846
1576489008
4201
3355
846
1576489008
4201
3355
846
1576489008
4201
3355
846
1576489008
4201
3355
846
1576489008
4201
3355
846
1576489009
4201
3355
846
1576489009
4201
3355
846
1576489009
4201
3355
846
1576489009
4201
3355
846
1576489009
4201
3355
846
1576489009
4201
3355
846
1576489009
4201
3355
846
1576489010
4201
3355
846
1576489010
4201
3355
846
1576489010
4201
3355
846
1576489010
4201
3355
846
1576489010
4201
3355
846
1576489010
4201
3355
846
1576489010
4201
3355
846
1576489011
4203
3355
848
1576489011
4203
3355
848
1576489011
4203
3355
848
1576489011
4204
3355
849
1576489011
4204
3355
849
1576489011
4206
3355
851
1576489011
4206
3355
851
1576489012
4206
3355
851
1576489012
4206
3355
851
1576489012
4207
3355
852
1576489012
4207
3355
852
1576489012
4207
3355
852
1576489012
4208
3355
853
1576489012
4208
3355
853
1576489013
4209
3355
854
1576489013
4209
3355
854
1576489013
4210
3356
854
1576489013
4210
3356
854
1576489013
4210
3356
854
1576489013
4210
3356
854
1576489013
4210
3356
854
1576489014
4210
3356
854
1576489014
4210
3356
854
1576489014
4210
3356
854
1576489014
4210
3356
854
1576489014
4210
3356
854
1576489014
4210
3356
854
1576489015
4210
3356
854
1576489015
4210
3356
854
1576489015
4210
3356
854
1576489015
4210
3356
854
1576489015
4210
3356
854
1576489015
4214
3357
857
1576489015
4219
3357
862
1576489016
4219
3357
862
1576489016
4219
3357
862
1576489016
4219
3357
862
1576489016
4220
3357
863
1576489016
4220
3357
863
1576489016
4223
3357
866
1576489016
4223
3357
866
1576489017
4223
3357
866
1576489017
4229
3357
872
1576489017
4229
3357
872
1576489017
4229
3357
872
1576489017
4229
3357
872
1576489017
4237
3358
879
1576489017
4237
3358
879
1576489018
4237
3358
879
1576489018
4240
3359
881
1576489018
4240
3359
881
1576489018
4243
3360
883
1576489018
4243
3360
883
1576489018
4243
3360
883
1576489018
4248
3360
888
1576489019
4248
3360
888
1576489019
4248
3360
888
1576489019
4248
3360
888
1576489019
4248
3360
888
1576489019
4248
3360
888
1576489019
4248
3360
888
1576489019
4253
3361
892
1576489020
4253
3361
892
1576489020
4253
3361
892
1576489020
4253
3361
892
1576489020
4260
3361
899
1576489020
4260
3361
899
1576489020
4260
3361
899
1576489021
4270
3369
901
1576489021
4270
3369
901
1576489021
4270
3369
901
1576489021
4278
3377
901
1576489021
4278
3377
901
1576489021
4290
3389
901
1576489021
4290
3389
901
1576489022
4290
3389
901
1576489022
4290
3389
901
1576489022
4300
3399
901
1576489022
4300
3399
901
1576489022
4300
3399
901
1576489022
4311
3410
901
1576489022
4311
3410
901
1576489023
4311
3410
901
1576489023
4311
3410
901
1576489023
4312
3411
901
1576489023
4312
3411
901
1576489023
4312
3411
901
1576489023
4312
3411
901
1576489023
4312
3411
901
1576489024
4312
3411
901
1576489024
4312
3411
901
1576489024
4312
3411
901
1576489024
4312
3411
901
1576489024
4312
3411
901
1576489024
4313
3411
902
1576489024
4313
3411
902
1576489025
4313
3411
902
1576489025
4313
3411
902
1576489025
4313
3411
902
1576489025
4313
3411
902
1576489025
4313
3411
902
1576489025
4313
3411
902
1576489025
4313
3411
902
1576489026
4313
3411
902
1576489026
4313
3411
902
1576489026
4313
3411
902
1576489026
4313
3411
902
1576489026
4313
3411
902
1576489026
4313
3411
902
1576489026
4313
3411
902
1576489027
4313
3411
902
1576489027
4313
3411
902
1576489027
4313
3411
902
1576489027
4313
3411
902
1576489027
4313
3411
902
1576489027
4314
3412
902
1576489027
4314
3412
902
1576489028
4314
3412
902
1576489028
4314
3412
902
1576489028
4314
3412
902
1576489028
4314
3412
902
1576489028
4314
3412
902
1576489028
4314
3412
902
1576489028
4314
3412
902
1576489029
4314
3412
902
1576489029
4314
3412
902
1576489029
4314
3412
902
1576489029
4314
3412
902
1576489029
4314
3412
902
1576489029
4314
3412
902
1576489030
4314
3412
902
1576489030
4319
3412
907
1576489030
4319
3412
907
1576489030
4319
3412
907
1576489030
4320
3412
908
1576489031
4320
3412
908
1576489031
4320
3412
908
1576489031
4320
3412
908
1576489031
4321
3412
909
1576489031
4321
3412
909
1576489031
4321
3412
909
1576489032
4321
3412
909
1576489032
4321
3412
909
1576489032
4322
3412
910
1576489032
4322
3412
910
1576489032
4324
3412
912
1576489032
4324
3412
912
1576489032
4326
3412
914
1576489033
4326
3412
914
1576489033
4326
3412
914
1576489033
4333
3418
915
1576489033
4333
3418
915
1576489033
4333
3418
915
1576489033
4333
3418
915
1576489033
4333
3418
915
1576489034
4342
3420
922
1576489034
4342
3420
922
1576489034
4342
3420
922
1576489034
4342
3420
922
1576489034
4349
3422
927
1576489034
4349
3422
927
1576489034
4358
3424
934
1576489035
4358
3424
934
1576489035
4360
3425
935
1576489035
4360
3425
935
1576489035
4362
3425
937
1576489035
4362
3425
937
1576489035
4362
3425
937
1576489035
4365
3425
940
1576489035
4365
3425
940
1576489036
4365
3425
940
1576489036
4365
3425
940
1576489036
4367
3425
942
1576489036
4367
3425
942
1576489036
4367
3425
942
1576489036
4370
3425
945
1576489036
4370
3425
945
1576489037
4371
3425
946
1576489037
4371
3425
946
1576489037
4372
3425
947
1576489037
4372
3425
947
1576489037
4372
3425
947
1576489037
4374
3425
949
1576489037
4374
3425
949
1576489038
4374
3425
949
1576489038
4374
3425
949
1576489038
4375
3425
950
1576489038
4375
3425
950
1576489038
4375
3425
950
1576489038
4375
3425
950
1576489039
4375
3425
950
1576489039
4378
3426
952
1576489039
4378
3426
952
1576489039
4378
3426
952
1576489039
4379
3427
952
1576489039
4379
3427
952
1576489039
4442
3490
952
1576489040
4442
3490
952
1576489040
4442
3490
952
1576489040
4442
3490
952
1576489040
4442
3490
952
1576489040
4442
3490
952
1576489040
4442
3490
952
1576489040
4456
3503
953
1576489040
4456
3503
953
1576489041
4456
3503
953
1576489041
4456
3503
953
1576489041
4456
3503
953
1576489041
4456
3503
953
1576489041
4456
3503
953
1576489041
4456
3503
953
1576489041
4456
3503
953
1576489041
4456
3503
953
1576489042
4456
3503
953
1576489042
4456
3503
953
1576489042
4456
3503
953
1576489042
4456
3503
953
1576489042
4456
3503
953
1576489042
4456
3503
953
1576489042
4456
3503
953
1576489042
4456
3503
953
1576489043
4456
3503
953
1576489043
4456
3503
953
1576489043
4456
3503
953
1576489043
4457
3503
954
1576489043
4457
3503
954
1576489043
4457
3503
954
1576489043
4457
3503
954
1576489043
4457
3503
954
1576489044
4457
3503
954
1576489044
4457
3503
954
1576489044
4457
3503
954
1576489044
4457
3503
954
1576489044
4457
3503
954
1576489044
4457
3503
954
1576489044
4457
3503
954
1576489044
4457
3503
954
1576489044
4457
3503
954
1576489045
4457
3503
954
1576489045
4457
3503
954
1576489045
4457
3503
954
1576489045
4457
3503
954
1576489045
4457
3503
954
1576489045
4457
3503
954
1576489045
4457
3503
954
1576489045
4457
3503
954
1576489046
4457
3503
954
1576489046
4457
3503
954
1576489046
4457
3503
954
1576489046
4457
3503
954
1576489046
4457
3503
954
1576489046
4457
3503
954
1576489046
4457
3503
954
1576489046
4457
3503
954
1576489047
4457
3503
954
1576489047
4457
3503
954
1576489047
4457
3503
954
1576489047
4457
3503
954
1576489047
4457
3503
954
1576489047
4457
3503
954
1576489047
4457
3503
954
1576489047
4457
3503
954
1576489047
4457
3503
954
1576489048
4457
3503
954
1576489048
4457
3503
954
1576489048
4457
3503
954
1576489048
4457
3503
954
1576489048
4457
3503
954
1576489048
4457
3503
954
1576489048
4457
3503
954
1576489048
4458
3504
954
1576489049
4458
3504
954
1576489049
4458
3504
954
1576489049
4458
3504
954
1576489049
4458
3504
954
1576489049
4458
3504
954
1576489049
4458
3504
954
1576489049
4458
3504
954
1576489049
4458
3504
954
1576489049
4458
3504
954
1576489050
4458
3504
954
1576489050
4458
3504
954
1576489050
4458
3504
954
1576489050
4459
3505
954
1576489050
4459
3505
954
1576489050
4459
3505
954
1576489050
4459
3505
954
1576489050
4459
3505
954
1576489050
4459
3505
954
1576489051
4459
3505
954
1576489051
4459
3505
954
1576489051
4459
3505
954
1576489051
4459
3505
954
1576489051
4459
3505
954
1576489051
4459
3505
954
1576489051
4459
3505
954
1576489051
4459
3505
954
1576489051
4459
3505
954
1576489052
4459
3505
954
1576489052
4459
3505
954
1576489052
4459
3505
954
1576489052
4460
3505
955
1576489052
4460
3505
955
1576489052
4460
3505
955
1576489052
4460
3505
955
1576489052
4460
3505
955
1576489052
4462
3505
957
1576489053
4462
3505
957
1576489053
4462
3505
957
1576489053
4462
3505
957
1576489053
4463
3505
958
1576489053
4463
3505
958
1576489053
4463
3505
958
1576489053
4463
3505
958
1576489053
4465
3505
960
1576489054
4465
3505
960
1576489054
4465
3505
960
1576489054
4466
3505
961
1576489054
4466
3505
961
1576489054
4469
3505
964
1576489054
4469
3505
964
1576489054
4471
3505
966
1576489054
4471
3505
966
1576489054
4472
3505
967
1576489055
4472
3505
967
1576489055
4472
3505
967
1576489055
4472
3505
967
1576489055
4472
3505
967
1576489055
4472
3505
967
1576489055
4472
3505
967
1576489055
4472
3505
967
1576489055
4473
3506
967
1576489055
4473
3506
967
1576489056
4473
3506
967
1576489056
4473
3506
967
1576489056
4473
3506
967
1576489056
4473
3506
967
1576489056
4473
3506
967
1576489056
4473
3506
967
1576489056
4473
3506
967
1576489056
4473
3506
967
1576489056
4484
3517
967
1576489057
4484
3517
967
1576489057
4485
3518
967
1576489057
4485
3518
967
1576489057
4485
3518
967
1576489057
4485
3518
967
1576489057
4485
3518
967
1576489057
4485
3518
967
1576489057
4485
3518
967
1576489057
4485
3518
967
1576489058
4485
3518
967
1576489058
4485
3518
967
1576489058
4485
3518
967
1576489058
4485
3518
967
1576489058
4485
3518
967
1576489058
4485
3518
967
1576489058
4485
3518
967
1576489058
4485
3518
967
1576489058
4485
3518
967
1576489059
4485
3518
967
1576489059
4485
3518
967
1576489059
4485
3518
967
1576489059
4485
3518
967
1576489059
4485
3518
967
1576489059
4486
3519
967
1576489059
4486
3519
967
1576489059
4486
3519
967
1576489059
4486
3519
967
1576489060
4486
3519
967
1576489060
4486
3519
967
1576489060
4486
3519
967
1576489060
4486
3519
967
1576489060
4486
3519
967
1576489060
4486
3519
967
1576489060
4486
3519
967
1576489060
4486
3519
967
1576489061
4486
3519
967
1576489061
4486
3519
967
1576489061
4486
3519
967
1576489061
4487
3520
967
1576489061
4488
3521
967
1576489061
4488
3521
967
1576489061
4488
3521
967
1576489061
4488
3521
967
1576489061
4488
3521
967
1576489062
4488
3521
967
1576489062
4488
3521
967
1576489062
4488
3521
967
1576489062
4488
3521
967
1576489062
4488
3521
967
1576489062
4497
3530
967
1576489062
4497
3530
967
1576489062
4499
3532
967
1576489062
4499
3532
967
1576489063
4500
3533
967
1576489063
4500
3533
967
1576489063
4500
3533
967
1576489063
4500
3533
967
1576489063
4500
3533
967
1576489063
4500
3533
967
1576489063
4500
3533
967
1576489063
4500
3533
967
1576489063
4500
3533
967
1576489064
4523
3556
967
1576489064
4523
3556
967
1576489064
4523
3556
967
1576489064
4523
3556
967
1576489064
4523
3556
967
1576489064
4537
3570
967
1576489064
4537
3570
967
1576489064
4551
3584
967
1576489064
4551
3584
967
1576489065
4568
3601
967
1576489065
4568
3601
967
1576489065
4568
3601
967
1576489065
4595
3628
967
1576489065
4595
3628
967
1576489065
4609
3642
967
1576489065
4609
3642
967
1576489065
4625
3658
967
1576489065
4625
3658
967
