1576488831
688
605
83
1576488831
689
606
83
1576488831
689
606
83
1576488831
689
606
83
1576488831
689
606
83
1576488831
689
606
83
1576488832
689
606
83
1576488832
689
606
83
1576488832
689
606
83
1576488832
689
606
83
1576488832
689
606
83
1576488832
689
606
83
1576488832
689
606
83
1576488832
689
606
83
1576488832
689
606
83
1576488833
689
606
83
1576488833
689
606
83
1576488833
689
606
83
1576488833
689
606
83
1576488833
689
606
83
1576488833
689
606
83
1576488833
689
606
83
1576488833
689
606
83
1576488833
689
606
83
1576488834
689
606
83
1576488834
689
606
83
1576488834
689
606
83
1576488834
689
606
83
1576488834
689
606
83
1576488834
689
606
83
1576488834
689
606
83
1576488834
689
606
83
1576488834
689
606
83
1576488835
689
606
83
1576488835
689
606
83
1576488835
690
607
83
1576488835
690
607
83
1576488835
690
607
83
1576488835
690
607
83
1576488835
690
607
83
1576488835
690
607
83
1576488835
690
607
83
1576488836
690
607
83
1576488836
690
607
83
1576488836
690
607
83
1576488836
690
607
83
1576488836
690
607
83
1576488836
690
607
83
1576488836
690
607
83
1576488836
690
607
83
1576488837
690
607
83
1576488837
690
607
83
1576488837
690
607
83
1576488837
690
607
83
1576488837
690
607
83
1576488837
691
608
83
1576488837
691
608
83
1576488837
691
608
83
1576488837
691
608
83
1576488838
691
608
83
1576488838
691
608
83
1576488838
691
608
83
1576488838
691
608
83
1576488838
691
608
83
1576488838
691
608
83
1576488838
691
608
83
1576488838
691
608
83
1576488838
691
608
83
1576488839
691
608
83
1576488839
691
608
83
1576488839
691
608
83
1576488839
691
608
83
1576488839
691
608
83
1576488839
691
608
83
1576488839
691
608
83
1576488839
691
608
83
1576488839
691
608
83
1576488840
691
608
83
1576488840
691
608
83
1576488840
691
608
83
1576488840
691
608
83
1576488840
691
608
83
1576488840
691
608
83
1576488840
691
608
83
1576488840
691
608
83
1576488840
691
608
83
1576488841
691
608
83
1576488841
691
608
83
1576488841
691
608
83
1576488841
691
608
83
1576488841
691
608
83
1576488841
691
608
83
1576488841
691
608
83
1576488841
691
608
83
1576488841
692
609
83
1576488842
692
609
83
1576488842
692
609
83
1576488842
692
609
83
1576488842
692
609
83
1576488842
692
609
83
1576488842
692
609
83
1576488842
692
609
83
1576488842
692
609
83
1576488842
692
609
83
1576488843
692
609
83
1576488843
692
609
83
1576488843
692
609
83
1576488843
692
609
83
1576488843
692
609
83
1576488843
692
609
83
1576488843
692
609
83
1576488843
692
609
83
1576488843
692
609
83
1576488844
692
609
83
1576488844
692
609
83
1576488844
692
609
83
1576488844
692
609
83
1576488844
692
609
83
1576488844
692
609
83
1576488844
692
609
83
1576488844
692
609
83
1576488844
692
609
83
1576488845
692
609
83
1576488845
692
609
83
1576488845
692
609
83
1576488845
692
609
83
1576488845
692
609
83
1576488845
692
609
83
1576488845
692
609
83
1576488845
692
609
83
1576488845
692
609
83
1576488846
692
609
83
1576488846
692
609
83
1576488846
692
609
83
1576488846
692
609
83
1576488846
692
609
83
1576488846
692
609
83
1576488846
692
609
83
1576488846
692
609
83
1576488846
692
609
83
1576488847
692
609
83
1576488847
692
609
83
1576488847
692
609
83
1576488847
692
609
83
1576488847
692
609
83
1576488847
692
609
83
1576488847
692
609
83
1576488847
692
609
83
1576488847
692
609
83
1576488848
692
609
83
1576488848
692
609
83
1576488848
692
609
83
1576488848
692
609
83
1576488848
692
609
83
1576488848
692
609
83
1576488848
692
609
83
1576488848
692
609
83
1576488848
692
609
83
1576488849
692
609
83
1576488849
692
609
83
1576488849
692
609
83
1576488849
692
609
83
1576488849
692
609
83
1576488849
692
609
83
1576488849
692
609
83
1576488849
692
609
83
1576488849
692
609
83
1576488850
692
609
83
1576488850
692
609
83
1576488850
693
610
83
1576488850
693
610
83
1576488850
693
610
83
1576488850
693
610
83
1576488850
693
610
83
1576488850
693
610
83
1576488850
693
610
83
1576488851
693
610
83
1576488851
693
610
83
1576488851
693
610
83
1576488851
693
610
83
1576488851
693
610
83
1576488851
693
610
83
1576488851
693
610
83
1576488851
693
610
83
1576488851
693
610
83
1576488852
693
610
83
1576488852
693
610
83
1576488852
693
610
83
1576488852
693
610
83
1576488852
693
610
83
1576488852
693
610
83
1576488852
693
610
83
1576488852
693
610
83
1576488852
693
610
83
1576488853
693
610
83
1576488853
693
610
83
1576488853
693
610
83
1576488853
693
610
83
1576488853
693
610
83
1576488853
693
610
83
1576488853
693
610
83
1576488853
693
610
83
1576488853
693
610
83
1576488854
693
610
83
1576488854
693
610
83
1576488854
693
610
83
1576488854
693
610
83
1576488854
693
610
83
1576488854
693
610
83
1576488854
693
610
83
1576488854
693
610
83
1576488854
693
610
83
1576488855
693
610
83
1576488855
693
610
83
1576488855
693
610
83
1576488855
693
610
83
1576488855
693
610
83
1576488855
693
610
83
1576488855
693
610
83
1576488855
693
610
83
1576488855
693
610
83
1576488856
693
610
83
1576488856
693
610
83
1576488856
693
610
83
1576488856
693
610
83
1576488856
693
610
83
1576488856
693
610
83
1576488856
693
610
83
1576488856
693
610
83
1576488856
693
610
83
1576488857
693
610
83
1576488857
693
610
83
1576488857
693
610
83
1576488857
693
610
83
1576488857
693
610
83
1576488857
693
610
83
1576488857
693
610
83
1576488857
693
610
83
1576488857
693
610
83
1576488858
693
610
83
1576488858
693
610
83
1576488858
693
610
83
1576488858
693
610
83
1576488858
693
610
83
1576488858
693
610
83
1576488858
693
610
83
1576488858
693
610
83
1576488858
693
610
83
1576488859
693
610
83
1576488859
693
610
83
1576488859
693
610
83
1576488859
693
610
83
1576488859
693
610
83
1576488859
693
610
83
1576488859
693
610
83
1576488859
693
610
83
1576488859
693
610
83
1576488860
693
610
83
1576488860
693
610
83
1576488860
693
610
83
1576488860
693
610
83
1576488860
693
610
83
1576488860
693
610
83
1576488860
693
610
83
1576488860
693
610
83
1576488860
693
610
83
1576488861
693
610
83
1576488861
693
610
83
1576488861
693
610
83
1576488861
693
610
83
1576488861
693
610
83
1576488861
693
610
83
1576488861
693
610
83
1576488861
693
610
83
1576488861
693
610
83
1576488862
693
610
83
1576488862
693
610
83
1576488862
693
610
83
1576488862
694
611
83
1576488862
694
611
83
1576488862
694
611
83
1576488862
694
611
83
1576488862
694
611
83
1576488862
694
611
83
1576488863
694
611
83
1576488863
694
611
83
1576488863
694
611
83
1576488863
694
611
83
1576488863
694
611
83
1576488863
694
611
83
1576488863
694
611
83
1576488863
694
611
83
1576488863
694
611
83
1576488864
694
611
83
1576488864
694
611
83
1576488864
694
611
83
1576488864
694
611
83
1576488864
694
611
83
1576488864
694
611
83
1576488864
694
611
83
1576488864
694
611
83
1576488864
694
611
83
1576488865
694
611
83
1576488865
694
611
83
1576488865
694
611
83
1576488865
694
611
83
1576488865
694
611
83
1576488865
694
611
83
1576488865
694
611
83
1576488865
694
611
83
1576488865
694
611
83
1576488866
694
611
83
1576488866
694
611
83
1576488866
694
611
83
1576488866
694
611
83
1576488866
694
611
83
1576488866
694
611
83
1576488866
694
611
83
1576488866
694
611
83
1576488866
694
611
83
1576488867
694
611
83
1576488867
694
611
83
1576488867
694
611
83
1576488867
694
611
83
1576488867
694
611
83
1576488867
694
611
83
1576488867
694
611
83
1576488867
694
611
83
1576488867
694
611
83
1576488868
694
611
83
1576488868
694
611
83
1576488868
694
611
83
1576488868
694
611
83
1576488868
694
611
83
1576488868
694
611
83
1576488868
694
611
83
1576488868
694
611
83
1576488868
694
611
83
1576488869
695
612
83
1576488869
695
612
83
1576488869
695
612
83
1576488869
695
612
83
1576488869
695
612
83
1576488869
695
612
83
1576488869
695
612
83
1576488869
695
612
83
1576488869
695
612
83
1576488870
695
612
83
1576488870
695
612
83
1576488870
695
612
83
1576488870
695
612
83
1576488870
695
612
83
1576488870
695
612
83
1576488870
695
612
83
1576488870
695
612
83
1576488870
695
612
83
1576488871
695
612
83
1576488871
695
612
83
1576488871
695
612
83
1576488871
695
612
83
1576488871
695
612
83
1576488871
695
612
83
1576488871
695
612
83
1576488871
695
612
83
1576488871
695
612
83
1576488872
696
613
83
1576488872
696
613
83
1576488872
696
613
83
1576488872
696
613
83
1576488872
696
613
83
1576488872
696
613
83
1576488872
696
613
83
1576488872
696
613
83
1576488872
696
613
83
1576488873
696
613
83
1576488873
696
613
83
1576488873
696
613
83
1576488873
696
613
83
1576488873
696
613
83
1576488873
696
613
83
1576488873
696
613
83
1576488873
696
613
83
1576488873
696
613
83
1576488874
697
614
83
1576488874
697
614
83
1576488874
697
614
83
1576488874
697
614
83
1576488874
697
614
83
1576488874
697
614
83
1576488874
697
614
83
1576488874
697
614
83
1576488875
697
614
83
1576488875
697
614
83
1576488875
697
614
83
1576488875
697
614
83
1576488875
697
614
83
1576488875
697
614
83
1576488875
697
614
83
1576488875
697
614
83
1576488875
697
614
83
1576488876
697
614
83
1576488876
697
614
83
1576488876
697
614
83
1576488876
697
614
83
1576488876
1037
614
423
1576488876
1037
614
423
1576488876
1037
614
423
1576488876
1037
614
423
1576488876
1274
614
660
1576488877
1274
614
660
1576488877
2788
614
2174
1576488877
4825
614
4211
1576488877
13097
857
12337
1576488877
13972
1626
12346
1576488877
13972
1626
12346
1576488877
13972
1626
12346
1576488877
13972
1626
12346
1576488877
13972
1626
12346
1576488878
13972
1626
12346
1576488878
13972
1626
12346
1576488878
13972
1626
12346
1576488878
13973
1627
12346
1576488878
13973
1627
12346
1576488878
13991
1645
12346
1576488878
13991
1645
12346
1576488878
13991
1645
12346
1576488878
13991
1645
12346
1576488879
13991
1645
12346
1576488879
13991
1645
12346
1576488879
13991
1645
12346
1576488879
13991
1645
12346
1576488879
13991
1645
12346
1576488879
14174
1827
12347
1576488879
14174
1827
12347
1576488879
14174
1827
12347
1576488879
14174
1827
12347
1576488880
14174
1827
12347
1576488880
14174
1827
12347
1576488880
14174
1827
12347
1576488880
14174
1827
12347
1576488880
14174
1827
12347
1576488880
14432
2082
12350
1576488880
14995
2642
12353
1576488880
14995
2642
12353
1576488880
14995
2642
12353
1576488881
14995
2642
12353
1576488881
14995
2642
12353
1576488881
14995
2642
12353
1576488881
14995
2642
12353
1576488881
14995
2642
12353
1576488881
14995
2642
12353
1576488881
14995
2642
12353
1576488881
14995
2642
12353
1576488881
14995
2642
12353
1576488882
14995
2642
12353
1576488882
14995
2642
12353
1576488882
14995
2642
12353
1576488882
14996
2643
12353
1576488882
14996
2643
12353
1576488882
14997
2644
12353
1576488882
14997
2644
12353
1576488882
14997
2644
12353
1576488882
14997
2644
12353
1576488883
14999
2646
12353
1576488883
14999
2646
12353
1576488883
14999
2646
12353
1576488883
15000
2646
12354
1576488883
15000
2646
12354
1576488883
15000
2646
12354
1576488883
15000
2646
12354
1576488883
15000
2646
12354
1576488883
15000
2646
12354
1576488884
15000
2646
12354
1576488884
15004
2649
12355
1576488884
15004
2649
12355
1576488884
15004
2649
12355
1576488884
15010
2654
12356
1576488884
15010
2654
12356
1576488884
15010
2654
12356
1576488884
15010
2654
12356
1576488884
15010
2654
12356
1576488885
15010
2654
12356
1576488885
15011
2655
12356
1576488885
15011
2655
12356
1576488885
15011
2655
12356
1576488885
15013
2656
12357
1576488885
15013
2656
12357
1576488885
15019
2660
12359
1576488885
15019
2660
12359
1576488886
15021
2661
12360
1576488886
15021
2661
12360
1576488886
15021
2661
12360
1576488886
15021
2661
12360
1576488886
15021
2661
12360
1576488886
15021
2661
12360
1576488886
15021
2661
12360
1576488886
15021
2661
12360
1576488886
15021
2661
12360
1576488887
15021
2661
12360
1576488887
15021
2661
12360
1576488887
15021
2661
12360
1576488887
15021
2661
12360
1576488887
15021
2661
12360
1576488887
15021
2661
12360
1576488887
15021
2661
12360
1576488887
15021
2661
12360
1576488888
15021
2661
12360
1576488888
15021
2661
12360
1576488888
15021
2661
12360
1576488888
15021
2661
12360
1576488888
15021
2661
12360
1576488888
15021
2661
12360
1576488888
15021
2661
12360
1576488888
15021
2661
12360
1576488888
15021
2661
12360
1576488889
15021
2661
12360
1576488889
15021
2661
12360
1576488889
15026
2661
12365
1576488889
15026
2661
12365
1576488889
15026
2661
12365
1576488889
15026
2661
12365
1576488889
15029
2661
12368
1576488889
15029
2661
12368
1576488890
15029
2661
12368
1576488890
15029
2661
12368
1576488890
21167
2661
18506
1576488890
22213
2661
19552
1576488890
23213
2661
20552
1576488890
23214
2662
20552
1576488890
23214
2662
20552
1576488890
23214
2662
20552
1576488891
23214
2662
20552
1576488891
23215
2662
20553
1576488891
23215
2662
20553
1576488891
23217
2663
20554
1576488891
23217
2663
20554
1576488891
23217
2663
20554
1576488891
23217
2663
20554
1576488891
23217
2663
20554
1576488891
23217
2663
20554
1576488892
23220
2663
20557
1576488892
23220
2663
20557
1576488892
23220
2663
20557
1576488892
23220
2663
20557
1576488892
23220
2663
20557
1576488892
23222
2663
20559
1576488892
23222
2663
20559
1576488892
23222
2663
20559
1576488893
23222
2663
20559
1576488893
24246
2664
21582
1576488893
28340
3690
24650
1576488893
28340
3690
24650
1576488893
28340
3690
24650
1576488893
28340
3690
24650
1576488893
28340
3690
24650
1576488893
28340
3690
24650
1576488893
28340
3690
24650
1576488894
28340
3690
24650
1576488894
28340
3690
24650
1576488894
28341
3691
24650
1576488894
28341
3691
24650
1576488894
28343
3692
24651
1576488894
28343
3692
24651
1576488894
28343
3692
24651
1576488894
28343
3692
24651
1576488895
28343
3692
24651
1576488895
28343
3692
24651
1576488895
28343
3692
24651
1576488895
28344
3693
24651
1576488895
28344
3693
24651
1576488895
28347
3694
24653
1576488895
28347
3694
24653
1576488895
28347
3694
24653
1576488896
28347
3694
24653
1576488896
28349
3696
24653
1576488896
28349
3696
24653
1576488896
28349
3696
24653
1576488896
28349
3696
24653
1576488896
28349
3696
24653
1576488896
28349
3696
24653
1576488896
28349
3696
24653
1576488896
28349
3696
24653
1576488897
28349
3696
24653
1576488897
28349
3696
24653
1576488897
28349
3696
24653
1576488897
28349
3696
24653
1576488897
28349
3696
24653
1576488897
28349
3696
24653
1576488897
28349
3696
24653
1576488897
28349
3696
24653
1576488898
28349
3696
24653
1576488898
28349
3696
24653
1576488898
28349
3696
24653
1576488898
28349
3696
24653
1576488898
28349
3696
24653
1576488898
28381
3728
24653
1576488898
28381
3728
24653
1576488898
28381
3728
24653
1576488899
28381
3728
24653
1576488899
29372
4719
24653
1576488899
29378
4724
24654
1576488899
29378
4724
24654
1576488899
29379
4724
24655
1576488899
29379
4724
24655
1576488899
29379
4724
24655
1576488899
29381
4725
24656
1576488899
29381
4725
24656
1576488900
29381
4725
24656
1576488900
29381
4725
24656
1576488900
29381
4725
24656
1576488900
29381
4725
24656
1576488900
29381
4725
24656
1576488900
29381
4725
24656
1576488900
29381
4725
24656
1576488900
29381
4725
24656
1576488901
29381
4725
24656
1576488901
29381
4725
24656
1576488901
29381
4725
24656
1576488901
29383
4727
24656
1576488901
29383
4727
24656
1576488901
29383
4727
24656
1576488901
29383
4727
24656
1576488901
29383
4727
24656
1576488901
29383
4727
24656
1576488902
29383
4727
24656
1576488902
29383
4727
24656
1576488902
29383
4727
24656
1576488902
29383
4727
24656
1576488902
29384
4728
24656
1576488902
29384
4728
24656
1576488902
29384
4728
24656
1576488902
29384
4728
24656
1576488903
29384
4728
24656
1576488903
29384
4728
24656
1576488903
29384
4728
24656
1576488903
29384
4728
24656
1576488903
29384
4728
24656
1576488903
29384
4728
24656
1576488903
29384
4728
24656
1576488903
29384
4728
24656
1576488904
29384
4728
24656
1576488904
29384
4728
24656
1576488904
29384
4728
24656
1576488904
29384
4728
24656
1576488904
29384
4728
24656
1576488904
29384
4728
24656
1576488904
29384
4728
24656
1576488904
29384
4728
24656
1576488904
29384
4728
24656
1576488905
29384
4728
24656
1576488905
29384
4728
24656
1576488905
29384
4728
24656
1576488905
29384
4728
24656
1576488905
29384
4728
24656
1576488905
29384
4728
24656
1576488905
29384
4728
24656
1576488905
29384
4728
24656
1576488906
29384
4728
24656
1576488906
29384
4728
24656
1576488906
29384
4728
24656
1576488906
29384
4728
24656
1576488906
29384
4728
24656
1576488906
29384
4728
24656
1576488906
29384
4728
24656
1576488906
29384
4728
24656
1576488906
29384
4728
24656
1576488907
29384
4728
24656
1576488907
29384
4728
24656
1576488907
29384
4728
24656
1576488907
29384
4728
24656
1576488907
29385
4729
24656
1576488907
29385
4729
24656
1576488907
29385
4729
24656
1576488907
29385
4729
24656
1576488908
29385
4729
24656
1576488908
29385
4729
24656
1576488908
29385
4729
24656
1576488908
29385
4729
24656
1576488908
29385
4729
24656
1576488908
29385
4729
24656
1576488908
29385
4729
24656
1576488908
29385
4729
24656
1576488909
29385
4729
24656
1576488909
29385
4729
24656
1576488909
29385
4729
24656
1576488909
29385
4729
24656
1576488909
29385
4729
24656
1576488909
29385
4729
24656
1576488909
29385
4729
24656
1576488909
29391
4735
24656
1576488909
29391
4735
24656
1576488910
29391
4735
24656
1576488910
29398
4738
24660
1576488910
29398
4738
24660
1576488910
29401
4741
24660
1576488910
29401
4741
24660
1576488910
29401
4741
24660
1576488910
29401
4741
24660
1576488910
29401
4741
24660
1576488911
29401
4741
24660
1576488911
29401
4741
24660
1576488911
29401
4741
24660
1576488911
29401
4741
24660
1576488911
29401
4741
24660
1576488911
29401
4741
24660
1576488911
29401
4741
24660
1576488911
29401
4741
24660
1576488911
29401
4741
24660
1576488912
29401
4741
24660
1576488912
29401
4741
24660
1576488912
29401
4741
24660
1576488912
29401
4741
24660
1576488912
29401
4741
24660
1576488912
29401
4741
24660
1576488912
29401
4741
24660
1576488912
29401
4741
24660
1576488913
29401
4741
24660
1576488913
29401
4741
24660
1576488913
29401
4741
24660
1576488913
29401
4741
24660
1576488913
29401
4741
24660
1576488913
29401
4741
24660
1576488913
29401
4741
24660
1576488914
29401
4741
24660
1576488914
29401
4741
24660
1576488914
29401
4741
24660
1576488914
29401
4741
24660
1576488914
29401
4741
24660
1576488914
29401
4741
24660
1576488914
29401
4741
24660
1576488914
29401
4741
24660
1576488914
29401
4741
24660
1576488915
29401
4741
24660
1576488915
29401
4741
24660
1576488915
29401
4741
24660
1576488915
29401
4741
24660
1576488915
29401
4741
24660
1576488915
29401
4741
24660
1576488915
29401
4741
24660
1576488915
29401
4741
24660
1576488915
29401
4741
24660
1576488916
29401
4741
24660
1576488916
29401
4741
24660
1576488916
29401
4741
24660
1576488916
29401
4741
24660
1576488916
29401
4741
24660
1576488916
29401
4741
24660
1576488916
29401
4741
24660
1576488916
29401
4741
24660
1576488917
29401
4741
24660
1576488917
29401
4741
24660
1576488917
29401
4741
24660
1576488917
29401
4741
24660
1576488917
29401
4741
24660
1576488917
29401
4741
24660
1576488917
29401
4741
24660
1576488917
29401
4741
24660
1576488918
29401
4741
24660
1576488918
29401
4741
24660
1576488918
29401
4741
24660
1576488918
29401
4741
24660
1576488918
29401
4741
24660
1576488918
29401
4741
24660
1576488918
29401
4741
24660
1576488918
29401
4741
24660
1576488919
29401
4741
24660
1576488919
29401
4741
24660
1576488919
29424
4763
24661
1576488919
29424
4763
24661
1576488919
29424
4763
24661
1576488919
29424
4763
24661
1576488919
29660
4763
24897
1576488920
29660
4763
24897
1576488920
29660
4763
24897
1576488920
29660
4763
24897
1576488920
30517
4763
25754
1576488920
31514
4763
26751
1576488920
33541
4763
28778
1576488920
34545
4763
29782
1576488920
34545
4763
29782
1576488921
34545
4763
29782
1576488921
34612
4771
29841
1576488921
34612
4771
29841
1576488921
36599
4771
31828
1576488921
36599
4771
31828
1576488921
36599
4771
31828
1576488921
36600
4772
31828
1576488921
36600
4772
31828
1576488922
36602
4772
31830
1576488922
36602
4772
31830
1576488922
36602
4772
31830
1576488922
36602
4772
31830
1576488922
36604
4772
31832
1576488922
36604
4772
31832
1576488922
36604
4772
31832
1576488922
36604
4772
31832
1576488923
39673
4772
34901
1576488923
40696
4772
35924
1576488923
40696
4772
35924
1576488923
40696
4772
35924
1576488923
40696
4772
35924
1576488923
40696
4772
35924
1576488923
40696
4772
35924
1576488923
40696
4772
35924
1576488924
40697
4772
35925
1576488924
40697
4772
35925
1576488924
40699
4773
35926
1576488924
40699
4773
35926
1576488924
40699
4773
35926
1576488924
40699
4773
35926
1576488924
40699
4773
35926
1576488924
42760
5812
36948
1576488925
43768
6820
36948
1576488925
43768
6820
36948
1576488925
43768
6820
36948
1576488925
43768
6820
36948
1576488925
43768
6820
36948
1576488925
43768
6820
36948
1576488925
43768
6820
36948
1576488926
43768
6820
36948
1576488926
43768
6820
36948
1576488926
43768
6820
36948
1576488926
43768
6820
36948
1576488926
43768
6820
36948
1576488926
43768
6820
36948
1576488926
43768
6820
36948
1576488926
43768
6820
36948
1576488927
43768
6820
36948
1576488927
43768
6820
36948
1576488927
43768
6820
36948
1576488927
43768
6820
36948
1576488927
43768
6820
36948
1576488927
43768
6820
36948
1576488927
43769
6821
36948
1576488927
43769
6821
36948
1576488928
43769
6821
36948
1576488928
43769
6821
36948
1576488928
43769
6821
36948
1576488928
43769
6821
36948
1576488928
43769
6821
36948
1576488928
43769
6821
36948
1576488928
43769
6821
36948
1576488928
43769
6821
36948
1576488929
43769
6821
36948
1576488929
43769
6821
36948
1576488929
43769
6821
36948
1576488929
43769
6821
36948
1576488929
43769
6821
36948
1576488929
43769
6821
36948
1576488929
43769
6821
36948
1576488929
43769
6821
36948
1576488930
43769
6821
36948
1576488930
43769
6821
36948
1576488930
43769
6821
36948
1576488930
43769
6821
36948
1576488930
43769
6821
36948
1576488930
43769
6821
36948
1576488930
43769
6821
36948
1576488930
43769
6821
36948
1576488931
43769
6821
36948
1576488931
43769
6821
36948
1576488931
43769
6821
36948
1576488931
43771
6823
36948
1576488931
43771
6823
36948
1576488931
43771
6823
36948
1576488931
43771
6823
36948
1576488931
43771
6823
36948
1576488932
43771
6823
36948
1576488932
43771
6823
36948
1576488932
43771
6823
36948
1576488932
43772
6824
36948
1576488932
43772
6824
36948
1576488932
43772
6824
36948
1576488932
43772
6824
36948
1576488932
43772
6824
36948
1576488932
43772
6824
36948
1576488933
43772
6824
36948
1576488933
43772
6824
36948
1576488933
43773
6825
36948
1576488933
43773
6825
36948
1576488933
43773
6825
36948
1576488933
43773
6825
36948
1576488933
43780
6832
36948
1576488933
43780
6832
36948
1576488934
43781
6833
36948
1576488934
43781
6833
36948
1576488934
43781
6833
36948
1576488934
43781
6833
36948
1576488934
43781
6833
36948
1576488934
43781
6833
36948
1576488934
43781
6833
36948
1576488935
43781
6833
36948
1576488935
43781
6833
36948
1576488935
43781
6833
36948
1576488935
43781
6833
36948
1576488935
43781
6833
36948
1576488935
43781
6833
36948
1576488935
43781
6833
36948
1576488935
43781
6833
36948
1576488936
43781
6833
36948
1576488936
43781
6833
36948
1576488936
43781
6833
36948
1576488936
43781
6833
36948
1576488936
43781
6833
36948
1576488936
43781
6833
36948
1576488936
43781
6833
36948
1576488936
43781
6833
36948
1576488936
43781
6833
36948
1576488937
43781
6833
36948
1576488937
43781
6833
36948
1576488937
43782
6834
36948
1576488937
43782
6834
36948
1576488937
43782
6834
36948
1576488937
43782
6834
36948
1576488937
43782
6834
36948
1576488937
43782
6834
36948
1576488938
43782
6834
36948
1576488938
43782
6834
36948
1576488938
43782
6834
36948
1576488938
43782
6834
36948
1576488938
43782
6834
36948
1576488938
43782
6834
36948
1576488938
43782
6834
36948
1576488938
43782
6834
36948
1576488939
43782
6834
36948
1576488939
43782
6834
36948
1576488939
43782
6834
36948
1576488939
43782
6834
36948
1576488939
43782
6834
36948
1576488939
43782
6834
36948
1576488939
43782
6834
36948
1576488939
43782
6834
36948
1576488940
43782
6834
36948
1576488940
43782
6834
36948
1576488940
43782
6834
36948
1576488940
43782
6834
36948
1576488940
43782
6834
36948
1576488940
43782
6834
36948
1576488940
43782
6834
36948
1576488941
43782
6834
36948
1576488941
43782
6834
36948
1576488941
43782
6834
36948
1576488941
43782
6834
36948
1576488941
43782
6834
36948
1576488941
43782
6834
36948
1576488941
43782
6834
36948
1576488941
43782
6834
36948
1576488942
43782
6834
36948
1576488942
43782
6834
36948
1576488942
43782
6834
36948
1576488942
43782
6834
36948
1576488942
43782
6834
36948
1576488942
43782
6834
36948
1576488942
43782
6834
36948
1576488942
43782
6834
36948
1576488943
43782
6834
36948
1576488943
43782
6834
36948
1576488943
43782
6834
36948
1576488943
43782
6834
36948
1576488943
43782
6834
36948
1576488943
43782
6834
36948
1576488943
43782
6834
36948
1576488943
43782
6834
36948
1576488944
43782
6834
36948
1576488944
43782
6834
36948
1576488944
43782
6834
36948
1576488944
43782
6834
36948
1576488944
43782
6834
36948
1576488944
43782
6834
36948
1576488944
43782
6834
36948
1576488944
43782
6834
36948
1576488945
43782
6834
36948
1576488945
43782
6834
36948
1576488945
43782
6834
36948
1576488945
43782
6834
36948
1576488945
43782
6834
36948
1576488945
43782
6834
36948
1576488945
43782
6834
36948
1576488945
43782
6834
36948
1576488946
43782
6834
36948
1576488946
43782
6834
36948
1576488946
43782
6834
36948
1576488946
43782
6834
36948
1576488946
43782
6834
36948
1576488946
43782
6834
36948
1576488946
43782
6834
36948
1576488946
43782
6834
36948
1576488947
43782
6834
36948
1576488947
43782
6834
36948
1576488947
43782
6834
36948
1576488947
43782
6834
36948
1576488947
43782
6834
36948
1576488947
43782
6834
36948
1576488947
43782
6834
36948
1576488947
43782
6834
36948
1576488948
43782
6834
36948
1576488948
43782
6834
36948
1576488948
43782
6834
36948
1576488948
43782
6834
36948
1576488948
43782
6834
36948
1576488948
43782
6834
36948
1576488948
43782
6834
36948
1576488948
43782
6834
36948
1576488949
43782
6834
36948
1576488949
43782
6834
36948
1576488949
43782
6834
36948
1576488949
43782
6834
36948
1576488949
43782
6834
36948
1576488949
43782
6834
36948
1576488949
43782
6834
36948
1576488949
43782
6834
36948
1576488950
43782
6834
36948
1576488950
43782
6834
36948
1576488950
43782
6834
36948
1576488950
43782
6834
36948
1576488950
43782
6834
36948
1576488950
43783
6835
36948
1576488950
43783
6835
36948
1576488950
43783
6835
36948
1576488950
43783
6835
36948
1576488951
43783
6835
36948
1576488951
43783
6835
36948
1576488951
43783
6835
36948
1576488951
43783
6835
36948
1576488951
43783
6835
36948
1576488951
43783
6835
36948
1576488951
43783
6835
36948
1576488952
43783
6835
36948
1576488952
43783
6835
36948
1576488952
43783
6835
36948
1576488952
43783
6835
36948
1576488952
43783
6835
36948
1576488952
43783
6835
36948
1576488952
43783
6835
36948
1576488952
43783
6835
36948
1576488953
43783
6835
36948
1576488953
43783
6835
36948
1576488953
43783
6835
36948
1576488953
43783
6835
36948
1576488953
43783
6835
36948
1576488953
43783
6835
36948
1576488953
43783
6835
36948
1576488953
43783
6835
36948
1576488954
43783
6835
36948
1576488954
43783
6835
36948
1576488954
43783
6835
36948
1576488954
43783
6835
36948
1576488954
43783
6835
36948
1576488954
43783
6835
36948
1576488954
43783
6835
36948
1576488954
43783
6835
36948
1576488955
43783
6835
36948
1576488955
43783
6835
36948
1576488955
43783
6835
36948
1576488955
43783
6835
36948
1576488955
43783
6835
36948
1576488955
43783
6835
36948
1576488955
43783
6835
36948
1576488955
43783
6835
36948
1576488955
43783
6835
36948
1576488956
43783
6835
36948
1576488956
43783
6835
36948
1576488956
43783
6835
36948
1576488956
43783
6835
36948
1576488956
43783
6835
36948
1576488956
43783
6835
36948
1576488956
43797
6849
36948
1576488957
43797
6849
36948
1576488957
43797
6849
36948
1576488957
43797
6849
36948
1576488957
43803
6855
36948
1576488957
43803
6855
36948
1576488957
43803
6855
36948
1576488957
43803
6855
36948
1576488957
43810
6862
36948
1576488958
43810
6862
36948
1576488958
43810
6862
36948
1576488958
43810
6862
36948
1576488958
43812
6864
36948
1576488958
43812
6864
36948
1576488958
43820
6872
36948
1576488958
43820
6872
36948
1576488958
43833
6885
36948
1576488959
43833
6885
36948
1576488959
43833
6885
36948
1576488959
43833
6885
36948
1576488959
43833
6885
36948
1576488959
43833
6885
36948
1576488959
43833
6885
36948
1576488959
43833
6885
36948
1576488959
43833
6885
36948
1576488960
43833
6885
36948
1576488960
43833
6885
36948
1576488960
43833
6885
36948
1576488960
43833
6885
36948
1576488960
43833
6885
36948
1576488960
43833
6885
36948
1576488960
43833
6885
36948
1576488960
43833
6885
36948
1576488961
43833
6885
36948
1576488961
43833
6885
36948
1576488961
43833
6885
36948
1576488961
43833
6885
36948
1576488961
43833
6885
36948
1576488961
43833
6885
36948
1576488961
43833
6885
36948
1576488961
43833
6885
36948
1576488962
43833
6885
36948
1576488962
43833
6885
36948
1576488962
43833
6885
36948
1576488962
43833
6885
36948
1576488962
43833
6885
36948
1576488962
43833
6885
36948
1576488962
43833
6885
36948
1576488962
43833
6885
36948
1576488963
43833
6885
36948
1576488963
43833
6885
36948
1576488963
43833
6885
36948
1576488963
43833
6885
36948
1576488963
43833
6885
36948
1576488963
43833
6885
36948
1576488963
43833
6885
36948
1576488963
43833
6885
36948
1576488964
43833
6885
36948
1576488964
43833
6885
36948
1576488964
43833
6885
36948
1576488964
43833
6885
36948
1576488964
43833
6885
36948
1576488964
43833
6885
36948
1576488964
43833
6885
36948
1576488964
43833
6885
36948
1576488965
43834
6886
36948
1576488965
43834
6886
36948
1576488965
43834
6886
36948
1576488965
43834
6886
36948
1576488965
43834
6886
36948
1576488965
43834
6886
36948
1576488965
43834
6886
36948
1576488965
43834
6886
36948
1576488965
43834
6886
36948
1576488966
43834
6886
36948
1576488966
43834
6886
36948
1576488966
43834
6886
36948
1576488966
43834
6886
36948
1576488966
43834
6886
36948
1576488966
43834
6886
36948
1576488966
43834
6886
36948
1576488966
43834
6886
36948
1576488967
43834
6886
36948
1576488967
43834
6886
36948
1576488967
43834
6886
36948
1576488967
43834
6886
36948
1576488967
43834
6886
36948
1576488967
43834
6886
36948
1576488967
43834
6886
36948
1576488967
43834
6886
36948
1576488968
43834
6886
36948
1576488968
43834
6886
36948
1576488968
43834
6886
36948
1576488968
43834
6886
36948
1576488968
43834
6886
36948
1576488968
43834
6886
36948
1576488968
43834
6886
36948
1576488969
43834
6886
36948
1576488969
43834
6886
36948
1576488969
43834
6886
36948
1576488969
43834
6886
36948
1576488969
43834
6886
36948
1576488969
43834
6886
36948
1576488969
43834
6886
36948
1576488969
43834
6886
36948
1576488970
43834
6886
36948
1576488970
43834
6886
36948
1576488970
43834
6886
36948
1576488970
43834
6886
36948
1576488970
43834
6886
36948
1576488970
43834
6886
36948
1576488970
43834
6886
36948
1576488971
43834
6886
36948
1576488971
43834
6886
36948
1576488971
43834
6886
36948
1576488971
43834
6886
36948
1576488971
43834
6886
36948
1576488971
43834
6886
36948
1576488971
43834
6886
36948
1576488971
43834
6886
36948
1576488972
43834
6886
36948
1576488972
43834
6886
36948
1576488972
43834
6886
36948
1576488972
43834
6886
36948
1576488972
43834
6886
36948
1576488972
43834
6886
36948
1576488972
43834
6886
36948
1576488972
43834
6886
36948
1576488973
43837
6889
36948
1576488973
43837
6889
36948
1576488973
43837
6889
36948
1576488973
43837
6889
36948
1576488973
43837
6889
36948
1576488973
43837
6889
36948
1576488973
43837
6889
36948
1576488974
43837
6889
36948
1576488974
43837
6889
36948
1576488974
43837
6889
36948
1576488974
43837
6889
36948
1576488974
43837
6889
36948
1576488974
43837
6889
36948
1576488974
43837
6889
36948
1576488975
43837
6889
36948
1576488975
43837
6889
36948
1576488975
43837
6889
36948
1576488975
43837
6889
36948
1576488975
43837
6889
36948
1576488975
43837
6889
36948
1576488975
43837
6889
36948
1576488976
43837
6889
36948
1576488976
43837
6889
36948
1576488976
43837
6889
36948
1576488976
43837
6889
36948
1576488976
43837
6889
36948
1576488976
43837
6889
36948
1576488976
43837
6889
36948
1576488976
43837
6889
36948
1576488977
43837
6889
36948
1576488977
43837
6889
36948
1576488977
43837
6889
36948
1576488977
43837
6889
36948
1576488977
43837
6889
36948
1576488977
43837
6889
36948
1576488977
43837
6889
36948
1576488978
43839
6889
36950
1576488978
43839
6889
36950
1576488978
43839
6889
36950
1576488978
43839
6889
36950
1576488978
43839
6889
36950
1576488978
43858
6889
36969
1576488978
44928
6889
38039
1576488979
45890
6889
39001
1576488979
46014
6889
39125
1576488979
46014
6889
39125
1576488979
46014
6889
39125
1576488979
46014
6889
39125
1576488979
46014
6889
39125
1576488979
46014
6889
41066
1576488979
48101
6889
41212
1576488980
48101
6889
41212
1576488980
48101
6889
41212
1576488980
48101
6889
41212
1576488980
49086
6889
42197
1576488980
50013
6889
43124
1576488980
51005
6889
44118
1576488980
51007
6889
44118
1576488981
51011
6889
44122
1576488981
51011
6889
44122
1576488981
51011
6889
44122
1576488981
51011
6889
44122
1576488981
51011
6889
44122
1576488981
51011
6889
44122
1576488981
51011
6889
44122
1576488981
51011
6889
44122
1576488982
51011
6889
44122
1576488982
51011
6889
44122
1576488982
51011
6889
44122
1576488982
51011
6889
44122
1576488982
51011
6889
44122
1576488982
51011
6889
44122
1576488982
51011
6889
44122
1576488983
51011
6889
44122
1576488983
51011
6889
44122
1576488983
51026
6889
44137
1576488983
51026
6889
44137
1576488983
57199
7961
49238
1576488983
57199
7961
49238
1576488983
57199
7961
49238
1576488984
57200
7962
49238
1576488984
57201
7963
49238
1576488984
57201
7963
49238
1576488984
57201
7963
49238
1576488984
57201
7963
49238
1576488984
57201
7963
49238
1576488984
57201
7963
49238
1576488985
57201
7963
49238
1576488985
57201
7963
49238
1576488985
57201
7963
49238
1576488985
57201
7963
49238
1576488985
57201
7963
49238
1576488985
57201
7963
49238
1576488985
57201
7963
49238
1576488986
57201
7963
49238
1576488986
57201
7963
49238
1576488986
58224
8986
49238
1576488986
58224
8986
49238
1576488986
58224
8986
49238
1576488986
58224
8986
49238
1576488986
58224
8986
49238
1576488986
58224
8986
49238
1576488987
58224
8986
49238
1576488987
58224
8986
49238
1576488987
58224
8986
49238
1576488987
58224
8986
49238
1576488987
58226
8988
49238
1576488987
58226
8988
49238
1576488987
58226
8988
49238
1576488988
58227
8988
49239
1576488988
58227
8988
49239
1576488988
58227
8988
49239
1576488988
58227
8988
49239
1576488988
58227
8988
49239
1576488988
58227
8988
49239
1576488988
58227
8988
49239
1576488989
58227
8988
49239
1576488989
58227
8988
49239
1576488989
58227
8988
49239
1576488989
58227
8988
49239
1576488989
58227
8988
49239
1576488989
58227
8988
49239
1576488989
58227
8988
49239
1576488990
58227
8988
49239
1576488990
58227
8988
49239
1576488990
58228
8989
49239
1576488990
58228
8989
49239
1576488990
58384
9143
49241
1576488990
58385
9144
49241
1576488990
58385
9144
49241
1576488990
58385
9144
49241
1576488991
58385
9144
49241
1576488991
58385
9144
49241
1576488991
58385
9144
49241
1576488991
58385
9144
49241
1576488991
58386
9145
49241
1576488991
58386
9145
49241
1576488991
58386
9145
49241
1576488992
58386
9145
49241
1576488992
58386
9145
49241
1576488992
58386
9145
49241
1576488992
58386
9145
49241
1576488992
58386
9145
49241
1576488992
58386
9145
49241
1576488992
58386
9145
49241
1576488993
58386
9145
49241
1576488993
58386
9145
49241
1576488993
58387
9146
49241
1576488993
58387
9146
49241
1576488993
58388
9147
49241
1576488993
58388
9147
49241
1576488993
58388
9147
49241
1576488993
58389
9148
49241
1576488994
58389
9148
49241
1576488994
58389
9148
49241
1576488994
58389
9148
49241
1576488994
58389
9148
49241
1576488994
58389
9148
49241
1576488994
58389
9148
49241
1576488994
58389
9148
49241
1576488995
58389
9148
49241
1576488995
58389
9148
49241
1576488995
58389
9148
49241
1576488995
58389
9148
49241
1576488995
58389
9148
49241
1576488995
58389
9148
49241
1576488995
58574
9331
49243
1576488996
58649
9404
49245
1576488996
58661
9416
49245
1576488996
58661
9416
49245
1576488996
58671
9426
49245
1576488996
58671
9426
49245
1576488996
58671
9426
49245
1576488996
58682
9437
49245
1576488997
58682
9437
49245
1576488997
58691
9446
49245
1576488997
58691
9446
49245
1576488997
58691
9446
49245
1576488997
58697
9451
49246
1576488997
58697
9451
49246
1576488997
58697
9451
49246
1576488998
58697
9451
49246
1576488998
58711
9465
49246
1576488998
58711
9465
49246
1576488998
58711
9465
49246
1576488998
58769
9522
49247
1576488998
58774
9525
49249
1576488999
58774
9525
49249
1576488999
58774
9525
49249
1576488999
58777
9527
49250
1576488999
58777
9527
49250
1576488999
58777
9527
49250
1576488999
58777
9527
49250
1576488999
58782
9532
49250
1576489000
58782
9532
49250
1576489000
58782
9532
49250
1576489000
58788
9537
49251
1576489000
58788
9537
49251
1576489000
58788
9537
49251
1576489000
58791
9540
49251
1576489001
58791
9540
49251
1576489001
58791
9540
49251
1576489001
58794
9543
49251
1576489001
58794
9543
49251
1576489001
58794
9543
49251
1576489001
58794
9543
49251
1576489001
58807
9556
49251
1576489002
58807
9556
49251
1576489002
58807
9556
49251
1576489002
58821
9570
49251
1576489002
58821
9570
49251
1576489002
58825
9574
49251
1576489002
58825
9574
49251
1576489002
58833
9581
49252
1576489003
58833
9581
49252
1576489003
58833
9581
49252
1576489003
58839
9587
49252
1576489003
58839
9587
49252
1576489003
58839
9587
49252
1576489003
58839
9587
49252
1576489003
58840
9588
49252
1576489004
58840
9589
49252
1576489004
58841
9589
49252
1576489004
58841
9589
49252
1576489004
58842
9590
49252
1576489004
58842
9590
49252
1576489004
58842
9590
49252
1576489004
58844
9592
49252
1576489005
58844
9592
49252
1576489005
58844
9592
49252
1576489005
58844
9592
49252
1576489005
58844
9592
49252
1576489005
58844
9592
49252
1576489005
58844
9592
49252
1576489005
58844
9592
49252
1576489006
58844
9592
49252
1576489006
58844
9592
49252
1576489006
58844
9592
49252
1576489006
58844
9592
49252
1576489006
58844
9592
49252
1576489006
58844
9592
49252
1576489006
58844
9592
49252
1576489007
58844
9592
49252
1576489007
58844
9592
49252
1576489007
58844
9592
49252
1576489007
58844
9592
49252
1576489007
58844
9592
49252
1576489007
58844
9592
49252
1576489007
58844
9592
49252
1576489008
58844
9592
49252
1576489008
58844
9592
49252
1576489008
58844
9592
49252
1576489008
58844
9592
49252
1576489008
58844
9592
49252
1576489008
58844
9592
49252
1576489008
58844
9592
49252
1576489009
58844
9592
49252
1576489009
58844
9592
49252
1576489009
58844
9592
49252
1576489009
58844
9592
49252
1576489009
58844
9592
49252
1576489009
58844
9592
49252
1576489009
58844
9592
49252
1576489010
58844
9592
49252
1576489010
58844
9592
49252
1576489010
58844
9592
49252
1576489010
58844
9592
49252
1576489010
58844
9592
49252
1576489010
58844
9592
49252
1576489010
58844
9592
49252
1576489011
58844
9592
49252
1576489011
58844
9592
49252
1576489011
58844
9592
49252
1576489011
58844
9592
49252
1576489011
58844
9592
49252
1576489011
58845
9592
49253
1576489011
58845
9592
49253
1576489012
58845
9592
49253
1576489012
58845
9592
49253
1576489012
58845
9592
49253
1576489012
58845
9592
49253
1576489012
58845
9592
49253
1576489012
58845
9592
49253
1576489012
58845
9592
49253
1576489012
58845
9592
49253
1576489013
58845
9592
49253
1576489013
58845
9592
49253
1576489013
58845
9592
49253
1576489013
58845
9592
49253
1576489013
58845
9592
49253
1576489013
58845
9592
49253
1576489014
58845
9592
49253
1576489014
58845
9592
49253
1576489014
58845
9592
49253
1576489014
58845
9592
49253
1576489014
58845
9592
49253
1576489014
58845
9592
49253
1576489014
58845
9592
49253
1576489015
58845
9592
49253
1576489015
58845
9592
49253
1576489015
58845
9592
49253
1576489015
58845
9592
49253
1576489015
58859
9605
49254
1576489015
58859
9605
49254
1576489016
58873
9619
49254
1576489016
58873
9619
49254
1576489016
58873
9619
49254
1576489016
58881
9627
49254
1576489016
58881
9627
49254
1576489016
58883
9629
49254
1576489016
58883
9629
49254
1576489017
58883
9629
49254
1576489017
58900
9646
49254
1576489017
58900
9646
49254
1576489017
58900
9646
49254
1576489017
58900
9646
49254
1576489017
58904
9650
49254
1576489017
58904
9650
49254
1576489018
58904
9650
49254
1576489018
58908
9653
49255
1576489018
58908
9653
49255
1576489018
58912
9657
49255
1576489018
58912
9657
49255
1576489018
58912
9657
49255
1576489018
58912
9657
49255
1576489019
58922
9667
49255
1576489019
58922
9667
49255
1576489019
58922
9667
49255
1576489019
58932
9676
49256
1576489019
58932
9676
49256
1576489019
58932
9676
49256
1576489019
58932
9676
49256
1576489020
58937
9681
49256
1576489020
58937
9681
49256
1576489020
58937
9681
49256
1576489020
58941
9685
49256
1576489020
58941
9685
49256
1576489020
58941
9685
49256
1576489021
58944
9688
49256
1576489021
58944
9688
49256
1576489021
58944
9688
49256
1576489021
58944
9688
49256
1576489021
58944
9688
49256
1576489021
58944
9688
49256
1576489021
58944
9688
49256
1576489022
58944
9688
49256
1576489022
58944
9688
49256
1576489022
58944
9688
49256
1576489022
58944
9688
49256
1576489022
58944
9688
49256
1576489022
58944
9688
49256
1576489022
58944
9688
49256
1576489023
58944
9688
49256
1576489023
58944
9688
49256
1576489023
58944
9688
49256
1576489023
58944
9688
49256
1576489023
58944
9688
49256
1576489023
58944
9688
49256
1576489023
58944
9688
49256
1576489024
58944
9688
49256
1576489024
58944
9688
49256
1576489024
58944
9688
49256
1576489024
58944
9688
49256
1576489024
58944
9688
49256
1576489024
58944
9688
49256
1576489024
58944
9688
49256
1576489025
58944
9688
49256
1576489025
58944
9688
49256
1576489025
58944
9688
49256
1576489025
58944
9688
49256
1576489025
58944
9688
49256
1576489025
58944
9688
49256
1576489025
58944
9688
49256
1576489026
58944
9688
49256
1576489026
58944
9688
49256
1576489026
58944
9688
49256
1576489026
58944
9688
49256
1576489026
58944
9688
49256
1576489026
58944
9688
49256
1576489026
58944
9688
49256
1576489027
58944
9688
49256
1576489027
58944
9688
49256
1576489027
58944
9688
49256
1576489027
58944
9688
49256
1576489027
58944
9688
49256
1576489027
58944
9688
49256
1576489027
58944
9688
49256
1576489028
58944
9688
49256
1576489028
58944
9688
49256
1576489028
58944
9688
49256
1576489028
58944
9688
49256
1576489028
58944
9688
49256
1576489028
58944
9688
49256
1576489028
58944
9688
49256
1576489029
58944
9688
49256
1576489029
58944
9688
49256
1576489029
58944
9688
49256
1576489029
58944
9688
49256
1576489029
58944
9688
49256
1576489029
58944
9688
49256
1576489030
58944
9688
49256
1576489030
58945
9689
49256
1576489030
58945
9689
49256
1576489030
58945
9689
49256
1576489030
58946
9690
49256
1576489031
58946
9690
49256
1576489031
58946
9690
49256
1576489031
58946
9690
49256
1576489031
58946
9690
49256
1576489031
58946
9690
49256
1576489031
58946
9690
49256
1576489032
58946
9690
49256
1576489032
58946
9690
49256
1576489032
58947
9690
49257
1576489032
58947
9690
49257
1576489032
58947
9690
49257
1576489032
58947
9690
49257
1576489032
58947
9690
49257
1576489033
58947
9690
49257
1576489033
58947
9690
49257
1576489033
58947
9690
49257
1576489033
58947
9690
49257
1576489033
58947
9690
49257
1576489033
58947
9690
49257
1576489033
58947
9690
49257
1576489034
58947
9690
49257
1576489034
58954
9697
49257
1576489034
58954
9697
49257
1576489034
58954
9697
49257
1576489034
58960
9703
49257
1576489034
58960
9703
49257
1576489034
58962
9704
49258
1576489034
58962
9704
49258
1576489035
58963
9705
49258
1576489035
58963
9705
49258
1576489035
58966
9708
49258
1576489035
58966
9708
49258
1576489035
58966
9708
49258
1576489035
58966
9708
49258
1576489035
58966
9708
49258
1576489036
58966
9708
49258
1576489036
58966
9708
49258
1576489036
58966
9708
49258
1576489036
58966
9708
49258
1576489036
58966
9708
49258
1576489036
58966
9708
49258
1576489036
58966
9708
49258
1576489037
58966
9708
49258
1576489037
58966
9708
49258
1576489037
58966
9708
49258
1576489037
58966
9708
49258
1576489037
58966
9708
49258
1576489037
58966
9708
49258
1576489037
58966
9708
49258
1576489038
58966
9708
49258
1576489038
58966
9708
49258
1576489038
58966
9708
49258
1576489038
58966
9708
49258
1576489038
58966
9708
49258
1576489038
58968
9709
49259
1576489039
58968
9709
49259
1576489039
58970
9710
49260
1576489039
58970
9710
49260
1576489039
58970
9710
49260
1576489039
58970
9710
49260
1576489039
58970
9710
49260
1576489039
58970
9710
49260
1576489040
58970
9710
49260
1576489040
58970
9710
49260
1576489040
58970
9710
49260
1576489040
58970
9710
49260
1576489040
58970
9710
49260
1576489040
58970
9710
49260
1576489040
58970
9710
49260
1576489040
58970
9710
49260
1576489041
58970
9710
49260
1576489041
58970
9710
49260
1576489041
58970
9710
49260
1576489041
58970
9710
49260
1576489041
58970
9710
49260
1576489041
58970
9710
49260
1576489041
58970
9710
49260
1576489041
58970
9710
49260
1576489042
58970
9710
49260
1576489042
58970
9710
49260
1576489042
58970
9710
49260
1576489042
58970
9710
49260
1576489042
58970
9710
49260
1576489042
58970
9710
49260
1576489042
58970
9710
49260
1576489042
58970
9710
49260
1576489043
58970
9710
49260
1576489043
58970
9710
49260
1576489043
58970
9710
49260
1576489043
58970
9710
49260
1576489043
58970
9710
49260
1576489043
58970
9710
49260
1576489043
58970
9710
49260
1576489043
58970
9710
49260
1576489043
58970
9710
49260
1576489044
58970
9710
49260
1576489044
58970
9710
49260
1576489044
58970
9710
49260
1576489044
58970
9710
49260
1576489044
58970
9710
49260
1576489044
58970
9710
49260
1576489044
58970
9710
49260
1576489044
58970
9710
49260
1576489045
58970
9710
49260
1576489045
58970
9710
49260
1576489045
58970
9710
49260
1576489045
58970
9710
49260
1576489045
58970
9710
49260
1576489045
58970
9710
49260
1576489045
58970
9710
49260
1576489045
58970
9710
49260
1576489046
58970
9710
49260
1576489046
58970
9710
49260
1576489046
58970
9710
49260
1576489046
58970
9710
49260
1576489046
58970
9710
49260
1576489046
58970
9710
49260
1576489046
58970
9710
49260
1576489046
58970
9710
49260
1576489047
58970
9710
49260
1576489047
58970
9710
49260
1576489047
58970
9710
49260
1576489047
58970
9710
49260
1576489047
58970
9710
49260
1576489047
58970
9710
49260
1576489047
58970
9710
49260
1576489047
58970
9710
49260
1576489047
58970
9710
49260
1576489048
58970
9710
49260
1576489048
58970
9710
49260
1576489048
58970
9710
49260
1576489048
58970
9710
49260
1576489048
58970
9710
49260
1576489048
58970
9710
49260
1576489048
58970
9710
49260
1576489048
58970
9710
49260
1576489049
58970
9710
49260
1576489049
58970
9710
49260
1576489049
58970
9710
49260
1576489049
58970
9710
49260
1576489049
58970
9710
49260
1576489049
58970
9710
49260
1576489049
58970
9710
49260
1576489049
58970
9710
49260
1576489049
58970
9710
49260
1576489050
58970
9710
49260
1576489050
58970
9710
49260
1576489050
58970
9710
49260
1576489050
58971
9711
49260
1576489050
58971
9711
49260
1576489050
58971
9711
49260
1576489050
58971
9711
49260
1576489050
58971
9711
49260
1576489050
58971
9711
49260
1576489051
58971
9711
49260
1576489051
58971
9711
49260
1576489051
58971
9711
49260
1576489051
58971
9711
49260
1576489051
58971
9711
49260
1576489051
58971
9711
49260
1576489051
58971
9711
49260
1576489051
58971
9711
49260
1576489051
58971
9711
49260
1576489052
58971
9711
49260
1576489052
58971
9711
49260
1576489052
58971
9711
49260
1576489052
58971
9711
49260
1576489052
58971
9711
49260
1576489052
58971
9711
49260
1576489052
58971
9711
49260
1576489052
58971
9711
49260
1576489052
58973
9712
49261
1576489053
58973
9712
49261
1576489053
58973
9712
49261
1576489053
58973
9712
49261
1576489053
58974
9713
49261
1576489053
58974
9713
49261
1576489053
58974
9713
49261
1576489053
58974
9713
49261
1576489053
58976
9715
49261
1576489054
58976
9715
49261
1576489054
58976
9715
49261
1576489054
58976
9715
49261
1576489054
58976
9715
49261
1576489054
58977
9716
49261
1576489054
58977
9716
49261
1576489054
58978
9717
49261
1576489054
58978
9717
49261
1576489054
58978
9717
49261
1576489055
58978
9717
49261
1576489055
58978
9717
49261
1576489055
58978
9717
49261
1576489055
58978
9717
49261
1576489055
58978
9717
49261
1576489055
58978
9717
49261
1576489055
58978
9717
49261
1576489055
58978
9717
49261
1576489055
58978
9717
49261
1576489056
58978
9717
49261
1576489056
58978
9717
49261
1576489056
58978
9717
49261
1576489056
58978
9717
49261
1576489056
58978
9717
49261
1576489056
58978
9717
49261
1576489056
58978
9717
49261
1576489056
58978
9717
49261
1576489056
58978
9717
49261
1576489057
58978
9717
49261
1576489057
58978
9717
49261
1576489057
58978
9717
49261
1576489057
58978
9717
49261
1576489057
58978
9717
49261
1576489057
58978
9717
49261
1576489057
58978
9717
49261
1576489057
58978
9717
49261
1576489057
58978
9717
49261
1576489058
58978
9717
49261
1576489058
58978
9717
49261
1576489058
58978
9717
49261
1576489058
58978
9717
49261
1576489058
58978
9717
49261
1576489058
58978
9717
49261
1576489058
58978
9717
49261
1576489058
58978
9717
49261
1576489058
58978
9717
49261
1576489059
58978
9717
49261
1576489059
58978
9717
49261
1576489059
58978
9717
49261
1576489059
58978
9717
49261
1576489059
58978
9717
49261
1576489059
58978
9717
49261
1576489059
58978
9717
49261
1576489059
58978
9717
49261
1576489059
58978
9717
49261
1576489060
58978
9717
49261
1576489060
58978
9717
49261
1576489060
58978
9717
49261
1576489060
58978
9717
49261
1576489060
58978
9717
49261
1576489060
58978
9717
49261
1576489060
58978
9717
49261
1576489060
58978
9717
49261
1576489061
58978
9717
49261
1576489061
58978
9717
49261
1576489061
58978
9717
49261
1576489061
58978
9717
49261
1576489061
58979
9718
49261
1576489061
58979
9718
49261
1576489061
58979
9718
49261
1576489061
58979
9718
49261
1576489061
58979
9718
49261
1576489062
58979
9718
49261
1576489062
58979
9718
49261
1576489062
58979
9718
49261
1576489062
58979
9718
49261
1576489062
58979
9718
49261
1576489062
58979
9718
49261
1576489062
58979
9718
49261
1576489062
58979
9718
49261
1576489062
58979
9718
49261
1576489063
58979
9718
49261
1576489063
58979
9718
49261
1576489063
58979
9718
49261
1576489063
58979
9718
49261
1576489063
58979
9718
49261
1576489063
58979
9718
49261
1576489063
58979
9718
49261
1576489063
58979
9718
49261
1576489063
58979
9718
49261
1576489064
58979
9718
49261
1576489064
58979
9718
49261
1576489064
58979
9718
49261
1576489064
58979
9718
49261
1576489064
58979
9718
49261
1576489064
58979
9718
49261
1576489064
58979
9718
49261
1576489064
58979
9718
49261
1576489064
58979
9718
49261
1576489065
58980
9719
49261
1576489065
58980
9719
49261
1576489065
58980
9719
49261
1576489065
58982
9721
49261
1576489065
58982
9721
49261
1576489065
58986
9725
49261
1576489065
58986
9725
49261
1576489065
58989
9728
49261
1576489065
58989
9728
49261
